2025-09-09 19:55:55,720 - INFO - Sistema de logging configurado.
2025-09-09 19:55:55,720 - INFO - Iniciando el proceso (versión corregida) de datasets de la ENSU.
2025-09-09 19:55:55,721 - INFO - Iniciando búsqueda de archivos en: data
2025-09-09 19:55:57,177 - INFO - Se encontraron 70 archivos 'cb' para procesar.
2025-09-09 19:55:57,177 - INFO - --- Procesando archivo: procesado_2016_Q2_cb.csv ---
2025-09-09 19:55:57,219 - WARNING - Archivo 'procesado_2016_Q2_cb.csv' FALLA la validación. Faltan: ['BP1_1']
2025-09-09 19:55:57,219 - INFO - --- Procesando archivo: procesado_2017_Q1_cb.csv ---
2025-09-09 19:55:57,252 - WARNING - Archivo 'procesado_2017_Q1_cb.csv' FALLA la validación. Faltan: ['BP1_1']
2025-09-09 19:55:57,252 - INFO - --- Procesando archivo: procesado_2017_Q2_cb.csv ---
2025-09-09 19:55:57,286 - WARNING - Archivo 'procesado_2017_Q2_cb.csv' FALLA la validación. Faltan: ['BP1_1']
2025-09-09 19:55:57,286 - INFO - --- Procesando archivo: procesado_2018_Q1_cb.csv ---
2025-09-09 19:55:57,321 - WARNING - Archivo 'procesado_2018_Q1_cb.csv' FALLA la validación. Faltan: ['BP1_1']
2025-09-09 19:55:57,322 - INFO - --- Procesando archivo: procesado_2018_Q2_cb.csv ---
2025-09-09 19:55:57,362 - WARNING - Archivo 'procesado_2018_Q2_cb.csv' FALLA la validación. Faltan: ['BP1_1']
2025-09-09 19:55:57,363 - INFO - --- Procesando archivo: procesado_2019_Q1_cb.csv ---
2025-09-09 19:55:57,396 - WARNING - Archivo 'procesado_2019_Q1_cb.csv' FALLA la validación. Faltan: ['BP1_1']
2025-09-09 19:55:57,396 - INFO - --- Procesando archivo: procesado_2019_Q2_cb.csv ---
2025-09-09 19:55:57,424 - WARNING - Archivo 'procesado_2019_Q2_cb.csv' FALLA la validación. Faltan: ['BP1_1']
2025-09-09 19:55:57,425 - INFO - --- Procesando archivo: procesado_2020_Q1_cb.csv ---
2025-09-09 19:55:57,452 - WARNING - Archivo 'procesado_2020_Q1_cb.csv' FALLA la validación. Faltan: ['BP1_1']
2025-09-09 19:55:57,452 - INFO - --- Procesando archivo: procesado_2020_Q3_cb.csv ---
2025-09-09 19:55:57,478 - WARNING - Archivo 'procesado_2020_Q3_cb.csv' FALLA la validación. Faltan: ['BP1_1']
2025-09-09 19:55:57,478 - INFO - --- Procesando archivo: procesado_2020_Q4_cb.csv ---
2025-09-09 19:55:57,507 - WARNING - Archivo 'procesado_2020_Q4_cb.csv' FALLA la validación. Faltan: ['BP1_1']
2025-09-09 19:55:57,507 - INFO - --- Procesando archivo: procesado_2021_Q1_cb.csv ---
2025-09-09 19:55:57,535 - WARNING - Archivo 'procesado_2021_Q1_cb.csv' FALLA la validación. Faltan: ['BP1_1']
2025-09-09 19:55:57,535 - INFO - --- Procesando archivo: procesado_2021_Q2_cb.csv ---
2025-09-09 19:55:57,565 - WARNING - Archivo 'procesado_2021_Q2_cb.csv' FALLA la validación. Faltan: ['BP1_1']
2025-09-09 19:55:57,565 - INFO - --- Procesando archivo: procesado_2021_Q3_cb.csv ---
2025-09-09 19:55:57,593 - WARNING - Archivo 'procesado_2021_Q3_cb.csv' FALLA la validación. Faltan: ['BP1_1']
2025-09-09 19:55:57,593 - INFO - --- Procesando archivo: procesado_2021_Q4_cb.csv ---
2025-09-09 19:55:57,631 - WARNING - Archivo 'procesado_2021_Q4_cb.csv' FALLA la validación. Faltan: ['BP1_1']
2025-09-09 19:55:57,631 - INFO - --- Procesando archivo: procesado_2022_Q1_cb.csv ---
2025-09-09 19:55:57,667 - WARNING - Archivo 'procesado_2022_Q1_cb.csv' FALLA la validación. Faltan: ['BP1_1']
2025-09-09 19:55:57,668 - INFO - --- Procesando archivo: procesado_2022_Q2_cb.csv ---
2025-09-09 19:55:57,703 - WARNING - Archivo 'procesado_2022_Q2_cb.csv' FALLA la validación. Faltan: ['BP1_1']
2025-09-09 19:55:57,704 - INFO - --- Procesando archivo: procesado_2022_Q3_cb.csv ---
2025-09-09 19:55:57,739 - WARNING - Archivo 'procesado_2022_Q3_cb.csv' FALLA la validación. Faltan: ['BP1_1']
2025-09-09 19:55:57,739 - INFO - --- Procesando archivo: procesado_2022_Q4_cb.csv ---
2025-09-09 19:55:57,771 - WARNING - Archivo 'procesado_2022_Q4_cb.csv' FALLA la validación. Faltan: ['BP1_1']
2025-09-09 19:55:57,771 - INFO - --- Procesando archivo: procesado_2023_Q1_cb.csv ---
2025-09-09 19:55:57,800 - WARNING - Archivo 'procesado_2023_Q1_cb.csv' FALLA la validación. Faltan: ['BP1_1']
2025-09-09 19:55:57,800 - INFO - --- Procesando archivo: procesado_2023_Q2_cb.csv ---
2025-09-09 19:55:57,827 - WARNING - Archivo 'procesado_2023_Q2_cb.csv' FALLA la validación. Faltan: ['BP1_1']
2025-09-09 19:55:57,827 - INFO - --- Procesando archivo: procesado_2023_Q3_cb.csv ---
2025-09-09 19:55:57,854 - WARNING - Archivo 'procesado_2023_Q3_cb.csv' FALLA la validación. Faltan: ['BP1_1']
2025-09-09 19:55:57,854 - INFO - --- Procesando archivo: procesado_2023_Q4_cb.csv ---
2025-09-09 19:55:57,886 - WARNING - Archivo 'procesado_2023_Q4_cb.csv' FALLA la validación. Faltan: ['BP1_1']
2025-09-09 19:55:57,886 - INFO - --- Procesando archivo: procesado_2024_Q1_cb.csv ---
2025-09-09 19:55:57,912 - WARNING - Archivo 'procesado_2024_Q1_cb.csv' FALLA la validación. Faltan: ['BP1_1']
2025-09-09 19:55:57,912 - INFO - --- Procesando archivo: procesado_2024_Q2_cb.csv ---
2025-09-09 19:55:57,942 - WARNING - Archivo 'procesado_2024_Q2_cb.csv' FALLA la validación. Faltan: ['BP1_1']
2025-09-09 19:55:57,942 - INFO - --- Procesando archivo: procesado_2024_Q3_cb.csv ---
2025-09-09 19:55:57,977 - WARNING - Archivo 'procesado_2024_Q3_cb.csv' FALLA la validación. Faltan: ['BP1_1']
2025-09-09 19:55:57,978 - INFO - --- Procesando archivo: procesado_2024_Q4_cb.csv ---
2025-09-09 19:55:58,006 - WARNING - Archivo 'procesado_2024_Q4_cb.csv' FALLA la validación. Faltan: ['BP1_1']
2025-09-09 19:55:58,006 - INFO - --- Procesando archivo: procesado_2025_Q1_cb.csv ---
2025-09-09 19:55:58,042 - WARNING - Archivo 'procesado_2025_Q1_cb.csv' FALLA la validación. Faltan: ['BP1_1']
2025-09-09 19:55:58,042 - INFO - --- Procesando archivo: procesado_2025_Q2_cb.csv ---
2025-09-09 19:55:58,080 - WARNING - Archivo 'procesado_2025_Q2_cb.csv' FALLA la validación. Faltan: ['BP1_1']
2025-09-09 19:55:58,081 - INFO - --- Procesando archivo: conjunto_de_datos_cb_ENSU_03_2019.csv ---
2025-09-09 19:55:58,108 - INFO - Archivo 'conjunto_de_datos_cb_ENSU_03_2019.csv' PASA la validación de columnas.
2025-09-09 19:55:58,108 - INFO - Cargando y filtrando archivo: conjunto_de_datos_cb_ENSU_03_2019.csv
2025-09-09 19:55:58,515 - INFO - Registros originales: 22392
2025-09-09 19:55:58,522 - INFO - Registros válidos para procesar: 22392
2025-09-09 19:55:58,523 - INFO - Normalizando columnas NOM_ENT y NOM_MUN...
2025-09-09 19:55:58,883 - INFO - Calculando estadísticas agregadas...
2025-09-09 19:55:59,039 - INFO - Guardando resultado en: data\yucatan-inseguridad\procesado_conjunto_de_datos_cb_ENSU_03_2019.csv
2025-09-09 19:55:59,049 - INFO - Archivo guardado exitosamente.
2025-09-09 19:55:59,050 - INFO - --- Finalizado el procesamiento de: conjunto_de_datos_cb_ENSU_03_2019.csv ---
2025-09-09 19:55:59,050 - INFO - --- Procesando archivo: conjunto_de_datos_ensu_cb_0625.csv ---
2025-09-09 19:55:59,098 - INFO - Archivo 'conjunto_de_datos_ensu_cb_0625.csv' PASA la validación de columnas.
2025-09-09 19:55:59,099 - INFO - Cargando y filtrando archivo: conjunto_de_datos_ensu_cb_0625.csv
2025-09-09 19:55:59,529 - INFO - Registros originales: 23717
2025-09-09 19:55:59,536 - INFO - Registros válidos para procesar: 23717
2025-09-09 19:55:59,538 - INFO - Normalizando columnas NOM_ENT y NOM_MUN...
2025-09-09 19:55:59,970 - INFO - Calculando estadísticas agregadas...
2025-09-09 19:56:00,121 - INFO - Guardando resultado en: data\yucatan-inseguridad\procesado_conjunto_de_datos_ensu_cb_0625.csv
2025-09-09 19:56:00,128 - INFO - Archivo guardado exitosamente.
2025-09-09 19:56:00,128 - INFO - --- Finalizado el procesamiento de: conjunto_de_datos_ensu_cb_0625.csv ---
2025-09-09 19:56:00,129 - INFO - --- Procesando archivo: conjunto_de_datos_ensu_cb_0325.csv ---
2025-09-09 19:56:00,161 - INFO - Archivo 'conjunto_de_datos_ensu_cb_0325.csv' PASA la validación de columnas.
2025-09-09 19:56:00,161 - INFO - Cargando y filtrando archivo: conjunto_de_datos_ensu_cb_0325.csv
2025-09-09 19:56:00,589 - INFO - Registros originales: 23591
2025-09-09 19:56:00,596 - INFO - Registros válidos para procesar: 23591
2025-09-09 19:56:00,597 - INFO - Normalizando columnas NOM_ENT y NOM_MUN...
2025-09-09 19:56:00,981 - INFO - Calculando estadísticas agregadas...
2025-09-09 19:56:01,117 - INFO - Guardando resultado en: data\yucatan-inseguridad\procesado_conjunto_de_datos_ensu_cb_0325.csv
2025-09-09 19:56:01,122 - INFO - Archivo guardado exitosamente.
2025-09-09 19:56:01,123 - INFO - --- Finalizado el procesamiento de: conjunto_de_datos_ensu_cb_0325.csv ---
2025-09-09 19:56:01,123 - INFO - --- Procesando archivo: conjunto_de_datos_ensu_cb_1224.csv ---
2025-09-09 19:56:01,155 - INFO - Archivo 'conjunto_de_datos_ensu_cb_1224.csv' PASA la validación de columnas.
2025-09-09 19:56:01,155 - INFO - Cargando y filtrando archivo: conjunto_de_datos_ensu_cb_1224.csv
2025-09-09 19:56:01,601 - INFO - Registros originales: 23451
2025-09-09 19:56:01,608 - INFO - Registros válidos para procesar: 23451
2025-09-09 19:56:01,610 - INFO - Normalizando columnas NOM_ENT y NOM_MUN...
2025-09-09 19:56:01,974 - INFO - Calculando estadísticas agregadas...
2025-09-09 19:56:02,116 - INFO - Guardando resultado en: data\yucatan-inseguridad\procesado_conjunto_de_datos_ensu_cb_1224.csv
2025-09-09 19:56:02,123 - INFO - Archivo guardado exitosamente.
2025-09-09 19:56:02,124 - INFO - --- Finalizado el procesamiento de: conjunto_de_datos_ensu_cb_1224.csv ---
2025-09-09 19:56:02,124 - INFO - --- Procesando archivo: conjunto_de_datos_ensu_cb_0924.csv ---
2025-09-09 19:56:02,180 - INFO - Archivo 'conjunto_de_datos_ensu_cb_0924.csv' PASA la validación de columnas.
2025-09-09 19:56:02,180 - INFO - Cargando y filtrando archivo: conjunto_de_datos_ensu_cb_0924.csv
2025-09-09 19:56:02,834 - INFO - Registros originales: 24096
2025-09-09 19:56:02,844 - INFO - Registros válidos para procesar: 24096
2025-09-09 19:56:02,846 - INFO - Normalizando columnas NOM_ENT y NOM_MUN...
2025-09-09 19:56:03,196 - INFO - Calculando estadísticas agregadas...
2025-09-09 19:56:03,352 - INFO - Guardando resultado en: data\yucatan-inseguridad\procesado_conjunto_de_datos_ensu_cb_0924.csv
2025-09-09 19:56:03,359 - INFO - Archivo guardado exitosamente.
2025-09-09 19:56:03,360 - INFO - --- Finalizado el procesamiento de: conjunto_de_datos_ensu_cb_0924.csv ---
2025-09-09 19:56:03,360 - INFO - --- Procesando archivo: conjunto_de_datos_ensu_cb_0624.csv ---
2025-09-09 19:56:03,403 - INFO - Archivo 'conjunto_de_datos_ensu_cb_0624.csv' PASA la validación de columnas.
2025-09-09 19:56:03,403 - INFO - Cargando y filtrando archivo: conjunto_de_datos_ensu_cb_0624.csv
2025-09-09 19:56:03,852 - INFO - Registros originales: 24114
2025-09-09 19:56:03,865 - INFO - Registros válidos para procesar: 24114
2025-09-09 19:56:03,867 - INFO - Normalizando columnas NOM_ENT y NOM_MUN...
2025-09-09 19:56:04,240 - INFO - Calculando estadísticas agregadas...
2025-09-09 19:56:04,379 - INFO - Guardando resultado en: data\yucatan-inseguridad\procesado_conjunto_de_datos_ensu_cb_0624.csv
2025-09-09 19:56:04,386 - INFO - Archivo guardado exitosamente.
2025-09-09 19:56:04,387 - INFO - --- Finalizado el procesamiento de: conjunto_de_datos_ensu_cb_0624.csv ---
2025-09-09 19:56:04,387 - INFO - --- Procesando archivo: conjunto_de_datos_ensu_cb_0324.csv ---
2025-09-09 19:56:04,422 - INFO - Archivo 'conjunto_de_datos_ensu_cb_0324.csv' PASA la validación de columnas.
2025-09-09 19:56:04,422 - INFO - Cargando y filtrando archivo: conjunto_de_datos_ensu_cb_0324.csv
2025-09-09 19:56:04,885 - INFO - Registros originales: 24022
2025-09-09 19:56:04,895 - INFO - Registros válidos para procesar: 24022
2025-09-09 19:56:04,898 - INFO - Normalizando columnas NOM_ENT y NOM_MUN...
2025-09-09 19:56:05,281 - INFO - Calculando estadísticas agregadas...
2025-09-09 19:56:05,433 - INFO - Guardando resultado en: data\yucatan-inseguridad\procesado_conjunto_de_datos_ensu_cb_0324.csv
2025-09-09 19:56:05,438 - INFO - Archivo guardado exitosamente.
2025-09-09 19:56:05,438 - INFO - --- Finalizado el procesamiento de: conjunto_de_datos_ensu_cb_0324.csv ---
2025-09-09 19:56:05,438 - INFO - --- Procesando archivo: conjunto_de_datos_ensu_cb_1223.csv ---
2025-09-09 19:56:05,466 - INFO - Archivo 'conjunto_de_datos_ensu_cb_1223.csv' PASA la validación de columnas.
2025-09-09 19:56:05,467 - INFO - Cargando y filtrando archivo: conjunto_de_datos_ensu_cb_1223.csv
2025-09-09 19:56:05,927 - INFO - Registros originales: 24064
2025-09-09 19:56:05,938 - INFO - Registros válidos para procesar: 24064
2025-09-09 19:56:05,941 - INFO - Normalizando columnas NOM_ENT y NOM_MUN...
2025-09-09 19:56:06,331 - INFO - Calculando estadísticas agregadas...
2025-09-09 19:56:06,454 - INFO - Guardando resultado en: data\yucatan-inseguridad\procesado_conjunto_de_datos_ensu_cb_1223.csv
2025-09-09 19:56:06,460 - INFO - Archivo guardado exitosamente.
2025-09-09 19:56:06,461 - INFO - --- Finalizado el procesamiento de: conjunto_de_datos_ensu_cb_1223.csv ---
2025-09-09 19:56:06,461 - INFO - --- Procesando archivo: conjunto_de_datos_ensu_cb_0923.csv ---
2025-09-09 19:56:06,516 - INFO - Archivo 'conjunto_de_datos_ensu_cb_0923.csv' PASA la validación de columnas.
2025-09-09 19:56:06,517 - INFO - Cargando y filtrando archivo: conjunto_de_datos_ensu_cb_0923.csv
2025-09-09 19:56:07,261 - INFO - Registros originales: 24493
2025-09-09 19:56:07,268 - INFO - Registros válidos para procesar: 24493
2025-09-09 19:56:07,270 - INFO - Normalizando columnas NOM_ENT y NOM_MUN...
2025-09-09 19:56:07,673 - INFO - Calculando estadísticas agregadas...
2025-09-09 19:56:07,813 - INFO - Guardando resultado en: data\yucatan-inseguridad\procesado_conjunto_de_datos_ensu_cb_0923.csv
2025-09-09 19:56:07,819 - INFO - Archivo guardado exitosamente.
2025-09-09 19:56:07,819 - INFO - --- Finalizado el procesamiento de: conjunto_de_datos_ensu_cb_0923.csv ---
2025-09-09 19:56:07,819 - INFO - --- Procesando archivo: conjunto_de_datos_ensu_cb_0623.csv ---
2025-09-09 19:56:07,858 - INFO - Archivo 'conjunto_de_datos_ensu_cb_0623.csv' PASA la validación de columnas.
2025-09-09 19:56:07,859 - INFO - Cargando y filtrando archivo: conjunto_de_datos_ensu_cb_0623.csv
2025-09-09 19:56:08,387 - INFO - Registros originales: 24435
2025-09-09 19:56:08,397 - INFO - Registros válidos para procesar: 24435
2025-09-09 19:56:08,400 - INFO - Normalizando columnas NOM_ENT y NOM_MUN...
2025-09-09 19:56:08,792 - INFO - Calculando estadísticas agregadas...
2025-09-09 19:56:08,935 - INFO - Guardando resultado en: data\yucatan-inseguridad\procesado_conjunto_de_datos_ensu_cb_0623.csv
2025-09-09 19:56:08,941 - INFO - Archivo guardado exitosamente.
2025-09-09 19:56:08,941 - INFO - --- Finalizado el procesamiento de: conjunto_de_datos_ensu_cb_0623.csv ---
2025-09-09 19:56:08,942 - INFO - --- Procesando archivo: conjunto_de_datos_CB_ENSU_03_2023.csv ---
2025-09-09 19:56:08,971 - INFO - Archivo 'conjunto_de_datos_CB_ENSU_03_2023.csv' PASA la validación de columnas.
2025-09-09 19:56:08,971 - INFO - Cargando y filtrando archivo: conjunto_de_datos_CB_ENSU_03_2023.csv
2025-09-09 19:56:09,479 - INFO - Registros originales: 23778
2025-09-09 19:56:09,486 - INFO - Registros válidos para procesar: 23778
2025-09-09 19:56:09,488 - INFO - Normalizando columnas NOM_ENT y NOM_MUN...
2025-09-09 19:56:09,855 - INFO - Calculando estadísticas agregadas...
2025-09-09 19:56:09,983 - INFO - Guardando resultado en: data\yucatan-inseguridad\procesado_conjunto_de_datos_CB_ENSU_03_2023.csv
2025-09-09 19:56:09,989 - INFO - Archivo guardado exitosamente.
2025-09-09 19:56:09,989 - INFO - --- Finalizado el procesamiento de: conjunto_de_datos_CB_ENSU_03_2023.csv ---
2025-09-09 19:56:09,989 - INFO - --- Procesando archivo: conjunto_de_datos_ensu_cb_1222.csv ---
2025-09-09 19:56:10,029 - INFO - Archivo 'conjunto_de_datos_ensu_cb_1222.csv' PASA la validación de columnas.
2025-09-09 19:56:10,029 - INFO - Cargando y filtrando archivo: conjunto_de_datos_ensu_cb_1222.csv
2025-09-09 19:56:10,454 - INFO - Registros originales: 24402
2025-09-09 19:56:10,462 - INFO - Registros válidos para procesar: 24402
2025-09-09 19:56:10,464 - INFO - Normalizando columnas NOM_ENT y NOM_MUN...
2025-09-09 19:56:10,886 - INFO - Calculando estadísticas agregadas...
2025-09-09 19:56:11,042 - INFO - Guardando resultado en: data\yucatan-inseguridad\procesado_conjunto_de_datos_ensu_cb_1222.csv
2025-09-09 19:56:11,049 - INFO - Archivo guardado exitosamente.
2025-09-09 19:56:11,049 - INFO - --- Finalizado el procesamiento de: conjunto_de_datos_ensu_cb_1222.csv ---
2025-09-09 19:56:11,049 - INFO - --- Procesando archivo: conjunto_de_datos_ensu_cb_0922.csv ---
2025-09-09 19:56:11,101 - INFO - Archivo 'conjunto_de_datos_ensu_cb_0922.csv' PASA la validación de columnas.
2025-09-09 19:56:11,101 - INFO - Cargando y filtrando archivo: conjunto_de_datos_ensu_cb_0922.csv
2025-09-09 19:56:11,672 - INFO - Registros originales: 23618
2025-09-09 19:56:11,679 - INFO - Registros válidos para procesar: 23618
2025-09-09 19:56:11,681 - INFO - Normalizando columnas NOM_ENT y NOM_MUN...
2025-09-09 19:56:12,023 - INFO - Calculando estadísticas agregadas...
2025-09-09 19:56:12,140 - INFO - Guardando resultado en: data\yucatan-inseguridad\procesado_conjunto_de_datos_ensu_cb_0922.csv
2025-09-09 19:56:12,146 - INFO - Archivo guardado exitosamente.
2025-09-09 19:56:12,146 - INFO - --- Finalizado el procesamiento de: conjunto_de_datos_ensu_cb_0922.csv ---
2025-09-09 19:56:12,146 - INFO - --- Procesando archivo: conjunto_de_datos_ensu_cb_0622.csv ---
2025-09-09 19:56:12,181 - INFO - Archivo 'conjunto_de_datos_ensu_cb_0622.csv' PASA la validación de columnas.
2025-09-09 19:56:12,182 - INFO - Cargando y filtrando archivo: conjunto_de_datos_ensu_cb_0622.csv
2025-09-09 19:56:12,610 - INFO - Registros originales: 23688
2025-09-09 19:56:12,618 - INFO - Registros válidos para procesar: 23688
2025-09-09 19:56:12,620 - INFO - Normalizando columnas NOM_ENT y NOM_MUN...
2025-09-09 19:56:13,001 - INFO - Calculando estadísticas agregadas...
2025-09-09 19:56:13,125 - INFO - Guardando resultado en: data\yucatan-inseguridad\procesado_conjunto_de_datos_ensu_cb_0622.csv
2025-09-09 19:56:13,132 - INFO - Archivo guardado exitosamente.
2025-09-09 19:56:13,132 - INFO - --- Finalizado el procesamiento de: conjunto_de_datos_ensu_cb_0622.csv ---
2025-09-09 19:56:13,132 - INFO - --- Procesando archivo: conjunto_de_datos_ensu_cb_0322.csv ---
2025-09-09 19:56:13,166 - INFO - Archivo 'conjunto_de_datos_ensu_cb_0322.csv' PASA la validación de columnas.
2025-09-09 19:56:13,166 - INFO - Cargando y filtrando archivo: conjunto_de_datos_ensu_cb_0322.csv
2025-09-09 19:56:13,568 - INFO - Registros originales: 23577
2025-09-09 19:56:13,576 - INFO - Registros válidos para procesar: 23577
2025-09-09 19:56:13,578 - INFO - Normalizando columnas NOM_ENT y NOM_MUN...
2025-09-09 19:56:13,918 - INFO - Calculando estadísticas agregadas...
2025-09-09 19:56:14,028 - INFO - Guardando resultado en: data\yucatan-inseguridad\procesado_conjunto_de_datos_ensu_cb_0322.csv
2025-09-09 19:56:14,035 - INFO - Archivo guardado exitosamente.
2025-09-09 19:56:14,036 - INFO - --- Finalizado el procesamiento de: conjunto_de_datos_ensu_cb_0322.csv ---
2025-09-09 19:56:14,036 - INFO - --- Procesando archivo: conjunto_de_datos_CB_ENSU_12_2021.csv ---
2025-09-09 19:56:14,066 - INFO - Archivo 'conjunto_de_datos_CB_ENSU_12_2021.csv' PASA la validación de columnas.
2025-09-09 19:56:14,067 - INFO - Cargando y filtrando archivo: conjunto_de_datos_CB_ENSU_12_2021.csv
2025-09-09 19:56:14,543 - INFO - Registros originales: 23428
2025-09-09 19:56:14,549 - INFO - Registros válidos para procesar: 23428
2025-09-09 19:56:14,551 - INFO - Normalizando columnas NOM_ENT y NOM_MUN...
2025-09-09 19:56:14,905 - INFO - Calculando estadísticas agregadas...
2025-09-09 19:56:15,050 - INFO - Guardando resultado en: data\yucatan-inseguridad\procesado_conjunto_de_datos_CB_ENSU_12_2021.csv
2025-09-09 19:56:15,056 - INFO - Archivo guardado exitosamente.
2025-09-09 19:56:15,056 - INFO - --- Finalizado el procesamiento de: conjunto_de_datos_CB_ENSU_12_2021.csv ---
2025-09-09 19:56:15,057 - INFO - --- Procesando archivo: conjunto_de_datos_CB_ENSU_09_2021.csv ---
2025-09-09 19:56:15,108 - INFO - Archivo 'conjunto_de_datos_CB_ENSU_09_2021.csv' PASA la validación de columnas.
2025-09-09 19:56:15,109 - INFO - Cargando y filtrando archivo: conjunto_de_datos_CB_ENSU_09_2021.csv
2025-09-09 19:56:15,795 - INFO - Registros originales: 23356
2025-09-09 19:56:15,802 - INFO - Registros válidos para procesar: 23356
2025-09-09 19:56:15,805 - INFO - Normalizando columnas NOM_ENT y NOM_MUN...
2025-09-09 19:56:16,213 - INFO - Calculando estadísticas agregadas...
2025-09-09 19:56:16,343 - INFO - Guardando resultado en: data\yucatan-inseguridad\procesado_conjunto_de_datos_CB_ENSU_09_2021.csv
2025-09-09 19:56:16,348 - INFO - Archivo guardado exitosamente.
2025-09-09 19:56:16,349 - INFO - --- Finalizado el procesamiento de: conjunto_de_datos_CB_ENSU_09_2021.csv ---
2025-09-09 19:56:16,349 - INFO - --- Procesando archivo: conjunto_de_datos_CB_ENSU_06_2021.csv ---
2025-09-09 19:56:16,380 - INFO - Archivo 'conjunto_de_datos_CB_ENSU_06_2021.csv' PASA la validación de columnas.
2025-09-09 19:56:16,381 - INFO - Cargando y filtrando archivo: conjunto_de_datos_CB_ENSU_06_2021.csv
2025-09-09 19:56:16,839 - INFO - Registros originales: 22411
2025-09-09 19:56:16,846 - INFO - Registros válidos para procesar: 22411
2025-09-09 19:56:16,848 - INFO - Normalizando columnas NOM_ENT y NOM_MUN...
2025-09-09 19:56:17,226 - INFO - Calculando estadísticas agregadas...
2025-09-09 19:56:17,356 - INFO - Guardando resultado en: data\yucatan-inseguridad\procesado_conjunto_de_datos_CB_ENSU_06_2021.csv
2025-09-09 19:56:17,362 - INFO - Archivo guardado exitosamente.
2025-09-09 19:56:17,362 - INFO - --- Finalizado el procesamiento de: conjunto_de_datos_CB_ENSU_06_2021.csv ---
2025-09-09 19:56:17,363 - INFO - --- Procesando archivo: conjunto_de_datos_CB_ENSU_03_2021.csv ---
2025-09-09 19:56:17,393 - INFO - Archivo 'conjunto_de_datos_CB_ENSU_03_2021.csv' PASA la validación de columnas.
2025-09-09 19:56:17,393 - INFO - Cargando y filtrando archivo: conjunto_de_datos_CB_ENSU_03_2021.csv
2025-09-09 19:56:17,838 - INFO - Registros originales: 22307
2025-09-09 19:56:17,844 - INFO - Registros válidos para procesar: 22307
2025-09-09 19:56:17,846 - INFO - Normalizando columnas NOM_ENT y NOM_MUN...
2025-09-09 19:56:18,187 - INFO - Calculando estadísticas agregadas...
2025-09-09 19:56:18,349 - INFO - Guardando resultado en: data\yucatan-inseguridad\procesado_conjunto_de_datos_CB_ENSU_03_2021.csv
2025-09-09 19:56:18,355 - INFO - Archivo guardado exitosamente.
2025-09-09 19:56:18,356 - INFO - --- Finalizado el procesamiento de: conjunto_de_datos_CB_ENSU_03_2021.csv ---
2025-09-09 19:56:18,356 - INFO - --- Procesando archivo: conjunto_de_datos_CB_ENSU_12_2020.csv ---
2025-09-09 19:56:18,407 - INFO - Archivo 'conjunto_de_datos_CB_ENSU_12_2020.csv' PASA la validación de columnas.
2025-09-09 19:56:18,408 - INFO - Cargando y filtrando archivo: conjunto_de_datos_CB_ENSU_12_2020.csv
2025-09-09 19:56:18,954 - INFO - Registros originales: 22283
2025-09-09 19:56:18,966 - INFO - Registros válidos para procesar: 22283
2025-09-09 19:56:18,968 - INFO - Normalizando columnas NOM_ENT y NOM_MUN...
2025-09-09 19:56:19,316 - INFO - Calculando estadísticas agregadas...
2025-09-09 19:56:19,435 - INFO - Guardando resultado en: data\yucatan-inseguridad\procesado_conjunto_de_datos_CB_ENSU_12_2020.csv
2025-09-09 19:56:19,441 - INFO - Archivo guardado exitosamente.
2025-09-09 19:56:19,441 - INFO - --- Finalizado el procesamiento de: conjunto_de_datos_CB_ENSU_12_2020.csv ---
2025-09-09 19:56:19,442 - INFO - --- Procesando archivo: conjunto_de_datos_CB_SEC4_ENSU_09_2020.csv ---
2025-09-09 19:56:19,470 - WARNING - Archivo 'conjunto_de_datos_CB_SEC4_ENSU_09_2020.csv' FALLA la validación. Faltan: ['BP1_1']
2025-09-09 19:56:19,470 - INFO - --- Procesando archivo: conjunto_de_datos_CB_SEC1_2_3_ENSU_09_2020.csv ---
2025-09-09 19:56:19,521 - INFO - Archivo 'conjunto_de_datos_CB_SEC1_2_3_ENSU_09_2020.csv' PASA la validación de columnas.
2025-09-09 19:56:19,522 - INFO - Cargando y filtrando archivo: conjunto_de_datos_CB_SEC1_2_3_ENSU_09_2020.csv
2025-09-09 19:56:20,053 - INFO - Registros originales: 22122
2025-09-09 19:56:20,062 - INFO - Registros válidos para procesar: 22122
2025-09-09 19:56:20,065 - INFO - Normalizando columnas NOM_ENT y NOM_MUN...
2025-09-09 19:56:20,423 - INFO - Calculando estadísticas agregadas...
2025-09-09 19:56:20,536 - INFO - Guardando resultado en: data\yucatan-inseguridad\procesado_conjunto_de_datos_CB_SEC1_2_3_ENSU_09_2020.csv
2025-09-09 19:56:20,542 - INFO - Archivo guardado exitosamente.
2025-09-09 19:56:20,542 - INFO - --- Finalizado el procesamiento de: conjunto_de_datos_CB_SEC1_2_3_ENSU_09_2020.csv ---
2025-09-09 19:56:20,543 - INFO - --- Procesando archivo: conjunto_de_datos_CB_ENSU_01_2020.csv ---
2025-09-09 19:56:20,591 - INFO - Archivo 'conjunto_de_datos_CB_ENSU_01_2020.csv' PASA la validación de columnas.
2025-09-09 19:56:20,591 - INFO - Cargando y filtrando archivo: conjunto_de_datos_CB_ENSU_01_2020.csv
2025-09-09 19:56:21,027 - INFO - Registros originales: 22416
2025-09-09 19:56:21,035 - INFO - Registros válidos para procesar: 22416
2025-09-09 19:56:21,038 - INFO - Normalizando columnas NOM_ENT y NOM_MUN...
2025-09-09 19:56:21,402 - INFO - Calculando estadísticas agregadas...
2025-09-09 19:56:21,538 - INFO - Guardando resultado en: data\yucatan-inseguridad\procesado_conjunto_de_datos_CB_ENSU_01_2020.csv
2025-09-09 19:56:21,546 - INFO - Archivo guardado exitosamente.
2025-09-09 19:56:21,546 - INFO - --- Finalizado el procesamiento de: conjunto_de_datos_CB_ENSU_01_2020.csv ---
2025-09-09 19:56:21,546 - INFO - --- Procesando archivo: conjunto_de_datos_CB_ENSU_04_2019.csv ---
2025-09-09 19:56:21,587 - INFO - Archivo 'conjunto_de_datos_CB_ENSU_04_2019.csv' PASA la validación de columnas.
2025-09-09 19:56:21,588 - INFO - Cargando y filtrando archivo: conjunto_de_datos_CB_ENSU_04_2019.csv
2025-09-09 19:56:22,018 - INFO - Registros originales: 22158
2025-09-09 19:56:22,026 - INFO - Registros válidos para procesar: 22158
2025-09-09 19:56:22,028 - INFO - Normalizando columnas NOM_ENT y NOM_MUN...
2025-09-09 19:56:22,360 - INFO - Calculando estadísticas agregadas...
2025-09-09 19:56:22,498 - INFO - Guardando resultado en: data\yucatan-inseguridad\procesado_conjunto_de_datos_CB_ENSU_04_2019.csv
2025-09-09 19:56:22,505 - INFO - Archivo guardado exitosamente.
2025-09-09 19:56:22,505 - INFO - --- Finalizado el procesamiento de: conjunto_de_datos_CB_ENSU_04_2019.csv ---
2025-09-09 19:56:22,506 - INFO - --- Procesando archivo: conjunto_de_datos_cb_ENSU_2019_2t.csv ---
2025-09-09 19:56:22,540 - INFO - Archivo 'conjunto_de_datos_cb_ENSU_2019_2t.csv' PASA la validación de columnas.
2025-09-09 19:56:22,540 - INFO - Cargando y filtrando archivo: conjunto_de_datos_cb_ENSU_2019_2t.csv
2025-09-09 19:56:22,889 - INFO - Registros originales: 19010
2025-09-09 19:56:22,899 - INFO - Registros válidos para procesar: 19010
2025-09-09 19:56:22,903 - INFO - Normalizando columnas NOM_ENT y NOM_MUN...
2025-09-09 19:56:23,199 - INFO - Calculando estadísticas agregadas...
2025-09-09 19:56:23,335 - INFO - Guardando resultado en: data\yucatan-inseguridad\procesado_conjunto_de_datos_cb_ENSU_2019_2t.csv
2025-09-09 19:56:23,342 - INFO - Archivo guardado exitosamente.
2025-09-09 19:56:23,342 - INFO - --- Finalizado el procesamiento de: conjunto_de_datos_cb_ENSU_2019_2t.csv ---
2025-09-09 19:56:23,342 - INFO - --- Procesando archivo: conjunto_de_datos_cb_ensu_03_2019.csv ---
2025-09-09 19:56:23,378 - INFO - Archivo 'conjunto_de_datos_cb_ensu_03_2019.csv' PASA la validación de columnas.
2025-09-09 19:56:23,378 - INFO - Cargando y filtrando archivo: conjunto_de_datos_cb_ensu_03_2019.csv
2025-09-09 19:56:23,567 - INFO - Registros originales: 18113
2025-09-09 19:56:23,575 - INFO - Registros válidos para procesar: 18113
2025-09-09 19:56:23,578 - INFO - Normalizando columnas NOM_ENT y NOM_MUN...
2025-09-09 19:56:23,838 - INFO - Calculando estadísticas agregadas...
2025-09-09 19:56:23,935 - INFO - Guardando resultado en: data\yucatan-inseguridad\procesado_conjunto_de_datos_cb_ensu_03_2019.csv
2025-09-09 19:56:23,940 - INFO - Archivo guardado exitosamente.
2025-09-09 19:56:23,940 - INFO - --- Finalizado el procesamiento de: conjunto_de_datos_cb_ensu_03_2019.csv ---
2025-09-09 19:56:23,940 - INFO - --- Procesando archivo: conjunto_de_datos_cb_ENSU_04_2018.csv ---
2025-09-09 19:56:23,968 - INFO - Archivo 'conjunto_de_datos_cb_ENSU_04_2018.csv' PASA la validación de columnas.
2025-09-09 19:56:23,968 - INFO - Cargando y filtrando archivo: conjunto_de_datos_cb_ENSU_04_2018.csv
2025-09-09 19:56:24,254 - INFO - Registros originales: 18017
2025-09-09 19:56:24,260 - INFO - Registros válidos para procesar: 18017
2025-09-09 19:56:24,262 - INFO - Normalizando columnas NOM_ENT y NOM_MUN...
2025-09-09 19:56:24,523 - INFO - Calculando estadísticas agregadas...
2025-09-09 19:56:24,654 - INFO - Guardando resultado en: data\yucatan-inseguridad\procesado_conjunto_de_datos_cb_ENSU_04_2018.csv
2025-09-09 19:56:24,659 - INFO - Archivo guardado exitosamente.
2025-09-09 19:56:24,659 - INFO - --- Finalizado el procesamiento de: conjunto_de_datos_cb_ENSU_04_2018.csv ---
2025-09-09 19:56:24,659 - INFO - --- Procesando archivo: conjunto_de_datos_cb_ensu_03_2018.csv ---
2025-09-09 19:56:24,689 - INFO - Archivo 'conjunto_de_datos_cb_ensu_03_2018.csv' PASA la validación de columnas.
2025-09-09 19:56:24,689 - INFO - Cargando y filtrando archivo: conjunto_de_datos_cb_ensu_03_2018.csv
2025-09-09 19:56:25,069 - INFO - Registros originales: 20163
2025-09-09 19:56:25,078 - INFO - Registros válidos para procesar: 20163
2025-09-09 19:56:25,081 - INFO - Normalizando columnas NOM_ENT y NOM_MUN...
2025-09-09 19:56:25,418 - INFO - Calculando estadísticas agregadas...
2025-09-09 19:56:25,558 - INFO - Guardando resultado en: data\yucatan-inseguridad\procesado_conjunto_de_datos_cb_ensu_03_2018.csv
2025-09-09 19:56:25,566 - INFO - Archivo guardado exitosamente.
2025-09-09 19:56:25,566 - INFO - --- Finalizado el procesamiento de: conjunto_de_datos_cb_ensu_03_2018.csv ---
2025-09-09 19:56:25,566 - INFO - --- Procesando archivo:  ensu_cb_0218.csv ---
2025-09-09 19:56:25,608 - INFO - Archivo ' ensu_cb_0218.csv' PASA la validación de columnas.
2025-09-09 19:56:25,608 - INFO - Cargando y filtrando archivo:  ensu_cb_0218.csv
2025-09-09 19:56:25,924 - INFO - Registros originales: 17548
2025-09-09 19:56:25,932 - INFO - Registros válidos para procesar: 17548
2025-09-09 19:56:25,935 - INFO - Normalizando columnas NOM_ENT y NOM_MUN...
2025-09-09 19:56:26,233 - INFO - Calculando estadísticas agregadas...
2025-09-09 19:56:26,340 - INFO - Guardando resultado en: data\yucatan-inseguridad\procesado_ ensu_cb_0218.csv
2025-09-09 19:56:26,347 - INFO - Archivo guardado exitosamente.
2025-09-09 19:56:26,347 - INFO - --- Finalizado el procesamiento de:  ensu_cb_0218.csv ---
2025-09-09 19:56:26,347 - INFO - --- Procesando archivo: ensu_cb_0118.csv ---
2025-09-09 19:56:26,381 - INFO - Archivo 'ensu_cb_0118.csv' PASA la validación de columnas.
2025-09-09 19:56:26,381 - INFO - Cargando y filtrando archivo: ensu_cb_0118.csv
2025-09-09 19:56:26,706 - INFO - Registros originales: 15172
2025-09-09 19:56:26,711 - INFO - Registros válidos para procesar: 15172
2025-09-09 19:56:26,713 - INFO - Normalizando columnas NOM_ENT y NOM_MUN...
2025-09-09 19:56:26,914 - INFO - Calculando estadísticas agregadas...
2025-09-09 19:56:27,039 - INFO - Guardando resultado en: data\yucatan-inseguridad\procesado_ensu_cb_0118.csv
2025-09-09 19:56:27,045 - INFO - Archivo guardado exitosamente.
2025-09-09 19:56:27,046 - INFO - --- Finalizado el procesamiento de: ensu_cb_0118.csv ---
2025-09-09 19:56:27,046 - INFO - --- Procesando archivo: conjunto_de_datos_cb_ensu_04_2017.csv ---
2025-09-09 19:56:27,092 - INFO - Archivo 'conjunto_de_datos_cb_ensu_04_2017.csv' PASA la validación de columnas.
2025-09-09 19:56:27,092 - INFO - Cargando y filtrando archivo: conjunto_de_datos_cb_ensu_04_2017.csv
2025-09-09 19:56:27,386 - INFO - Registros originales: 15072
2025-09-09 19:56:27,392 - INFO - Registros válidos para procesar: 15072
2025-09-09 19:56:27,394 - INFO - Normalizando columnas NOM_ENT y NOM_MUN...
2025-09-09 19:56:27,629 - INFO - Calculando estadísticas agregadas...
2025-09-09 19:56:27,752 - INFO - Guardando resultado en: data\yucatan-inseguridad\procesado_conjunto_de_datos_cb_ensu_04_2017.csv
2025-09-09 19:56:27,759 - INFO - Archivo guardado exitosamente.
2025-09-09 19:56:27,759 - INFO - --- Finalizado el procesamiento de: conjunto_de_datos_cb_ensu_04_2017.csv ---
2025-09-09 19:56:27,759 - INFO - --- Procesando archivo: conjunto_de_datos_cb_ensu_04_2016.csv ---
2025-09-09 19:56:27,797 - INFO - Archivo 'conjunto_de_datos_cb_ensu_04_2016.csv' PASA la validación de columnas.
2025-09-09 19:56:27,797 - INFO - Cargando y filtrando archivo: conjunto_de_datos_cb_ensu_04_2016.csv
2025-09-09 19:56:28,042 - INFO - Registros originales: 13976
2025-09-09 19:56:28,049 - INFO - Registros válidos para procesar: 13976
2025-09-09 19:56:28,051 - INFO - Normalizando columnas NOM_ENT y NOM_MUN...
2025-09-09 19:56:28,293 - INFO - Calculando estadísticas agregadas...
2025-09-09 19:56:28,392 - INFO - Guardando resultado en: data\yucatan-inseguridad\procesado_conjunto_de_datos_cb_ensu_04_2016.csv
2025-09-09 19:56:28,399 - INFO - Archivo guardado exitosamente.
2025-09-09 19:56:28,399 - INFO - --- Finalizado el procesamiento de: conjunto_de_datos_cb_ensu_04_2016.csv ---
2025-09-09 19:56:28,399 - INFO - --- Procesando archivo: conjunto_de_datos_cb_ensu_04_2015.csv ---
2025-09-09 19:56:28,420 - WARNING - Archivo 'conjunto_de_datos_cb_ensu_04_2015.csv' FALLA la validación. Faltan: ['NOM_ENT', 'NOM_MUN', 'BP1_1']
2025-09-09 19:56:28,420 - INFO - --- Procesando archivo: conjunto_de_datos_cb_ensu_03_2017.csv ---
2025-09-09 19:56:28,461 - INFO - Archivo 'conjunto_de_datos_cb_ensu_03_2017.csv' PASA la validación de columnas.
2025-09-09 19:56:28,461 - INFO - Cargando y filtrando archivo: conjunto_de_datos_cb_ensu_03_2017.csv
2025-09-09 19:56:28,772 - INFO - Registros originales: 15303
2025-09-09 19:56:28,781 - INFO - Registros válidos para procesar: 15303
2025-09-09 19:56:28,783 - INFO - Normalizando columnas NOM_ENT y NOM_MUN...
2025-09-09 19:56:29,014 - INFO - Calculando estadísticas agregadas...
2025-09-09 19:56:29,115 - INFO - Guardando resultado en: data\yucatan-inseguridad\procesado_conjunto_de_datos_cb_ensu_03_2017.csv
2025-09-09 19:56:29,122 - INFO - Archivo guardado exitosamente.
2025-09-09 19:56:29,122 - INFO - --- Finalizado el procesamiento de: conjunto_de_datos_cb_ensu_03_2017.csv ---
2025-09-09 19:56:29,122 - INFO - --- Procesando archivo: conjunto_de_datos_cb_ensu_03_2016.csv ---
2025-09-09 19:56:29,157 - WARNING - Archivo 'conjunto_de_datos_cb_ensu_03_2016.csv' FALLA la validación. Faltan: ['NOM_ENT', 'NOM_MUN']
2025-09-09 19:56:29,157 - INFO - --- Procesando archivo: conjunto_de_datos_cb_ensu_03_2015.csv ---
2025-09-09 19:56:29,175 - WARNING - Archivo 'conjunto_de_datos_cb_ensu_03_2015.csv' FALLA la validación. Faltan: ['NOM_ENT', 'NOM_MUN', 'BP1_1']
2025-09-09 19:56:29,176 - INFO - --- Procesando archivo: conjunto_de_datos_cb_ensu_02_2017.csv ---
2025-09-09 19:56:29,216 - INFO - Archivo 'conjunto_de_datos_cb_ensu_02_2017.csv' PASA la validación de columnas.
2025-09-09 19:56:29,216 - INFO - Cargando y filtrando archivo: conjunto_de_datos_cb_ensu_02_2017.csv
2025-09-09 19:56:29,534 - INFO - Registros originales: 15272
2025-09-09 19:56:29,542 - INFO - Registros válidos para procesar: 15272
2025-09-09 19:56:29,545 - INFO - Normalizando columnas NOM_ENT y NOM_MUN...
2025-09-09 19:56:29,835 - INFO - Calculando estadísticas agregadas...
2025-09-09 19:56:29,962 - INFO - Guardando resultado en: data\yucatan-inseguridad\procesado_conjunto_de_datos_cb_ensu_02_2017.csv
2025-09-09 19:56:29,967 - INFO - Archivo guardado exitosamente.
2025-09-09 19:56:29,968 - INFO - --- Finalizado el procesamiento de: conjunto_de_datos_cb_ensu_02_2017.csv ---
2025-09-09 19:56:29,968 - INFO - --- Procesando archivo: conjunto_de_datos_cb_ensu_02_2016.csv ---
2025-09-09 19:56:29,995 - WARNING - Archivo 'conjunto_de_datos_cb_ensu_02_2016.csv' FALLA la validación. Faltan: ['NOM_ENT', 'NOM_MUN']
2025-09-09 19:56:29,995 - INFO - --- Procesando archivo: conjunto_de_datos_cb_ensu_02_2015.csv ---
2025-09-09 19:56:30,009 - WARNING - Archivo 'conjunto_de_datos_cb_ensu_02_2015.csv' FALLA la validación. Faltan: ['NOM_ENT', 'NOM_MUN', 'BP1_1']
2025-09-09 19:56:30,009 - INFO - --- Procesando archivo: conjunto_de_datos_cb_ensu_01_2017.csv ---
2025-09-09 19:56:30,044 - INFO - Archivo 'conjunto_de_datos_cb_ensu_01_2017.csv' PASA la validación de columnas.
2025-09-09 19:56:30,045 - INFO - Cargando y filtrando archivo: conjunto_de_datos_cb_ensu_01_2017.csv
2025-09-09 19:56:30,339 - INFO - Registros originales: 14497
2025-09-09 19:56:30,346 - INFO - Registros válidos para procesar: 14497
2025-09-09 19:56:30,348 - INFO - Normalizando columnas NOM_ENT y NOM_MUN...
2025-09-09 19:56:30,595 - INFO - Calculando estadísticas agregadas...
2025-09-09 19:56:30,717 - INFO - Guardando resultado en: data\yucatan-inseguridad\procesado_conjunto_de_datos_cb_ensu_01_2017.csv
2025-09-09 19:56:30,724 - INFO - Archivo guardado exitosamente.
2025-09-09 19:56:30,724 - INFO - --- Finalizado el procesamiento de: conjunto_de_datos_cb_ensu_01_2017.csv ---
2025-09-09 19:56:30,725 - INFO - --- Procesando archivo: conjunto_de_datos_cb_ensu_01_2016.csv ---
2025-09-09 19:56:30,763 - WARNING - Archivo 'conjunto_de_datos_cb_ensu_01_2016.csv' FALLA la validación. Faltan: ['NOM_ENT', 'NOM_MUN']
2025-09-09 19:56:30,763 - INFO - --- Procesando archivo: conjunto_de_datos_cb_ensu_01_2015.csv ---
2025-09-09 19:56:30,778 - WARNING - Archivo 'conjunto_de_datos_cb_ensu_01_2015.csv' FALLA la validación. Faltan: ['NOM_ENT', 'NOM_MUN', 'BP1_1']
2025-09-09 19:56:30,778 - INFO - ========== RESUMEN FINAL ==========
2025-09-09 19:56:30,779 - INFO - Total de archivos encontrados: 70
2025-09-09 19:56:30,779 - INFO - Archivos procesados exitosamente: 34
2025-09-09 19:56:30,779 - INFO - Archivos con errores o sin datos: 36
2025-09-09 19:56:30,779 - INFO - ===================================
