2025-09-10 11:11:09,506 - INFO - Logging initialized. Log file: C:\Users\josea\Documents\data-mining\proyecto\logs\fase1_mapeo_20250910_111109.log
2025-09-10 11:11:09,507 - INFO - --- Fase 1: Mapeo y Descubrimiento (v6) ---
2025-09-10 11:11:09,507 - INFO - Starting recursive scan of directory: C:\Users\josea\Documents\data-mining\proyecto\data
2025-09-10 11:11:09,816 - INFO - Found 8413 total CSV files in the directory tree.
2025-09-10 11:11:09,888 - INFO - Processing 8208 files after excluding directories: Datos abiertos, __MACOSX
2025-09-10 11:11:09,888 - INFO - Found matching file in correct subfolder: conjunto_de_datos_ensu_cb_0625.csv
2025-09-10 11:11:09,948 - INFO - Found matching file in correct subfolder: conjunto_de_datos_ensu_cb_0325.csv
2025-09-10 11:11:09,961 - INFO - Found matching file in correct subfolder: conjunto_de_datos_ensu_cb_1224.csv
2025-09-10 11:11:09,971 - INFO - Found matching file in correct subfolder: conjunto_de_datos_ensu_cb_0924.csv
2025-09-10 11:11:09,982 - INFO - Found matching file in correct subfolder: conjunto_de_datos_ensu_cb_0624.csv
2025-09-10 11:11:09,992 - INFO - Found matching file in correct subfolder: conjunto_de_datos_ensu_cb_0324.csv
2025-09-10 11:11:10,001 - INFO - Found matching file in correct subfolder: conjunto_de_datos_ensu_cb_1223.csv
2025-09-10 11:11:10,011 - INFO - Found matching file in correct subfolder: conjunto_de_datos_ensu_cb_0923.csv
2025-09-10 11:11:10,024 - INFO - Found matching file in correct subfolder: conjunto_de_datos_ensu_cb_0623.csv
2025-09-10 11:11:10,035 - INFO - Found matching file in correct subfolder: conjunto_de_datos_CB_ENSU_03_2023.csv
2025-09-10 11:11:10,046 - INFO - Found matching file in correct subfolder: conjunto_de_datos_ensu_cb_1222.csv
2025-09-10 11:11:10,056 - INFO - Found matching file in correct subfolder: conjunto_de_datos_ensu_cb_0922.csv
2025-09-10 11:11:10,068 - INFO - Found matching file in correct subfolder: conjunto_de_datos_ensu_cb_0622.csv
2025-09-10 11:11:10,078 - INFO - Found matching file in correct subfolder: conjunto_de_datos_ensu_cb_0322.csv
2025-09-10 11:11:10,088 - INFO - Found matching file in correct subfolder: conjunto_de_datos_CB_ENSU_12_2021.csv
2025-09-10 11:11:10,099 - INFO - Found matching file in correct subfolder: conjunto_de_datos_CB_ENSU_09_2021.csv
2025-09-10 11:11:10,113 - INFO - Found matching file in correct subfolder: conjunto_de_datos_CB_ENSU_06_2021.csv
2025-09-10 11:11:10,123 - INFO - Found matching file in correct subfolder: conjunto_de_datos_CB_ENSU_03_2021.csv
2025-09-10 11:11:10,133 - INFO - Found matching file in correct subfolder: conjunto_de_datos_CB_ENSU_12_2020.csv
2025-09-10 11:11:10,145 - INFO - Found matching file in correct subfolder: conjunto_de_datos_CB_SEC4_ENSU_09_2020.csv
2025-09-10 11:11:10,156 - INFO - Found matching file in correct subfolder: conjunto_de_datos_CB_SEC1_2_3_ENSU_09_2020.csv
2025-09-10 11:11:10,168 - INFO - Found matching file in correct subfolder: conjunto_de_datos_CB_ENSU_01_2020.csv
2025-09-10 11:11:10,178 - INFO - Found matching file in correct subfolder: conjunto_de_datos_CB_ENSU_04_2019.csv
2025-09-10 11:11:10,189 - INFO - Found matching file in correct subfolder: conjunto_de_datos_cb_ENSU_2019_2t.csv
2025-09-10 11:11:10,198 - INFO - Found matching file in correct subfolder: conjunto_de_datos_cb_ensu_03_2019.csv
2025-09-10 11:11:10,208 - INFO - Found matching file in correct subfolder: conjunto_de_datos_cb_ENSU_04_2018.csv
2025-09-10 11:11:10,217 - INFO - Found matching file in correct subfolder: conjunto_de_datos_cb_ensu_03_2018.csv
2025-09-10 11:11:10,227 - INFO - Found matching file in correct subfolder: ensu_cb_0218.csv
2025-09-10 11:11:10,237 - INFO - Found matching file in correct subfolder: ensu_cb_0118.csv
2025-09-10 11:11:10,248 - INFO - Found matching file in correct subfolder: conjunto_de_datos_cb_ensu_04_2017.csv
2025-09-10 11:11:10,259 - INFO - Found matching file in correct subfolder: conjunto_de_datos_cb_ensu_04_2016.csv
2025-09-10 11:11:10,269 - INFO - Found matching file in correct subfolder: conjunto_de_datos_cb_ensu_04_2015.csv
2025-09-10 11:11:10,276 - INFO - Found matching file in correct subfolder: conjunto_de_datos_cb_ensu_03_2017.csv
2025-09-10 11:11:10,288 - INFO - Found matching file in correct subfolder: conjunto_de_datos_cb_ensu_03_2016.csv
2025-09-10 11:11:10,298 - INFO - Found matching file in correct subfolder: conjunto_de_datos_cb_ensu_03_2015.csv
2025-09-10 11:11:10,306 - INFO - Found matching file in correct subfolder: conjunto_de_datos_cb_ensu_02_2017.csv
2025-09-10 11:11:10,316 - INFO - Found matching file in correct subfolder: conjunto_de_datos_cb_ensu_02_2016.csv
2025-09-10 11:11:10,326 - INFO - Found matching file in correct subfolder: conjunto_de_datos_cb_ensu_02_2015.csv
2025-09-10 11:11:10,333 - INFO - Found matching file in correct subfolder: conjunto_de_datos_cb_ensu_01_2017.csv
2025-09-10 11:11:10,344 - INFO - Found matching file in correct subfolder: conjunto_de_datos_cb_ensu_01_2016.csv
2025-09-10 11:11:10,354 - INFO - Found matching file in correct subfolder: conjunto_de_datos_cb_ensu_01_2015.csv
2025-09-10 11:11:10,362 - INFO - Scan complete. Detected 41 matching CB files before de-duplication.
2025-09-10 11:11:10,367 - INFO - Starting de-duplication process...
2025-09-10 11:11:10,367 - INFO - Period '2020_Q3' had 2 files. Selected 'conjunto_de_datos_CB_SEC1_2_3_ENSU_09_2020.csv' as the primary.
2025-09-10 11:11:10,367 - INFO - Period '2019_Q2' had 2 files. Selected 'conjunto_de_datos_CB_ENSU_04_2019.csv' as the primary.
2025-09-10 11:11:10,368 - INFO - Period '2018_Q1' had 3 files. Selected 'conjunto_de_datos_cb_ensu_03_2018.csv' as the primary.
2025-09-10 11:11:10,368 - INFO - Period '2017_Q1' had 3 files. Selected 'conjunto_de_datos_cb_ensu_02_2017.csv' as the primary.
2025-09-10 11:11:10,368 - INFO - Period '2016_Q1' had 3 files. Selected 'conjunto_de_datos_cb_ensu_03_2016.csv' as the primary.
2025-09-10 11:11:10,368 - INFO - Period '2015_Q1' had 3 files. Selected 'conjunto_de_datos_cb_ensu_03_2015.csv' as the primary.
2025-09-10 11:11:10,368 - INFO - De-duplication complete. Final file count: 31
2025-09-10 11:11:10,368 - INFO - --- Resumen del Mapeo Final ---
2025-09-10 11:11:10,368 - INFO - Total de archivos CSV en el árbol: 8413
2025-09-10 11:11:10,368 - INFO - Total de archivos CB únicos procesados: 31
2025-09-10 11:11:10,368 - INFO - Con período identificado: 31
2025-09-10 11:11:10,369 - INFO - Sin período identificado: 0
2025-09-10 11:11:10,369 - INFO - --- Detalle por Período (únicos) ---
2025-09-10 11:11:10,369 - INFO - - 2015_Q1: 1 archivo(s)
2025-09-10 11:11:10,369 - INFO - - 2015_Q2: 1 archivo(s)
2025-09-10 11:11:10,369 - INFO - - 2016_Q1: 1 archivo(s)
2025-09-10 11:11:10,369 - INFO - - 2016_Q2: 1 archivo(s)
2025-09-10 11:11:10,369 - INFO - - 2017_Q1: 1 archivo(s)
2025-09-10 11:11:10,369 - INFO - - 2017_Q2: 1 archivo(s)
2025-09-10 11:11:10,369 - INFO - - 2018_Q1: 1 archivo(s)
2025-09-10 11:11:10,369 - INFO - - 2018_Q2: 1 archivo(s)
2025-09-10 11:11:10,369 - INFO - - 2019_Q1: 1 archivo(s)
2025-09-10 11:11:10,369 - INFO - - 2019_Q2: 1 archivo(s)
2025-09-10 11:11:10,369 - INFO - - 2020_Q1: 1 archivo(s)
2025-09-10 11:11:10,370 - INFO - - 2020_Q3: 1 archivo(s)
2025-09-10 11:11:10,370 - INFO - - 2020_Q4: 1 archivo(s)
2025-09-10 11:11:10,370 - INFO - - 2021_Q1: 1 archivo(s)
2025-09-10 11:11:10,370 - INFO - - 2021_Q2: 1 archivo(s)
2025-09-10 11:11:10,370 - INFO - - 2021_Q3: 1 archivo(s)
2025-09-10 11:11:10,370 - INFO - - 2021_Q4: 1 archivo(s)
2025-09-10 11:11:10,370 - INFO - - 2022_Q1: 1 archivo(s)
2025-09-10 11:11:10,370 - INFO - - 2022_Q2: 1 archivo(s)
2025-09-10 11:11:10,370 - INFO - - 2022_Q3: 1 archivo(s)
2025-09-10 11:11:10,370 - INFO - - 2022_Q4: 1 archivo(s)
2025-09-10 11:11:10,370 - INFO - - 2023_Q1: 1 archivo(s)
2025-09-10 11:11:10,370 - INFO - - 2023_Q2: 1 archivo(s)
2025-09-10 11:11:10,370 - INFO - - 2023_Q3: 1 archivo(s)
2025-09-10 11:11:10,370 - INFO - - 2023_Q4: 1 archivo(s)
2025-09-10 11:11:10,370 - INFO - - 2024_Q1: 1 archivo(s)
2025-09-10 11:11:10,371 - INFO - - 2024_Q2: 1 archivo(s)
2025-09-10 11:11:10,371 - INFO - - 2024_Q3: 1 archivo(s)
2025-09-10 11:11:10,371 - INFO - - 2024_Q4: 1 archivo(s)
2025-09-10 11:11:10,371 - INFO - - 2025_Q1: 1 archivo(s)
2025-09-10 11:11:10,371 - INFO - - 2025_Q2: 1 archivo(s)
2025-09-10 11:11:10,371 - INFO - Saving metadata mapping to C:\Users\josea\Documents\data-mining\proyecto\temp\mapeo_archivos.json
2025-09-10 11:11:10,375 - INFO - Successfully saved JSON output.
2025-09-10 11:11:10,375 - INFO - --- Fase 1 completada ---
