2025-09-10 11:00:21,147 - INFO - Logging initialized. Log file: C:\Users\josea\Documents\data-mining\proyecto\logs\fase1_mapeo_20250910_110021.log
2025-09-10 11:00:21,148 - INFO - --- Fase 1: Mapeo y Descubrimiento (v2) ---
2025-09-10 11:00:21,150 - INFO - Starting recursive scan of directory: C:\Users\josea\Documents\data-mining\proyecto\data
2025-09-10 11:00:21,503 - INFO - Found 8413 total CSV files in the directory tree.
2025-09-10 11:00:21,572 - INFO - Processing 8208 files after excluding directories: __MACOSX, Datos abiertos
2025-09-10 11:00:21,717 - INFO - Found period '0123' in column 'PER' for file conjunto_de_datos_CB_ENSU_03_2023.csv
2025-09-10 11:00:21,835 - INFO - Found period '0421' in column 'PER' for file conjunto_de_datos_CB_ENSU_12_2021.csv
2025-09-10 11:00:21,868 - INFO - Found period '0321' in column 'PER' for file conjunto_de_datos_CB_ENSU_09_2021.csv
2025-09-10 11:00:21,900 - INFO - Found period '0221' in column 'PER' for file conjunto_de_datos_CB_ENSU_06_2021.csv
2025-09-10 11:00:21,927 - INFO - Found period '0121' in column 'PER' for file conjunto_de_datos_CB_ENSU_03_2021.csv
2025-09-10 11:00:21,962 - INFO - Found period '0420' in column 'PER' for file conjunto_de_datos_CB_ENSU_12_2020.csv
2025-09-10 11:00:21,989 - INFO - Found period '0320' in column 'PER' for file conjunto_de_datos_CB_SEC4_ENSU_09_2020.csv
2025-09-10 11:00:22,018 - INFO - Found period '0320' in column 'PER' for file conjunto_de_datos_CB_SEC1_2_3_ENSU_09_2020.csv
2025-09-10 11:00:22,047 - INFO - Found period '0120' in column 'PER' for file conjunto_de_datos_CB_ENSU_01_2020.csv
2025-09-10 11:00:22,072 - INFO - Found period '0419' in column 'PER' for file conjunto_de_datos_CB_ENSU_04_2019.csv
2025-09-10 11:00:22,113 - INFO - Found period '0119' in column 'PER' for file conjunto_de_datos_cb_ensu_03_2019.csv
2025-09-10 11:00:22,138 - INFO - Found period '0418' in column 'PER' for file conjunto_de_datos_cb_ENSU_04_2018.csv
2025-09-10 11:00:22,165 - INFO - Found period '0318' in column 'PER' for file conjunto_de_datos_cb_ensu_03_2018.csv
2025-09-10 11:00:22,220 - INFO - Found period '0417' in column 'PER' for file conjunto_de_datos_cb_ensu_04_2017.csv
2025-09-10 11:00:22,248 - INFO - Found period '0416' in column 'PER' for file conjunto_de_datos_cb_ensu_04_2016.csv
2025-09-10 11:00:22,276 - INFO - Found period '1215' in column 'PER' for file conjunto_de_datos_cb_ensu_04_2015.csv
2025-09-10 11:00:22,301 - INFO - Found period '0317' in column 'PER' for file conjunto_de_datos_cb_ensu_03_2017.csv
2025-09-10 11:00:22,327 - INFO - Found period '0316' in column 'PER' for file conjunto_de_datos_cb_ensu_03_2016.csv
2025-09-10 11:00:22,348 - INFO - Found period '0915' in column 'PER' for file conjunto_de_datos_cb_ensu_03_2015.csv
2025-09-10 11:00:22,370 - INFO - Found period '0217' in column 'PER' for file conjunto_de_datos_cb_ensu_02_2017.csv
2025-09-10 11:00:22,396 - INFO - Found period '0216' in column 'PER' for file conjunto_de_datos_cb_ensu_02_2016.csv
2025-09-10 11:00:22,416 - INFO - Found period '0615' in column 'PER' for file conjunto_de_datos_cb_ensu_02_2015.csv
2025-09-10 11:00:22,439 - INFO - Found period '0117' in column 'PER' for file conjunto_de_datos_cb_ensu_01_2017.csv
2025-09-10 11:00:22,469 - INFO - Found period '0116' in column 'PER' for file conjunto_de_datos_cb_ensu_01_2016.csv
2025-09-10 11:00:22,490 - INFO - Found period '0315' in column 'PER' for file conjunto_de_datos_cb_ensu_01_2015.csv
2025-09-10 11:00:22,501 - INFO - Scan complete. Detected 82 matching CB files before de-duplication.
2025-09-10 11:00:22,503 - INFO - Starting de-duplication process...
2025-09-10 11:00:22,504 - INFO - Period '2025_Q2' had 2 files. Selected 'conjunto_de_datos_ensu_cb_0625.csv' as the primary.
2025-09-10 11:00:22,504 - INFO - Period '2025_Q1' had 2 files. Selected 'conjunto_de_datos_ensu_cb_0325.csv' as the primary.
2025-09-10 11:00:22,504 - INFO - Period '2024_Q4' had 2 files. Selected 'conjunto_de_datos_ensu_cb_1224.csv' as the primary.
2025-09-10 11:00:22,504 - INFO - Period '2024_Q3' had 2 files. Selected 'conjunto_de_datos_ensu_cb_0924.csv' as the primary.
2025-09-10 11:00:22,504 - INFO - Period '2024_Q2' had 2 files. Selected 'conjunto_de_datos_ensu_cb_0624.csv' as the primary.
2025-09-10 11:00:22,504 - INFO - Period '2024_Q1' had 2 files. Selected 'conjunto_de_datos_ensu_cb_0324.csv' as the primary.
2025-09-10 11:00:22,504 - INFO - Period '2023_Q4' had 2 files. Selected 'conjunto_de_datos_ensu_cb_1223.csv' as the primary.
2025-09-10 11:00:22,504 - INFO - Period '2023_Q3' had 2 files. Selected 'conjunto_de_datos_ensu_cb_0923.csv' as the primary.
2025-09-10 11:00:22,504 - INFO - Period '2023_Q2' had 2 files. Selected 'conjunto_de_datos_ensu_cb_0623.csv' as the primary.
2025-09-10 11:00:22,504 - INFO - Period '2022_Q4' had 2 files. Selected 'conjunto_de_datos_ensu_cb_1222.csv' as the primary.
2025-09-10 11:00:22,505 - INFO - Period '2022_Q3' had 2 files. Selected 'conjunto_de_datos_ensu_cb_0922.csv' as the primary.
2025-09-10 11:00:22,505 - INFO - Period '2022_Q2' had 2 files. Selected 'conjunto_de_datos_ensu_cb_0622.csv' as the primary.
2025-09-10 11:00:22,505 - INFO - Period '2022_Q1' had 2 files. Selected 'conjunto_de_datos_ensu_cb_0322.csv' as the primary.
2025-09-10 11:00:22,505 - INFO - Period '2021_Q1' had 3 files. Selected 'conjunto_de_datos_CB_ENSU_09_2021.csv' as the primary.
2025-09-10 11:00:22,505 - INFO - Period '2020_Q1' had 3 files. Selected 'conjunto_de_datos_CB_SEC1_2_3_ENSU_09_2020.csv' as the primary.
2025-09-10 11:00:22,505 - INFO - Period '2019_Q2' had 3 files. Selected 'conjunto_de_datos_CB_ENSU_04_2019.csv' as the primary.
2025-09-10 11:00:22,505 - INFO - Period '2018_Q1' had 5 files. Selected 'conjunto_de_datos_cb_ensu_03_2018.csv' as the primary.
2025-09-10 11:00:22,505 - INFO - Period '2017_Q1' had 3 files. Selected 'conjunto_de_datos_cb_ensu_02_2017.csv' as the primary.
2025-09-10 11:00:22,505 - INFO - Period '2016_Q1' had 3 files. Selected 'conjunto_de_datos_cb_ensu_03_2016.csv' as the primary.
2025-09-10 11:00:22,505 - INFO - De-duplication complete. Final file count: 55
2025-09-10 11:00:22,505 - INFO - --- Resumen del Mapeo Final ---
2025-09-10 11:00:22,505 - INFO - Total de archivos CSV en el árbol: 8413
2025-09-10 11:00:22,506 - INFO - Total de archivos CB únicos procesados: 55
2025-09-10 11:00:22,506 - INFO - Con período identificado: 30
2025-09-10 11:00:22,506 - INFO - Sin período identificado: 25
2025-09-10 11:00:22,506 - INFO - --- Detalle por Período (únicos) ---
2025-09-10 11:00:22,506 - INFO - - 2015_Q1: 1 archivo(s)
2025-09-10 11:00:22,506 - INFO - - 2015_Q2: 1 archivo(s)
2025-09-10 11:00:22,507 - INFO - - 2015_Q3: 1 archivo(s)
2025-09-10 11:00:22,507 - INFO - - 2015_Q4: 1 archivo(s)
2025-09-10 11:00:22,507 - INFO - - 2016_Q1: 1 archivo(s)
2025-09-10 11:00:22,507 - INFO - - 2016_Q2: 1 archivo(s)
2025-09-10 11:00:22,507 - INFO - - 2017_Q1: 1 archivo(s)
2025-09-10 11:00:22,507 - INFO - - 2017_Q2: 1 archivo(s)
2025-09-10 11:00:22,507 - INFO - - 2018_Q1: 1 archivo(s)
2025-09-10 11:00:22,507 - INFO - - 2018_Q2: 1 archivo(s)
2025-09-10 11:00:22,507 - INFO - - 2019_Q1: 1 archivo(s)
2025-09-10 11:00:22,507 - INFO - - 2019_Q2: 1 archivo(s)
2025-09-10 11:00:22,507 - INFO - - 2020_Q1: 1 archivo(s)
2025-09-10 11:00:22,508 - INFO - - 2020_Q2: 1 archivo(s)
2025-09-10 11:00:22,508 - INFO - - 2021_Q1: 1 archivo(s)
2025-09-10 11:00:22,508 - INFO - - 2021_Q2: 1 archivo(s)
2025-09-10 11:00:22,508 - INFO - - 2022_Q1: 1 archivo(s)
2025-09-10 11:00:22,508 - INFO - - 2022_Q2: 1 archivo(s)
2025-09-10 11:00:22,508 - INFO - - 2022_Q3: 1 archivo(s)
2025-09-10 11:00:22,508 - INFO - - 2022_Q4: 1 archivo(s)
2025-09-10 11:00:22,508 - INFO - - 2023_Q1: 1 archivo(s)
2025-09-10 11:00:22,508 - INFO - - 2023_Q2: 1 archivo(s)
2025-09-10 11:00:22,508 - INFO - - 2023_Q3: 1 archivo(s)
2025-09-10 11:00:22,508 - INFO - - 2023_Q4: 1 archivo(s)
2025-09-10 11:00:22,508 - INFO - - 2024_Q1: 1 archivo(s)
2025-09-10 11:00:22,508 - INFO - - 2024_Q2: 1 archivo(s)
2025-09-10 11:00:22,508 - INFO - - 2024_Q3: 1 archivo(s)
2025-09-10 11:00:22,509 - INFO - - 2024_Q4: 1 archivo(s)
2025-09-10 11:00:22,509 - INFO - - 2025_Q1: 1 archivo(s)
2025-09-10 11:00:22,509 - INFO - - 2025_Q2: 1 archivo(s)
2025-09-10 11:00:22,509 - INFO - - UNKNOWN_001: 1 archivo(s)
2025-09-10 11:00:22,509 - INFO - - UNKNOWN_002: 1 archivo(s)
2025-09-10 11:00:22,509 - INFO - - UNKNOWN_003: 1 archivo(s)
2025-09-10 11:00:22,509 - INFO - - UNKNOWN_004: 1 archivo(s)
2025-09-10 11:00:22,509 - INFO - - UNKNOWN_005: 1 archivo(s)
2025-09-10 11:00:22,509 - INFO - - UNKNOWN_006: 1 archivo(s)
2025-09-10 11:00:22,509 - INFO - - UNKNOWN_007: 1 archivo(s)
2025-09-10 11:00:22,509 - INFO - - UNKNOWN_008: 1 archivo(s)
2025-09-10 11:00:22,509 - INFO - - UNKNOWN_009: 1 archivo(s)
2025-09-10 11:00:22,509 - INFO - - UNKNOWN_010: 1 archivo(s)
2025-09-10 11:00:22,510 - INFO - - UNKNOWN_011: 1 archivo(s)
2025-09-10 11:00:22,510 - INFO - - UNKNOWN_012: 1 archivo(s)
2025-09-10 11:00:22,510 - INFO - - UNKNOWN_013: 1 archivo(s)
2025-09-10 11:00:22,510 - INFO - - UNKNOWN_014: 1 archivo(s)
2025-09-10 11:00:22,510 - INFO - - UNKNOWN_015: 1 archivo(s)
2025-09-10 11:00:22,510 - INFO - - UNKNOWN_016: 1 archivo(s)
2025-09-10 11:00:22,510 - INFO - - UNKNOWN_017: 1 archivo(s)
2025-09-10 11:00:22,510 - INFO - - UNKNOWN_018: 1 archivo(s)
2025-09-10 11:00:22,510 - INFO - - UNKNOWN_019: 1 archivo(s)
2025-09-10 11:00:22,510 - INFO - - UNKNOWN_020: 1 archivo(s)
2025-09-10 11:00:22,510 - INFO - - UNKNOWN_021: 1 archivo(s)
2025-09-10 11:00:22,510 - INFO - - UNKNOWN_022: 1 archivo(s)
2025-09-10 11:00:22,510 - INFO - - UNKNOWN_023: 1 archivo(s)
2025-09-10 11:00:22,510 - INFO - - UNKNOWN_024: 1 archivo(s)
2025-09-10 11:00:22,510 - INFO - - UNKNOWN_025: 1 archivo(s)
2025-09-10 11:00:22,511 - INFO - Saving metadata mapping to C:\Users\josea\Documents\data-mining\proyecto\temp\mapeo_archivos.json
2025-09-10 11:00:22,514 - INFO - Successfully saved JSON output.
2025-09-10 11:00:22,514 - INFO - --- Fase 1 completada ---
