2025-09-10 11:12:10,746 - INFO - Logging initialized. Log file: C:\Users\josea\Documents\data-mining\proyecto\logs\fase1_mapeo_20250910_111210.log
2025-09-10 11:12:10,746 - INFO - --- Fase 1: Mapeo y Descubrimiento (v7 - Final) ---
2025-09-10 11:12:10,746 - INFO - Starting recursive scan of directory: C:\Users\josea\Documents\data-mining\proyecto\data
2025-09-10 11:12:11,060 - INFO - Found 8413 total CSV files in the directory tree.
2025-09-10 11:12:11,127 - INFO - Processing 8208 files after excluding directories: Datos abiertos, __MACOSX
2025-09-10 11:12:11,127 - INFO - Found matching file in correct subfolder: conjunto_de_datos_ensu_cb_0625.csv
2025-09-10 11:12:11,189 - INFO - Found matching file in correct subfolder: conjunto_de_datos_ensu_cb_0325.csv
2025-09-10 11:12:11,205 - INFO - Found matching file in correct subfolder: conjunto_de_datos_ensu_cb_1224.csv
2025-09-10 11:12:11,219 - INFO - Found matching file in correct subfolder: conjunto_de_datos_ensu_cb_0924.csv
2025-09-10 11:12:11,232 - INFO - Found matching file in correct subfolder: conjunto_de_datos_ensu_cb_0624.csv
2025-09-10 11:12:11,242 - INFO - Found matching file in correct subfolder: conjunto_de_datos_ensu_cb_0324.csv
2025-09-10 11:12:11,253 - INFO - Found matching file in correct subfolder: conjunto_de_datos_ensu_cb_1223.csv
2025-09-10 11:12:11,262 - INFO - Found matching file in correct subfolder: conjunto_de_datos_ensu_cb_0923.csv
2025-09-10 11:12:11,276 - INFO - Found matching file in correct subfolder: conjunto_de_datos_ensu_cb_0623.csv
2025-09-10 11:12:11,288 - INFO - Found matching file in correct subfolder: conjunto_de_datos_CB_ENSU_03_2023.csv
2025-09-10 11:12:11,297 - INFO - Found matching file in correct subfolder: conjunto_de_datos_ensu_cb_1222.csv
2025-09-10 11:12:11,308 - INFO - Found matching file in correct subfolder: conjunto_de_datos_ensu_cb_0922.csv
2025-09-10 11:12:11,329 - INFO - Found matching file in correct subfolder: conjunto_de_datos_ensu_cb_0622.csv
2025-09-10 11:12:11,343 - INFO - Found matching file in correct subfolder: conjunto_de_datos_ensu_cb_0322.csv
2025-09-10 11:12:11,352 - INFO - Found matching file in correct subfolder: conjunto_de_datos_CB_ENSU_12_2021.csv
2025-09-10 11:12:11,363 - INFO - Found matching file in correct subfolder: conjunto_de_datos_CB_ENSU_09_2021.csv
2025-09-10 11:12:11,377 - INFO - Found matching file in correct subfolder: conjunto_de_datos_CB_ENSU_06_2021.csv
2025-09-10 11:12:11,389 - INFO - Found matching file in correct subfolder: conjunto_de_datos_CB_ENSU_03_2021.csv
2025-09-10 11:12:11,400 - INFO - Found matching file in correct subfolder: conjunto_de_datos_CB_ENSU_12_2020.csv
2025-09-10 11:12:11,413 - INFO - Found matching file in correct subfolder: conjunto_de_datos_CB_SEC4_ENSU_09_2020.csv
2025-09-10 11:12:11,422 - INFO - Found matching file in correct subfolder: conjunto_de_datos_CB_SEC1_2_3_ENSU_09_2020.csv
2025-09-10 11:12:11,434 - INFO - Found matching file in correct subfolder: conjunto_de_datos_CB_ENSU_01_2020.csv
2025-09-10 11:12:11,468 - INFO - Found matching file in correct subfolder: conjunto_de_datos_CB_ENSU_04_2019.csv
2025-09-10 11:12:11,479 - INFO - Found matching file in correct subfolder: conjunto_de_datos_cb_ENSU_2019_2t.csv
2025-09-10 11:12:11,490 - INFO - Found matching file in correct subfolder: conjunto_de_datos_cb_ensu_03_2019.csv
2025-09-10 11:12:11,499 - INFO - Found matching file in correct subfolder: conjunto_de_datos_cb_ENSU_04_2018.csv
2025-09-10 11:12:11,510 - INFO - Found matching file in correct subfolder: conjunto_de_datos_cb_ensu_03_2018.csv
2025-09-10 11:12:11,521 - INFO - Found matching file in correct subfolder: ensu_cb_0218.csv
2025-09-10 11:12:11,530 - INFO - Found matching file in correct subfolder: ensu_cb_0118.csv
2025-09-10 11:12:11,541 - INFO - Found matching file in correct subfolder: conjunto_de_datos_cb_ensu_04_2017.csv
2025-09-10 11:12:11,551 - INFO - Found matching file in correct subfolder: conjunto_de_datos_cb_ensu_04_2016.csv
2025-09-10 11:12:11,560 - INFO - Found matching file in correct subfolder: conjunto_de_datos_cb_ensu_04_2015.csv
2025-09-10 11:12:11,567 - INFO - Found matching file in correct subfolder: conjunto_de_datos_cb_ensu_03_2017.csv
2025-09-10 11:12:11,578 - INFO - Found matching file in correct subfolder: conjunto_de_datos_cb_ensu_03_2016.csv
2025-09-10 11:12:11,588 - INFO - Found matching file in correct subfolder: conjunto_de_datos_cb_ensu_03_2015.csv
2025-09-10 11:12:11,596 - INFO - Found matching file in correct subfolder: conjunto_de_datos_cb_ensu_02_2017.csv
2025-09-10 11:12:11,608 - INFO - Found matching file in correct subfolder: conjunto_de_datos_cb_ensu_02_2016.csv
2025-09-10 11:12:11,617 - INFO - Found matching file in correct subfolder: conjunto_de_datos_cb_ensu_02_2015.csv
2025-09-10 11:12:11,624 - INFO - Found matching file in correct subfolder: conjunto_de_datos_cb_ensu_01_2017.csv
2025-09-10 11:12:11,635 - INFO - Found matching file in correct subfolder: conjunto_de_datos_cb_ensu_01_2016.csv
2025-09-10 11:12:11,647 - INFO - Found matching file in correct subfolder: conjunto_de_datos_cb_ensu_01_2015.csv
2025-09-10 11:12:11,656 - INFO - Scan complete. Detected 41 matching CB files before de-duplication.
2025-09-10 11:12:11,658 - INFO - Starting de-duplication process...
2025-09-10 11:12:11,658 - INFO - Period '2020_Q3' had 2 files. Selected 'conjunto_de_datos_CB_SEC1_2_3_ENSU_09_2020.csv' as the primary.
2025-09-10 11:12:11,659 - INFO - Period '2019_Q2' had 2 files. Selected 'conjunto_de_datos_CB_ENSU_04_2019.csv' as the primary.
2025-09-10 11:12:11,659 - INFO - Period '2018_Q1' had 3 files. Selected 'conjunto_de_datos_cb_ensu_03_2018.csv' as the primary.
2025-09-10 11:12:11,659 - INFO - Period '2017_Q1' had 3 files. Selected 'conjunto_de_datos_cb_ensu_02_2017.csv' as the primary.
2025-09-10 11:12:11,659 - INFO - Period '2016_Q1' had 3 files. Selected 'conjunto_de_datos_cb_ensu_03_2016.csv' as the primary.
2025-09-10 11:12:11,659 - INFO - Period '2015_Q1' had 3 files. Selected 'conjunto_de_datos_cb_ensu_03_2015.csv' as the primary.
2025-09-10 11:12:11,659 - INFO - De-duplication complete. Final file count: 31
2025-09-10 11:12:11,659 - INFO - --- Resumen del Mapeo Final ---
2025-09-10 11:12:11,659 - INFO - Total de archivos CSV en el árbol: 8413
2025-09-10 11:12:11,659 - INFO - Total de archivos CB únicos procesados: 31
2025-09-10 11:12:11,659 - INFO - Con período identificado: 31
2025-09-10 11:12:11,659 - INFO - Sin período identificado: 0
2025-09-10 11:12:11,660 - INFO - --- Detalle por Período (únicos) ---
2025-09-10 11:12:11,660 - INFO - - 2015_Q1: 1 archivo(s)
2025-09-10 11:12:11,660 - INFO - - 2015_Q2: 1 archivo(s)
2025-09-10 11:12:11,660 - INFO - - 2016_Q1: 1 archivo(s)
2025-09-10 11:12:11,660 - INFO - - 2016_Q2: 1 archivo(s)
2025-09-10 11:12:11,660 - INFO - - 2017_Q1: 1 archivo(s)
2025-09-10 11:12:11,660 - INFO - - 2017_Q2: 1 archivo(s)
2025-09-10 11:12:11,660 - INFO - - 2018_Q1: 1 archivo(s)
2025-09-10 11:12:11,660 - INFO - - 2018_Q2: 1 archivo(s)
2025-09-10 11:12:11,660 - INFO - - 2019_Q1: 1 archivo(s)
2025-09-10 11:12:11,660 - INFO - - 2019_Q2: 1 archivo(s)
2025-09-10 11:12:11,660 - INFO - - 2020_Q1: 1 archivo(s)
2025-09-10 11:12:11,660 - INFO - - 2020_Q3: 1 archivo(s)
2025-09-10 11:12:11,661 - INFO - - 2020_Q4: 1 archivo(s)
2025-09-10 11:12:11,661 - INFO - - 2021_Q1: 1 archivo(s)
2025-09-10 11:12:11,661 - INFO - - 2021_Q2: 1 archivo(s)
2025-09-10 11:12:11,661 - INFO - - 2021_Q3: 1 archivo(s)
2025-09-10 11:12:11,661 - INFO - - 2021_Q4: 1 archivo(s)
2025-09-10 11:12:11,661 - INFO - - 2022_Q1: 1 archivo(s)
2025-09-10 11:12:11,661 - INFO - - 2022_Q2: 1 archivo(s)
2025-09-10 11:12:11,661 - INFO - - 2022_Q3: 1 archivo(s)
2025-09-10 11:12:11,661 - INFO - - 2022_Q4: 1 archivo(s)
2025-09-10 11:12:11,661 - INFO - - 2023_Q1: 1 archivo(s)
2025-09-10 11:12:11,661 - INFO - - 2023_Q2: 1 archivo(s)
2025-09-10 11:12:11,661 - INFO - - 2023_Q3: 1 archivo(s)
2025-09-10 11:12:11,661 - INFO - - 2023_Q4: 1 archivo(s)
2025-09-10 11:12:11,661 - INFO - - 2024_Q1: 1 archivo(s)
2025-09-10 11:12:11,662 - INFO - - 2024_Q2: 1 archivo(s)
2025-09-10 11:12:11,662 - INFO - - 2024_Q3: 1 archivo(s)
2025-09-10 11:12:11,662 - INFO - - 2024_Q4: 1 archivo(s)
2025-09-10 11:12:11,662 - INFO - - 2025_Q1: 1 archivo(s)
2025-09-10 11:12:11,662 - INFO - - 2025_Q2: 1 archivo(s)
2025-09-10 11:12:11,662 - INFO - Saving metadata mapping to C:\Users\josea\Documents\data-mining\proyecto\temp\mapeo_archivos.json
2025-09-10 11:12:11,665 - INFO - Successfully saved JSON output.
2025-09-10 11:12:11,665 - INFO - --- Fase 1 completada ---
