2025-09-10 10:05:10,821 - INFO - --- Iniciando Fase 3: Verificación Incremental ---
2025-09-10 10:05:10,824 - INFO - Cargado exitosamente C:\Users\josea\Documents\data-mining\proyecto\temp\archivos_validados.json
2025-09-10 10:05:10,824 - INFO - Escaneando directorio de procesados: C:\Users\josea\Documents\data-mining\proyecto\data\yucatan_processed
2025-09-10 10:05:10,825 - INFO - Verificando 18 archivos seleccionados contra los ya procesados.
2025-09-10 10:05:10,825 - INFO - Periodo 2016-Q2 está pendiente de procesamiento.
2025-09-10 10:05:10,826 - INFO - Periodo 2017-Q1 está pendiente de procesamiento.
2025-09-10 10:05:10,860 - INFO - Periodo 2017-Q2 está pendiente de procesamiento.
2025-09-10 10:05:10,861 - INFO - Periodo 2018-Q1 está pendiente de procesamiento.
2025-09-10 10:05:10,861 - INFO - Periodo 2018-Q2 está pendiente de procesamiento.
2025-09-10 10:05:10,862 - INFO - Periodo 2019-Q1 está pendiente de procesamiento.
2025-09-10 10:05:10,862 - INFO - Periodo 2019-Q2 está pendiente de procesamiento.
2025-09-10 10:05:10,863 - INFO - Periodo 2020-Q1 está pendiente de procesamiento.
2025-09-10 10:05:10,863 - INFO - Periodo 2020-Q2 está pendiente de procesamiento.
2025-09-10 10:05:10,863 - INFO - Periodo 2021-Q1 está pendiente de procesamiento.
2025-09-10 10:05:10,864 - INFO - Periodo 2021-Q2 está pendiente de procesamiento.
2025-09-10 10:05:10,864 - INFO - Periodo 2022-Q1 está pendiente de procesamiento.
2025-09-10 10:05:10,864 - INFO - Periodo 2022-Q2 está pendiente de procesamiento.
2025-09-10 10:05:10,865 - INFO - Periodo 2023-Q1 está pendiente de procesamiento.
2025-09-10 10:05:10,865 - INFO - Periodo 2023-Q2 está pendiente de procesamiento.
2025-09-10 10:05:10,865 - INFO - Periodo 2024-Q1 está pendiente de procesamiento.
2025-09-10 10:05:10,865 - INFO - Periodo 2024-Q2 está pendiente de procesamiento.
2025-09-10 10:05:10,866 - INFO - Periodo 2025-Q1 está pendiente de procesamiento.
2025-09-10 10:05:10,868 - INFO - Resultados de verificación guardados en: C:\Users\josea\Documents\data-mining\proyecto\temp\archivos_pendientes.json
2025-09-10 10:05:10,869 - INFO - --- Fase 3 Finalizada: 18 pendientes, 0 saltados ---
