2025-09-10 10:49:21,703 - INFO - --- Iniciando Fase 3: Verificación Incremental ---
2025-09-10 10:49:21,706 - INFO - Cargado exitosamente C:\Users\josea\Documents\data-mining\proyecto\temp\archivos_validados.json
2025-09-10 10:49:21,706 - INFO - Escaneando directorio de procesados: C:\Users\josea\Documents\data-mining\proyecto\data\yucatan_processed
2025-09-10 10:49:21,708 - INFO - Encontrado archivo procesado para el periodo 2016-Q2
2025-09-10 10:49:21,708 - INFO - Encontrado archivo procesado para el periodo 2017-Q1
2025-09-10 10:49:21,709 - INFO - Encontrado archivo procesado para el periodo 2017-Q2
2025-09-10 10:49:21,710 - INFO - Encontrado archivo procesado para el periodo 2018-Q1
2025-09-10 10:49:21,711 - INFO - Encontrado archivo procesado para el periodo 2018-Q2
2025-09-10 10:49:21,712 - INFO - Encontrado archivo procesado para el periodo 2019-Q1
2025-09-10 10:49:21,713 - INFO - Encontrado archivo procesado para el periodo 2019-Q2
2025-09-10 10:49:21,714 - INFO - Encontrado archivo procesado para el periodo 2020-Q1
2025-09-10 10:49:21,715 - INFO - Encontrado archivo procesado para el periodo 2020-Q2
2025-09-10 10:49:21,716 - INFO - Encontrado archivo procesado para el periodo 2021-Q1
2025-09-10 10:49:21,717 - INFO - Encontrado archivo procesado para el periodo 2021-Q2
2025-09-10 10:49:21,718 - INFO - Encontrado archivo procesado para el periodo 2022-Q1
2025-09-10 10:49:21,718 - INFO - Encontrado archivo procesado para el periodo 2022-Q2
2025-09-10 10:49:21,719 - INFO - Encontrado archivo procesado para el periodo 2023-Q1
2025-09-10 10:49:21,719 - INFO - Encontrado archivo procesado para el periodo 2023-Q2
2025-09-10 10:49:21,720 - INFO - Encontrado archivo procesado para el periodo 2024-Q1
2025-09-10 10:49:21,721 - INFO - Encontrado archivo procesado para el periodo 2024-Q2
2025-09-10 10:49:21,721 - INFO - Encontrado archivo procesado para el periodo 2025-Q1
2025-09-10 10:49:21,722 - INFO - Verificando 18 archivos seleccionados contra los ya procesados.
2025-09-10 10:49:21,723 - INFO - Saltando periodo 2016-Q2, ya fue procesado.
2025-09-10 10:49:21,723 - INFO - Saltando periodo 2017-Q1, ya fue procesado.
2025-09-10 10:49:21,724 - INFO - Saltando periodo 2017-Q2, ya fue procesado.
2025-09-10 10:49:21,725 - INFO - Saltando periodo 2018-Q1, ya fue procesado.
2025-09-10 10:49:21,725 - INFO - Saltando periodo 2018-Q2, ya fue procesado.
2025-09-10 10:49:21,726 - INFO - Saltando periodo 2019-Q1, ya fue procesado.
2025-09-10 10:49:21,726 - INFO - Saltando periodo 2019-Q2, ya fue procesado.
2025-09-10 10:49:21,727 - INFO - Saltando periodo 2020-Q1, ya fue procesado.
2025-09-10 10:49:21,727 - INFO - Saltando periodo 2020-Q2, ya fue procesado.
2025-09-10 10:49:21,728 - INFO - Saltando periodo 2021-Q1, ya fue procesado.
2025-09-10 10:49:21,728 - INFO - Saltando periodo 2021-Q2, ya fue procesado.
2025-09-10 10:49:21,729 - INFO - Saltando periodo 2022-Q1, ya fue procesado.
2025-09-10 10:49:21,730 - INFO - Saltando periodo 2022-Q2, ya fue procesado.
2025-09-10 10:49:21,730 - INFO - Saltando periodo 2023-Q1, ya fue procesado.
2025-09-10 10:49:21,731 - INFO - Saltando periodo 2023-Q2, ya fue procesado.
2025-09-10 10:49:21,731 - INFO - Saltando periodo 2024-Q1, ya fue procesado.
2025-09-10 10:49:21,731 - INFO - Saltando periodo 2024-Q2, ya fue procesado.
2025-09-10 10:49:21,731 - INFO - Saltando periodo 2025-Q1, ya fue procesado.
2025-09-10 10:49:21,734 - INFO - Resultados de verificación guardados en: C:\Users\josea\Documents\data-mining\proyecto\temp\archivos_pendientes.json
2025-09-10 10:49:21,735 - INFO - --- Fase 3 Finalizada: 0 pendientes, 18 saltados ---
