2025-09-10 11:17:41,174 - INFO - --- Iniciando Fase 3: Verificación Incremental ---
2025-09-10 11:17:41,175 - INFO - Cargado exitosamente C:\Users\josea\Documents\data-mining\proyecto\temp\archivos_validados.json
2025-09-10 11:17:41,176 - INFO - Escaneando directorio de procesados: C:\Users\josea\Documents\data-mining\proyecto\data\yucatan_processed
2025-09-10 11:17:41,177 - INFO - Encontrado archivo procesado para el periodo 2016-Q2
2025-09-10 11:17:41,177 - INFO - Encontrado archivo procesado para el periodo 2017-Q1
2025-09-10 11:17:41,178 - INFO - Encontrado archivo procesado para el periodo 2017-Q2
2025-09-10 11:17:41,214 - INFO - Encontrado archivo procesado para el periodo 2018-Q1
2025-09-10 11:17:41,215 - INFO - Encontrado archivo procesado para el periodo 2018-Q2
2025-09-10 11:17:41,215 - INFO - Encontrado archivo procesado para el periodo 2019-Q1
2025-09-10 11:17:41,216 - INFO - Encontrado archivo procesado para el periodo 2019-Q2
2025-09-10 11:17:41,217 - INFO - Encontrado archivo procesado para el periodo 2020-Q1
2025-09-10 11:17:41,217 - INFO - Encontrado archivo procesado para el periodo 2020-Q2
2025-09-10 11:17:41,218 - INFO - Encontrado archivo procesado para el periodo 2021-Q1
2025-09-10 11:17:41,219 - INFO - Encontrado archivo procesado para el periodo 2021-Q2
2025-09-10 11:17:41,220 - INFO - Encontrado archivo procesado para el periodo 2022-Q1
2025-09-10 11:17:41,221 - INFO - Encontrado archivo procesado para el periodo 2022-Q2
2025-09-10 11:17:41,222 - INFO - Encontrado archivo procesado para el periodo 2023-Q1
2025-09-10 11:17:41,222 - INFO - Encontrado archivo procesado para el periodo 2023-Q2
2025-09-10 11:17:41,223 - INFO - Encontrado archivo procesado para el periodo 2024-Q1
2025-09-10 11:17:41,223 - INFO - Encontrado archivo procesado para el periodo 2024-Q2
2025-09-10 11:17:41,224 - INFO - Encontrado archivo procesado para el periodo 2025-Q1
2025-09-10 11:17:41,224 - WARNING - No se encontraron 'archivos_seleccionados' en el JSON de validación.
