2025-09-10 11:06:13,875 - INFO - Logging initialized. Log file: C:\Users\josea\Documents\data-mining\proyecto\logs\fase1_mapeo_20250910_110613.log
2025-09-10 11:06:13,876 - INFO - --- Fase 1: Mapeo y Descubrimiento (v4) ---
2025-09-10 11:06:13,876 - INFO - Starting recursive scan of directory: C:\Users\josea\Documents\data-mining\proyecto\data
2025-09-10 11:06:14,218 - INFO - Found 8413 total CSV files in the directory tree.
2025-09-10 11:06:14,291 - INFO - Processing 8208 files after excluding directories: __MACOSX, Datos abiertos
2025-09-10 11:06:14,291 - INFO - Found matching file in correct subfolder: conjunto_de_datos_ensu_cb_0625.csv
2025-09-10 11:06:14,330 - INFO - Found matching file in correct subfolder: conjunto_de_datos_ensu_cb_0325.csv
2025-09-10 11:06:14,341 - INFO - Found matching file in correct subfolder: conjunto_de_datos_ensu_cb_1224.csv
2025-09-10 11:06:14,351 - INFO - Found matching file in correct subfolder: conjunto_de_datos_ensu_cb_0924.csv
2025-09-10 11:06:14,362 - INFO - Found matching file in correct subfolder: conjunto_de_datos_ensu_cb_0624.csv
2025-09-10 11:06:14,373 - INFO - Found matching file in correct subfolder: conjunto_de_datos_ensu_cb_0324.csv
2025-09-10 11:06:14,383 - INFO - Found matching file in correct subfolder: conjunto_de_datos_ensu_cb_1223.csv
2025-09-10 11:06:14,391 - INFO - Found matching file in correct subfolder: conjunto_de_datos_ensu_cb_0923.csv
2025-09-10 11:06:14,404 - INFO - Found matching file in correct subfolder: conjunto_de_datos_ensu_cb_0623.csv
2025-09-10 11:06:14,414 - INFO - Found matching file in correct subfolder: conjunto_de_datos_CB_ENSU_03_2023.csv
2025-09-10 11:06:14,423 - INFO - Found matching file in correct subfolder: conjunto_de_datos_ensu_cb_1222.csv
2025-09-10 11:06:14,433 - INFO - Found matching file in correct subfolder: conjunto_de_datos_ensu_cb_0922.csv
2025-09-10 11:06:14,445 - INFO - Found matching file in correct subfolder: conjunto_de_datos_ensu_cb_0622.csv
2025-09-10 11:06:14,454 - INFO - Found matching file in correct subfolder: conjunto_de_datos_ensu_cb_0322.csv
2025-09-10 11:06:14,463 - INFO - Found matching file in correct subfolder: conjunto_de_datos_CB_ENSU_12_2021.csv
2025-09-10 11:06:14,474 - INFO - Found matching file in correct subfolder: conjunto_de_datos_CB_ENSU_09_2021.csv
2025-09-10 11:06:14,488 - INFO - Found matching file in correct subfolder: conjunto_de_datos_CB_ENSU_06_2021.csv
2025-09-10 11:06:14,502 - INFO - Found matching file in correct subfolder: conjunto_de_datos_CB_ENSU_03_2021.csv
2025-09-10 11:06:14,516 - INFO - Found matching file in correct subfolder: conjunto_de_datos_CB_ENSU_12_2020.csv
2025-09-10 11:06:14,527 - INFO - Found matching file in correct subfolder: conjunto_de_datos_CB_SEC4_ENSU_09_2020.csv
2025-09-10 11:06:14,537 - INFO - Found matching file in correct subfolder: conjunto_de_datos_CB_SEC1_2_3_ENSU_09_2020.csv
2025-09-10 11:06:14,550 - INFO - Found matching file in correct subfolder: conjunto_de_datos_CB_ENSU_01_2020.csv
2025-09-10 11:06:14,559 - INFO - Found matching file in correct subfolder: conjunto_de_datos_CB_ENSU_04_2019.csv
2025-09-10 11:06:14,569 - INFO - Found matching file in correct subfolder: conjunto_de_datos_cb_ENSU_2019_2t.csv
2025-09-10 11:06:14,579 - INFO - Found matching file in correct subfolder: conjunto_de_datos_cb_ensu_03_2019.csv
2025-09-10 11:06:14,589 - INFO - Found matching file in correct subfolder: conjunto_de_datos_cb_ENSU_04_2018.csv
2025-09-10 11:06:14,600 - INFO - Found matching file in correct subfolder: conjunto_de_datos_cb_ensu_03_2018.csv
2025-09-10 11:06:14,611 - INFO - Found matching file in correct subfolder: ensu_cb_0218.csv
2025-09-10 11:06:14,622 - INFO - Found matching file in correct subfolder: ensu_cb_0118.csv
2025-09-10 11:06:14,634 - INFO - Found matching file in correct subfolder: conjunto_de_datos_cb_ensu_04_2017.csv
2025-09-10 11:06:14,645 - INFO - Found matching file in correct subfolder: conjunto_de_datos_cb_ensu_04_2016.csv
2025-09-10 11:06:14,656 - INFO - Found matching file in correct subfolder: conjunto_de_datos_cb_ensu_04_2015.csv
2025-09-10 11:06:14,664 - INFO - Found matching file in correct subfolder: conjunto_de_datos_cb_ensu_03_2017.csv
2025-09-10 11:06:14,675 - INFO - Found matching file in correct subfolder: conjunto_de_datos_cb_ensu_03_2016.csv
2025-09-10 11:06:14,685 - INFO - Found matching file in correct subfolder: conjunto_de_datos_cb_ensu_03_2015.csv
2025-09-10 11:06:14,692 - INFO - Found matching file in correct subfolder: conjunto_de_datos_cb_ensu_02_2017.csv
2025-09-10 11:06:14,704 - INFO - Found matching file in correct subfolder: conjunto_de_datos_cb_ensu_02_2016.csv
2025-09-10 11:06:14,715 - INFO - Found matching file in correct subfolder: conjunto_de_datos_cb_ensu_02_2015.csv
2025-09-10 11:06:14,724 - INFO - Found matching file in correct subfolder: conjunto_de_datos_cb_ensu_01_2017.csv
2025-09-10 11:06:14,737 - INFO - Found matching file in correct subfolder: conjunto_de_datos_cb_ensu_01_2016.csv
2025-09-10 11:06:14,748 - INFO - Found matching file in correct subfolder: conjunto_de_datos_cb_ensu_01_2015.csv
2025-09-10 11:06:14,756 - INFO - Scan complete. Detected 41 matching CB files before de-duplication.
2025-09-10 11:06:14,758 - INFO - Starting de-duplication process...
2025-09-10 11:06:14,759 - INFO - Period '2020_Q3' had 2 files. Selected 'conjunto_de_datos_CB_SEC1_2_3_ENSU_09_2020.csv' as the primary.
2025-09-10 11:06:14,759 - INFO - Period '2019_Q2' had 2 files. Selected 'conjunto_de_datos_CB_ENSU_04_2019.csv' as the primary.
2025-09-10 11:06:14,759 - INFO - Period '2018_Q1' had 3 files. Selected 'conjunto_de_datos_cb_ensu_03_2018.csv' as the primary.
2025-09-10 11:06:14,759 - INFO - Period '2017_Q1' had 3 files. Selected 'conjunto_de_datos_cb_ensu_02_2017.csv' as the primary.
2025-09-10 11:06:14,759 - INFO - Period '2016_Q1' had 3 files. Selected 'conjunto_de_datos_cb_ensu_03_2016.csv' as the primary.
2025-09-10 11:06:14,759 - INFO - Period '2015_Q1' had 3 files. Selected 'conjunto_de_datos_cb_ensu_03_2015.csv' as the primary.
2025-09-10 11:06:14,759 - INFO - De-duplication complete. Final file count: 31
2025-09-10 11:06:14,759 - INFO - --- Resumen del Mapeo Final ---
2025-09-10 11:06:14,759 - INFO - Total de archivos CSV en el árbol: 8413
2025-09-10 11:06:14,759 - INFO - Total de archivos CB únicos procesados: 31
2025-09-10 11:06:14,759 - INFO - Con período identificado: 31
2025-09-10 11:06:14,759 - INFO - Sin período identificado: 0
2025-09-10 11:06:14,760 - INFO - --- Detalle por Período (únicos) ---
2025-09-10 11:06:14,760 - INFO - - 2015_Q1: 1 archivo(s)
2025-09-10 11:06:14,760 - INFO - - 2015_Q2: 1 archivo(s)
2025-09-10 11:06:14,760 - INFO - - 2016_Q1: 1 archivo(s)
2025-09-10 11:06:14,760 - INFO - - 2016_Q2: 1 archivo(s)
2025-09-10 11:06:14,760 - INFO - - 2017_Q1: 1 archivo(s)
2025-09-10 11:06:14,760 - INFO - - 2017_Q2: 1 archivo(s)
2025-09-10 11:06:14,760 - INFO - - 2018_Q1: 1 archivo(s)
2025-09-10 11:06:14,760 - INFO - - 2018_Q2: 1 archivo(s)
2025-09-10 11:06:14,760 - INFO - - 2019_Q1: 1 archivo(s)
2025-09-10 11:06:14,760 - INFO - - 2019_Q2: 1 archivo(s)
2025-09-10 11:06:14,761 - INFO - - 2020_Q1: 1 archivo(s)
2025-09-10 11:06:14,761 - INFO - - 2020_Q3: 1 archivo(s)
2025-09-10 11:06:14,761 - INFO - - 2020_Q4: 1 archivo(s)
2025-09-10 11:06:14,761 - INFO - - 2021_Q1: 1 archivo(s)
2025-09-10 11:06:14,761 - INFO - - 2021_Q2: 1 archivo(s)
2025-09-10 11:06:14,761 - INFO - - 2021_Q3: 1 archivo(s)
2025-09-10 11:06:14,761 - INFO - - 2021_Q4: 1 archivo(s)
2025-09-10 11:06:14,761 - INFO - - 2022_Q1: 1 archivo(s)
2025-09-10 11:06:14,761 - INFO - - 2022_Q2: 1 archivo(s)
2025-09-10 11:06:14,761 - INFO - - 2022_Q3: 1 archivo(s)
2025-09-10 11:06:14,761 - INFO - - 2022_Q4: 1 archivo(s)
2025-09-10 11:06:14,762 - INFO - - 2023_Q1: 1 archivo(s)
2025-09-10 11:06:14,762 - INFO - - 2023_Q2: 1 archivo(s)
2025-09-10 11:06:14,762 - INFO - - 2023_Q3: 1 archivo(s)
2025-09-10 11:06:14,762 - INFO - - 2023_Q4: 1 archivo(s)
2025-09-10 11:06:14,762 - INFO - - 2024_Q1: 1 archivo(s)
2025-09-10 11:06:14,762 - INFO - - 2024_Q2: 1 archivo(s)
2025-09-10 11:06:14,762 - INFO - - 2024_Q3: 1 archivo(s)
2025-09-10 11:06:14,762 - INFO - - 2024_Q4: 1 archivo(s)
2025-09-10 11:06:14,762 - INFO - - 2025_Q1: 1 archivo(s)
2025-09-10 11:06:14,762 - INFO - - 2025_Q2: 1 archivo(s)
2025-09-10 11:06:14,763 - INFO - Saving metadata mapping to C:\Users\josea\Documents\data-mining\proyecto\temp\mapeo_archivos.json
2025-09-10 11:06:14,765 - INFO - Successfully saved JSON output.
2025-09-10 11:06:14,766 - INFO - --- Fase 1 completada ---
