2025-09-10 10:48:49,657 - INFO - --- Iniciando Fase 1: Mapeo y Descubrimiento ---
2025-09-10 10:48:49,657 - INFO - Directorio raíz del proyecto: C:\Users\josea\Documents\data-mining\proyecto
2025-09-10 10:48:49,657 - INFO - Directorio de datos a escanear: C:\Users\josea\Documents\data-mining\proyecto\data
2025-09-10 10:48:49,658 - INFO - Iniciando escaneo recursivo de archivos CSV...
2025-09-10 10:48:49,662 - INFO - Procesando archivo: conjunto_de_datos_cb_ensu_01_2015.csv
2025-09-10 10:48:49,676 - INFO - Periodo encontrado en contenido de 'conjunto_de_datos_cb_ensu_01_2015.csv': Año=2015, Trimestre=1
2025-09-10 10:48:49,722 - INFO - Procesando archivo: conjunto_de_datos_cb_ensu_01_2016.csv
2025-09-10 10:48:49,735 - INFO - Periodo encontrado en contenido de 'conjunto_de_datos_cb_ensu_01_2016.csv': Año=2016, Trimestre=1
2025-09-10 10:48:49,751 - INFO - Procesando archivo: conjunto_de_datos_cb_ensu_01_2017.csv
2025-09-10 10:48:49,764 - INFO - Periodo encontrado en contenido de 'conjunto_de_datos_cb_ensu_01_2017.csv': Año=2017, Trimestre=1
2025-09-10 10:48:49,784 - INFO - Procesando archivo: conjunto_de_datos_cb_ensu_02_2015.csv
2025-09-10 10:48:49,792 - INFO - Periodo encontrado en contenido de 'conjunto_de_datos_cb_ensu_02_2015.csv': Año=2015, Trimestre=2
2025-09-10 10:48:49,806 - INFO - Procesando archivo: conjunto_de_datos_cb_ensu_02_2016.csv
2025-09-10 10:48:49,815 - INFO - Periodo encontrado en contenido de 'conjunto_de_datos_cb_ensu_02_2016.csv': Año=2016, Trimestre=1
2025-09-10 10:48:49,836 - INFO - Procesando archivo: conjunto_de_datos_cb_ensu_02_2017.csv
2025-09-10 10:48:49,847 - INFO - Periodo encontrado en contenido de 'conjunto_de_datos_cb_ensu_02_2017.csv': Año=2017, Trimestre=1
2025-09-10 10:48:49,861 - INFO - Procesando archivo: conjunto_de_datos_cb_ensu_03_2015.csv
2025-09-10 10:48:49,873 - INFO - Periodo encontrado en contenido de 'conjunto_de_datos_cb_ensu_03_2015.csv': Año=2015, Trimestre=3
2025-09-10 10:48:49,889 - INFO - Procesando archivo: conjunto_de_datos_cb_ensu_03_2016.csv
2025-09-10 10:48:49,899 - INFO - Periodo encontrado en contenido de 'conjunto_de_datos_cb_ensu_03_2016.csv': Año=2016, Trimestre=1
2025-09-10 10:48:49,912 - INFO - Procesando archivo: conjunto_de_datos_cb_ensu_03_2017.csv
2025-09-10 10:48:49,928 - INFO - Periodo encontrado en contenido de 'conjunto_de_datos_cb_ensu_03_2017.csv': Año=2017, Trimestre=1
2025-09-10 10:48:49,945 - INFO - Procesando archivo: conjunto_de_datos_cb_ensu_04_2015.csv
2025-09-10 10:48:49,953 - INFO - Periodo encontrado en contenido de 'conjunto_de_datos_cb_ensu_04_2015.csv': Año=2015, Trimestre=4
2025-09-10 10:48:49,973 - INFO - Procesando archivo: conjunto_de_datos_cb_ensu_04_2016.csv
2025-09-10 10:48:49,985 - INFO - Periodo encontrado en contenido de 'conjunto_de_datos_cb_ensu_04_2016.csv': Año=2016, Trimestre=2
2025-09-10 10:48:50,000 - INFO - Procesando archivo: conjunto_de_datos_cb_ensu_04_2017.csv
2025-09-10 10:48:50,010 - INFO - Periodo encontrado en contenido de 'conjunto_de_datos_cb_ensu_04_2017.csv': Año=2017, Trimestre=2
2025-09-10 10:48:50,026 - INFO - Procesando archivo: ensu_cb_0118.csv
2025-09-10 10:48:50,039 - INFO - Periodo encontrado en contenido de 'ensu_cb_0118.csv': Año=2018, Trimestre=1
2025-09-10 10:48:50,054 - INFO - Procesando archivo: ensu_cb_0218.csv
2025-09-10 10:48:50,065 - INFO - Periodo encontrado en contenido de 'ensu_cb_0218.csv': Año=2018, Trimestre=1
2025-09-10 10:48:50,078 - INFO - Procesando archivo: conjunto_de_datos_cb_ensu_03_2018.csv
2025-09-10 10:48:50,091 - INFO - Periodo encontrado en contenido de 'conjunto_de_datos_cb_ensu_03_2018.csv': Año=2018, Trimestre=1
2025-09-10 10:48:50,104 - INFO - Procesando archivo: conjunto_de_datos_cb_ENSU_04_2018.csv
2025-09-10 10:48:50,115 - INFO - Periodo encontrado en contenido de 'conjunto_de_datos_cb_ENSU_04_2018.csv': Año=2018, Trimestre=2
2025-09-10 10:48:50,128 - INFO - Procesando archivo: conjunto_de_datos_cb_ensu_03_2019.csv
2025-09-10 10:48:50,137 - INFO - Periodo encontrado en contenido de 'conjunto_de_datos_cb_ensu_03_2019.csv': Año=2019, Trimestre=1
2025-09-10 10:48:50,149 - INFO - Procesando archivo: conjunto_de_datos_cb_ENSU_2019_2t.csv
2025-09-10 10:48:50,149 - INFO - Periodo encontrado en nombre de archivo 'conjunto_de_datos_cb_ENSU_2019_2t.csv': Año=2019, Trimestre=2
2025-09-10 10:48:50,164 - INFO - Procesando archivo: conjunto_de_datos_CB_ENSU_04_2019.csv
2025-09-10 10:48:50,174 - INFO - Periodo encontrado en contenido de 'conjunto_de_datos_CB_ENSU_04_2019.csv': Año=2019, Trimestre=2
2025-09-10 10:48:50,190 - INFO - Procesando archivo: conjunto_de_datos_CB_ENSU_01_2020.csv
2025-09-10 10:48:50,201 - INFO - Periodo encontrado en contenido de 'conjunto_de_datos_CB_ENSU_01_2020.csv': Año=2020, Trimestre=1
2025-09-10 10:48:50,217 - INFO - Procesando archivo: conjunto_de_datos_CB_SEC1_2_3_ENSU_09_2020.csv
2025-09-10 10:48:50,231 - INFO - Periodo encontrado en contenido de 'conjunto_de_datos_CB_SEC1_2_3_ENSU_09_2020.csv': Año=2020, Trimestre=1
2025-09-10 10:48:50,245 - INFO - Procesando archivo: conjunto_de_datos_CB_SEC4_ENSU_09_2020.csv
2025-09-10 10:48:50,256 - INFO - Periodo encontrado en contenido de 'conjunto_de_datos_CB_SEC4_ENSU_09_2020.csv': Año=2020, Trimestre=1
2025-09-10 10:48:50,270 - INFO - Procesando archivo: conjunto_de_datos_CB_ENSU_12_2020.csv
2025-09-10 10:48:50,283 - INFO - Periodo encontrado en contenido de 'conjunto_de_datos_CB_ENSU_12_2020.csv': Año=2020, Trimestre=2
2025-09-10 10:48:50,297 - INFO - Procesando archivo: conjunto_de_datos_CB_ENSU_03_2021.csv
2025-09-10 10:48:50,307 - INFO - Periodo encontrado en contenido de 'conjunto_de_datos_CB_ENSU_03_2021.csv': Año=2021, Trimestre=1
2025-09-10 10:48:50,322 - INFO - Procesando archivo: conjunto_de_datos_CB_ENSU_06_2021.csv
2025-09-10 10:48:50,334 - INFO - Periodo encontrado en contenido de 'conjunto_de_datos_CB_ENSU_06_2021.csv': Año=2021, Trimestre=1
2025-09-10 10:48:50,351 - INFO - Procesando archivo: conjunto_de_datos_CB_ENSU_09_2021.csv
2025-09-10 10:48:50,363 - INFO - Periodo encontrado en contenido de 'conjunto_de_datos_CB_ENSU_09_2021.csv': Año=2021, Trimestre=1
2025-09-10 10:48:50,380 - INFO - Procesando archivo: conjunto_de_datos_CB_ENSU_12_2021.csv
2025-09-10 10:48:50,391 - INFO - Periodo encontrado en contenido de 'conjunto_de_datos_CB_ENSU_12_2021.csv': Año=2021, Trimestre=2
2025-09-10 10:48:50,406 - INFO - Procesando archivo: conjunto_de_datos_ensu_cb_0322.csv
2025-09-10 10:48:50,416 - INFO - Periodo encontrado en contenido de 'conjunto_de_datos_ensu_cb_0322.csv': Año=2022, Trimestre=1
2025-09-10 10:48:50,428 - INFO - Procesando archivo: conjunto_de_datos_ensu_cb_0622.csv
2025-09-10 10:48:50,438 - INFO - Periodo encontrado en contenido de 'conjunto_de_datos_ensu_cb_0622.csv': Año=2022, Trimestre=1
2025-09-10 10:48:50,457 - INFO - Procesando archivo: conjunto_de_datos_ensu_cb_0922.csv
2025-09-10 10:48:50,469 - INFO - Periodo encontrado en contenido de 'conjunto_de_datos_ensu_cb_0922.csv': Año=2022, Trimestre=1
2025-09-10 10:48:50,483 - INFO - Procesando archivo: conjunto_de_datos_ensu_cb_1222.csv
2025-09-10 10:48:50,493 - INFO - Periodo encontrado en contenido de 'conjunto_de_datos_ensu_cb_1222.csv': Año=2022, Trimestre=2
2025-09-10 10:48:50,505 - INFO - Procesando archivo: conjunto_de_datos_CB_ENSU_03_2023.csv
2025-09-10 10:48:50,515 - INFO - Periodo encontrado en contenido de 'conjunto_de_datos_CB_ENSU_03_2023.csv': Año=2023, Trimestre=1
2025-09-10 10:48:50,527 - INFO - Procesando archivo: conjunto_de_datos_ensu_cb_0623.csv
2025-09-10 10:48:50,537 - INFO - Periodo encontrado en contenido de 'conjunto_de_datos_ensu_cb_0623.csv': Año=2023, Trimestre=1
2025-09-10 10:48:50,560 - INFO - Procesando archivo: conjunto_de_datos_ensu_cb_0923.csv
2025-09-10 10:48:50,575 - INFO - Periodo encontrado en contenido de 'conjunto_de_datos_ensu_cb_0923.csv': Año=2023, Trimestre=1
2025-09-10 10:48:50,591 - INFO - Procesando archivo: conjunto_de_datos_ensu_cb_1223.csv
2025-09-10 10:48:50,600 - INFO - Periodo encontrado en contenido de 'conjunto_de_datos_ensu_cb_1223.csv': Año=2023, Trimestre=2
2025-09-10 10:48:50,615 - INFO - Procesando archivo: conjunto_de_datos_ensu_cb_0324.csv
2025-09-10 10:48:50,648 - INFO - Periodo encontrado en contenido de 'conjunto_de_datos_ensu_cb_0324.csv': Año=2024, Trimestre=1
2025-09-10 10:48:50,660 - INFO - Procesando archivo: conjunto_de_datos_ensu_cb_0624.csv
2025-09-10 10:48:50,672 - INFO - Periodo encontrado en contenido de 'conjunto_de_datos_ensu_cb_0624.csv': Año=2024, Trimestre=1
2025-09-10 10:48:50,697 - INFO - Procesando archivo: conjunto_de_datos_ensu_cb_0924.csv
2025-09-10 10:48:50,711 - INFO - Periodo encontrado en contenido de 'conjunto_de_datos_ensu_cb_0924.csv': Año=2024, Trimestre=1
2025-09-10 10:48:50,726 - INFO - Procesando archivo: conjunto_de_datos_ensu_cb_1224.csv
2025-09-10 10:48:50,737 - INFO - Periodo encontrado en contenido de 'conjunto_de_datos_ensu_cb_1224.csv': Año=2024, Trimestre=2
2025-09-10 10:48:50,750 - INFO - Procesando archivo: conjunto_de_datos_ensu_cb_0325.csv
2025-09-10 10:48:50,760 - INFO - Periodo encontrado en contenido de 'conjunto_de_datos_ensu_cb_0325.csv': Año=2025, Trimestre=1
2025-09-10 10:48:50,775 - INFO - Procesando archivo: conjunto_de_datos_ensu_cb_0625.csv
2025-09-10 10:48:50,785 - INFO - Periodo encontrado en contenido de 'conjunto_de_datos_ensu_cb_0625.csv': Año=2025, Trimestre=1
2025-09-10 10:48:50,798 - INFO - Procesando archivo: conjunto_de_datos_cb_ENSU_03_2019.csv
2025-09-10 10:48:50,810 - INFO - Periodo encontrado en contenido de 'conjunto_de_datos_cb_ENSU_03_2019.csv': Año=2019, Trimestre=1
2025-09-10 10:48:50,821 - INFO - Escaneo finalizado. Se encontraron y procesaron 42 archivos.
2025-09-10 10:48:50,826 - INFO - Resultados guardados exitosamente en: C:\Users\josea\Documents\data-mining\proyecto\temp\mapeo_archivos.json
2025-09-10 10:48:50,826 - INFO - --- Fase 1 Finalizada ---
