2025-09-10 11:17:10,770 - INFO - Logging initialized. Log file: C:\Users\josea\Documents\data-mining\proyecto\logs\fase1_mapeo_20250910_111710.log
2025-09-10 11:17:10,771 - INFO - --- Fase 1: Mapeo y Descubrimiento (v7 - Final) ---
2025-09-10 11:17:10,771 - INFO - Starting recursive scan of directory: C:\Users\josea\Documents\data-mining\proyecto\data
2025-09-10 11:17:11,098 - INFO - Found 8413 total CSV files in the directory tree.
2025-09-10 11:17:11,170 - INFO - Processing 8208 files after excluding directories: __MACOSX, Datos abiertos
2025-09-10 11:17:11,170 - INFO - Found matching file in correct subfolder: conjunto_de_datos_ensu_cb_0625.csv
2025-09-10 11:17:11,223 - INFO - Found matching file in correct subfolder: conjunto_de_datos_ensu_cb_0325.csv
2025-09-10 11:17:11,235 - INFO - Found matching file in correct subfolder: conjunto_de_datos_ensu_cb_1224.csv
2025-09-10 11:17:11,249 - INFO - Found matching file in correct subfolder: conjunto_de_datos_ensu_cb_0924.csv
2025-09-10 11:17:11,266 - INFO - Found matching file in correct subfolder: conjunto_de_datos_ensu_cb_0624.csv
2025-09-10 11:17:11,278 - INFO - Found matching file in correct subfolder: conjunto_de_datos_ensu_cb_0324.csv
2025-09-10 11:17:11,288 - INFO - Found matching file in correct subfolder: conjunto_de_datos_ensu_cb_1223.csv
2025-09-10 11:17:11,299 - INFO - Found matching file in correct subfolder: conjunto_de_datos_ensu_cb_0923.csv
2025-09-10 11:17:11,315 - INFO - Found matching file in correct subfolder: conjunto_de_datos_ensu_cb_0623.csv
2025-09-10 11:17:11,328 - INFO - Found matching file in correct subfolder: conjunto_de_datos_CB_ENSU_03_2023.csv
2025-09-10 11:17:11,339 - INFO - Found matching file in correct subfolder: conjunto_de_datos_ensu_cb_1222.csv
2025-09-10 11:17:11,384 - INFO - Found matching file in correct subfolder: conjunto_de_datos_ensu_cb_0922.csv
2025-09-10 11:17:11,396 - INFO - Found matching file in correct subfolder: conjunto_de_datos_ensu_cb_0622.csv
2025-09-10 11:17:11,408 - INFO - Found matching file in correct subfolder: conjunto_de_datos_ensu_cb_0322.csv
2025-09-10 11:17:11,418 - INFO - Found matching file in correct subfolder: conjunto_de_datos_CB_ENSU_12_2021.csv
2025-09-10 11:17:11,431 - INFO - Found matching file in correct subfolder: conjunto_de_datos_CB_ENSU_09_2021.csv
2025-09-10 11:17:11,447 - INFO - Found matching file in correct subfolder: conjunto_de_datos_CB_ENSU_06_2021.csv
2025-09-10 11:17:11,458 - INFO - Found matching file in correct subfolder: conjunto_de_datos_CB_ENSU_03_2021.csv
2025-09-10 11:17:11,471 - INFO - Found matching file in correct subfolder: conjunto_de_datos_CB_ENSU_12_2020.csv
2025-09-10 11:17:11,484 - INFO - Found matching file in correct subfolder: conjunto_de_datos_CB_SEC4_ENSU_09_2020.csv
2025-09-10 11:17:11,498 - INFO - Found matching file in correct subfolder: conjunto_de_datos_CB_SEC1_2_3_ENSU_09_2020.csv
2025-09-10 11:17:11,516 - INFO - Found matching file in correct subfolder: conjunto_de_datos_CB_ENSU_01_2020.csv
2025-09-10 11:17:11,558 - INFO - Found matching file in correct subfolder: conjunto_de_datos_CB_ENSU_04_2019.csv
2025-09-10 11:17:11,581 - INFO - Found matching file in correct subfolder: conjunto_de_datos_cb_ENSU_2019_2t.csv
2025-09-10 11:17:11,598 - INFO - Found matching file in correct subfolder: conjunto_de_datos_cb_ensu_03_2019.csv
2025-09-10 11:17:11,610 - INFO - Found matching file in correct subfolder: conjunto_de_datos_cb_ENSU_04_2018.csv
2025-09-10 11:17:11,632 - INFO - Found matching file in correct subfolder: conjunto_de_datos_cb_ensu_03_2018.csv
2025-09-10 11:17:11,644 - INFO - Found matching file in correct subfolder: ensu_cb_0218.csv
2025-09-10 11:17:11,654 - INFO - Found matching file in correct subfolder: ensu_cb_0118.csv
2025-09-10 11:17:11,665 - INFO - Found matching file in correct subfolder: conjunto_de_datos_cb_ensu_04_2017.csv
2025-09-10 11:17:11,676 - INFO - Found matching file in correct subfolder: conjunto_de_datos_cb_ensu_04_2016.csv
2025-09-10 11:17:11,687 - INFO - Found matching file in correct subfolder: conjunto_de_datos_cb_ensu_04_2015.csv
2025-09-10 11:17:11,694 - INFO - Found matching file in correct subfolder: conjunto_de_datos_cb_ensu_03_2017.csv
2025-09-10 11:17:11,706 - INFO - Found matching file in correct subfolder: conjunto_de_datos_cb_ensu_03_2016.csv
2025-09-10 11:17:11,716 - INFO - Found matching file in correct subfolder: conjunto_de_datos_cb_ensu_03_2015.csv
2025-09-10 11:17:11,724 - INFO - Found matching file in correct subfolder: conjunto_de_datos_cb_ensu_02_2017.csv
2025-09-10 11:17:11,734 - INFO - Found matching file in correct subfolder: conjunto_de_datos_cb_ensu_02_2016.csv
2025-09-10 11:17:11,746 - INFO - Found matching file in correct subfolder: conjunto_de_datos_cb_ensu_02_2015.csv
2025-09-10 11:17:11,753 - INFO - Found matching file in correct subfolder: conjunto_de_datos_cb_ensu_01_2017.csv
2025-09-10 11:17:11,764 - INFO - Found matching file in correct subfolder: conjunto_de_datos_cb_ensu_01_2016.csv
2025-09-10 11:17:11,774 - INFO - Found matching file in correct subfolder: conjunto_de_datos_cb_ensu_01_2015.csv
2025-09-10 11:17:11,781 - INFO - Scan complete. Detected 41 matching CB files before de-duplication.
2025-09-10 11:17:11,785 - INFO - Starting de-duplication process...
2025-09-10 11:17:11,786 - INFO - Period '2020_Q3' had 2 files. Selected 'conjunto_de_datos_CB_SEC1_2_3_ENSU_09_2020.csv' as the primary.
2025-09-10 11:17:11,786 - INFO - Period '2019_Q2' had 2 files. Selected 'conjunto_de_datos_CB_ENSU_04_2019.csv' as the primary.
2025-09-10 11:17:11,786 - INFO - Period '2018_Q1' had 3 files. Selected 'conjunto_de_datos_cb_ensu_03_2018.csv' as the primary.
2025-09-10 11:17:11,787 - INFO - Period '2017_Q1' had 3 files. Selected 'conjunto_de_datos_cb_ensu_02_2017.csv' as the primary.
2025-09-10 11:17:11,787 - INFO - Period '2016_Q1' had 3 files. Selected 'conjunto_de_datos_cb_ensu_03_2016.csv' as the primary.
2025-09-10 11:17:11,787 - INFO - Period '2015_Q1' had 3 files. Selected 'conjunto_de_datos_cb_ensu_03_2015.csv' as the primary.
2025-09-10 11:17:11,788 - INFO - De-duplication complete. Final file count: 31
2025-09-10 11:17:11,788 - INFO - --- Resumen del Mapeo Final ---
2025-09-10 11:17:11,788 - INFO - Total de archivos CSV en el árbol: 8413
2025-09-10 11:17:11,789 - INFO - Total de archivos CB únicos procesados: 31
2025-09-10 11:17:11,789 - INFO - Con período identificado: 31
2025-09-10 11:17:11,790 - INFO - Sin período identificado: 0
2025-09-10 11:17:11,790 - INFO - --- Detalle por Período (únicos) ---
2025-09-10 11:17:11,790 - INFO - - 2015_Q1: 1 archivo(s)
2025-09-10 11:17:11,791 - INFO - - 2015_Q2: 1 archivo(s)
2025-09-10 11:17:11,791 - INFO - - 2016_Q1: 1 archivo(s)
2025-09-10 11:17:11,791 - INFO - - 2016_Q2: 1 archivo(s)
2025-09-10 11:17:11,792 - INFO - - 2017_Q1: 1 archivo(s)
2025-09-10 11:17:11,792 - INFO - - 2017_Q2: 1 archivo(s)
2025-09-10 11:17:11,793 - INFO - - 2018_Q1: 1 archivo(s)
2025-09-10 11:17:11,793 - INFO - - 2018_Q2: 1 archivo(s)
2025-09-10 11:17:11,794 - INFO - - 2019_Q1: 1 archivo(s)
2025-09-10 11:17:11,794 - INFO - - 2019_Q2: 1 archivo(s)
2025-09-10 11:17:11,795 - INFO - - 2020_Q1: 1 archivo(s)
2025-09-10 11:17:11,795 - INFO - - 2020_Q3: 1 archivo(s)
2025-09-10 11:17:11,795 - INFO - - 2020_Q4: 1 archivo(s)
2025-09-10 11:17:11,796 - INFO - - 2021_Q1: 1 archivo(s)
2025-09-10 11:17:11,796 - INFO - - 2021_Q2: 1 archivo(s)
2025-09-10 11:17:11,797 - INFO - - 2021_Q3: 1 archivo(s)
2025-09-10 11:17:11,797 - INFO - - 2021_Q4: 1 archivo(s)
2025-09-10 11:17:11,797 - INFO - - 2022_Q1: 1 archivo(s)
2025-09-10 11:17:11,797 - INFO - - 2022_Q2: 1 archivo(s)
2025-09-10 11:17:11,798 - INFO - - 2022_Q3: 1 archivo(s)
2025-09-10 11:17:11,798 - INFO - - 2022_Q4: 1 archivo(s)
2025-09-10 11:17:11,798 - INFO - - 2023_Q1: 1 archivo(s)
2025-09-10 11:17:11,798 - INFO - - 2023_Q2: 1 archivo(s)
2025-09-10 11:17:11,799 - INFO - - 2023_Q3: 1 archivo(s)
2025-09-10 11:17:11,799 - INFO - - 2023_Q4: 1 archivo(s)
2025-09-10 11:17:11,799 - INFO - - 2024_Q1: 1 archivo(s)
2025-09-10 11:17:11,799 - INFO - - 2024_Q2: 1 archivo(s)
2025-09-10 11:17:11,800 - INFO - - 2024_Q3: 1 archivo(s)
2025-09-10 11:17:11,800 - INFO - - 2024_Q4: 1 archivo(s)
2025-09-10 11:17:11,800 - INFO - - 2025_Q1: 1 archivo(s)
2025-09-10 11:17:11,801 - INFO - - 2025_Q2: 1 archivo(s)
2025-09-10 11:17:11,801 - INFO - Saving metadata mapping to C:\Users\josea\Documents\data-mining\proyecto\temp\mapeo_archivos.json
2025-09-10 11:17:11,804 - INFO - Successfully saved JSON output.
2025-09-10 11:17:11,805 - INFO - --- Fase 1 completada ---
