2025-09-10 11:02:20,883 - INFO - Logging initialized. Log file: C:\Users\josea\Documents\data-mining\proyecto\logs\fase1_mapeo_20250910_110220.log
2025-09-10 11:02:20,884 - INFO - --- Fase 1: Mapeo y Descubrimiento (v3) ---
2025-09-10 11:02:20,884 - INFO - Starting recursive scan of directory: C:\Users\josea\Documents\data-mining\proyecto\data
2025-09-10 11:02:21,213 - INFO - Found 8413 total CSV files in the directory tree.
2025-09-10 11:02:21,285 - INFO - Processing 8208 files after excluding directories: __MACOSX, Datos abiertos
2025-09-10 11:02:21,286 - INFO - Found matching file in correct subfolder: conjunto_de_datos_ensu_cb_0625.csv
2025-09-10 11:02:21,305 - INFO - Found matching file in correct subfolder: conjunto_de_datos_ensu_cb_0325.csv
2025-09-10 11:02:21,314 - INFO - Found matching file in correct subfolder: conjunto_de_datos_ensu_cb_1224.csv
2025-09-10 11:02:21,325 - INFO - Found matching file in correct subfolder: conjunto_de_datos_ensu_cb_0924.csv
2025-09-10 11:02:21,337 - INFO - Found matching file in correct subfolder: conjunto_de_datos_ensu_cb_0624.csv
2025-09-10 11:02:21,347 - INFO - Found matching file in correct subfolder: conjunto_de_datos_ensu_cb_0324.csv
2025-09-10 11:02:21,356 - INFO - Found matching file in correct subfolder: conjunto_de_datos_ensu_cb_1223.csv
2025-09-10 11:02:21,366 - INFO - Found matching file in correct subfolder: conjunto_de_datos_ensu_cb_0923.csv
2025-09-10 11:02:21,381 - INFO - Found matching file in correct subfolder: conjunto_de_datos_ensu_cb_0623.csv
2025-09-10 11:02:21,397 - INFO - Found matching file in correct subfolder: conjunto_de_datos_CB_ENSU_03_2023.csv
2025-09-10 11:02:21,407 - INFO - Found period '0123' in column 'PER' for file conjunto_de_datos_CB_ENSU_03_2023.csv
2025-09-10 11:02:21,417 - INFO - Found matching file in correct subfolder: conjunto_de_datos_ensu_cb_1222.csv
2025-09-10 11:02:21,426 - INFO - Found matching file in correct subfolder: conjunto_de_datos_ensu_cb_0922.csv
2025-09-10 11:02:21,440 - INFO - Found matching file in correct subfolder: conjunto_de_datos_ensu_cb_0622.csv
2025-09-10 11:02:21,453 - INFO - Found matching file in correct subfolder: conjunto_de_datos_ensu_cb_0322.csv
2025-09-10 11:02:21,471 - INFO - Found matching file in correct subfolder: conjunto_de_datos_CB_ENSU_12_2021.csv
2025-09-10 11:02:21,486 - INFO - Found period '0421' in column 'PER' for file conjunto_de_datos_CB_ENSU_12_2021.csv
2025-09-10 11:02:21,503 - INFO - Found matching file in correct subfolder: conjunto_de_datos_CB_ENSU_09_2021.csv
2025-09-10 11:02:21,515 - INFO - Found period '0321' in column 'PER' for file conjunto_de_datos_CB_ENSU_09_2021.csv
2025-09-10 11:02:21,529 - INFO - Found matching file in correct subfolder: conjunto_de_datos_CB_ENSU_06_2021.csv
2025-09-10 11:02:21,539 - INFO - Found period '0221' in column 'PER' for file conjunto_de_datos_CB_ENSU_06_2021.csv
2025-09-10 11:02:21,550 - INFO - Found matching file in correct subfolder: conjunto_de_datos_CB_ENSU_03_2021.csv
2025-09-10 11:02:21,560 - INFO - Found period '0121' in column 'PER' for file conjunto_de_datos_CB_ENSU_03_2021.csv
2025-09-10 11:02:21,569 - INFO - Found matching file in correct subfolder: conjunto_de_datos_CB_ENSU_12_2020.csv
2025-09-10 11:02:21,581 - INFO - Found period '0420' in column 'PER' for file conjunto_de_datos_CB_ENSU_12_2020.csv
2025-09-10 11:02:21,593 - INFO - Found matching file in correct subfolder: conjunto_de_datos_CB_SEC4_ENSU_09_2020.csv
2025-09-10 11:02:21,603 - INFO - Found period '0320' in column 'PER' for file conjunto_de_datos_CB_SEC4_ENSU_09_2020.csv
2025-09-10 11:02:21,613 - INFO - Found matching file in correct subfolder: conjunto_de_datos_CB_SEC1_2_3_ENSU_09_2020.csv
2025-09-10 11:02:21,628 - INFO - Found period '0320' in column 'PER' for file conjunto_de_datos_CB_SEC1_2_3_ENSU_09_2020.csv
2025-09-10 11:02:21,644 - INFO - Found matching file in correct subfolder: conjunto_de_datos_CB_ENSU_01_2020.csv
2025-09-10 11:02:21,657 - INFO - Found period '0120' in column 'PER' for file conjunto_de_datos_CB_ENSU_01_2020.csv
2025-09-10 11:02:21,672 - INFO - Found matching file in correct subfolder: conjunto_de_datos_CB_ENSU_04_2019.csv
2025-09-10 11:02:21,686 - INFO - Found period '0419' in column 'PER' for file conjunto_de_datos_CB_ENSU_04_2019.csv
2025-09-10 11:02:21,695 - INFO - Found matching file in correct subfolder: conjunto_de_datos_cb_ENSU_2019_2t.csv
2025-09-10 11:02:21,705 - INFO - Found matching file in correct subfolder: conjunto_de_datos_cb_ensu_03_2019.csv
2025-09-10 11:02:21,713 - INFO - Found period '0119' in column 'PER' for file conjunto_de_datos_cb_ensu_03_2019.csv
2025-09-10 11:02:21,722 - INFO - Found matching file in correct subfolder: conjunto_de_datos_cb_ENSU_04_2018.csv
2025-09-10 11:02:21,732 - INFO - Found period '0418' in column 'PER' for file conjunto_de_datos_cb_ENSU_04_2018.csv
2025-09-10 11:02:21,742 - INFO - Found matching file in correct subfolder: conjunto_de_datos_cb_ensu_03_2018.csv
2025-09-10 11:02:21,752 - INFO - Found period '0318' in column 'PER' for file conjunto_de_datos_cb_ensu_03_2018.csv
2025-09-10 11:02:21,762 - INFO - Found matching file in correct subfolder: ensu_cb_0218.csv
2025-09-10 11:02:21,772 - INFO - Found matching file in correct subfolder: ensu_cb_0118.csv
2025-09-10 11:02:21,782 - INFO - Found matching file in correct subfolder: conjunto_de_datos_cb_ensu_04_2017.csv
2025-09-10 11:02:21,792 - INFO - Found period '0417' in column 'PER' for file conjunto_de_datos_cb_ensu_04_2017.csv
2025-09-10 11:02:21,802 - INFO - Found matching file in correct subfolder: conjunto_de_datos_cb_ensu_04_2016.csv
2025-09-10 11:02:21,812 - INFO - Found period '0416' in column 'PER' for file conjunto_de_datos_cb_ensu_04_2016.csv
2025-09-10 11:02:21,822 - INFO - Found matching file in correct subfolder: conjunto_de_datos_cb_ensu_04_2015.csv
2025-09-10 11:02:21,829 - INFO - Found period '1215' in column 'PER' for file conjunto_de_datos_cb_ensu_04_2015.csv
2025-09-10 11:02:21,836 - INFO - Found matching file in correct subfolder: conjunto_de_datos_cb_ensu_03_2017.csv
2025-09-10 11:02:21,847 - INFO - Found period '0317' in column 'PER' for file conjunto_de_datos_cb_ensu_03_2017.csv
2025-09-10 11:02:21,857 - INFO - Found matching file in correct subfolder: conjunto_de_datos_cb_ensu_03_2016.csv
2025-09-10 11:02:21,868 - INFO - Found period '0316' in column 'PER' for file conjunto_de_datos_cb_ensu_03_2016.csv
2025-09-10 11:02:21,884 - INFO - Found matching file in correct subfolder: conjunto_de_datos_cb_ensu_03_2015.csv
2025-09-10 11:02:21,892 - INFO - Found period '0915' in column 'PER' for file conjunto_de_datos_cb_ensu_03_2015.csv
2025-09-10 11:02:21,900 - INFO - Found matching file in correct subfolder: conjunto_de_datos_cb_ensu_02_2017.csv
2025-09-10 11:02:21,911 - INFO - Found period '0217' in column 'PER' for file conjunto_de_datos_cb_ensu_02_2017.csv
2025-09-10 11:02:21,923 - INFO - Found matching file in correct subfolder: conjunto_de_datos_cb_ensu_02_2016.csv
2025-09-10 11:02:21,934 - INFO - Found period '0216' in column 'PER' for file conjunto_de_datos_cb_ensu_02_2016.csv
2025-09-10 11:02:21,945 - INFO - Found matching file in correct subfolder: conjunto_de_datos_cb_ensu_02_2015.csv
2025-09-10 11:02:21,952 - INFO - Found period '0615' in column 'PER' for file conjunto_de_datos_cb_ensu_02_2015.csv
2025-09-10 11:02:21,959 - INFO - Found matching file in correct subfolder: conjunto_de_datos_cb_ensu_01_2017.csv
2025-09-10 11:02:21,969 - INFO - Found period '0117' in column 'PER' for file conjunto_de_datos_cb_ensu_01_2017.csv
2025-09-10 11:02:21,978 - INFO - Found matching file in correct subfolder: conjunto_de_datos_cb_ensu_01_2016.csv
2025-09-10 11:02:21,989 - INFO - Found period '0116' in column 'PER' for file conjunto_de_datos_cb_ensu_01_2016.csv
2025-09-10 11:02:21,998 - INFO - Found matching file in correct subfolder: conjunto_de_datos_cb_ensu_01_2015.csv
2025-09-10 11:02:22,005 - INFO - Found period '0315' in column 'PER' for file conjunto_de_datos_cb_ensu_01_2015.csv
2025-09-10 11:02:22,012 - INFO - Scan complete. Detected 41 matching CB files before de-duplication.
2025-09-10 11:02:22,016 - INFO - Starting de-duplication process...
2025-09-10 11:02:22,017 - INFO - Period '2021_Q1' had 3 files. Selected 'conjunto_de_datos_CB_ENSU_09_2021.csv' as the primary.
2025-09-10 11:02:22,017 - INFO - Period '2020_Q1' had 3 files. Selected 'conjunto_de_datos_CB_SEC1_2_3_ENSU_09_2020.csv' as the primary.
2025-09-10 11:02:22,017 - INFO - Period '2019_Q2' had 2 files. Selected 'conjunto_de_datos_CB_ENSU_04_2019.csv' as the primary.
2025-09-10 11:02:22,017 - INFO - Period '2018_Q1' had 3 files. Selected 'conjunto_de_datos_cb_ensu_03_2018.csv' as the primary.
2025-09-10 11:02:22,017 - INFO - Period '2017_Q1' had 3 files. Selected 'conjunto_de_datos_cb_ensu_02_2017.csv' as the primary.
2025-09-10 11:02:22,017 - INFO - Period '2016_Q1' had 3 files. Selected 'conjunto_de_datos_cb_ensu_03_2016.csv' as the primary.
2025-09-10 11:02:22,017 - INFO - De-duplication complete. Final file count: 30
2025-09-10 11:02:22,018 - INFO - --- Resumen del Mapeo Final ---
2025-09-10 11:02:22,018 - INFO - Total de archivos CSV en el árbol: 8413
2025-09-10 11:02:22,018 - INFO - Total de archivos CB únicos procesados: 30
2025-09-10 11:02:22,018 - INFO - Con período identificado: 30
2025-09-10 11:02:22,018 - INFO - Sin período identificado: 0
2025-09-10 11:02:22,018 - INFO - --- Detalle por Período (únicos) ---
2025-09-10 11:02:22,018 - INFO - - 2015_Q1: 1 archivo(s)
2025-09-10 11:02:22,018 - INFO - - 2015_Q2: 1 archivo(s)
2025-09-10 11:02:22,019 - INFO - - 2015_Q3: 1 archivo(s)
2025-09-10 11:02:22,019 - INFO - - 2015_Q4: 1 archivo(s)
2025-09-10 11:02:22,019 - INFO - - 2016_Q1: 1 archivo(s)
2025-09-10 11:02:22,019 - INFO - - 2016_Q2: 1 archivo(s)
2025-09-10 11:02:22,019 - INFO - - 2017_Q1: 1 archivo(s)
2025-09-10 11:02:22,019 - INFO - - 2017_Q2: 1 archivo(s)
2025-09-10 11:02:22,019 - INFO - - 2018_Q1: 1 archivo(s)
2025-09-10 11:02:22,019 - INFO - - 2018_Q2: 1 archivo(s)
2025-09-10 11:02:22,019 - INFO - - 2019_Q1: 1 archivo(s)
2025-09-10 11:02:22,020 - INFO - - 2019_Q2: 1 archivo(s)
2025-09-10 11:02:22,020 - INFO - - 2020_Q1: 1 archivo(s)
2025-09-10 11:02:22,020 - INFO - - 2020_Q2: 1 archivo(s)
2025-09-10 11:02:22,020 - INFO - - 2021_Q1: 1 archivo(s)
2025-09-10 11:02:22,020 - INFO - - 2021_Q2: 1 archivo(s)
2025-09-10 11:02:22,020 - INFO - - 2022_Q1: 1 archivo(s)
2025-09-10 11:02:22,020 - INFO - - 2022_Q2: 1 archivo(s)
2025-09-10 11:02:22,020 - INFO - - 2022_Q3: 1 archivo(s)
2025-09-10 11:02:22,020 - INFO - - 2022_Q4: 1 archivo(s)
2025-09-10 11:02:22,021 - INFO - - 2023_Q1: 1 archivo(s)
2025-09-10 11:02:22,021 - INFO - - 2023_Q2: 1 archivo(s)
2025-09-10 11:02:22,021 - INFO - - 2023_Q3: 1 archivo(s)
2025-09-10 11:02:22,021 - INFO - - 2023_Q4: 1 archivo(s)
2025-09-10 11:02:22,021 - INFO - - 2024_Q1: 1 archivo(s)
2025-09-10 11:02:22,021 - INFO - - 2024_Q2: 1 archivo(s)
2025-09-10 11:02:22,021 - INFO - - 2024_Q3: 1 archivo(s)
2025-09-10 11:02:22,021 - INFO - - 2024_Q4: 1 archivo(s)
2025-09-10 11:02:22,021 - INFO - - 2025_Q1: 1 archivo(s)
2025-09-10 11:02:22,022 - INFO - - 2025_Q2: 1 archivo(s)
2025-09-10 11:02:22,022 - INFO - Saving metadata mapping to C:\Users\josea\Documents\data-mining\proyecto\temp\mapeo_archivos.json
2025-09-10 11:02:22,025 - INFO - Successfully saved JSON output.
2025-09-10 11:02:22,026 - INFO - --- Fase 1 completada ---
