2025-09-09 20:37:06,403 - INFO - Starting dataset analysis...
2025-09-09 20:37:06,643 - INFO - Analyzing file for ENT and MUN columns: C:\Users\chris\Documents\data_mining\data-mining\data\conjunto_de_datos_ensu_01_2015\conjunto_de_datos_cb_ensu_01_2015\conjunto_de_datos\conjunto_de_datos_cb_ensu_01_2015.csv
2025-09-09 20:37:06,653 - INFO - Columns found in the file: ['﻿CD', 'PER', 'EDIS', 'UPM_DIS', 'FOL', 'ENT', 'CON', 'V_SEL', 'N_HOG', 'H_MUD', 'N_REN', 'P1', 'P2', 'P3_1', 'P3_2', 'P3_3', 'P3_4', 'P3_5', 'P3_6', 'P4_1', 'P4_2', 'P4_3', 'P4_4', 'P4_5', 'P4_5ESP', 'P5_1', 'P5_2', 'P5_3', 'P5_4', 'P6_1', 'P6_2', 'P6_3', 'P6_4', 'FACTOR']
2025-09-09 20:37:06,655 - INFO - Found the following unique values for ENT:
2025-09-09 20:37:06,655 - INFO - - 1
2025-09-09 20:37:06,655 - INFO - - 2
2025-09-09 20:37:06,655 - INFO - - 3
2025-09-09 20:37:06,655 - INFO - - 4
2025-09-09 20:37:06,655 - INFO - - 5
2025-09-09 20:37:06,655 - INFO - - 6
2025-09-09 20:37:06,655 - INFO - - 7
2025-09-09 20:37:06,655 - INFO - - 8
2025-09-09 20:37:06,655 - INFO - - 9
2025-09-09 20:37:06,655 - INFO - - 10
2025-09-09 20:37:06,655 - INFO - - 11
2025-09-09 20:37:06,655 - INFO - - 12
2025-09-09 20:37:06,655 - INFO - - 13
2025-09-09 20:37:06,655 - INFO - - 14
2025-09-09 20:37:06,655 - INFO - - 15
2025-09-09 20:37:06,655 - INFO - - 16
2025-09-09 20:37:06,655 - INFO - - 17
2025-09-09 20:37:06,656 - INFO - - 18
2025-09-09 20:37:06,656 - INFO - - 19
2025-09-09 20:37:06,656 - INFO - - 20
2025-09-09 20:37:06,656 - INFO - - 21
2025-09-09 20:37:06,656 - INFO - - 22
2025-09-09 20:37:06,656 - INFO - - 23
2025-09-09 20:37:06,656 - INFO - - 24
2025-09-09 20:37:06,656 - INFO - - 25
2025-09-09 20:37:06,656 - INFO - - 26
2025-09-09 20:37:06,656 - INFO - - 27
2025-09-09 20:37:06,656 - INFO - - 28
2025-09-09 20:37:06,656 - INFO - - 29
2025-09-09 20:37:06,656 - INFO - - 30
2025-09-09 20:37:06,656 - INFO - - 31
2025-09-09 20:37:06,656 - INFO - - 32
2025-09-09 20:37:06,656 - WARNING - Could not find a column for MUN.
2025-09-09 20:37:06,656 - INFO - Dataset analysis finished.
