2025-09-09 17:12:24,689 - INFO - Starting Phase 1: File Mapping and Discovery
2025-09-09 17:12:24,691 - INFO - Found matching file: data\Archive\conjunto_de_datos_ensu_01_2015\conjunto_de_datos_cb_ensu_01_2015\conjunto_de_datos\conjunto_de_datos_cb_ensu_01_2015.csv
2025-09-09 17:12:24,692 - INFO - Found matching file: data\Archive\conjunto_de_datos_ensu_01_2015\conjunto_de_datos_cb_ensu_01_2015\diccionario_de_datos\diccionario_de_datos_cb_ensu_01_2015.csv
2025-09-09 17:12:24,694 - INFO - Found matching file: data\Archive\conjunto_de_datos_ensu_01_2016_csv\conjunto_de_datos_cb_ensu_01_2016\conjunto_de_datos\conjunto_de_datos_cb_ensu_01_2016.csv
2025-09-09 17:12:24,695 - INFO - Found matching file: data\Archive\conjunto_de_datos_ensu_01_2016_csv\conjunto_de_datos_cb_ensu_01_2016\diccionario_de_datos\diccionario_de_datos_cb_ensu_01_2016.csv
2025-09-09 17:12:24,698 - INFO - Found matching file: data\Archive\conjunto_de_datos_ensu_01_2017_csv\conjunto_de_datos_cb_ensu_01_2017\conjunto_de_datos\conjunto_de_datos_cb_ensu_01_2017.csv
2025-09-09 17:12:24,699 - INFO - Found matching file: data\Archive\conjunto_de_datos_ensu_01_2017_csv\conjunto_de_datos_cb_ensu_01_2017\diccionario_de_datos\diccionario_de_datos_cb_ensu_01_2017.csv
2025-09-09 17:12:24,702 - INFO - Found matching file: data\Archive\conjunto_de_datos_ensu_02_2015\conjunto_de_datos_cb_ensu_02_2015\conjunto_de_datos\conjunto_de_datos_cb_ensu_02_2015.csv
2025-09-09 17:12:24,703 - INFO - Found matching file: data\Archive\conjunto_de_datos_ensu_02_2015\conjunto_de_datos_cb_ensu_02_2015\diccionario_de_datos\diccionario_de_datos_cb_ensu_02_2015.csv
2025-09-09 17:12:24,706 - INFO - Found matching file: data\Archive\conjunto_de_datos_ensu_02_2016_csv\conjunto_de_datos_cb_ensu_02_2016\conjunto_de_datos\conjunto_de_datos_cb_ensu_02_2016.csv
2025-09-09 17:12:24,707 - INFO - Found matching file: data\Archive\conjunto_de_datos_ensu_02_2016_csv\conjunto_de_datos_cb_ensu_02_2016\diccionario_de_datos\diccionario_de_datos_cb_ensu_02_2016.csv
2025-09-09 17:12:24,711 - INFO - Found matching file: data\Archive\conjunto_de_datos_ensu_02_2017_csv\conjunto_de_datos_cb_ensu_02_2017\conjunto_de_datos\conjunto_de_datos_cb_ensu_02_2017.csv
2025-09-09 17:12:24,712 - INFO - Found matching file: data\Archive\conjunto_de_datos_ensu_02_2017_csv\conjunto_de_datos_cb_ensu_02_2017\diccionario_de_datos\diccionario_de_datos_cb_ensu_02_2017.csv
2025-09-09 17:12:24,714 - INFO - Found matching file: data\Archive\conjunto_de_datos_ensu_03_2015\conjunto_de_datos_cb_ensu_03_2015\conjunto_de_datos\conjunto_de_datos_cb_ensu_03_2015.csv
2025-09-09 17:12:24,715 - INFO - Found matching file: data\Archive\conjunto_de_datos_ensu_03_2015\conjunto_de_datos_cb_ensu_03_2015\diccionario_de_datos\diccionario_de_datos_cb_ensu_03_2015.csv
2025-09-09 17:12:24,718 - INFO - Found matching file: data\Archive\conjunto_de_datos_ensu_03_2016_csv\conjunto_de_datos_cb_ensu_03_2016\conjunto_de_datos\conjunto_de_datos_cb_ensu_03_2016.csv
2025-09-09 17:12:24,719 - INFO - Found matching file: data\Archive\conjunto_de_datos_ensu_03_2016_csv\conjunto_de_datos_cb_ensu_03_2016\diccionario_de_datos\diccionario_de_datos_cb_ensu_03_2016.csv
2025-09-09 17:12:24,721 - INFO - Found matching file: data\Archive\conjunto_de_datos_ensu_03_2017_csv\conjunto_de_datos_cb_ensu_03_2017\conjunto_de_datos\conjunto_de_datos_cb_ensu_03_2017.csv
2025-09-09 17:12:24,722 - INFO - Found matching file: data\Archive\conjunto_de_datos_ensu_03_2017_csv\conjunto_de_datos_cb_ensu_03_2017\diccionario_de_datos\diccionario_de_datos_cb_ensu_03_2017.csv
2025-09-09 17:12:24,725 - INFO - Found matching file: data\Archive\conjunto_de_datos_ensu_04_2015\conjunto_de_datos_cb_ensu_04_2015\conjunto_de_datos\conjunto_de_datos_cb_ensu_04_2015.csv
2025-09-09 17:12:24,725 - INFO - Found matching file: data\Archive\conjunto_de_datos_ensu_04_2015\conjunto_de_datos_cb_ensu_04_2015\diccionario_de_datos\diccionario_de_datos_cb_ensu_04_2015.csv
2025-09-09 17:12:24,729 - INFO - Found matching file: data\Archive\conjunto_de_datos_ensu_04_2016_csv\conjunto_de_datos_cb_ensu_04_2016\conjunto_de_datos\conjunto_de_datos_cb_ensu_04_2016.csv
2025-09-09 17:12:24,730 - INFO - Found matching file: data\Archive\conjunto_de_datos_ensu_04_2016_csv\conjunto_de_datos_cb_ensu_04_2016\diccionario_de_datos\diccionario_de_datos_cb_ensu_04_2016.csv
2025-09-09 17:12:24,735 - INFO - Found matching file: data\Archive\conjunto_de_datos_ensu_04_2017_csv\conjunto_de_datos_cb_ensu_04_2017\conjunto_de_datos\conjunto_de_datos_cb_ensu_04_2017.csv
2025-09-09 17:12:24,736 - INFO - Found matching file: data\Archive\conjunto_de_datos_ensu_04_2017_csv\conjunto_de_datos_cb_ensu_04_2017\diccionario_de_datos\diccionario_de_datos_cb_ensu_04_2017.csv
2025-09-09 17:12:24,739 - INFO - Found matching file: data\Archive\conjunto_de_datos_ensu_2018_1t_csv\ensu_cb_0118\conjunto_de_datos\ensu_cb_0118.csv
2025-09-09 17:12:24,740 - INFO - Found matching file: data\Archive\conjunto_de_datos_ensu_2018_1t_csv\ensu_cb_0118\diccionario_de_datos\diccionario_de_datos_ensu_cb_0118.csv
2025-09-09 17:12:24,742 - INFO - Found matching file: data\Archive\conjunto_de_datos_ensu_2018_2t_csv\ensu_cb_0218\conjunto_de_datos\ensu_cb_0218.csv
2025-09-09 17:12:24,743 - INFO - Found matching file: data\Archive\conjunto_de_datos_ensu_2018_2t_csv\ensu_cb_0218\diccionario_de_datos\diccionario_de_datos_ensu_cb_0218.csv
2025-09-09 17:12:24,746 - INFO - Found matching file: data\Archive\conjunto_de_datos_ensu_2018_3t_csv\conjunto_de_datos_cb_ensu_03_2018\conjunto_de_datos\conjunto_de_datos_cb_ensu_03_2018.csv
2025-09-09 17:12:24,747 - INFO - Found matching file: data\Archive\conjunto_de_datos_ensu_2018_3t_csv\conjunto_de_datos_cb_ensu_03_2018\diccionario_de_datos\diccionario_de_datos_cb_ensu_03_2018.csv
2025-09-09 17:12:24,749 - INFO - Found matching file: data\Archive\conjunto_de_datos_ensu_2018_4t_csv\conjunto_de_datos_cb_ensu_04_2018\conjunto_de_datos\conjunto_de_datos_cb_ENSU_04_2018.csv
2025-09-09 17:12:24,749 - INFO - Found matching file: data\Archive\conjunto_de_datos_ensu_2018_4t_csv\conjunto_de_datos_cb_ensu_04_2018\diccionario_de_datos\diccionario_de_datos_cb_ENSU_04_2018.csv
2025-09-09 17:12:24,752 - INFO - Found matching file: data\Archive\conjunto_de_datos_ENSU_2019_1t_csv\conjunto_de_datos_cb_ensu_03_2019\conjunto_de_datos\conjunto_de_datos_cb_ensu_03_2019.csv
2025-09-09 17:12:24,753 - INFO - Found matching file: data\Archive\conjunto_de_datos_ENSU_2019_1t_csv\conjunto_de_datos_cb_ensu_03_2019\diccionario_de_datos\diccionario_de_datos_cb_ensu_03_2019.csv
2025-09-09 17:12:24,755 - INFO - Found matching file: data\Archive\conjunto_de_datos_ensu_2019_2t_csv\conjunto_de_datos_cb_ENSU_2019_2t\conjunto_de_datos\conjunto_de_datos_cb_ENSU_2019_2t.csv
2025-09-09 17:12:24,756 - INFO - Found matching file: data\Archive\conjunto_de_datos_ensu_2019_2t_csv\conjunto_de_datos_cb_ENSU_2019_2t\diccionario_de_datos\diccionario_de_datos_cb_ENSU_2019_2t.csv
2025-09-09 17:12:24,758 - INFO - Found matching file: data\Archive\conjunto_de_datos_ensu_2019_4t_csv\conjunto_de_datos_CB_ENSU_04_2019\conjunto_de_datos\conjunto_de_datos_CB_ENSU_04_2019.csv
2025-09-09 17:12:24,758 - INFO - Found matching file: data\Archive\conjunto_de_datos_ensu_2019_4t_csv\conjunto_de_datos_CB_ENSU_04_2019\diccionario_de_datos\diccionario_de_datos_CB_ENSU_04_2019.csv
2025-09-09 17:12:24,762 - INFO - Found matching file: data\Archive\conjunto_de_datos_ensu_2020_1t_csv\conjunto_de_datos_CB_ENSU_01_2020\conjunto_de_datos\conjunto_de_datos_CB_ENSU_01_2020.csv
2025-09-09 17:12:24,763 - INFO - Found matching file: data\Archive\conjunto_de_datos_ensu_2020_1t_csv\conjunto_de_datos_CB_ENSU_01_2020\diccionario_de_datos\diccionario_de_datos_CB_ENSU_01_2020.csv
2025-09-09 17:12:24,768 - INFO - Found matching file: data\Archive\conjunto_de_datos_ensu_2020_3t_csv\conjunto_de_datos_CB_SEC1_2_3_ENSU_09_2020\conjunto_de_datos\conjunto_de_datos_CB_SEC1_2_3_ENSU_09_2020.csv
2025-09-09 17:12:24,768 - INFO - Found matching file: data\Archive\conjunto_de_datos_ensu_2020_3t_csv\conjunto_de_datos_CB_SEC1_2_3_ENSU_09_2020\diccionario_de_datos\diccionario_de_datos_CB_SEC1_2_3_ENSU_09_2020.csv
2025-09-09 17:12:24,771 - INFO - Found matching file: data\Archive\conjunto_de_datos_ensu_2020_3t_csv\conjunto_de_datos_CB_SEC4_ENSU_09_2020\conjunto_de_datos\conjunto_de_datos_CB_SEC4_ENSU_09_2020.csv
2025-09-09 17:12:24,772 - INFO - Found matching file: data\Archive\conjunto_de_datos_ensu_2020_3t_csv\conjunto_de_datos_CB_SEC4_ENSU_09_2020\diccionario_de_datos\diccionario_de_datos_CB_SEC4_ENSU_09_2020.csv
2025-09-09 17:12:24,775 - INFO - Found matching file: data\Archive\conjunto_de_datos_ensu_2020_4t_csv\conjunto_de_datos_CB_ENSU_12_2020\conjunto_de_datos\conjunto_de_datos_CB_ENSU_12_2020.csv
2025-09-09 17:12:24,776 - INFO - Found matching file: data\Archive\conjunto_de_datos_ensu_2020_4t_csv\conjunto_de_datos_CB_ENSU_12_2020\diccionario_de_datos\diccionario_de_datos_CB_ENSU_12_2020.csv
2025-09-09 17:12:24,778 - INFO - Found matching file: data\Archive\conjunto_de_datos_ensu_2021_1t_csv\conjunto_de_datos_CB_ENSU_03_2021\conjunto_de_datos\conjunto_de_datos_CB_ENSU_03_2021.csv
2025-09-09 17:12:24,779 - INFO - Found matching file: data\Archive\conjunto_de_datos_ensu_2021_1t_csv\conjunto_de_datos_CB_ENSU_03_2021\diccionario_de_datos\diccionario_de_datos_CB_ENSU_03_2021.csv
2025-09-09 17:12:24,783 - INFO - Found matching file: data\Archive\conjunto_de_datos_ensu_2021_2t_csv\conjunto_de_datos_CB_ENSU_06_2021\conjunto_de_datos\conjunto_de_datos_CB_ENSU_06_2021.csv
2025-09-09 17:12:24,783 - INFO - Found matching file: data\Archive\conjunto_de_datos_ensu_2021_2t_csv\conjunto_de_datos_CB_ENSU_06_2021\diccionario_de_datos\diccionario_de_datos_CB_ENSU_06_2021.csv
2025-09-09 17:12:24,790 - INFO - Found matching file: data\Archive\conjunto_de_datos_ensu_2021_3t_csv\conjunto_de_datos_CB_ENSU_09_2021\conjunto_de_datos\conjunto_de_datos_CB_ENSU_09_2021.csv
2025-09-09 17:12:24,790 - INFO - Found matching file: data\Archive\conjunto_de_datos_ensu_2021_3t_csv\conjunto_de_datos_CB_ENSU_09_2021\diccionario_de_datos\diccionario_de_datos_CB_ENSU_09_2021.csv
2025-09-09 17:12:24,793 - INFO - Found matching file: data\Archive\conjunto_de_datos_ensu_2021_4t_csv\conjunto_de_datos_CB_ENSU_12_2021\conjunto_de_datos\conjunto_de_datos_CB_ENSU_12_2021.csv
2025-09-09 17:12:24,794 - INFO - Found matching file: data\Archive\conjunto_de_datos_ensu_2021_4t_csv\conjunto_de_datos_CB_ENSU_12_2021\diccionario_de_datos\diccionario_de_datos_CB_ENSU_12_2021.csv
2025-09-09 17:12:24,797 - INFO - Found matching file: data\Archive\conjunto_de_datos_ensu_2022_1t_csv\conjunto_de_datos_ensu_cb_0322\conjunto_de_datos\conjunto_de_datos_ensu_cb_0322.csv
2025-09-09 17:12:24,797 - INFO - Found matching file: data\Archive\conjunto_de_datos_ensu_2022_1t_csv\conjunto_de_datos_ensu_cb_0322\diccionario_de_datos\diccionario_de_datos_ensu_cb_0322.csv
2025-09-09 17:12:24,800 - INFO - Found matching file: data\Archive\conjunto_de_datos_ensu_2022_2t_csv\conjunto_de_datos_ensu_cb_0622\conjunto_de_datos\conjunto_de_datos_ensu_cb_0622.csv
2025-09-09 17:12:24,802 - INFO - Found matching file: data\Archive\conjunto_de_datos_ensu_2022_2t_csv\conjunto_de_datos_ensu_cb_0622\diccionario_de_datos\diccionario_de_datos_ensu_cb_0622.csv
2025-09-09 17:12:24,807 - INFO - Found matching file: data\Archive\conjunto_de_datos_ensu_2022_3t_csv\conjunto_de_datos_ensu_cb_0922\conjunto_de_datos\conjunto_de_datos_ensu_cb_0922.csv
2025-09-09 17:12:24,807 - INFO - Found matching file: data\Archive\conjunto_de_datos_ensu_2022_3t_csv\conjunto_de_datos_ensu_cb_0922\diccionario_de_datos\diccionario_de_datos_ensu_cb_0922.csv
2025-09-09 17:12:24,811 - INFO - Found matching file: data\Archive\conjunto_de_datos_ensu_2022_4t_csv\conjunto_de_datos_ensu_cb_1222\conjunto_de_datos\conjunto_de_datos_ensu_cb_1222.csv
2025-09-09 17:12:24,812 - INFO - Found matching file: data\Archive\conjunto_de_datos_ensu_2022_4t_csv\conjunto_de_datos_ensu_cb_1222\diccionario_de_datos\diccionario_de_datos_ensu_cb_1222.csv
2025-09-09 17:12:24,814 - INFO - Found matching file: data\Archive\conjunto_de_datos_ensu_2023_1t_csv\conjunto_de_datos_CB_ENSU_03_2023\conjunto_de_datos\conjunto_de_datos_CB_ENSU_03_2023.csv
2025-09-09 17:12:24,815 - INFO - Found matching file: data\Archive\conjunto_de_datos_ensu_2023_1t_csv\conjunto_de_datos_CB_ENSU_03_2023\diccionario_de_datos\diccionario_de_datos_CB_ENSU_03_2023.csv
2025-09-09 17:12:24,818 - INFO - Found matching file: data\Archive\conjunto_de_datos_ensu_2023_2t_csv\conjunto_de_datos_ensu_cb_0623\conjunto_de_datos\conjunto_de_datos_ensu_cb_0623.csv
2025-09-09 17:12:24,818 - INFO - Found matching file: data\Archive\conjunto_de_datos_ensu_2023_2t_csv\conjunto_de_datos_ensu_cb_0623\diccionario_de_datos\diccionario_de_datos_ensu_cb_0623.csv
2025-09-09 17:12:24,825 - INFO - Found matching file: data\Archive\conjunto_de_datos_ensu_2023_3t_csv\conjunto_de_datos_ensu_cb_0923\conjunto_de_datos\conjunto_de_datos_ensu_cb_0923.csv
2025-09-09 17:12:24,826 - INFO - Found matching file: data\Archive\conjunto_de_datos_ensu_2023_3t_csv\conjunto_de_datos_ensu_cb_0923\diccionario_de_datos\diccionario_de_datos_ensu_cb_0923.csv
2025-09-09 17:12:24,830 - INFO - Found matching file: data\Archive\conjunto_de_datos_ensu_2023_4t_csv\conjunto_de_datos_ensu_cb_1223\conjunto_de_datos\conjunto_de_datos_ensu_cb_1223.csv
2025-09-09 17:12:24,830 - INFO - Found matching file: data\Archive\conjunto_de_datos_ensu_2023_4t_csv\conjunto_de_datos_ensu_cb_1223\diccionario_de_datos\diccionario_de_datos_ensu_cb_1223.csv
2025-09-09 17:12:24,832 - INFO - Found matching file: data\Archive\conjunto_de_datos_ensu_2024_1t_csv\conjunto_de_datos_ensu_cb_0324\conjunto_de_datos\conjunto_de_datos_ensu_cb_0324.csv
2025-09-09 17:12:24,833 - INFO - Found matching file: data\Archive\conjunto_de_datos_ensu_2024_1t_csv\conjunto_de_datos_ensu_cb_0324\diccionario_de_datos\diccionario_de_datos_ensu_cb_0324.csv
2025-09-09 17:12:24,837 - INFO - Found matching file: data\Archive\conjunto_de_datos_ensu_2024_2t_csv\conjunto_de_datos_ensu_cb_0624\conjunto_de_datos\conjunto_de_datos_ensu_cb_0624.csv
2025-09-09 17:12:24,837 - INFO - Found matching file: data\Archive\conjunto_de_datos_ensu_2024_2t_csv\conjunto_de_datos_ensu_cb_0624\diccionario_de_datos\diccionario_de_datos_ensu_cb_0624.csv
2025-09-09 17:12:24,845 - INFO - Found matching file: data\Archive\conjunto_de_datos_ensu_2024_3t_csv\conjunto_de_datos_ensu_cb_0924\conjunto_de_datos\conjunto_de_datos_ensu_cb_0924.csv
2025-09-09 17:12:24,846 - INFO - Found matching file: data\Archive\conjunto_de_datos_ensu_2024_3t_csv\conjunto_de_datos_ensu_cb_0924\diccionario_de_datos\diccionario_de_datos_ensu_cb_0924.csv
2025-09-09 17:12:24,849 - INFO - Found matching file: data\Archive\conjunto_de_datos_ensu_2024_4t_csv\conjunto_de_datos_ensu_cb_1224\conjunto_de_datos\conjunto_de_datos_ensu_cb_1224.csv
2025-09-09 17:12:24,849 - INFO - Found matching file: data\Archive\conjunto_de_datos_ensu_2024_4t_csv\conjunto_de_datos_ensu_cb_1224\diccionario_de_datos\diccionario_de_datos_ensu_cb_1224.csv
2025-09-09 17:12:24,853 - INFO - Found matching file: data\Archive\conjunto_de_datos_ensu_2025_1t_csv\conjunto_de_datos_ensu_cb_0325\conjunto_de_datos\conjunto_de_datos_ensu_cb_0325.csv
2025-09-09 17:12:24,854 - INFO - Found matching file: data\Archive\conjunto_de_datos_ensu_2025_1t_csv\conjunto_de_datos_ensu_cb_0325\diccionario_de_datos\diccionario_de_datos_ensu_cb_0325.csv
2025-09-09 17:12:24,857 - INFO - Found matching file: data\Archive\conjunto_de_datos_ensu_2025_2t_csv\conjunto_de_datos_ensu_cb_0625\conjunto_de_datos\conjunto_de_datos_ensu_cb_0625.csv
2025-09-09 17:12:24,857 - INFO - Found matching file: data\Archive\conjunto_de_datos_ensu_2025_2t_csv\conjunto_de_datos_ensu_cb_0625\diccionario_de_datos\diccionario_de_datos_ensu_cb_0625.csv
2025-09-09 17:12:24,861 - INFO - Found matching file: data\Archive\Datos abiertos\conjunto_de_datos_CB_ENSU_03_2019\conjunto_de_datos\conjunto_de_datos_cb_ENSU_03_2019.csv
2025-09-09 17:12:24,862 - INFO - Found matching file: data\Archive\Datos abiertos\conjunto_de_datos_CB_ENSU_03_2019\diccionario_de_datos\diccionario_de_datos_cb_ENSU_03_2019.csv
2025-09-09 17:12:24,867 - INFO - Found matching file: data\Archive\__MACOSX\conjunto_de_datos_ensu_01_2015\conjunto_de_datos_cb_ensu_01_2015\conjunto_de_datos\._conjunto_de_datos_cb_ensu_01_2015.csv
2025-09-09 17:12:24,868 - INFO - Found matching file: data\Archive\__MACOSX\conjunto_de_datos_ensu_01_2015\conjunto_de_datos_cb_ensu_01_2015\diccionario_de_datos\._diccionario_de_datos_cb_ensu_01_2015.csv
2025-09-09 17:12:24,872 - INFO - Found matching file: data\Archive\__MACOSX\conjunto_de_datos_ensu_01_2016_csv\conjunto_de_datos_cb_ensu_01_2016\conjunto_de_datos\._conjunto_de_datos_cb_ensu_01_2016.csv
2025-09-09 17:12:24,873 - INFO - Found matching file: data\Archive\__MACOSX\conjunto_de_datos_ensu_01_2016_csv\conjunto_de_datos_cb_ensu_01_2016\diccionario_de_datos\._diccionario_de_datos_cb_ensu_01_2016.csv
2025-09-09 17:12:24,881 - INFO - Found matching file: data\Archive\__MACOSX\conjunto_de_datos_ensu_01_2017_csv\conjunto_de_datos_cb_ensu_01_2017\conjunto_de_datos\._conjunto_de_datos_cb_ensu_01_2017.csv
2025-09-09 17:12:24,882 - INFO - Found matching file: data\Archive\__MACOSX\conjunto_de_datos_ensu_01_2017_csv\conjunto_de_datos_cb_ensu_01_2017\diccionario_de_datos\._diccionario_de_datos_cb_ensu_01_2017.csv
2025-09-09 17:12:24,887 - INFO - Found matching file: data\Archive\__MACOSX\conjunto_de_datos_ensu_02_2015\conjunto_de_datos_cb_ensu_02_2015\conjunto_de_datos\._conjunto_de_datos_cb_ensu_02_2015.csv
2025-09-09 17:12:24,888 - INFO - Found matching file: data\Archive\__MACOSX\conjunto_de_datos_ensu_02_2015\conjunto_de_datos_cb_ensu_02_2015\diccionario_de_datos\._diccionario_de_datos_cb_ensu_02_2015.csv
2025-09-09 17:12:24,895 - INFO - Found matching file: data\Archive\__MACOSX\conjunto_de_datos_ensu_02_2016_csv\conjunto_de_datos_cb_ensu_02_2016\conjunto_de_datos\._conjunto_de_datos_cb_ensu_02_2016.csv
2025-09-09 17:12:24,896 - INFO - Found matching file: data\Archive\__MACOSX\conjunto_de_datos_ensu_02_2016_csv\conjunto_de_datos_cb_ensu_02_2016\diccionario_de_datos\._diccionario_de_datos_cb_ensu_02_2016.csv
2025-09-09 17:12:24,905 - INFO - Found matching file: data\Archive\__MACOSX\conjunto_de_datos_ensu_02_2017_csv\conjunto_de_datos_cb_ensu_02_2017\conjunto_de_datos\._conjunto_de_datos_cb_ensu_02_2017.csv
2025-09-09 17:12:24,906 - INFO - Found matching file: data\Archive\__MACOSX\conjunto_de_datos_ensu_02_2017_csv\conjunto_de_datos_cb_ensu_02_2017\diccionario_de_datos\._diccionario_de_datos_cb_ensu_02_2017.csv
2025-09-09 17:12:24,909 - INFO - Found matching file: data\Archive\__MACOSX\conjunto_de_datos_ensu_03_2015\conjunto_de_datos_cb_ensu_03_2015\conjunto_de_datos\._conjunto_de_datos_cb_ensu_03_2015.csv
2025-09-09 17:12:24,910 - INFO - Found matching file: data\Archive\__MACOSX\conjunto_de_datos_ensu_03_2015\conjunto_de_datos_cb_ensu_03_2015\diccionario_de_datos\._diccionario_de_datos_cb_ensu_03_2015.csv
2025-09-09 17:12:24,916 - INFO - Found matching file: data\Archive\__MACOSX\conjunto_de_datos_ensu_03_2016_csv\conjunto_de_datos_cb_ensu_03_2016\conjunto_de_datos\._conjunto_de_datos_cb_ensu_03_2016.csv
2025-09-09 17:12:24,917 - INFO - Found matching file: data\Archive\__MACOSX\conjunto_de_datos_ensu_03_2016_csv\conjunto_de_datos_cb_ensu_03_2016\diccionario_de_datos\._diccionario_de_datos_cb_ensu_03_2016.csv
2025-09-09 17:12:24,927 - INFO - Found matching file: data\Archive\__MACOSX\conjunto_de_datos_ensu_03_2017_csv\conjunto_de_datos_cb_ensu_03_2017\conjunto_de_datos\._conjunto_de_datos_cb_ensu_03_2017.csv
2025-09-09 17:12:24,928 - INFO - Found matching file: data\Archive\__MACOSX\conjunto_de_datos_ensu_03_2017_csv\conjunto_de_datos_cb_ensu_03_2017\diccionario_de_datos\._diccionario_de_datos_cb_ensu_03_2017.csv
2025-09-09 17:12:24,931 - INFO - Found matching file: data\Archive\__MACOSX\conjunto_de_datos_ensu_04_2015\conjunto_de_datos_cb_ensu_04_2015\conjunto_de_datos\._conjunto_de_datos_cb_ensu_04_2015.csv
2025-09-09 17:12:24,931 - INFO - Found matching file: data\Archive\__MACOSX\conjunto_de_datos_ensu_04_2015\conjunto_de_datos_cb_ensu_04_2015\diccionario_de_datos\._diccionario_de_datos_cb_ensu_04_2015.csv
2025-09-09 17:12:24,939 - INFO - Found matching file: data\Archive\__MACOSX\conjunto_de_datos_ensu_04_2016_csv\conjunto_de_datos_cb_ensu_04_2016\conjunto_de_datos\._conjunto_de_datos_cb_ensu_04_2016.csv
2025-09-09 17:12:24,940 - INFO - Found matching file: data\Archive\__MACOSX\conjunto_de_datos_ensu_04_2016_csv\conjunto_de_datos_cb_ensu_04_2016\diccionario_de_datos\._diccionario_de_datos_cb_ensu_04_2016.csv
2025-09-09 17:12:24,950 - INFO - Found matching file: data\Archive\__MACOSX\conjunto_de_datos_ensu_04_2017_csv\conjunto_de_datos_cb_ensu_04_2017\conjunto_de_datos\._conjunto_de_datos_cb_ensu_04_2017.csv
2025-09-09 17:12:24,950 - INFO - Found matching file: data\Archive\__MACOSX\conjunto_de_datos_ensu_04_2017_csv\conjunto_de_datos_cb_ensu_04_2017\diccionario_de_datos\._diccionario_de_datos_cb_ensu_04_2017.csv
2025-09-09 17:12:24,960 - INFO - Found matching file: data\Archive\__MACOSX\conjunto_de_datos_ensu_2018_1t_csv\ensu_cb_0118\conjunto_de_datos\._ensu_cb_0118.csv
2025-09-09 17:12:24,961 - INFO - Found matching file: data\Archive\__MACOSX\conjunto_de_datos_ensu_2018_1t_csv\ensu_cb_0118\diccionario_de_datos\._diccionario_de_datos_ensu_cb_0118.csv
2025-09-09 17:12:24,970 - INFO - Found matching file: data\Archive\__MACOSX\conjunto_de_datos_ensu_2018_2t_csv\ensu_cb_0218\conjunto_de_datos\._ ensu_cb_0218.csv
2025-09-09 17:12:24,971 - INFO - Found matching file: data\Archive\__MACOSX\conjunto_de_datos_ensu_2018_2t_csv\ensu_cb_0218\diccionario_de_datos\._diccionario_de_datos_ensu_cb_0218.csv
2025-09-09 17:12:24,979 - INFO - Found matching file: data\Archive\__MACOSX\conjunto_de_datos_ensu_2018_3t_csv\conjunto_de_datos_cb_ensu_03_2018\conjunto_de_datos\._conjunto_de_datos_cb_ensu_03_2018.csv
2025-09-09 17:12:24,980 - INFO - Found matching file: data\Archive\__MACOSX\conjunto_de_datos_ensu_2018_3t_csv\conjunto_de_datos_cb_ensu_03_2018\diccionario_de_datos\._diccionario_de_datos_cb_ensu_03_2018.csv
2025-09-09 17:12:24,988 - INFO - Found matching file: data\Archive\__MACOSX\conjunto_de_datos_ensu_2018_4t_csv\conjunto_de_datos_cb_ensu_04_2018\conjunto_de_datos\._conjunto_de_datos_cb_ENSU_04_2018.csv
2025-09-09 17:12:24,988 - INFO - Found matching file: data\Archive\__MACOSX\conjunto_de_datos_ensu_2018_4t_csv\conjunto_de_datos_cb_ensu_04_2018\diccionario_de_datos\._diccionario_de_datos_cb_ENSU_04_2018.csv
2025-09-09 17:12:24,996 - INFO - Found matching file: data\Archive\__MACOSX\conjunto_de_datos_ENSU_2019_1t_csv\conjunto_de_datos_cb_ensu_03_2019\conjunto_de_datos\._conjunto_de_datos_cb_ensu_03_2019.csv
2025-09-09 17:12:24,997 - INFO - Found matching file: data\Archive\__MACOSX\conjunto_de_datos_ENSU_2019_1t_csv\conjunto_de_datos_cb_ensu_03_2019\diccionario_de_datos\._diccionario_de_datos_cb_ensu_03_2019.csv
2025-09-09 17:12:25,006 - INFO - Found matching file: data\Archive\__MACOSX\conjunto_de_datos_ensu_2019_2t_csv\conjunto_de_datos_cb_ENSU_2019_2t\conjunto_de_datos\._conjunto_de_datos_cb_ENSU_2019_2t.csv
2025-09-09 17:12:25,007 - INFO - Found matching file: data\Archive\__MACOSX\conjunto_de_datos_ensu_2019_2t_csv\conjunto_de_datos_cb_ENSU_2019_2t\diccionario_de_datos\._diccionario_de_datos_cb_ENSU_2019_2t.csv
2025-09-09 17:12:25,016 - INFO - Found matching file: data\Archive\__MACOSX\conjunto_de_datos_ensu_2019_4t_csv\conjunto_de_datos_CB_ENSU_04_2019\conjunto_de_datos\._conjunto_de_datos_CB_ENSU_04_2019.csv
2025-09-09 17:12:25,016 - INFO - Found matching file: data\Archive\__MACOSX\conjunto_de_datos_ensu_2019_4t_csv\conjunto_de_datos_CB_ENSU_04_2019\diccionario_de_datos\._diccionario_de_datos_CB_ENSU_04_2019.csv
2025-09-09 17:12:25,026 - INFO - Found matching file: data\Archive\__MACOSX\conjunto_de_datos_ensu_2020_1t_csv\conjunto_de_datos_CB_ENSU_01_2020\conjunto_de_datos\._conjunto_de_datos_CB_ENSU_01_2020.csv
2025-09-09 17:12:25,027 - INFO - Found matching file: data\Archive\__MACOSX\conjunto_de_datos_ensu_2020_1t_csv\conjunto_de_datos_CB_ENSU_01_2020\diccionario_de_datos\._diccionario_de_datos_CB_ENSU_01_2020.csv
2025-09-09 17:12:25,030 - INFO - Found matching file: data\Archive\__MACOSX\conjunto_de_datos_ensu_2020_3t_csv\conjunto_de_datos_CB_SEC1_2_3_ENSU_09_2020\conjunto_de_datos\._conjunto_de_datos_CB_SEC1_2_3_ENSU_09_2020.csv
2025-09-09 17:12:25,031 - INFO - Found matching file: data\Archive\__MACOSX\conjunto_de_datos_ensu_2020_3t_csv\conjunto_de_datos_CB_SEC1_2_3_ENSU_09_2020\diccionario_de_datos\._diccionario_de_datos_CB_SEC1_2_3_ENSU_09_2020.csv
2025-09-09 17:12:25,035 - INFO - Found matching file: data\Archive\__MACOSX\conjunto_de_datos_ensu_2020_3t_csv\conjunto_de_datos_CB_SEC4_ENSU_09_2020\conjunto_de_datos\._conjunto_de_datos_CB_SEC4_ENSU_09_2020.csv
2025-09-09 17:12:25,036 - INFO - Found matching file: data\Archive\__MACOSX\conjunto_de_datos_ensu_2020_3t_csv\conjunto_de_datos_CB_SEC4_ENSU_09_2020\diccionario_de_datos\._diccionario_de_datos_CB_SEC4_ENSU_09_2020.csv
2025-09-09 17:12:25,049 - INFO - Found matching file: data\Archive\__MACOSX\conjunto_de_datos_ensu_2020_4t_csv\conjunto_de_datos_CB_ENSU_12_2020\conjunto_de_datos\._conjunto_de_datos_CB_ENSU_12_2020.csv
2025-09-09 17:12:25,049 - INFO - Found matching file: data\Archive\__MACOSX\conjunto_de_datos_ensu_2020_4t_csv\conjunto_de_datos_CB_ENSU_12_2020\diccionario_de_datos\._diccionario_de_datos_CB_ENSU_12_2020.csv
2025-09-09 17:12:25,059 - INFO - Found matching file: data\Archive\__MACOSX\conjunto_de_datos_ensu_2021_1t_csv\conjunto_de_datos_CB_ENSU_03_2021\conjunto_de_datos\._conjunto_de_datos_CB_ENSU_03_2021.csv
2025-09-09 17:12:25,060 - INFO - Found matching file: data\Archive\__MACOSX\conjunto_de_datos_ensu_2021_1t_csv\conjunto_de_datos_CB_ENSU_03_2021\diccionario_de_datos\._diccionario_de_datos_CB_ENSU_03_2021.csv
2025-09-09 17:12:25,071 - INFO - Found matching file: data\Archive\__MACOSX\conjunto_de_datos_ensu_2021_2t_csv\conjunto_de_datos_CB_ENSU_06_2021\conjunto_de_datos\._conjunto_de_datos_CB_ENSU_06_2021.csv
2025-09-09 17:12:25,071 - INFO - Found matching file: data\Archive\__MACOSX\conjunto_de_datos_ensu_2021_2t_csv\conjunto_de_datos_CB_ENSU_06_2021\diccionario_de_datos\._diccionario_de_datos_CB_ENSU_06_2021.csv
2025-09-09 17:12:25,075 - INFO - Found matching file: data\Archive\__MACOSX\conjunto_de_datos_ensu_2021_3t_csv\conjunto_de_datos_CB_ENSU_09_2021\conjunto_de_datos\._conjunto_de_datos_CB_ENSU_09_2021.csv
2025-09-09 17:12:25,076 - INFO - Found matching file: data\Archive\__MACOSX\conjunto_de_datos_ensu_2021_3t_csv\conjunto_de_datos_CB_ENSU_09_2021\diccionario_de_datos\._diccionario_de_datos_CB_ENSU_09_2021.csv
2025-09-09 17:12:25,087 - INFO - Found matching file: data\Archive\__MACOSX\conjunto_de_datos_ensu_2021_4t_csv\conjunto_de_datos_CB_ENSU_12_2021\conjunto_de_datos\._conjunto_de_datos_CB_ENSU_12_2021.csv
2025-09-09 17:12:25,088 - INFO - Found matching file: data\Archive\__MACOSX\conjunto_de_datos_ensu_2021_4t_csv\conjunto_de_datos_CB_ENSU_12_2021\diccionario_de_datos\._diccionario_de_datos_CB_ENSU_12_2021.csv
2025-09-09 17:12:25,098 - INFO - Found matching file: data\Archive\__MACOSX\conjunto_de_datos_ensu_2022_1t_csv\conjunto_de_datos_ensu_cb_0322\conjunto_de_datos\._conjunto_de_datos_ensu_cb_0322.csv
2025-09-09 17:12:25,098 - INFO - Found matching file: data\Archive\__MACOSX\conjunto_de_datos_ensu_2022_1t_csv\conjunto_de_datos_ensu_cb_0322\diccionario_de_datos\._diccionario_de_datos_ensu_cb_0322.csv
2025-09-09 17:12:25,108 - INFO - Found matching file: data\Archive\__MACOSX\conjunto_de_datos_ensu_2022_2t_csv\conjunto_de_datos_ensu_cb_0622\conjunto_de_datos\._conjunto_de_datos_ensu_cb_0622.csv
2025-09-09 17:12:25,109 - INFO - Found matching file: data\Archive\__MACOSX\conjunto_de_datos_ensu_2022_2t_csv\conjunto_de_datos_ensu_cb_0622\diccionario_de_datos\._diccionario_de_datos_ensu_cb_0622.csv
2025-09-09 17:12:25,113 - INFO - Found matching file: data\Archive\__MACOSX\conjunto_de_datos_ensu_2022_3t_csv\conjunto_de_datos_ensu_cb_0922\conjunto_de_datos\._conjunto_de_datos_ensu_cb_0922.csv
2025-09-09 17:12:25,114 - INFO - Found matching file: data\Archive\__MACOSX\conjunto_de_datos_ensu_2022_3t_csv\conjunto_de_datos_ensu_cb_0922\diccionario_de_datos\._diccionario_de_datos_ensu_cb_0922.csv
2025-09-09 17:12:25,123 - INFO - Found matching file: data\Archive\__MACOSX\conjunto_de_datos_ensu_2022_4t_csv\conjunto_de_datos_ensu_cb_1222\conjunto_de_datos\._conjunto_de_datos_ensu_cb_1222.csv
2025-09-09 17:12:25,124 - INFO - Found matching file: data\Archive\__MACOSX\conjunto_de_datos_ensu_2022_4t_csv\conjunto_de_datos_ensu_cb_1222\diccionario_de_datos\._diccionario_de_datos_ensu_cb_1222.csv
2025-09-09 17:12:25,133 - INFO - Found matching file: data\Archive\__MACOSX\conjunto_de_datos_ensu_2023_1t_csv\conjunto_de_datos_CB_ENSU_03_2023\conjunto_de_datos\._conjunto_de_datos_CB_ENSU_03_2023.csv
2025-09-09 17:12:25,134 - INFO - Found matching file: data\Archive\__MACOSX\conjunto_de_datos_ensu_2023_1t_csv\conjunto_de_datos_CB_ENSU_03_2023\diccionario_de_datos\._diccionario_de_datos_CB_ENSU_03_2023.csv
2025-09-09 17:12:25,145 - INFO - Found matching file: data\Archive\__MACOSX\conjunto_de_datos_ensu_2023_2t_csv\conjunto_de_datos_ensu_cb_0623\conjunto_de_datos\._conjunto_de_datos_ensu_cb_0623.csv
2025-09-09 17:12:25,145 - INFO - Found matching file: data\Archive\__MACOSX\conjunto_de_datos_ensu_2023_2t_csv\conjunto_de_datos_ensu_cb_0623\diccionario_de_datos\._diccionario_de_datos_ensu_cb_0623.csv
2025-09-09 17:12:25,149 - INFO - Found matching file: data\Archive\__MACOSX\conjunto_de_datos_ensu_2023_3t_csv\conjunto_de_datos_ensu_cb_0923\conjunto_de_datos\._conjunto_de_datos_ensu_cb_0923.csv
2025-09-09 17:12:25,150 - INFO - Found matching file: data\Archive\__MACOSX\conjunto_de_datos_ensu_2023_3t_csv\conjunto_de_datos_ensu_cb_0923\diccionario_de_datos\._diccionario_de_datos_ensu_cb_0923.csv
2025-09-09 17:12:25,160 - INFO - Found matching file: data\Archive\__MACOSX\conjunto_de_datos_ensu_2023_4t_csv\conjunto_de_datos_ensu_cb_1223\conjunto_de_datos\._conjunto_de_datos_ensu_cb_1223.csv
2025-09-09 17:12:25,160 - INFO - Found matching file: data\Archive\__MACOSX\conjunto_de_datos_ensu_2023_4t_csv\conjunto_de_datos_ensu_cb_1223\diccionario_de_datos\._diccionario_de_datos_ensu_cb_1223.csv
2025-09-09 17:12:25,170 - INFO - Found matching file: data\Archive\__MACOSX\conjunto_de_datos_ensu_2024_1t_csv\conjunto_de_datos_ensu_cb_0324\conjunto_de_datos\._conjunto_de_datos_ensu_cb_0324.csv
2025-09-09 17:12:25,170 - INFO - Found matching file: data\Archive\__MACOSX\conjunto_de_datos_ensu_2024_1t_csv\conjunto_de_datos_ensu_cb_0324\diccionario_de_datos\._diccionario_de_datos_ensu_cb_0324.csv
2025-09-09 17:12:25,181 - INFO - Found matching file: data\Archive\__MACOSX\conjunto_de_datos_ensu_2024_2t_csv\conjunto_de_datos_ensu_cb_0624\conjunto_de_datos\._conjunto_de_datos_ensu_cb_0624.csv
2025-09-09 17:12:25,181 - INFO - Found matching file: data\Archive\__MACOSX\conjunto_de_datos_ensu_2024_2t_csv\conjunto_de_datos_ensu_cb_0624\diccionario_de_datos\._diccionario_de_datos_ensu_cb_0624.csv
2025-09-09 17:12:25,185 - INFO - Found matching file: data\Archive\__MACOSX\conjunto_de_datos_ensu_2024_3t_csv\conjunto_de_datos_ensu_cb_0924\conjunto_de_datos\._conjunto_de_datos_ensu_cb_0924.csv
2025-09-09 17:12:25,186 - INFO - Found matching file: data\Archive\__MACOSX\conjunto_de_datos_ensu_2024_3t_csv\conjunto_de_datos_ensu_cb_0924\diccionario_de_datos\._diccionario_de_datos_ensu_cb_0924.csv
2025-09-09 17:12:25,196 - INFO - Found matching file: data\Archive\__MACOSX\conjunto_de_datos_ensu_2024_4t_csv\conjunto_de_datos_ensu_cb_1224\conjunto_de_datos\._conjunto_de_datos_ensu_cb_1224.csv
2025-09-09 17:12:25,197 - INFO - Found matching file: data\Archive\__MACOSX\conjunto_de_datos_ensu_2024_4t_csv\conjunto_de_datos_ensu_cb_1224\diccionario_de_datos\._diccionario_de_datos_ensu_cb_1224.csv
2025-09-09 17:12:25,206 - INFO - Found matching file: data\Archive\__MACOSX\conjunto_de_datos_ensu_2025_1t_csv\conjunto_de_datos_ensu_cb_0325\conjunto_de_datos\._conjunto_de_datos_ensu_cb_0325.csv
2025-09-09 17:12:25,206 - INFO - Found matching file: data\Archive\__MACOSX\conjunto_de_datos_ensu_2025_1t_csv\conjunto_de_datos_ensu_cb_0325\diccionario_de_datos\._diccionario_de_datos_ensu_cb_0325.csv
2025-09-09 17:12:25,216 - INFO - Found matching file: data\Archive\__MACOSX\conjunto_de_datos_ensu_2025_2t_csv\conjunto_de_datos_ensu_cb_0625\conjunto_de_datos\._conjunto_de_datos_ensu_cb_0625.csv
2025-09-09 17:12:25,216 - INFO - Found matching file: data\Archive\__MACOSX\conjunto_de_datos_ensu_2025_2t_csv\conjunto_de_datos_ensu_cb_0625\diccionario_de_datos\._diccionario_de_datos_ensu_cb_0625.csv
2025-09-09 17:12:25,225 - INFO - Found matching file: data\Archive\__MACOSX\Datos abiertos\conjunto_de_datos_CB_ENSU_03_2019\conjunto_de_datos\._conjunto_de_datos_cb_ENSU_03_2019.csv
2025-09-09 17:12:25,226 - INFO - Found matching file: data\Archive\__MACOSX\Datos abiertos\conjunto_de_datos_CB_ENSU_03_2019\diccionario_de_datos\._diccionario_de_datos_cb_ENSU_03_2019.csv
2025-09-09 17:12:25,231 - INFO - File mapping complete. Catalog saved to temp\mapeo_archivos.json
