2025-09-13 13:09:27,331 - INFO - --- Starting Phase 3: Incremental Verification Script ---
2025-09-13 13:09:27,331 - INFO - Verified existence of processed directory: /Users/eli/Documents/UPY/6to/data_mining/data-mining/data/yucatan_processed
2025-09-13 13:09:27,331 - INFO - Found 34 processable files in the validation report.
2025-09-13 13:09:27,332 - INFO - Found 0 files in the processed directory.
2025-09-13 13:09:27,332 - INFO - File is pending: data/Archive/conjunto_de_datos_ensu_2022_1t_csv/conjunto_de_datos_ensu_cb_0322/conjunto_de_datos/conjunto_de_datos_ensu_cb_0322.csv (Expected output: procesado_2022_Q1_cb.csv) 
2025-09-13 13:09:27,332 - INFO - File is pending: data/Archive/conjunto_de_datos_ensu_04_2017_csv/conjunto_de_datos_cb_ensu_04_2017/conjunto_de_datos/conjunto_de_datos_cb_ensu_04_2017.csv (Expected output: procesado_2017_Q4_cb.csv) 
2025-09-13 13:09:27,332 - INFO - File is pending: data/Archive/conjunto_de_datos_ensu_04_2016_csv/conjunto_de_datos_cb_ensu_04_2016/conjunto_de_datos/conjunto_de_datos_cb_ensu_04_2016.csv (Expected output: procesado_2016_Q4_cb.csv) 
2025-09-13 13:09:27,332 - INFO - File is pending: data/Archive/conjunto_de_datos_ensu_2018_1t_csv/ensu_cb_0118/conjunto_de_datos/ensu_cb_0118.csv (Expected output: procesado_2018_Q1_cb.csv) 
2025-09-13 13:09:27,332 - INFO - File is pending: data/Archive/conjunto_de_datos_ensu_2021_4t_csv/conjunto_de_datos_CB_ENSU_12_2021/conjunto_de_datos/conjunto_de_datos_CB_ENSU_12_2021.csv (Expected output: procesado_2021_Q4_cb.csv) 
2025-09-13 13:09:27,332 - INFO - File is pending: data/Archive/Datos abiertos/conjunto_de_datos_CB_ENSU_03_2019/conjunto_de_datos/conjunto_de_datos_cb_ENSU_03_2019.csv (Expected output: procesado_2019_Q3_cb.csv) 
2025-09-13 13:09:27,332 - INFO - File is pending: data/Archive/conjunto_de_datos_ensu_2025_2t_csv/conjunto_de_datos_ensu_cb_0625/conjunto_de_datos/conjunto_de_datos_ensu_cb_0625.csv (Expected output: procesado_2025_Q2_cb.csv) 
2025-09-13 13:09:27,332 - INFO - File is pending: data/Archive/conjunto_de_datos_ensu_2019_4t_csv/conjunto_de_datos_CB_ENSU_04_2019/conjunto_de_datos/conjunto_de_datos_CB_ENSU_04_2019.csv (Expected output: procesado_2019_Q4_cb.csv) 
2025-09-13 13:09:27,332 - INFO - File is pending: data/Archive/conjunto_de_datos_ensu_2020_1t_csv/conjunto_de_datos_CB_ENSU_01_2020/conjunto_de_datos/conjunto_de_datos_CB_ENSU_01_2020.csv (Expected output: procesado_2020_Q1_cb.csv) 
2025-09-13 13:09:27,332 - INFO - File is pending: data/Archive/conjunto_de_datos_ensu_2023_4t_csv/conjunto_de_datos_ensu_cb_1223/conjunto_de_datos/conjunto_de_datos_ensu_cb_1223.csv (Expected output: procesado_2023_Q4_cb.csv) 
2025-09-13 13:09:27,332 - INFO - File is pending: data/Archive/conjunto_de_datos_ensu_2023_3t_csv/conjunto_de_datos_ensu_cb_0923/conjunto_de_datos/conjunto_de_datos_ensu_cb_0923.csv (Expected output: procesado_2023_Q3_cb.csv) 
2025-09-13 13:09:27,332 - INFO - File is pending: data/Archive/conjunto_de_datos_ensu_2024_1t_csv/conjunto_de_datos_ensu_cb_0324/conjunto_de_datos/conjunto_de_datos_ensu_cb_0324.csv (Expected output: procesado_2024_Q1_cb.csv) 
2025-09-13 13:09:27,332 - INFO - File is pending: data/Archive/conjunto_de_datos_ensu_2021_2t_csv/conjunto_de_datos_CB_ENSU_06_2021/conjunto_de_datos/conjunto_de_datos_CB_ENSU_06_2021.csv (Expected output: procesado_2021_Q2_cb.csv) 
2025-09-13 13:09:27,332 - INFO - File is pending: data/Archive/conjunto_de_datos_ensu_2019_2t_csv/conjunto_de_datos_cb_ENSU_2019_2t/conjunto_de_datos/conjunto_de_datos_cb_ENSU_2019_2t.csv (Expected output: procesado_2019_Q2_cb.csv) 
2025-09-13 13:09:27,332 - INFO - File is pending: data/Archive/conjunto_de_datos_ensu_2021_3t_csv/conjunto_de_datos_CB_ENSU_09_2021/conjunto_de_datos/conjunto_de_datos_CB_ENSU_09_2021.csv (Expected output: procesado_2021_Q3_cb.csv) 
2025-09-13 13:09:27,332 - INFO - File is pending: data/Archive/conjunto_de_datos_ensu_02_2017_csv/conjunto_de_datos_cb_ensu_02_2017/conjunto_de_datos/conjunto_de_datos_cb_ensu_02_2017.csv (Expected output: procesado_2017_Q2_cb.csv) 
2025-09-13 13:09:27,332 - INFO - File is pending: data/Archive/conjunto_de_datos_ensu_03_2017_csv/conjunto_de_datos_cb_ensu_03_2017/conjunto_de_datos/conjunto_de_datos_cb_ensu_03_2017.csv (Expected output: procesado_2017_Q3_cb.csv) 
2025-09-13 13:09:27,332 - INFO - File is pending: data/Archive/conjunto_de_datos_ensu_2023_2t_csv/conjunto_de_datos_ensu_cb_0623/conjunto_de_datos/conjunto_de_datos_ensu_cb_0623.csv (Expected output: procesado_2023_Q2_cb.csv) 
2025-09-13 13:09:27,332 - INFO - File is pending: data/Archive/conjunto_de_datos_ENSU_2019_1t_csv/conjunto_de_datos_cb_ensu_03_2019/conjunto_de_datos/conjunto_de_datos_cb_ensu_03_2019.csv (Expected output: procesado_2019_Q1_cb.csv) 
2025-09-13 13:09:27,332 - INFO - File is pending: data/Archive/conjunto_de_datos_ensu_2024_3t_csv/conjunto_de_datos_ensu_cb_0924/conjunto_de_datos/conjunto_de_datos_ensu_cb_0924.csv (Expected output: procesado_2024_Q3_cb.csv) 
2025-09-13 13:09:27,332 - INFO - File is pending: data/Archive/conjunto_de_datos_ensu_2020_4t_csv/conjunto_de_datos_CB_ENSU_12_2020/conjunto_de_datos/conjunto_de_datos_CB_ENSU_12_2020.csv (Expected output: procesado_2020_Q4_cb.csv) 
2025-09-13 13:09:27,332 - INFO - File is pending: data/Archive/conjunto_de_datos_ensu_2023_1t_csv/conjunto_de_datos_CB_ENSU_03_2023/conjunto_de_datos/conjunto_de_datos_CB_ENSU_03_2023.csv (Expected output: procesado_2023_Q1_cb.csv) 
2025-09-13 13:09:27,332 - INFO - File is pending: data/Archive/conjunto_de_datos_ensu_2022_4t_csv/conjunto_de_datos_ensu_cb_1222/conjunto_de_datos/conjunto_de_datos_ensu_cb_1222.csv (Expected output: procesado_2022_Q4_cb.csv) 
2025-09-13 13:09:27,332 - INFO - File is pending: data/Archive/conjunto_de_datos_ensu_2018_4t_csv/conjunto_de_datos_cb_ensu_04_2018/conjunto_de_datos/conjunto_de_datos_cb_ENSU_04_2018.csv (Expected output: procesado_2018_Q4_cb.csv) 
2025-09-13 13:09:27,332 - INFO - File is pending: data/Archive/conjunto_de_datos_ensu_2024_2t_csv/conjunto_de_datos_ensu_cb_0624/conjunto_de_datos/conjunto_de_datos_ensu_cb_0624.csv (Expected output: procesado_2024_Q2_cb.csv) 
2025-09-13 13:09:27,332 - INFO - File is pending: data/Archive/conjunto_de_datos_ensu_2021_1t_csv/conjunto_de_datos_CB_ENSU_03_2021/conjunto_de_datos/conjunto_de_datos_CB_ENSU_03_2021.csv (Expected output: procesado_2021_Q1_cb.csv) 
2025-09-13 13:09:27,332 - INFO - File is pending: data/Archive/conjunto_de_datos_ensu_01_2017_csv/conjunto_de_datos_cb_ensu_01_2017/conjunto_de_datos/conjunto_de_datos_cb_ensu_01_2017.csv (Expected output: procesado_2017_Q1_cb.csv) 
2025-09-13 13:09:27,332 - INFO - File is pending: data/Archive/conjunto_de_datos_ensu_2025_1t_csv/conjunto_de_datos_ensu_cb_0325/conjunto_de_datos/conjunto_de_datos_ensu_cb_0325.csv (Expected output: procesado_2025_Q1_cb.csv) 
2025-09-13 13:09:27,332 - INFO - File is pending: data/Archive/conjunto_de_datos_ensu_2018_3t_csv/conjunto_de_datos_cb_ensu_03_2018/conjunto_de_datos/conjunto_de_datos_cb_ensu_03_2018.csv (Expected output: procesado_2018_Q3_cb.csv) 
2025-09-13 13:09:27,332 - INFO - File is pending: data/Archive/conjunto_de_datos_ensu_2022_3t_csv/conjunto_de_datos_ensu_cb_0922/conjunto_de_datos/conjunto_de_datos_ensu_cb_0922.csv (Expected output: procesado_2022_Q3_cb.csv) 
2025-09-13 13:09:27,332 - INFO - File is pending: data/Archive/conjunto_de_datos_ensu_2022_2t_csv/conjunto_de_datos_ensu_cb_0622/conjunto_de_datos/conjunto_de_datos_ensu_cb_0622.csv (Expected output: procesado_2022_Q2_cb.csv) 
2025-09-13 13:09:27,332 - INFO - File is pending: data/Archive/conjunto_de_datos_ensu_2020_3t_csv/conjunto_de_datos_CB_SEC1_2_3_ENSU_09_2020/conjunto_de_datos/conjunto_de_datos_CB_SEC1_2_3_ENSU_09_2020.csv (Expected output: procesado_2020_Q3_cb.csv) 
2025-09-13 13:09:27,332 - INFO - File is pending: data/Archive/conjunto_de_datos_ensu_2018_2t_csv/ensu_cb_0218/conjunto_de_datos/ ensu_cb_0218.csv (Expected output: procesado_2018_Q2_cb.csv) 
2025-09-13 13:09:27,332 - INFO - File is pending: data/Archive/conjunto_de_datos_ensu_2024_4t_csv/conjunto_de_datos_ensu_cb_1224/conjunto_de_datos/conjunto_de_datos_ensu_cb_1224.csv (Expected output: procesado_2024_Q4_cb.csv) 
2025-09-13 13:09:27,332 - INFO - Comparison complete. Found 34 pending files.
2025-09-13 13:09:27,333 - INFO - Successfully created pending files report: /Users/eli/Documents/UPY/6to/data_mining/data-mining/temp/archivos_pendientes.json
2025-09-13 13:09:27,333 - INFO - --- Verification script finished ---
