2025-09-09 17:17:01,663 - INFO - Starting Phase 1: File Mapping and Discovery
2025-09-09 17:17:01,665 - INFO - Found matching file: data\Archive\conjunto_de_datos_ensu_01_2015\conjunto_de_datos_cb_ensu_01_2015\conjunto_de_datos\conjunto_de_datos_cb_ensu_01_2015.csv
2025-09-09 17:17:01,716 - INFO - Found matching file: data\Archive\conjunto_de_datos_ensu_01_2015\conjunto_de_datos_cb_ensu_01_2015\diccionario_de_datos\diccionario_de_datos_cb_ensu_01_2015.csv
2025-09-09 17:17:01,747 - INFO - Found matching file: data\Archive\conjunto_de_datos_ensu_01_2016_csv\conjunto_de_datos_cb_ensu_01_2016\conjunto_de_datos\conjunto_de_datos_cb_ensu_01_2016.csv
2025-09-09 17:17:01,905 - INFO - Found matching file: data\Archive\conjunto_de_datos_ensu_01_2016_csv\conjunto_de_datos_cb_ensu_01_2016\diccionario_de_datos\diccionario_de_datos_cb_ensu_01_2016.csv
2025-09-09 17:17:01,954 - INFO - Found matching file: data\Archive\conjunto_de_datos_ensu_01_2017_csv\conjunto_de_datos_cb_ensu_01_2017\conjunto_de_datos\conjunto_de_datos_cb_ensu_01_2017.csv
2025-09-09 17:17:02,250 - INFO - Found matching file: data\Archive\conjunto_de_datos_ensu_01_2017_csv\conjunto_de_datos_cb_ensu_01_2017\diccionario_de_datos\diccionario_de_datos_cb_ensu_01_2017.csv
2025-09-09 17:17:02,307 - INFO - Found matching file: data\Archive\conjunto_de_datos_ensu_02_2015\conjunto_de_datos_cb_ensu_02_2015\conjunto_de_datos\conjunto_de_datos_cb_ensu_02_2015.csv
2025-09-09 17:17:02,372 - INFO - Found matching file: data\Archive\conjunto_de_datos_ensu_02_2015\conjunto_de_datos_cb_ensu_02_2015\diccionario_de_datos\diccionario_de_datos_cb_ensu_02_2015.csv
2025-09-09 17:17:02,419 - INFO - Found matching file: data\Archive\conjunto_de_datos_ensu_02_2016_csv\conjunto_de_datos_cb_ensu_02_2016\conjunto_de_datos\conjunto_de_datos_cb_ensu_02_2016.csv
2025-09-09 17:17:02,633 - INFO - Found matching file: data\Archive\conjunto_de_datos_ensu_02_2016_csv\conjunto_de_datos_cb_ensu_02_2016\diccionario_de_datos\diccionario_de_datos_cb_ensu_02_2016.csv
2025-09-09 17:17:02,690 - INFO - Found matching file: data\Archive\conjunto_de_datos_ensu_02_2017_csv\conjunto_de_datos_cb_ensu_02_2017\conjunto_de_datos\conjunto_de_datos_cb_ensu_02_2017.csv
2025-09-09 17:17:02,999 - INFO - Found matching file: data\Archive\conjunto_de_datos_ensu_02_2017_csv\conjunto_de_datos_cb_ensu_02_2017\diccionario_de_datos\diccionario_de_datos_cb_ensu_02_2017.csv
2025-09-09 17:17:03,046 - INFO - Found matching file: data\Archive\conjunto_de_datos_ensu_03_2015\conjunto_de_datos_cb_ensu_03_2015\conjunto_de_datos\conjunto_de_datos_cb_ensu_03_2015.csv
2025-09-09 17:17:03,095 - INFO - Found matching file: data\Archive\conjunto_de_datos_ensu_03_2015\conjunto_de_datos_cb_ensu_03_2015\diccionario_de_datos\diccionario_de_datos_cb_ensu_03_2015.csv
2025-09-09 17:17:03,137 - INFO - Found matching file: data\Archive\conjunto_de_datos_ensu_03_2016_csv\conjunto_de_datos_cb_ensu_03_2016\conjunto_de_datos\conjunto_de_datos_cb_ensu_03_2016.csv
2025-09-09 17:17:03,377 - INFO - Found matching file: data\Archive\conjunto_de_datos_ensu_03_2016_csv\conjunto_de_datos_cb_ensu_03_2016\diccionario_de_datos\diccionario_de_datos_cb_ensu_03_2016.csv
2025-09-09 17:17:03,433 - INFO - Found matching file: data\Archive\conjunto_de_datos_ensu_03_2017_csv\conjunto_de_datos_cb_ensu_03_2017\conjunto_de_datos\conjunto_de_datos_cb_ensu_03_2017.csv
2025-09-09 17:17:03,732 - INFO - Found matching file: data\Archive\conjunto_de_datos_ensu_03_2017_csv\conjunto_de_datos_cb_ensu_03_2017\diccionario_de_datos\diccionario_de_datos_cb_ensu_03_2017.csv
2025-09-09 17:17:03,786 - INFO - Found matching file: data\Archive\conjunto_de_datos_ensu_04_2015\conjunto_de_datos_cb_ensu_04_2015\conjunto_de_datos\conjunto_de_datos_cb_ensu_04_2015.csv
2025-09-09 17:17:03,865 - INFO - Found matching file: data\Archive\conjunto_de_datos_ensu_04_2015\conjunto_de_datos_cb_ensu_04_2015\diccionario_de_datos\diccionario_de_datos_cb_ensu_04_2015.csv
2025-09-09 17:17:03,909 - INFO - Found matching file: data\Archive\conjunto_de_datos_ensu_04_2016_csv\conjunto_de_datos_cb_ensu_04_2016\conjunto_de_datos\conjunto_de_datos_cb_ensu_04_2016.csv
2025-09-09 17:17:04,186 - INFO - Found matching file: data\Archive\conjunto_de_datos_ensu_04_2016_csv\conjunto_de_datos_cb_ensu_04_2016\diccionario_de_datos\diccionario_de_datos_cb_ensu_04_2016.csv
2025-09-09 17:17:04,239 - INFO - Found matching file: data\Archive\conjunto_de_datos_ensu_04_2017_csv\conjunto_de_datos_cb_ensu_04_2017\conjunto_de_datos\conjunto_de_datos_cb_ensu_04_2017.csv
2025-09-09 17:17:04,531 - INFO - Found matching file: data\Archive\conjunto_de_datos_ensu_04_2017_csv\conjunto_de_datos_cb_ensu_04_2017\diccionario_de_datos\diccionario_de_datos_cb_ensu_04_2017.csv
2025-09-09 17:17:04,576 - INFO - Found matching file: data\Archive\conjunto_de_datos_ensu_2018_1t_csv\ensu_cb_0118\conjunto_de_datos\ensu_cb_0118.csv
2025-09-09 17:17:04,870 - INFO - Found matching file: data\Archive\conjunto_de_datos_ensu_2018_1t_csv\ensu_cb_0118\diccionario_de_datos\diccionario_de_datos_ensu_cb_0118.csv
2025-09-09 17:17:04,916 - INFO - Found matching file: data\Archive\conjunto_de_datos_ensu_2018_2t_csv\ensu_cb_0218\conjunto_de_datos\ensu_cb_0218.csv
2025-09-09 17:17:05,244 - INFO - Found matching file: data\Archive\conjunto_de_datos_ensu_2018_2t_csv\ensu_cb_0218\diccionario_de_datos\diccionario_de_datos_ensu_cb_0218.csv
2025-09-09 17:17:05,297 - INFO - Found matching file: data\Archive\conjunto_de_datos_ensu_2018_3t_csv\conjunto_de_datos_cb_ensu_03_2018\conjunto_de_datos\conjunto_de_datos_cb_ensu_03_2018.csv
2025-09-09 17:17:05,704 - INFO - Found matching file: data\Archive\conjunto_de_datos_ensu_2018_3t_csv\conjunto_de_datos_cb_ensu_03_2018\diccionario_de_datos\diccionario_de_datos_cb_ensu_03_2018.csv
2025-09-09 17:17:05,756 - INFO - Found matching file: data\Archive\conjunto_de_datos_ensu_2018_4t_csv\conjunto_de_datos_cb_ensu_04_2018\conjunto_de_datos\conjunto_de_datos_cb_ENSU_04_2018.csv
2025-09-09 17:17:06,072 - INFO - Found matching file: data\Archive\conjunto_de_datos_ensu_2018_4t_csv\conjunto_de_datos_cb_ensu_04_2018\diccionario_de_datos\diccionario_de_datos_cb_ENSU_04_2018.csv
2025-09-09 17:17:06,122 - INFO - Found matching file: data\Archive\conjunto_de_datos_ENSU_2019_1t_csv\conjunto_de_datos_cb_ensu_03_2019\conjunto_de_datos\conjunto_de_datos_cb_ensu_03_2019.csv
2025-09-09 17:17:06,344 - INFO - Found matching file: data\Archive\conjunto_de_datos_ENSU_2019_1t_csv\conjunto_de_datos_cb_ensu_03_2019\diccionario_de_datos\diccionario_de_datos_cb_ensu_03_2019.csv
2025-09-09 17:17:06,380 - INFO - Found matching file: data\Archive\conjunto_de_datos_ensu_2019_2t_csv\conjunto_de_datos_cb_ENSU_2019_2t\conjunto_de_datos\conjunto_de_datos_cb_ENSU_2019_2t.csv
2025-09-09 17:17:06,711 - INFO - Found matching file: data\Archive\conjunto_de_datos_ensu_2019_2t_csv\conjunto_de_datos_cb_ENSU_2019_2t\diccionario_de_datos\diccionario_de_datos_cb_ENSU_2019_2t.csv
2025-09-09 17:17:06,752 - INFO - Found matching file: data\Archive\conjunto_de_datos_ensu_2019_4t_csv\conjunto_de_datos_CB_ENSU_04_2019\conjunto_de_datos\conjunto_de_datos_CB_ENSU_04_2019.csv
2025-09-09 17:17:07,184 - INFO - Found matching file: data\Archive\conjunto_de_datos_ensu_2019_4t_csv\conjunto_de_datos_CB_ENSU_04_2019\diccionario_de_datos\diccionario_de_datos_CB_ENSU_04_2019.csv
2025-09-09 17:17:07,220 - INFO - Found matching file: data\Archive\conjunto_de_datos_ensu_2020_1t_csv\conjunto_de_datos_CB_ENSU_01_2020\conjunto_de_datos\conjunto_de_datos_CB_ENSU_01_2020.csv
2025-09-09 17:17:07,636 - INFO - Found matching file: data\Archive\conjunto_de_datos_ensu_2020_1t_csv\conjunto_de_datos_CB_ENSU_01_2020\diccionario_de_datos\diccionario_de_datos_CB_ENSU_01_2020.csv
2025-09-09 17:17:07,671 - INFO - Found matching file: data\Archive\conjunto_de_datos_ensu_2020_3t_csv\conjunto_de_datos_CB_SEC1_2_3_ENSU_09_2020\conjunto_de_datos\conjunto_de_datos_CB_SEC1_2_3_ENSU_09_2020.csv
2025-09-09 17:17:08,277 - INFO - Found matching file: data\Archive\conjunto_de_datos_ensu_2020_3t_csv\conjunto_de_datos_CB_SEC1_2_3_ENSU_09_2020\diccionario_de_datos\diccionario_de_datos_CB_SEC1_2_3_ENSU_09_2020.csv
2025-09-09 17:17:08,314 - INFO - Found matching file: data\Archive\conjunto_de_datos_ensu_2020_3t_csv\conjunto_de_datos_CB_SEC4_ENSU_09_2020\conjunto_de_datos\conjunto_de_datos_CB_SEC4_ENSU_09_2020.csv
2025-09-09 17:17:08,582 - INFO - Found matching file: data\Archive\conjunto_de_datos_ensu_2020_3t_csv\conjunto_de_datos_CB_SEC4_ENSU_09_2020\diccionario_de_datos\diccionario_de_datos_CB_SEC4_ENSU_09_2020.csv
2025-09-09 17:17:08,614 - INFO - Found matching file: data\Archive\conjunto_de_datos_ensu_2020_4t_csv\conjunto_de_datos_CB_ENSU_12_2020\conjunto_de_datos\conjunto_de_datos_CB_ENSU_12_2020.csv
2025-09-09 17:17:09,170 - INFO - Found matching file: data\Archive\conjunto_de_datos_ensu_2020_4t_csv\conjunto_de_datos_CB_ENSU_12_2020\diccionario_de_datos\diccionario_de_datos_CB_ENSU_12_2020.csv
2025-09-09 17:17:09,214 - INFO - Found matching file: data\Archive\conjunto_de_datos_ensu_2021_1t_csv\conjunto_de_datos_CB_ENSU_03_2021\conjunto_de_datos\conjunto_de_datos_CB_ENSU_03_2021.csv
2025-09-09 17:17:09,665 - INFO - Found matching file: data\Archive\conjunto_de_datos_ensu_2021_1t_csv\conjunto_de_datos_CB_ENSU_03_2021\diccionario_de_datos\diccionario_de_datos_CB_ENSU_03_2021.csv
2025-09-09 17:17:09,702 - INFO - Found matching file: data\Archive\conjunto_de_datos_ensu_2021_2t_csv\conjunto_de_datos_CB_ENSU_06_2021\conjunto_de_datos\conjunto_de_datos_CB_ENSU_06_2021.csv
2025-09-09 17:17:10,198 - INFO - Found matching file: data\Archive\conjunto_de_datos_ensu_2021_2t_csv\conjunto_de_datos_CB_ENSU_06_2021\diccionario_de_datos\diccionario_de_datos_CB_ENSU_06_2021.csv
2025-09-09 17:17:10,232 - INFO - Found matching file: data\Archive\conjunto_de_datos_ensu_2021_3t_csv\conjunto_de_datos_CB_ENSU_09_2021\conjunto_de_datos\conjunto_de_datos_CB_ENSU_09_2021.csv
2025-09-09 17:17:10,957 - INFO - Found matching file: data\Archive\conjunto_de_datos_ensu_2021_3t_csv\conjunto_de_datos_CB_ENSU_09_2021\diccionario_de_datos\diccionario_de_datos_CB_ENSU_09_2021.csv
2025-09-09 17:17:11,004 - INFO - Found matching file: data\Archive\conjunto_de_datos_ensu_2021_4t_csv\conjunto_de_datos_CB_ENSU_12_2021\conjunto_de_datos\conjunto_de_datos_CB_ENSU_12_2021.csv
2025-09-09 17:17:11,467 - INFO - Found matching file: data\Archive\conjunto_de_datos_ensu_2021_4t_csv\conjunto_de_datos_CB_ENSU_12_2021\diccionario_de_datos\diccionario_de_datos_CB_ENSU_12_2021.csv
2025-09-09 17:17:11,504 - INFO - Found matching file: data\Archive\conjunto_de_datos_ensu_2022_1t_csv\conjunto_de_datos_ensu_cb_0322\conjunto_de_datos\conjunto_de_datos_ensu_cb_0322.csv
2025-09-09 17:17:11,836 - INFO - Found matching file: data\Archive\conjunto_de_datos_ensu_2022_1t_csv\conjunto_de_datos_ensu_cb_0322\diccionario_de_datos\diccionario_de_datos_ensu_cb_0322.csv
2025-09-09 17:17:11,876 - INFO - Found matching file: data\Archive\conjunto_de_datos_ensu_2022_2t_csv\conjunto_de_datos_ensu_cb_0622\conjunto_de_datos\conjunto_de_datos_ensu_cb_0622.csv
2025-09-09 17:17:12,255 - INFO - Found matching file: data\Archive\conjunto_de_datos_ensu_2022_2t_csv\conjunto_de_datos_ensu_cb_0622\diccionario_de_datos\diccionario_de_datos_ensu_cb_0622.csv
2025-09-09 17:17:12,300 - INFO - Found matching file: data\Archive\conjunto_de_datos_ensu_2022_3t_csv\conjunto_de_datos_ensu_cb_0922\conjunto_de_datos\conjunto_de_datos_ensu_cb_0922.csv
2025-09-09 17:17:12,788 - INFO - Found matching file: data\Archive\conjunto_de_datos_ensu_2022_3t_csv\conjunto_de_datos_ensu_cb_0922\diccionario_de_datos\diccionario_de_datos_ensu_cb_0922.csv
2025-09-09 17:17:12,828 - INFO - Found matching file: data\Archive\conjunto_de_datos_ensu_2022_4t_csv\conjunto_de_datos_ensu_cb_1222\conjunto_de_datos\conjunto_de_datos_ensu_cb_1222.csv
2025-09-09 17:17:13,238 - INFO - Found matching file: data\Archive\conjunto_de_datos_ensu_2022_4t_csv\conjunto_de_datos_ensu_cb_1222\diccionario_de_datos\diccionario_de_datos_ensu_cb_1222.csv
2025-09-09 17:17:13,286 - INFO - Found matching file: data\Archive\conjunto_de_datos_ensu_2023_1t_csv\conjunto_de_datos_CB_ENSU_03_2023\conjunto_de_datos\conjunto_de_datos_CB_ENSU_03_2023.csv
2025-09-09 17:17:13,753 - INFO - Found matching file: data\Archive\conjunto_de_datos_ensu_2023_1t_csv\conjunto_de_datos_CB_ENSU_03_2023\diccionario_de_datos\diccionario_de_datos_CB_ENSU_03_2023.csv
2025-09-09 17:17:13,789 - INFO - Found matching file: data\Archive\conjunto_de_datos_ensu_2023_2t_csv\conjunto_de_datos_ensu_cb_0623\conjunto_de_datos\conjunto_de_datos_ensu_cb_0623.csv
2025-09-09 17:17:14,288 - INFO - Found matching file: data\Archive\conjunto_de_datos_ensu_2023_2t_csv\conjunto_de_datos_ensu_cb_0623\diccionario_de_datos\diccionario_de_datos_ensu_cb_0623.csv
2025-09-09 17:17:14,328 - INFO - Found matching file: data\Archive\conjunto_de_datos_ensu_2023_3t_csv\conjunto_de_datos_ensu_cb_0923\conjunto_de_datos\conjunto_de_datos_ensu_cb_0923.csv
2025-09-09 17:17:15,124 - INFO - Found matching file: data\Archive\conjunto_de_datos_ensu_2023_3t_csv\conjunto_de_datos_ensu_cb_0923\diccionario_de_datos\diccionario_de_datos_ensu_cb_0923.csv
2025-09-09 17:17:15,156 - INFO - Found matching file: data\Archive\conjunto_de_datos_ensu_2023_4t_csv\conjunto_de_datos_ensu_cb_1223\conjunto_de_datos\conjunto_de_datos_ensu_cb_1223.csv
2025-09-09 17:17:15,537 - INFO - Found matching file: data\Archive\conjunto_de_datos_ensu_2023_4t_csv\conjunto_de_datos_ensu_cb_1223\diccionario_de_datos\diccionario_de_datos_ensu_cb_1223.csv
2025-09-09 17:17:15,597 - INFO - Found matching file: data\Archive\conjunto_de_datos_ensu_2024_1t_csv\conjunto_de_datos_ensu_cb_0324\conjunto_de_datos\conjunto_de_datos_ensu_cb_0324.csv
2025-09-09 17:17:15,970 - INFO - Found matching file: data\Archive\conjunto_de_datos_ensu_2024_1t_csv\conjunto_de_datos_ensu_cb_0324\diccionario_de_datos\diccionario_de_datos_ensu_cb_0324.csv
2025-09-09 17:17:16,011 - INFO - Found matching file: data\Archive\conjunto_de_datos_ensu_2024_2t_csv\conjunto_de_datos_ensu_cb_0624\conjunto_de_datos\conjunto_de_datos_ensu_cb_0624.csv
2025-09-09 17:17:16,449 - INFO - Found matching file: data\Archive\conjunto_de_datos_ensu_2024_2t_csv\conjunto_de_datos_ensu_cb_0624\diccionario_de_datos\diccionario_de_datos_ensu_cb_0624.csv
2025-09-09 17:17:16,493 - INFO - Found matching file: data\Archive\conjunto_de_datos_ensu_2024_3t_csv\conjunto_de_datos_ensu_cb_0924\conjunto_de_datos\conjunto_de_datos_ensu_cb_0924.csv
2025-09-09 17:17:17,085 - INFO - Found matching file: data\Archive\conjunto_de_datos_ensu_2024_3t_csv\conjunto_de_datos_ensu_cb_0924\diccionario_de_datos\diccionario_de_datos_ensu_cb_0924.csv
2025-09-09 17:17:17,125 - INFO - Found matching file: data\Archive\conjunto_de_datos_ensu_2024_4t_csv\conjunto_de_datos_ensu_cb_1224\conjunto_de_datos\conjunto_de_datos_ensu_cb_1224.csv
2025-09-09 17:17:17,535 - INFO - Found matching file: data\Archive\conjunto_de_datos_ensu_2024_4t_csv\conjunto_de_datos_ensu_cb_1224\diccionario_de_datos\diccionario_de_datos_ensu_cb_1224.csv
2025-09-09 17:17:17,573 - INFO - Found matching file: data\Archive\conjunto_de_datos_ensu_2025_1t_csv\conjunto_de_datos_ensu_cb_0325\conjunto_de_datos\conjunto_de_datos_ensu_cb_0325.csv
2025-09-09 17:17:17,950 - INFO - Found matching file: data\Archive\conjunto_de_datos_ensu_2025_1t_csv\conjunto_de_datos_ensu_cb_0325\diccionario_de_datos\diccionario_de_datos_ensu_cb_0325.csv
2025-09-09 17:17:17,993 - INFO - Found matching file: data\Archive\conjunto_de_datos_ensu_2025_2t_csv\conjunto_de_datos_ensu_cb_0625\conjunto_de_datos\conjunto_de_datos_ensu_cb_0625.csv
2025-09-09 17:17:18,369 - INFO - Found matching file: data\Archive\conjunto_de_datos_ensu_2025_2t_csv\conjunto_de_datos_ensu_cb_0625\diccionario_de_datos\diccionario_de_datos_ensu_cb_0625.csv
2025-09-09 17:17:18,400 - INFO - Found matching file: data\Archive\Datos abiertos\conjunto_de_datos_CB_ENSU_03_2019\conjunto_de_datos\conjunto_de_datos_cb_ENSU_03_2019.csv
2025-09-09 17:17:18,837 - INFO - Found matching file: data\Archive\Datos abiertos\conjunto_de_datos_CB_ENSU_03_2019\diccionario_de_datos\diccionario_de_datos_cb_ENSU_03_2019.csv
2025-09-09 17:17:18,881 - INFO - Found matching file: data\Archive\__MACOSX\conjunto_de_datos_ensu_01_2015\conjunto_de_datos_cb_ensu_01_2015\conjunto_de_datos\._conjunto_de_datos_cb_ensu_01_2015.csv
2025-09-09 17:17:18,913 - INFO - Found matching file: data\Archive\__MACOSX\conjunto_de_datos_ensu_01_2015\conjunto_de_datos_cb_ensu_01_2015\diccionario_de_datos\._diccionario_de_datos_cb_ensu_01_2015.csv
2025-09-09 17:17:18,923 - INFO - Found matching file: data\Archive\__MACOSX\conjunto_de_datos_ensu_01_2016_csv\conjunto_de_datos_cb_ensu_01_2016\conjunto_de_datos\._conjunto_de_datos_cb_ensu_01_2016.csv
2025-09-09 17:17:18,937 - INFO - Found matching file: data\Archive\__MACOSX\conjunto_de_datos_ensu_01_2016_csv\conjunto_de_datos_cb_ensu_01_2016\diccionario_de_datos\._diccionario_de_datos_cb_ensu_01_2016.csv
2025-09-09 17:17:18,950 - INFO - Found matching file: data\Archive\__MACOSX\conjunto_de_datos_ensu_01_2017_csv\conjunto_de_datos_cb_ensu_01_2017\conjunto_de_datos\._conjunto_de_datos_cb_ensu_01_2017.csv
2025-09-09 17:17:18,967 - INFO - Found matching file: data\Archive\__MACOSX\conjunto_de_datos_ensu_01_2017_csv\conjunto_de_datos_cb_ensu_01_2017\diccionario_de_datos\._diccionario_de_datos_cb_ensu_01_2017.csv
2025-09-09 17:17:18,973 - INFO - Found matching file: data\Archive\__MACOSX\conjunto_de_datos_ensu_02_2015\conjunto_de_datos_cb_ensu_02_2015\conjunto_de_datos\._conjunto_de_datos_cb_ensu_02_2015.csv
2025-09-09 17:17:18,986 - INFO - Found matching file: data\Archive\__MACOSX\conjunto_de_datos_ensu_02_2015\conjunto_de_datos_cb_ensu_02_2015\diccionario_de_datos\._diccionario_de_datos_cb_ensu_02_2015.csv
2025-09-09 17:17:18,996 - INFO - Found matching file: data\Archive\__MACOSX\conjunto_de_datos_ensu_02_2016_csv\conjunto_de_datos_cb_ensu_02_2016\conjunto_de_datos\._conjunto_de_datos_cb_ensu_02_2016.csv
2025-09-09 17:17:19,011 - INFO - Found matching file: data\Archive\__MACOSX\conjunto_de_datos_ensu_02_2016_csv\conjunto_de_datos_cb_ensu_02_2016\diccionario_de_datos\._diccionario_de_datos_cb_ensu_02_2016.csv
2025-09-09 17:17:19,026 - INFO - Found matching file: data\Archive\__MACOSX\conjunto_de_datos_ensu_02_2017_csv\conjunto_de_datos_cb_ensu_02_2017\conjunto_de_datos\._conjunto_de_datos_cb_ensu_02_2017.csv
2025-09-09 17:17:19,042 - INFO - Found matching file: data\Archive\__MACOSX\conjunto_de_datos_ensu_02_2017_csv\conjunto_de_datos_cb_ensu_02_2017\diccionario_de_datos\._diccionario_de_datos_cb_ensu_02_2017.csv
2025-09-09 17:17:19,049 - INFO - Found matching file: data\Archive\__MACOSX\conjunto_de_datos_ensu_03_2015\conjunto_de_datos_cb_ensu_03_2015\conjunto_de_datos\._conjunto_de_datos_cb_ensu_03_2015.csv
2025-09-09 17:17:19,062 - INFO - Found matching file: data\Archive\__MACOSX\conjunto_de_datos_ensu_03_2015\conjunto_de_datos_cb_ensu_03_2015\diccionario_de_datos\._diccionario_de_datos_cb_ensu_03_2015.csv
2025-09-09 17:17:19,072 - INFO - Found matching file: data\Archive\__MACOSX\conjunto_de_datos_ensu_03_2016_csv\conjunto_de_datos_cb_ensu_03_2016\conjunto_de_datos\._conjunto_de_datos_cb_ensu_03_2016.csv
2025-09-09 17:17:19,090 - INFO - Found matching file: data\Archive\__MACOSX\conjunto_de_datos_ensu_03_2016_csv\conjunto_de_datos_cb_ensu_03_2016\diccionario_de_datos\._diccionario_de_datos_cb_ensu_03_2016.csv
2025-09-09 17:17:19,104 - INFO - Found matching file: data\Archive\__MACOSX\conjunto_de_datos_ensu_03_2017_csv\conjunto_de_datos_cb_ensu_03_2017\conjunto_de_datos\._conjunto_de_datos_cb_ensu_03_2017.csv
2025-09-09 17:17:19,124 - INFO - Found matching file: data\Archive\__MACOSX\conjunto_de_datos_ensu_03_2017_csv\conjunto_de_datos_cb_ensu_03_2017\diccionario_de_datos\._diccionario_de_datos_cb_ensu_03_2017.csv
2025-09-09 17:17:19,134 - INFO - Found matching file: data\Archive\__MACOSX\conjunto_de_datos_ensu_04_2015\conjunto_de_datos_cb_ensu_04_2015\conjunto_de_datos\._conjunto_de_datos_cb_ensu_04_2015.csv
2025-09-09 17:17:19,155 - INFO - Found matching file: data\Archive\__MACOSX\conjunto_de_datos_ensu_04_2015\conjunto_de_datos_cb_ensu_04_2015\diccionario_de_datos\._diccionario_de_datos_cb_ensu_04_2015.csv
2025-09-09 17:17:19,167 - INFO - Found matching file: data\Archive\__MACOSX\conjunto_de_datos_ensu_04_2016_csv\conjunto_de_datos_cb_ensu_04_2016\conjunto_de_datos\._conjunto_de_datos_cb_ensu_04_2016.csv
2025-09-09 17:17:19,197 - INFO - Found matching file: data\Archive\__MACOSX\conjunto_de_datos_ensu_04_2016_csv\conjunto_de_datos_cb_ensu_04_2016\diccionario_de_datos\._diccionario_de_datos_cb_ensu_04_2016.csv
2025-09-09 17:17:19,212 - INFO - Found matching file: data\Archive\__MACOSX\conjunto_de_datos_ensu_04_2017_csv\conjunto_de_datos_cb_ensu_04_2017\conjunto_de_datos\._conjunto_de_datos_cb_ensu_04_2017.csv
2025-09-09 17:17:19,238 - INFO - Found matching file: data\Archive\__MACOSX\conjunto_de_datos_ensu_04_2017_csv\conjunto_de_datos_cb_ensu_04_2017\diccionario_de_datos\._diccionario_de_datos_cb_ensu_04_2017.csv
2025-09-09 17:17:19,253 - INFO - Found matching file: data\Archive\__MACOSX\conjunto_de_datos_ensu_2018_1t_csv\ensu_cb_0118\conjunto_de_datos\._ensu_cb_0118.csv
2025-09-09 17:17:19,276 - INFO - Found matching file: data\Archive\__MACOSX\conjunto_de_datos_ensu_2018_1t_csv\ensu_cb_0118\diccionario_de_datos\._diccionario_de_datos_ensu_cb_0118.csv
2025-09-09 17:17:19,288 - INFO - Found matching file: data\Archive\__MACOSX\conjunto_de_datos_ensu_2018_2t_csv\ensu_cb_0218\conjunto_de_datos\._ ensu_cb_0218.csv
2025-09-09 17:17:19,316 - INFO - Found matching file: data\Archive\__MACOSX\conjunto_de_datos_ensu_2018_2t_csv\ensu_cb_0218\diccionario_de_datos\._diccionario_de_datos_ensu_cb_0218.csv
2025-09-09 17:17:19,330 - INFO - Found matching file: data\Archive\__MACOSX\conjunto_de_datos_ensu_2018_3t_csv\conjunto_de_datos_cb_ensu_03_2018\conjunto_de_datos\._conjunto_de_datos_cb_ensu_03_2018.csv
2025-09-09 17:17:19,347 - INFO - Found matching file: data\Archive\__MACOSX\conjunto_de_datos_ensu_2018_3t_csv\conjunto_de_datos_cb_ensu_03_2018\diccionario_de_datos\._diccionario_de_datos_cb_ensu_03_2018.csv
2025-09-09 17:17:19,357 - INFO - Found matching file: data\Archive\__MACOSX\conjunto_de_datos_ensu_2018_4t_csv\conjunto_de_datos_cb_ensu_04_2018\conjunto_de_datos\._conjunto_de_datos_cb_ENSU_04_2018.csv
2025-09-09 17:17:19,379 - INFO - Found matching file: data\Archive\__MACOSX\conjunto_de_datos_ensu_2018_4t_csv\conjunto_de_datos_cb_ensu_04_2018\diccionario_de_datos\._diccionario_de_datos_cb_ENSU_04_2018.csv
2025-09-09 17:17:19,397 - INFO - Found matching file: data\Archive\__MACOSX\conjunto_de_datos_ENSU_2019_1t_csv\conjunto_de_datos_cb_ensu_03_2019\conjunto_de_datos\._conjunto_de_datos_cb_ensu_03_2019.csv
2025-09-09 17:17:19,412 - INFO - Found matching file: data\Archive\__MACOSX\conjunto_de_datos_ENSU_2019_1t_csv\conjunto_de_datos_cb_ensu_03_2019\diccionario_de_datos\._diccionario_de_datos_cb_ensu_03_2019.csv
2025-09-09 17:17:19,421 - INFO - Found matching file: data\Archive\__MACOSX\conjunto_de_datos_ensu_2019_2t_csv\conjunto_de_datos_cb_ENSU_2019_2t\conjunto_de_datos\._conjunto_de_datos_cb_ENSU_2019_2t.csv
2025-09-09 17:17:19,444 - INFO - Found matching file: data\Archive\__MACOSX\conjunto_de_datos_ensu_2019_2t_csv\conjunto_de_datos_cb_ENSU_2019_2t\diccionario_de_datos\._diccionario_de_datos_cb_ENSU_2019_2t.csv
2025-09-09 17:17:19,456 - INFO - Found matching file: data\Archive\__MACOSX\conjunto_de_datos_ensu_2019_4t_csv\conjunto_de_datos_CB_ENSU_04_2019\conjunto_de_datos\._conjunto_de_datos_CB_ENSU_04_2019.csv
2025-09-09 17:17:19,475 - INFO - Found matching file: data\Archive\__MACOSX\conjunto_de_datos_ensu_2019_4t_csv\conjunto_de_datos_CB_ENSU_04_2019\diccionario_de_datos\._diccionario_de_datos_CB_ENSU_04_2019.csv
2025-09-09 17:17:19,487 - INFO - Found matching file: data\Archive\__MACOSX\conjunto_de_datos_ensu_2020_1t_csv\conjunto_de_datos_CB_ENSU_01_2020\conjunto_de_datos\._conjunto_de_datos_CB_ENSU_01_2020.csv
2025-09-09 17:17:19,504 - INFO - Found matching file: data\Archive\__MACOSX\conjunto_de_datos_ensu_2020_1t_csv\conjunto_de_datos_CB_ENSU_01_2020\diccionario_de_datos\._diccionario_de_datos_CB_ENSU_01_2020.csv
2025-09-09 17:17:19,513 - INFO - Found matching file: data\Archive\__MACOSX\conjunto_de_datos_ensu_2020_3t_csv\conjunto_de_datos_CB_SEC1_2_3_ENSU_09_2020\conjunto_de_datos\._conjunto_de_datos_CB_SEC1_2_3_ENSU_09_2020.csv
2025-09-09 17:17:19,527 - INFO - Found matching file: data\Archive\__MACOSX\conjunto_de_datos_ensu_2020_3t_csv\conjunto_de_datos_CB_SEC1_2_3_ENSU_09_2020\diccionario_de_datos\._diccionario_de_datos_CB_SEC1_2_3_ENSU_09_2020.csv
2025-09-09 17:17:19,536 - INFO - Found matching file: data\Archive\__MACOSX\conjunto_de_datos_ensu_2020_3t_csv\conjunto_de_datos_CB_SEC4_ENSU_09_2020\conjunto_de_datos\._conjunto_de_datos_CB_SEC4_ENSU_09_2020.csv
2025-09-09 17:17:19,540 - INFO - Found matching file: data\Archive\__MACOSX\conjunto_de_datos_ensu_2020_3t_csv\conjunto_de_datos_CB_SEC4_ENSU_09_2020\diccionario_de_datos\._diccionario_de_datos_CB_SEC4_ENSU_09_2020.csv
2025-09-09 17:17:19,556 - INFO - Found matching file: data\Archive\__MACOSX\conjunto_de_datos_ensu_2020_4t_csv\conjunto_de_datos_CB_ENSU_12_2020\conjunto_de_datos\._conjunto_de_datos_CB_ENSU_12_2020.csv
2025-09-09 17:17:19,569 - INFO - Found matching file: data\Archive\__MACOSX\conjunto_de_datos_ensu_2020_4t_csv\conjunto_de_datos_CB_ENSU_12_2020\diccionario_de_datos\._diccionario_de_datos_CB_ENSU_12_2020.csv
2025-09-09 17:17:19,581 - INFO - Found matching file: data\Archive\__MACOSX\conjunto_de_datos_ensu_2021_1t_csv\conjunto_de_datos_CB_ENSU_03_2021\conjunto_de_datos\._conjunto_de_datos_CB_ENSU_03_2021.csv
2025-09-09 17:17:19,605 - INFO - Found matching file: data\Archive\__MACOSX\conjunto_de_datos_ensu_2021_1t_csv\conjunto_de_datos_CB_ENSU_03_2021\diccionario_de_datos\._diccionario_de_datos_CB_ENSU_03_2021.csv
2025-09-09 17:17:19,624 - INFO - Found matching file: data\Archive\__MACOSX\conjunto_de_datos_ensu_2021_2t_csv\conjunto_de_datos_CB_ENSU_06_2021\conjunto_de_datos\._conjunto_de_datos_CB_ENSU_06_2021.csv
2025-09-09 17:17:19,648 - INFO - Found matching file: data\Archive\__MACOSX\conjunto_de_datos_ensu_2021_2t_csv\conjunto_de_datos_CB_ENSU_06_2021\diccionario_de_datos\._diccionario_de_datos_CB_ENSU_06_2021.csv
2025-09-09 17:17:19,662 - INFO - Found matching file: data\Archive\__MACOSX\conjunto_de_datos_ensu_2021_3t_csv\conjunto_de_datos_CB_ENSU_09_2021\conjunto_de_datos\._conjunto_de_datos_CB_ENSU_09_2021.csv
2025-09-09 17:17:19,680 - INFO - Found matching file: data\Archive\__MACOSX\conjunto_de_datos_ensu_2021_3t_csv\conjunto_de_datos_CB_ENSU_09_2021\diccionario_de_datos\._diccionario_de_datos_CB_ENSU_09_2021.csv
2025-09-09 17:17:19,694 - INFO - Found matching file: data\Archive\__MACOSX\conjunto_de_datos_ensu_2021_4t_csv\conjunto_de_datos_CB_ENSU_12_2021\conjunto_de_datos\._conjunto_de_datos_CB_ENSU_12_2021.csv
2025-09-09 17:17:19,717 - INFO - Found matching file: data\Archive\__MACOSX\conjunto_de_datos_ensu_2021_4t_csv\conjunto_de_datos_CB_ENSU_12_2021\diccionario_de_datos\._diccionario_de_datos_CB_ENSU_12_2021.csv
2025-09-09 17:17:19,733 - INFO - Found matching file: data\Archive\__MACOSX\conjunto_de_datos_ensu_2022_1t_csv\conjunto_de_datos_ensu_cb_0322\conjunto_de_datos\._conjunto_de_datos_ensu_cb_0322.csv
2025-09-09 17:17:19,757 - INFO - Found matching file: data\Archive\__MACOSX\conjunto_de_datos_ensu_2022_1t_csv\conjunto_de_datos_ensu_cb_0322\diccionario_de_datos\._diccionario_de_datos_ensu_cb_0322.csv
2025-09-09 17:17:19,776 - INFO - Found matching file: data\Archive\__MACOSX\conjunto_de_datos_ensu_2022_2t_csv\conjunto_de_datos_ensu_cb_0622\conjunto_de_datos\._conjunto_de_datos_ensu_cb_0622.csv
2025-09-09 17:17:19,794 - INFO - Found matching file: data\Archive\__MACOSX\conjunto_de_datos_ensu_2022_2t_csv\conjunto_de_datos_ensu_cb_0622\diccionario_de_datos\._diccionario_de_datos_ensu_cb_0622.csv
2025-09-09 17:17:19,800 - INFO - Found matching file: data\Archive\__MACOSX\conjunto_de_datos_ensu_2022_3t_csv\conjunto_de_datos_ensu_cb_0922\conjunto_de_datos\._conjunto_de_datos_ensu_cb_0922.csv
2025-09-09 17:17:19,827 - INFO - Found matching file: data\Archive\__MACOSX\conjunto_de_datos_ensu_2022_3t_csv\conjunto_de_datos_ensu_cb_0922\diccionario_de_datos\._diccionario_de_datos_ensu_cb_0922.csv
2025-09-09 17:17:19,838 - INFO - Found matching file: data\Archive\__MACOSX\conjunto_de_datos_ensu_2022_4t_csv\conjunto_de_datos_ensu_cb_1222\conjunto_de_datos\._conjunto_de_datos_ensu_cb_1222.csv
2025-09-09 17:17:19,851 - INFO - Found matching file: data\Archive\__MACOSX\conjunto_de_datos_ensu_2022_4t_csv\conjunto_de_datos_ensu_cb_1222\diccionario_de_datos\._diccionario_de_datos_ensu_cb_1222.csv
2025-09-09 17:17:19,864 - INFO - Found matching file: data\Archive\__MACOSX\conjunto_de_datos_ensu_2023_1t_csv\conjunto_de_datos_CB_ENSU_03_2023\conjunto_de_datos\._conjunto_de_datos_CB_ENSU_03_2023.csv
2025-09-09 17:17:19,895 - INFO - Found matching file: data\Archive\__MACOSX\conjunto_de_datos_ensu_2023_1t_csv\conjunto_de_datos_CB_ENSU_03_2023\diccionario_de_datos\._diccionario_de_datos_CB_ENSU_03_2023.csv
2025-09-09 17:17:19,908 - INFO - Found matching file: data\Archive\__MACOSX\conjunto_de_datos_ensu_2023_2t_csv\conjunto_de_datos_ensu_cb_0623\conjunto_de_datos\._conjunto_de_datos_ensu_cb_0623.csv
2025-09-09 17:17:19,924 - INFO - Found matching file: data\Archive\__MACOSX\conjunto_de_datos_ensu_2023_2t_csv\conjunto_de_datos_ensu_cb_0623\diccionario_de_datos\._diccionario_de_datos_ensu_cb_0623.csv
2025-09-09 17:17:19,931 - INFO - Found matching file: data\Archive\__MACOSX\conjunto_de_datos_ensu_2023_3t_csv\conjunto_de_datos_ensu_cb_0923\conjunto_de_datos\._conjunto_de_datos_ensu_cb_0923.csv
2025-09-09 17:17:19,958 - INFO - Found matching file: data\Archive\__MACOSX\conjunto_de_datos_ensu_2023_3t_csv\conjunto_de_datos_ensu_cb_0923\diccionario_de_datos\._diccionario_de_datos_ensu_cb_0923.csv
2025-09-09 17:17:19,974 - INFO - Found matching file: data\Archive\__MACOSX\conjunto_de_datos_ensu_2023_4t_csv\conjunto_de_datos_ensu_cb_1223\conjunto_de_datos\._conjunto_de_datos_ensu_cb_1223.csv
2025-09-09 17:17:19,997 - INFO - Found matching file: data\Archive\__MACOSX\conjunto_de_datos_ensu_2023_4t_csv\conjunto_de_datos_ensu_cb_1223\diccionario_de_datos\._diccionario_de_datos_ensu_cb_1223.csv
2025-09-09 17:17:20,019 - INFO - Found matching file: data\Archive\__MACOSX\conjunto_de_datos_ensu_2024_1t_csv\conjunto_de_datos_ensu_cb_0324\conjunto_de_datos\._conjunto_de_datos_ensu_cb_0324.csv
2025-09-09 17:17:20,034 - INFO - Found matching file: data\Archive\__MACOSX\conjunto_de_datos_ensu_2024_1t_csv\conjunto_de_datos_ensu_cb_0324\diccionario_de_datos\._diccionario_de_datos_ensu_cb_0324.csv
2025-09-09 17:17:20,048 - INFO - Found matching file: data\Archive\__MACOSX\conjunto_de_datos_ensu_2024_2t_csv\conjunto_de_datos_ensu_cb_0624\conjunto_de_datos\._conjunto_de_datos_ensu_cb_0624.csv
2025-09-09 17:17:20,063 - INFO - Found matching file: data\Archive\__MACOSX\conjunto_de_datos_ensu_2024_2t_csv\conjunto_de_datos_ensu_cb_0624\diccionario_de_datos\._diccionario_de_datos_ensu_cb_0624.csv
2025-09-09 17:17:20,071 - INFO - Found matching file: data\Archive\__MACOSX\conjunto_de_datos_ensu_2024_3t_csv\conjunto_de_datos_ensu_cb_0924\conjunto_de_datos\._conjunto_de_datos_ensu_cb_0924.csv
2025-09-09 17:17:20,090 - INFO - Found matching file: data\Archive\__MACOSX\conjunto_de_datos_ensu_2024_3t_csv\conjunto_de_datos_ensu_cb_0924\diccionario_de_datos\._diccionario_de_datos_ensu_cb_0924.csv
2025-09-09 17:17:20,105 - INFO - Found matching file: data\Archive\__MACOSX\conjunto_de_datos_ensu_2024_4t_csv\conjunto_de_datos_ensu_cb_1224\conjunto_de_datos\._conjunto_de_datos_ensu_cb_1224.csv
2025-09-09 17:17:20,122 - INFO - Found matching file: data\Archive\__MACOSX\conjunto_de_datos_ensu_2024_4t_csv\conjunto_de_datos_ensu_cb_1224\diccionario_de_datos\._diccionario_de_datos_ensu_cb_1224.csv
2025-09-09 17:17:20,136 - INFO - Found matching file: data\Archive\__MACOSX\conjunto_de_datos_ensu_2025_1t_csv\conjunto_de_datos_ensu_cb_0325\conjunto_de_datos\._conjunto_de_datos_ensu_cb_0325.csv
2025-09-09 17:17:20,154 - INFO - Found matching file: data\Archive\__MACOSX\conjunto_de_datos_ensu_2025_1t_csv\conjunto_de_datos_ensu_cb_0325\diccionario_de_datos\._diccionario_de_datos_ensu_cb_0325.csv
2025-09-09 17:17:20,166 - INFO - Found matching file: data\Archive\__MACOSX\conjunto_de_datos_ensu_2025_2t_csv\conjunto_de_datos_ensu_cb_0625\conjunto_de_datos\._conjunto_de_datos_ensu_cb_0625.csv
2025-09-09 17:17:20,188 - INFO - Found matching file: data\Archive\__MACOSX\conjunto_de_datos_ensu_2025_2t_csv\conjunto_de_datos_ensu_cb_0625\diccionario_de_datos\._diccionario_de_datos_ensu_cb_0625.csv
2025-09-09 17:17:20,202 - INFO - Found matching file: data\Archive\__MACOSX\Datos abiertos\conjunto_de_datos_CB_ENSU_03_2019\conjunto_de_datos\._conjunto_de_datos_cb_ENSU_03_2019.csv
2025-09-09 17:17:20,222 - INFO - Found matching file: data\Archive\__MACOSX\Datos abiertos\conjunto_de_datos_CB_ENSU_03_2019\diccionario_de_datos\._diccionario_de_datos_cb_ENSU_03_2019.csv
2025-09-09 17:17:20,241 - INFO - File mapping complete. Catalog saved to temp\mapeo_archivos.json
