2025-09-10 20:07:37,062 - INFO - Log file for this session: /Users/eli/Documents/UPY/6to/data_mining/data-mining/logs/fase1_mapeo_20250910_200737.log
2025-09-10 20:07:37,062 - INFO - Starting file search in: /Users/eli/Documents/UPY/6to/data_mining/data-mining/data/Archive
2025-09-10 20:07:37,080 - INFO - Found 84 matching CSV files.
2025-09-10 20:07:37,080 - INFO - Processing metadata for: /Users/eli/Documents/UPY/6to/data_mining/data-mining/data/Archive/conjunto_de_datos_ensu_2022_1t_csv/conjunto_de_datos_ensu_cb_0322/diccionario_de_datos/diccionario_de_datos_ensu_cb_0322.csv
2025-09-10 20:07:37,084 - INFO - Processing metadata for: /Users/eli/Documents/UPY/6to/data_mining/data-mining/data/Archive/conjunto_de_datos_ensu_2022_1t_csv/conjunto_de_datos_ensu_cb_0322/conjunto_de_datos/conjunto_de_datos_ensu_cb_0322.csv
2025-09-10 20:07:37,085 - INFO - Processing metadata for: /Users/eli/Documents/UPY/6to/data_mining/data-mining/data/Archive/conjunto_de_datos_ensu_04_2017_csv/conjunto_de_datos_cb_ensu_04_2017/diccionario_de_datos/diccionario_de_datos_cb_ensu_04_2017.csv
2025-09-10 20:07:37,086 - INFO - Processing metadata for: /Users/eli/Documents/UPY/6to/data_mining/data-mining/data/Archive/conjunto_de_datos_ensu_04_2017_csv/conjunto_de_datos_cb_ensu_04_2017/conjunto_de_datos/conjunto_de_datos_cb_ensu_04_2017.csv
2025-09-10 20:07:37,087 - INFO - Processing metadata for: /Users/eli/Documents/UPY/6to/data_mining/data-mining/data/Archive/conjunto_de_datos_ensu_04_2016_csv/conjunto_de_datos_cb_ensu_04_2016/diccionario_de_datos/diccionario_de_datos_cb_ensu_04_2016.csv
2025-09-10 20:07:37,088 - INFO - Processing metadata for: /Users/eli/Documents/UPY/6to/data_mining/data-mining/data/Archive/conjunto_de_datos_ensu_04_2016_csv/conjunto_de_datos_cb_ensu_04_2016/conjunto_de_datos/conjunto_de_datos_cb_ensu_04_2016.csv
2025-09-10 20:07:37,089 - INFO - Processing metadata for: /Users/eli/Documents/UPY/6to/data_mining/data-mining/data/Archive/conjunto_de_datos_ensu_2018_1t_csv/ensu_cb_0118/diccionario_de_datos/diccionario_de_datos_ensu_cb_0118.csv
2025-09-10 20:07:37,090 - INFO - Processing metadata for: /Users/eli/Documents/UPY/6to/data_mining/data-mining/data/Archive/conjunto_de_datos_ensu_2018_1t_csv/ensu_cb_0118/conjunto_de_datos/ensu_cb_0118.csv
2025-09-10 20:07:37,091 - INFO - Processing metadata for: /Users/eli/Documents/UPY/6to/data_mining/data-mining/data/Archive/conjunto_de_datos_ensu_2021_4t_csv/conjunto_de_datos_CB_ENSU_12_2021/diccionario_de_datos/diccionario_de_datos_CB_ENSU_12_2021.csv
2025-09-10 20:07:37,092 - INFO - Processing metadata for: /Users/eli/Documents/UPY/6to/data_mining/data-mining/data/Archive/conjunto_de_datos_ensu_2021_4t_csv/conjunto_de_datos_CB_ENSU_12_2021/conjunto_de_datos/conjunto_de_datos_CB_ENSU_12_2021.csv
2025-09-10 20:07:37,093 - INFO - Processing metadata for: /Users/eli/Documents/UPY/6to/data_mining/data-mining/data/Archive/Datos abiertos/conjunto_de_datos_CB_ENSU_03_2019/diccionario_de_datos/diccionario_de_datos_cb_ENSU_03_2019.csv
2025-09-10 20:07:37,094 - INFO - Processing metadata for: /Users/eli/Documents/UPY/6to/data_mining/data-mining/data/Archive/Datos abiertos/conjunto_de_datos_CB_ENSU_03_2019/conjunto_de_datos/conjunto_de_datos_cb_ENSU_03_2019.csv
2025-09-10 20:07:37,095 - INFO - Processing metadata for: /Users/eli/Documents/UPY/6to/data_mining/data-mining/data/Archive/conjunto_de_datos_ensu_2025_2t_csv/conjunto_de_datos_ensu_cb_0625/diccionario_de_datos/diccionario_de_datos_ensu_cb_0625.csv
2025-09-10 20:07:37,096 - INFO - Processing metadata for: /Users/eli/Documents/UPY/6to/data_mining/data-mining/data/Archive/conjunto_de_datos_ensu_2025_2t_csv/conjunto_de_datos_ensu_cb_0625/conjunto_de_datos/conjunto_de_datos_ensu_cb_0625.csv
2025-09-10 20:07:37,097 - INFO - Processing metadata for: /Users/eli/Documents/UPY/6to/data_mining/data-mining/data/Archive/conjunto_de_datos_ensu_2019_4t_csv/conjunto_de_datos_CB_ENSU_04_2019/diccionario_de_datos/diccionario_de_datos_CB_ENSU_04_2019.csv
2025-09-10 20:07:37,098 - INFO - Processing metadata for: /Users/eli/Documents/UPY/6to/data_mining/data-mining/data/Archive/conjunto_de_datos_ensu_2019_4t_csv/conjunto_de_datos_CB_ENSU_04_2019/conjunto_de_datos/conjunto_de_datos_CB_ENSU_04_2019.csv
2025-09-10 20:07:37,099 - INFO - Processing metadata for: /Users/eli/Documents/UPY/6to/data_mining/data-mining/data/Archive/conjunto_de_datos_ensu_2020_1t_csv/conjunto_de_datos_CB_ENSU_01_2020/diccionario_de_datos/diccionario_de_datos_CB_ENSU_01_2020.csv
2025-09-10 20:07:37,099 - INFO - Processing metadata for: /Users/eli/Documents/UPY/6to/data_mining/data-mining/data/Archive/conjunto_de_datos_ensu_2020_1t_csv/conjunto_de_datos_CB_ENSU_01_2020/conjunto_de_datos/conjunto_de_datos_CB_ENSU_01_2020.csv
2025-09-10 20:07:37,101 - INFO - Processing metadata for: /Users/eli/Documents/UPY/6to/data_mining/data-mining/data/Archive/conjunto_de_datos_ensu_2023_4t_csv/conjunto_de_datos_ensu_cb_1223/diccionario_de_datos/diccionario_de_datos_ensu_cb_1223.csv
2025-09-10 20:07:37,101 - INFO - Processing metadata for: /Users/eli/Documents/UPY/6to/data_mining/data-mining/data/Archive/conjunto_de_datos_ensu_2023_4t_csv/conjunto_de_datos_ensu_cb_1223/conjunto_de_datos/conjunto_de_datos_ensu_cb_1223.csv
2025-09-10 20:07:37,102 - INFO - Processing metadata for: /Users/eli/Documents/UPY/6to/data_mining/data-mining/data/Archive/conjunto_de_datos_ensu_2023_3t_csv/conjunto_de_datos_ensu_cb_0923/diccionario_de_datos/diccionario_de_datos_ensu_cb_0923.csv
2025-09-10 20:07:37,103 - INFO - Processing metadata for: /Users/eli/Documents/UPY/6to/data_mining/data-mining/data/Archive/conjunto_de_datos_ensu_2023_3t_csv/conjunto_de_datos_ensu_cb_0923/conjunto_de_datos/conjunto_de_datos_ensu_cb_0923.csv
2025-09-10 20:07:37,105 - INFO - Processing metadata for: /Users/eli/Documents/UPY/6to/data_mining/data-mining/data/Archive/conjunto_de_datos_ensu_2024_1t_csv/conjunto_de_datos_ensu_cb_0324/diccionario_de_datos/diccionario_de_datos_ensu_cb_0324.csv
2025-09-10 20:07:37,105 - INFO - Processing metadata for: /Users/eli/Documents/UPY/6to/data_mining/data-mining/data/Archive/conjunto_de_datos_ensu_2024_1t_csv/conjunto_de_datos_ensu_cb_0324/conjunto_de_datos/conjunto_de_datos_ensu_cb_0324.csv
2025-09-10 20:07:37,107 - INFO - Processing metadata for: /Users/eli/Documents/UPY/6to/data_mining/data-mining/data/Archive/conjunto_de_datos_ensu_2021_2t_csv/conjunto_de_datos_CB_ENSU_06_2021/diccionario_de_datos/diccionario_de_datos_CB_ENSU_06_2021.csv
2025-09-10 20:07:37,107 - INFO - Processing metadata for: /Users/eli/Documents/UPY/6to/data_mining/data-mining/data/Archive/conjunto_de_datos_ensu_2021_2t_csv/conjunto_de_datos_CB_ENSU_06_2021/conjunto_de_datos/conjunto_de_datos_CB_ENSU_06_2021.csv
2025-09-10 20:07:37,109 - INFO - Processing metadata for: /Users/eli/Documents/UPY/6to/data_mining/data-mining/data/Archive/conjunto_de_datos_ensu_01_2015/conjunto_de_datos_cb_ensu_01_2015/diccionario_de_datos/diccionario_de_datos_cb_ensu_01_2015.csv
2025-09-10 20:07:37,109 - INFO - Processing metadata for: /Users/eli/Documents/UPY/6to/data_mining/data-mining/data/Archive/conjunto_de_datos_ensu_01_2015/conjunto_de_datos_cb_ensu_01_2015/conjunto_de_datos/conjunto_de_datos_cb_ensu_01_2015.csv
2025-09-10 20:07:37,110 - INFO - Processing metadata for: /Users/eli/Documents/UPY/6to/data_mining/data-mining/data/Archive/conjunto_de_datos_ensu_2019_2t_csv/conjunto_de_datos_cb_ENSU_2019_2t/diccionario_de_datos/diccionario_de_datos_cb_ENSU_2019_2t.csv
2025-09-10 20:07:37,111 - INFO - Processing metadata for: /Users/eli/Documents/UPY/6to/data_mining/data-mining/data/Archive/conjunto_de_datos_ensu_2019_2t_csv/conjunto_de_datos_cb_ENSU_2019_2t/conjunto_de_datos/conjunto_de_datos_cb_ENSU_2019_2t.csv
2025-09-10 20:07:37,112 - INFO - Processing metadata for: /Users/eli/Documents/UPY/6to/data_mining/data-mining/data/Archive/conjunto_de_datos_ensu_2021_3t_csv/conjunto_de_datos_CB_ENSU_09_2021/diccionario_de_datos/diccionario_de_datos_CB_ENSU_09_2021.csv
2025-09-10 20:07:37,113 - INFO - Processing metadata for: /Users/eli/Documents/UPY/6to/data_mining/data-mining/data/Archive/conjunto_de_datos_ensu_2021_3t_csv/conjunto_de_datos_CB_ENSU_09_2021/conjunto_de_datos/conjunto_de_datos_CB_ENSU_09_2021.csv
2025-09-10 20:07:37,114 - INFO - Processing metadata for: /Users/eli/Documents/UPY/6to/data_mining/data-mining/data/Archive/conjunto_de_datos_ensu_02_2017_csv/conjunto_de_datos_cb_ensu_02_2017/diccionario_de_datos/diccionario_de_datos_cb_ensu_02_2017.csv
2025-09-10 20:07:37,115 - INFO - Processing metadata for: /Users/eli/Documents/UPY/6to/data_mining/data-mining/data/Archive/conjunto_de_datos_ensu_02_2017_csv/conjunto_de_datos_cb_ensu_02_2017/conjunto_de_datos/conjunto_de_datos_cb_ensu_02_2017.csv
2025-09-10 20:07:37,116 - INFO - Processing metadata for: /Users/eli/Documents/UPY/6to/data_mining/data-mining/data/Archive/conjunto_de_datos_ensu_03_2017_csv/conjunto_de_datos_cb_ensu_03_2017/diccionario_de_datos/diccionario_de_datos_cb_ensu_03_2017.csv
2025-09-10 20:07:37,116 - INFO - Processing metadata for: /Users/eli/Documents/UPY/6to/data_mining/data-mining/data/Archive/conjunto_de_datos_ensu_03_2017_csv/conjunto_de_datos_cb_ensu_03_2017/conjunto_de_datos/conjunto_de_datos_cb_ensu_03_2017.csv
2025-09-10 20:07:37,118 - INFO - Processing metadata for: /Users/eli/Documents/UPY/6to/data_mining/data-mining/data/Archive/conjunto_de_datos_ensu_03_2016_csv/conjunto_de_datos_cb_ensu_03_2016/diccionario_de_datos/diccionario_de_datos_cb_ensu_03_2016.csv
2025-09-10 20:07:37,118 - INFO - Processing metadata for: /Users/eli/Documents/UPY/6to/data_mining/data-mining/data/Archive/conjunto_de_datos_ensu_03_2016_csv/conjunto_de_datos_cb_ensu_03_2016/conjunto_de_datos/conjunto_de_datos_cb_ensu_03_2016.csv
2025-09-10 20:07:37,120 - INFO - Processing metadata for: /Users/eli/Documents/UPY/6to/data_mining/data-mining/data/Archive/conjunto_de_datos_ensu_02_2016_csv/conjunto_de_datos_cb_ensu_02_2016/diccionario_de_datos/diccionario_de_datos_cb_ensu_02_2016.csv
2025-09-10 20:07:37,120 - INFO - Processing metadata for: /Users/eli/Documents/UPY/6to/data_mining/data-mining/data/Archive/conjunto_de_datos_ensu_02_2016_csv/conjunto_de_datos_cb_ensu_02_2016/conjunto_de_datos/conjunto_de_datos_cb_ensu_02_2016.csv
2025-09-10 20:07:37,122 - INFO - Processing metadata for: /Users/eli/Documents/UPY/6to/data_mining/data-mining/data/Archive/conjunto_de_datos_ensu_2023_2t_csv/conjunto_de_datos_ensu_cb_0623/diccionario_de_datos/diccionario_de_datos_ensu_cb_0623.csv
2025-09-10 20:07:37,122 - INFO - Processing metadata for: /Users/eli/Documents/UPY/6to/data_mining/data-mining/data/Archive/conjunto_de_datos_ensu_2023_2t_csv/conjunto_de_datos_ensu_cb_0623/conjunto_de_datos/conjunto_de_datos_ensu_cb_0623.csv
2025-09-10 20:07:37,124 - INFO - Processing metadata for: /Users/eli/Documents/UPY/6to/data_mining/data-mining/data/Archive/conjunto_de_datos_ENSU_2019_1t_csv/conjunto_de_datos_cb_ensu_03_2019/diccionario_de_datos/diccionario_de_datos_cb_ensu_03_2019.csv
2025-09-10 20:07:37,124 - INFO - Processing metadata for: /Users/eli/Documents/UPY/6to/data_mining/data-mining/data/Archive/conjunto_de_datos_ENSU_2019_1t_csv/conjunto_de_datos_cb_ensu_03_2019/conjunto_de_datos/conjunto_de_datos_cb_ensu_03_2019.csv
2025-09-10 20:07:37,125 - INFO - Processing metadata for: /Users/eli/Documents/UPY/6to/data_mining/data-mining/data/Archive/conjunto_de_datos_ensu_2024_3t_csv/conjunto_de_datos_ensu_cb_0924/diccionario_de_datos/diccionario_de_datos_ensu_cb_0924.csv
2025-09-10 20:07:37,126 - INFO - Processing metadata for: /Users/eli/Documents/UPY/6to/data_mining/data-mining/data/Archive/conjunto_de_datos_ensu_2024_3t_csv/conjunto_de_datos_ensu_cb_0924/conjunto_de_datos/conjunto_de_datos_ensu_cb_0924.csv
2025-09-10 20:07:37,127 - INFO - Processing metadata for: /Users/eli/Documents/UPY/6to/data_mining/data-mining/data/Archive/conjunto_de_datos_ensu_2020_4t_csv/conjunto_de_datos_CB_ENSU_12_2020/diccionario_de_datos/diccionario_de_datos_CB_ENSU_12_2020.csv
2025-09-10 20:07:37,128 - INFO - Processing metadata for: /Users/eli/Documents/UPY/6to/data_mining/data-mining/data/Archive/conjunto_de_datos_ensu_2020_4t_csv/conjunto_de_datos_CB_ENSU_12_2020/conjunto_de_datos/conjunto_de_datos_CB_ENSU_12_2020.csv
2025-09-10 20:07:37,130 - INFO - Processing metadata for: /Users/eli/Documents/UPY/6to/data_mining/data-mining/data/Archive/conjunto_de_datos_ensu_2023_1t_csv/conjunto_de_datos_CB_ENSU_03_2023/diccionario_de_datos/diccionario_de_datos_CB_ENSU_03_2023.csv
2025-09-10 20:07:37,130 - INFO - Processing metadata for: /Users/eli/Documents/UPY/6to/data_mining/data-mining/data/Archive/conjunto_de_datos_ensu_2023_1t_csv/conjunto_de_datos_CB_ENSU_03_2023/conjunto_de_datos/conjunto_de_datos_CB_ENSU_03_2023.csv
2025-09-10 20:07:37,131 - INFO - Processing metadata for: /Users/eli/Documents/UPY/6to/data_mining/data-mining/data/Archive/conjunto_de_datos_ensu_02_2015/conjunto_de_datos_cb_ensu_02_2015/diccionario_de_datos/diccionario_de_datos_cb_ensu_02_2015.csv
2025-09-10 20:07:37,132 - INFO - Processing metadata for: /Users/eli/Documents/UPY/6to/data_mining/data-mining/data/Archive/conjunto_de_datos_ensu_02_2015/conjunto_de_datos_cb_ensu_02_2015/conjunto_de_datos/conjunto_de_datos_cb_ensu_02_2015.csv
2025-09-10 20:07:37,133 - INFO - Processing metadata for: /Users/eli/Documents/UPY/6to/data_mining/data-mining/data/Archive/conjunto_de_datos_ensu_03_2015/conjunto_de_datos_cb_ensu_03_2015/diccionario_de_datos/diccionario_de_datos_cb_ensu_03_2015.csv
2025-09-10 20:07:37,133 - INFO - Processing metadata for: /Users/eli/Documents/UPY/6to/data_mining/data-mining/data/Archive/conjunto_de_datos_ensu_03_2015/conjunto_de_datos_cb_ensu_03_2015/conjunto_de_datos/conjunto_de_datos_cb_ensu_03_2015.csv
2025-09-10 20:07:37,134 - INFO - Processing metadata for: /Users/eli/Documents/UPY/6to/data_mining/data-mining/data/Archive/conjunto_de_datos_ensu_2022_4t_csv/conjunto_de_datos_ensu_cb_1222/diccionario_de_datos/diccionario_de_datos_ensu_cb_1222.csv
2025-09-10 20:07:37,135 - INFO - Processing metadata for: /Users/eli/Documents/UPY/6to/data_mining/data-mining/data/Archive/conjunto_de_datos_ensu_2022_4t_csv/conjunto_de_datos_ensu_cb_1222/conjunto_de_datos/conjunto_de_datos_ensu_cb_1222.csv
2025-09-10 20:07:37,136 - INFO - Processing metadata for: /Users/eli/Documents/UPY/6to/data_mining/data-mining/data/Archive/conjunto_de_datos_ensu_2018_4t_csv/conjunto_de_datos_cb_ensu_04_2018/diccionario_de_datos/diccionario_de_datos_cb_ENSU_04_2018.csv
2025-09-10 20:07:37,137 - INFO - Processing metadata for: /Users/eli/Documents/UPY/6to/data_mining/data-mining/data/Archive/conjunto_de_datos_ensu_2018_4t_csv/conjunto_de_datos_cb_ensu_04_2018/conjunto_de_datos/conjunto_de_datos_cb_ENSU_04_2018.csv
2025-09-10 20:07:37,138 - INFO - Processing metadata for: /Users/eli/Documents/UPY/6to/data_mining/data-mining/data/Archive/conjunto_de_datos_ensu_2024_2t_csv/conjunto_de_datos_ensu_cb_0624/diccionario_de_datos/diccionario_de_datos_ensu_cb_0624.csv
2025-09-10 20:07:37,139 - INFO - Processing metadata for: /Users/eli/Documents/UPY/6to/data_mining/data-mining/data/Archive/conjunto_de_datos_ensu_2024_2t_csv/conjunto_de_datos_ensu_cb_0624/conjunto_de_datos/conjunto_de_datos_ensu_cb_0624.csv
2025-09-10 20:07:37,140 - INFO - Processing metadata for: /Users/eli/Documents/UPY/6to/data_mining/data-mining/data/Archive/conjunto_de_datos_ensu_2021_1t_csv/conjunto_de_datos_CB_ENSU_03_2021/diccionario_de_datos/diccionario_de_datos_CB_ENSU_03_2021.csv
2025-09-10 20:07:37,141 - INFO - Processing metadata for: /Users/eli/Documents/UPY/6to/data_mining/data-mining/data/Archive/conjunto_de_datos_ensu_2021_1t_csv/conjunto_de_datos_CB_ENSU_03_2021/conjunto_de_datos/conjunto_de_datos_CB_ENSU_03_2021.csv
2025-09-10 20:07:37,142 - INFO - Processing metadata for: /Users/eli/Documents/UPY/6to/data_mining/data-mining/data/Archive/conjunto_de_datos_ensu_01_2017_csv/conjunto_de_datos_cb_ensu_01_2017/diccionario_de_datos/diccionario_de_datos_cb_ensu_01_2017.csv
2025-09-10 20:07:37,143 - INFO - Processing metadata for: /Users/eli/Documents/UPY/6to/data_mining/data-mining/data/Archive/conjunto_de_datos_ensu_01_2017_csv/conjunto_de_datos_cb_ensu_01_2017/conjunto_de_datos/conjunto_de_datos_cb_ensu_01_2017.csv
2025-09-10 20:07:37,144 - INFO - Processing metadata for: /Users/eli/Documents/UPY/6to/data_mining/data-mining/data/Archive/conjunto_de_datos_ensu_04_2015/conjunto_de_datos_cb_ensu_04_2015/diccionario_de_datos/diccionario_de_datos_cb_ensu_04_2015.csv
2025-09-10 20:07:37,145 - INFO - Processing metadata for: /Users/eli/Documents/UPY/6to/data_mining/data-mining/data/Archive/conjunto_de_datos_ensu_04_2015/conjunto_de_datos_cb_ensu_04_2015/conjunto_de_datos/conjunto_de_datos_cb_ensu_04_2015.csv
2025-09-10 20:07:37,146 - INFO - Processing metadata for: /Users/eli/Documents/UPY/6to/data_mining/data-mining/data/Archive/conjunto_de_datos_ensu_01_2016_csv/conjunto_de_datos_cb_ensu_01_2016/diccionario_de_datos/diccionario_de_datos_cb_ensu_01_2016.csv
2025-09-10 20:07:37,146 - INFO - Processing metadata for: /Users/eli/Documents/UPY/6to/data_mining/data-mining/data/Archive/conjunto_de_datos_ensu_01_2016_csv/conjunto_de_datos_cb_ensu_01_2016/conjunto_de_datos/conjunto_de_datos_cb_ensu_01_2016.csv
2025-09-10 20:07:37,147 - INFO - Processing metadata for: /Users/eli/Documents/UPY/6to/data_mining/data-mining/data/Archive/conjunto_de_datos_ensu_2025_1t_csv/conjunto_de_datos_ensu_cb_0325/diccionario_de_datos/diccionario_de_datos_ensu_cb_0325.csv
2025-09-10 20:07:37,148 - INFO - Processing metadata for: /Users/eli/Documents/UPY/6to/data_mining/data-mining/data/Archive/conjunto_de_datos_ensu_2025_1t_csv/conjunto_de_datos_ensu_cb_0325/conjunto_de_datos/conjunto_de_datos_ensu_cb_0325.csv
2025-09-10 20:07:37,149 - INFO - Processing metadata for: /Users/eli/Documents/UPY/6to/data_mining/data-mining/data/Archive/conjunto_de_datos_ensu_2018_3t_csv/conjunto_de_datos_cb_ensu_03_2018/diccionario_de_datos/diccionario_de_datos_cb_ensu_03_2018.csv
2025-09-10 20:07:37,150 - INFO - Processing metadata for: /Users/eli/Documents/UPY/6to/data_mining/data-mining/data/Archive/conjunto_de_datos_ensu_2018_3t_csv/conjunto_de_datos_cb_ensu_03_2018/conjunto_de_datos/conjunto_de_datos_cb_ensu_03_2018.csv
2025-09-10 20:07:37,151 - INFO - Processing metadata for: /Users/eli/Documents/UPY/6to/data_mining/data-mining/data/Archive/conjunto_de_datos_ensu_2022_3t_csv/conjunto_de_datos_ensu_cb_0922/diccionario_de_datos/diccionario_de_datos_ensu_cb_0922.csv
2025-09-10 20:07:37,152 - INFO - Processing metadata for: /Users/eli/Documents/UPY/6to/data_mining/data-mining/data/Archive/conjunto_de_datos_ensu_2022_3t_csv/conjunto_de_datos_ensu_cb_0922/conjunto_de_datos/conjunto_de_datos_ensu_cb_0922.csv
2025-09-10 20:07:37,153 - INFO - Processing metadata for: /Users/eli/Documents/UPY/6to/data_mining/data-mining/data/Archive/conjunto_de_datos_ensu_2022_2t_csv/conjunto_de_datos_ensu_cb_0622/diccionario_de_datos/diccionario_de_datos_ensu_cb_0622.csv
2025-09-10 20:07:37,154 - INFO - Processing metadata for: /Users/eli/Documents/UPY/6to/data_mining/data-mining/data/Archive/conjunto_de_datos_ensu_2022_2t_csv/conjunto_de_datos_ensu_cb_0622/conjunto_de_datos/conjunto_de_datos_ensu_cb_0622.csv
2025-09-10 20:07:37,155 - INFO - Processing metadata for: /Users/eli/Documents/UPY/6to/data_mining/data-mining/data/Archive/conjunto_de_datos_ensu_2020_3t_csv/conjunto_de_datos_CB_SEC4_ENSU_09_2020/diccionario_de_datos/diccionario_de_datos_CB_SEC4_ENSU_09_2020.csv
2025-09-10 20:07:37,156 - INFO - Processing metadata for: /Users/eli/Documents/UPY/6to/data_mining/data-mining/data/Archive/conjunto_de_datos_ensu_2020_3t_csv/conjunto_de_datos_CB_SEC4_ENSU_09_2020/conjunto_de_datos/conjunto_de_datos_CB_SEC4_ENSU_09_2020.csv
2025-09-10 20:07:37,157 - INFO - Processing metadata for: /Users/eli/Documents/UPY/6to/data_mining/data-mining/data/Archive/conjunto_de_datos_ensu_2020_3t_csv/conjunto_de_datos_CB_SEC1_2_3_ENSU_09_2020/diccionario_de_datos/diccionario_de_datos_CB_SEC1_2_3_ENSU_09_2020.csv
2025-09-10 20:07:37,157 - INFO - Processing metadata for: /Users/eli/Documents/UPY/6to/data_mining/data-mining/data/Archive/conjunto_de_datos_ensu_2020_3t_csv/conjunto_de_datos_CB_SEC1_2_3_ENSU_09_2020/conjunto_de_datos/conjunto_de_datos_CB_SEC1_2_3_ENSU_09_2020.csv
2025-09-10 20:07:37,159 - INFO - Processing metadata for: /Users/eli/Documents/UPY/6to/data_mining/data-mining/data/Archive/conjunto_de_datos_ensu_2018_2t_csv/ensu_cb_0218/diccionario_de_datos/diccionario_de_datos_ensu_cb_0218.csv
2025-09-10 20:07:37,159 - INFO - Processing metadata for: /Users/eli/Documents/UPY/6to/data_mining/data-mining/data/Archive/conjunto_de_datos_ensu_2018_2t_csv/ensu_cb_0218/conjunto_de_datos/ ensu_cb_0218.csv
2025-09-10 20:07:37,161 - INFO - Processing metadata for: /Users/eli/Documents/UPY/6to/data_mining/data-mining/data/Archive/conjunto_de_datos_ensu_2024_4t_csv/conjunto_de_datos_ensu_cb_1224/diccionario_de_datos/diccionario_de_datos_ensu_cb_1224.csv
2025-09-10 20:07:37,161 - INFO - Processing metadata for: /Users/eli/Documents/UPY/6to/data_mining/data-mining/data/Archive/conjunto_de_datos_ensu_2024_4t_csv/conjunto_de_datos_ensu_cb_1224/conjunto_de_datos/conjunto_de_datos_ensu_cb_1224.csv
2025-09-10 20:07:37,163 - INFO - Successfully created JSON catalog at: /Users/eli/Documents/UPY/6to/data_mining/data-mining/temp/mapeo_archivos.json
2025-09-10 20:07:37,163 - INFO - --- Mapping script finished ---
