2025-09-09 17:11:12,288 - INFO - Starting Phase 1: File Mapping and Discovery
2025-09-09 17:11:12,291 - INFO - Found matching file: data\Archive\conjunto_de_datos_ensu_01_2015\conjunto_de_datos_cb_ensu_01_2015\conjunto_de_datos\conjunto_de_datos_cb_ensu_01_2015.csv
2025-09-09 17:11:12,291 - INFO - Found matching file: data\Archive\conjunto_de_datos_ensu_01_2015\conjunto_de_datos_cb_ensu_01_2015\diccionario_de_datos\diccionario_de_datos_cb_ensu_01_2015.csv
2025-09-09 17:11:12,294 - INFO - Found matching file: data\Archive\conjunto_de_datos_ensu_01_2016_csv\conjunto_de_datos_cb_ensu_01_2016\conjunto_de_datos\conjunto_de_datos_cb_ensu_01_2016.csv
2025-09-09 17:11:12,295 - INFO - Found matching file: data\Archive\conjunto_de_datos_ensu_01_2016_csv\conjunto_de_datos_cb_ensu_01_2016\diccionario_de_datos\diccionario_de_datos_cb_ensu_01_2016.csv
2025-09-09 17:11:12,297 - INFO - Found matching file: data\Archive\conjunto_de_datos_ensu_01_2017_csv\conjunto_de_datos_cb_ensu_01_2017\conjunto_de_datos\conjunto_de_datos_cb_ensu_01_2017.csv
2025-09-09 17:11:12,297 - INFO - Found matching file: data\Archive\conjunto_de_datos_ensu_01_2017_csv\conjunto_de_datos_cb_ensu_01_2017\diccionario_de_datos\diccionario_de_datos_cb_ensu_01_2017.csv
2025-09-09 17:11:12,298 - INFO - Found matching file: data\Archive\conjunto_de_datos_ensu_02_2015\conjunto_de_datos_cb_ensu_02_2015\conjunto_de_datos\conjunto_de_datos_cb_ensu_02_2015.csv
2025-09-09 17:11:12,299 - INFO - Found matching file: data\Archive\conjunto_de_datos_ensu_02_2015\conjunto_de_datos_cb_ensu_02_2015\diccionario_de_datos\diccionario_de_datos_cb_ensu_02_2015.csv
2025-09-09 17:11:12,301 - INFO - Found matching file: data\Archive\conjunto_de_datos_ensu_02_2016_csv\conjunto_de_datos_cb_ensu_02_2016\conjunto_de_datos\conjunto_de_datos_cb_ensu_02_2016.csv
2025-09-09 17:11:12,301 - INFO - Found matching file: data\Archive\conjunto_de_datos_ensu_02_2016_csv\conjunto_de_datos_cb_ensu_02_2016\diccionario_de_datos\diccionario_de_datos_cb_ensu_02_2016.csv
2025-09-09 17:11:12,303 - INFO - Found matching file: data\Archive\conjunto_de_datos_ensu_02_2017_csv\conjunto_de_datos_cb_ensu_02_2017\conjunto_de_datos\conjunto_de_datos_cb_ensu_02_2017.csv
2025-09-09 17:11:12,303 - INFO - Found matching file: data\Archive\conjunto_de_datos_ensu_02_2017_csv\conjunto_de_datos_cb_ensu_02_2017\diccionario_de_datos\diccionario_de_datos_cb_ensu_02_2017.csv
2025-09-09 17:11:12,305 - INFO - Found matching file: data\Archive\conjunto_de_datos_ensu_03_2015\conjunto_de_datos_cb_ensu_03_2015\conjunto_de_datos\conjunto_de_datos_cb_ensu_03_2015.csv
2025-09-09 17:11:12,305 - INFO - Found matching file: data\Archive\conjunto_de_datos_ensu_03_2015\conjunto_de_datos_cb_ensu_03_2015\diccionario_de_datos\diccionario_de_datos_cb_ensu_03_2015.csv
2025-09-09 17:11:12,307 - INFO - Found matching file: data\Archive\conjunto_de_datos_ensu_03_2016_csv\conjunto_de_datos_cb_ensu_03_2016\conjunto_de_datos\conjunto_de_datos_cb_ensu_03_2016.csv
2025-09-09 17:11:12,307 - INFO - Found matching file: data\Archive\conjunto_de_datos_ensu_03_2016_csv\conjunto_de_datos_cb_ensu_03_2016\diccionario_de_datos\diccionario_de_datos_cb_ensu_03_2016.csv
2025-09-09 17:11:12,309 - INFO - Found matching file: data\Archive\conjunto_de_datos_ensu_03_2017_csv\conjunto_de_datos_cb_ensu_03_2017\conjunto_de_datos\conjunto_de_datos_cb_ensu_03_2017.csv
2025-09-09 17:11:12,309 - INFO - Found matching file: data\Archive\conjunto_de_datos_ensu_03_2017_csv\conjunto_de_datos_cb_ensu_03_2017\diccionario_de_datos\diccionario_de_datos_cb_ensu_03_2017.csv
2025-09-09 17:11:12,311 - INFO - Found matching file: data\Archive\conjunto_de_datos_ensu_04_2015\conjunto_de_datos_cb_ensu_04_2015\conjunto_de_datos\conjunto_de_datos_cb_ensu_04_2015.csv
2025-09-09 17:11:12,311 - INFO - Found matching file: data\Archive\conjunto_de_datos_ensu_04_2015\conjunto_de_datos_cb_ensu_04_2015\diccionario_de_datos\diccionario_de_datos_cb_ensu_04_2015.csv
2025-09-09 17:11:12,313 - INFO - Found matching file: data\Archive\conjunto_de_datos_ensu_04_2016_csv\conjunto_de_datos_cb_ensu_04_2016\conjunto_de_datos\conjunto_de_datos_cb_ensu_04_2016.csv
2025-09-09 17:11:12,313 - INFO - Found matching file: data\Archive\conjunto_de_datos_ensu_04_2016_csv\conjunto_de_datos_cb_ensu_04_2016\diccionario_de_datos\diccionario_de_datos_cb_ensu_04_2016.csv
2025-09-09 17:11:12,316 - INFO - Found matching file: data\Archive\conjunto_de_datos_ensu_04_2017_csv\conjunto_de_datos_cb_ensu_04_2017\conjunto_de_datos\conjunto_de_datos_cb_ensu_04_2017.csv
2025-09-09 17:11:12,316 - INFO - Found matching file: data\Archive\conjunto_de_datos_ensu_04_2017_csv\conjunto_de_datos_cb_ensu_04_2017\diccionario_de_datos\diccionario_de_datos_cb_ensu_04_2017.csv
2025-09-09 17:11:12,319 - INFO - Found matching file: data\Archive\conjunto_de_datos_ensu_2018_1t_csv\ensu_cb_0118\conjunto_de_datos\ensu_cb_0118.csv
2025-09-09 17:11:12,319 - INFO - Found matching file: data\Archive\conjunto_de_datos_ensu_2018_1t_csv\ensu_cb_0118\diccionario_de_datos\diccionario_de_datos_ensu_cb_0118.csv
2025-09-09 17:11:12,321 - INFO - Found matching file: data\Archive\conjunto_de_datos_ensu_2018_2t_csv\ensu_cb_0218\conjunto_de_datos\ensu_cb_0218.csv
2025-09-09 17:11:12,321 - INFO - Found matching file: data\Archive\conjunto_de_datos_ensu_2018_2t_csv\ensu_cb_0218\diccionario_de_datos\diccionario_de_datos_ensu_cb_0218.csv
2025-09-09 17:11:12,323 - INFO - Found matching file: data\Archive\conjunto_de_datos_ensu_2018_3t_csv\conjunto_de_datos_cb_ensu_03_2018\conjunto_de_datos\conjunto_de_datos_cb_ensu_03_2018.csv
2025-09-09 17:11:12,324 - INFO - Found matching file: data\Archive\conjunto_de_datos_ensu_2018_3t_csv\conjunto_de_datos_cb_ensu_03_2018\diccionario_de_datos\diccionario_de_datos_cb_ensu_03_2018.csv
2025-09-09 17:11:12,326 - INFO - Found matching file: data\Archive\conjunto_de_datos_ensu_2018_4t_csv\conjunto_de_datos_cb_ensu_04_2018\conjunto_de_datos\conjunto_de_datos_cb_ENSU_04_2018.csv
2025-09-09 17:11:12,326 - INFO - Found matching file: data\Archive\conjunto_de_datos_ensu_2018_4t_csv\conjunto_de_datos_cb_ensu_04_2018\diccionario_de_datos\diccionario_de_datos_cb_ENSU_04_2018.csv
2025-09-09 17:11:12,328 - INFO - Found matching file: data\Archive\conjunto_de_datos_ENSU_2019_1t_csv\conjunto_de_datos_cb_ensu_03_2019\conjunto_de_datos\conjunto_de_datos_cb_ensu_03_2019.csv
2025-09-09 17:11:12,328 - INFO - Found matching file: data\Archive\conjunto_de_datos_ENSU_2019_1t_csv\conjunto_de_datos_cb_ensu_03_2019\diccionario_de_datos\diccionario_de_datos_cb_ensu_03_2019.csv
2025-09-09 17:11:12,330 - INFO - Found matching file: data\Archive\conjunto_de_datos_ensu_2019_2t_csv\conjunto_de_datos_cb_ENSU_2019_2t\conjunto_de_datos\conjunto_de_datos_cb_ENSU_2019_2t.csv
2025-09-09 17:11:12,331 - INFO - Found matching file: data\Archive\conjunto_de_datos_ensu_2019_2t_csv\conjunto_de_datos_cb_ENSU_2019_2t\diccionario_de_datos\diccionario_de_datos_cb_ENSU_2019_2t.csv
2025-09-09 17:11:12,332 - INFO - Found matching file: data\Archive\conjunto_de_datos_ensu_2019_4t_csv\conjunto_de_datos_CB_ENSU_04_2019\conjunto_de_datos\conjunto_de_datos_CB_ENSU_04_2019.csv
2025-09-09 17:11:12,333 - INFO - Found matching file: data\Archive\conjunto_de_datos_ensu_2019_4t_csv\conjunto_de_datos_CB_ENSU_04_2019\diccionario_de_datos\diccionario_de_datos_CB_ENSU_04_2019.csv
2025-09-09 17:11:12,336 - INFO - Found matching file: data\Archive\conjunto_de_datos_ensu_2020_1t_csv\conjunto_de_datos_CB_ENSU_01_2020\conjunto_de_datos\conjunto_de_datos_CB_ENSU_01_2020.csv
2025-09-09 17:11:12,336 - INFO - Found matching file: data\Archive\conjunto_de_datos_ensu_2020_1t_csv\conjunto_de_datos_CB_ENSU_01_2020\diccionario_de_datos\diccionario_de_datos_CB_ENSU_01_2020.csv
2025-09-09 17:11:12,339 - INFO - Found matching file: data\Archive\conjunto_de_datos_ensu_2020_3t_csv\conjunto_de_datos_CB_SEC1_2_3_ENSU_09_2020\conjunto_de_datos\conjunto_de_datos_CB_SEC1_2_3_ENSU_09_2020.csv
2025-09-09 17:11:12,340 - INFO - Found matching file: data\Archive\conjunto_de_datos_ensu_2020_3t_csv\conjunto_de_datos_CB_SEC1_2_3_ENSU_09_2020\diccionario_de_datos\diccionario_de_datos_CB_SEC1_2_3_ENSU_09_2020.csv
2025-09-09 17:11:12,341 - INFO - Found matching file: data\Archive\conjunto_de_datos_ensu_2020_3t_csv\conjunto_de_datos_CB_SEC4_ENSU_09_2020\conjunto_de_datos\conjunto_de_datos_CB_SEC4_ENSU_09_2020.csv
2025-09-09 17:11:12,342 - INFO - Found matching file: data\Archive\conjunto_de_datos_ensu_2020_3t_csv\conjunto_de_datos_CB_SEC4_ENSU_09_2020\diccionario_de_datos\diccionario_de_datos_CB_SEC4_ENSU_09_2020.csv
2025-09-09 17:11:12,347 - INFO - Found matching file: data\Archive\conjunto_de_datos_ensu_2020_4t_csv\conjunto_de_datos_CB_ENSU_12_2020\conjunto_de_datos\conjunto_de_datos_CB_ENSU_12_2020.csv
2025-09-09 17:11:12,347 - INFO - Found matching file: data\Archive\conjunto_de_datos_ensu_2020_4t_csv\conjunto_de_datos_CB_ENSU_12_2020\diccionario_de_datos\diccionario_de_datos_CB_ENSU_12_2020.csv
2025-09-09 17:11:12,349 - INFO - Found matching file: data\Archive\conjunto_de_datos_ensu_2021_1t_csv\conjunto_de_datos_CB_ENSU_03_2021\conjunto_de_datos\conjunto_de_datos_CB_ENSU_03_2021.csv
2025-09-09 17:11:12,350 - INFO - Found matching file: data\Archive\conjunto_de_datos_ensu_2021_1t_csv\conjunto_de_datos_CB_ENSU_03_2021\diccionario_de_datos\diccionario_de_datos_CB_ENSU_03_2021.csv
2025-09-09 17:11:12,354 - INFO - Found matching file: data\Archive\conjunto_de_datos_ensu_2021_2t_csv\conjunto_de_datos_CB_ENSU_06_2021\conjunto_de_datos\conjunto_de_datos_CB_ENSU_06_2021.csv
2025-09-09 17:11:12,354 - INFO - Found matching file: data\Archive\conjunto_de_datos_ensu_2021_2t_csv\conjunto_de_datos_CB_ENSU_06_2021\diccionario_de_datos\diccionario_de_datos_CB_ENSU_06_2021.csv
2025-09-09 17:11:12,360 - INFO - Found matching file: data\Archive\conjunto_de_datos_ensu_2021_3t_csv\conjunto_de_datos_CB_ENSU_09_2021\conjunto_de_datos\conjunto_de_datos_CB_ENSU_09_2021.csv
2025-09-09 17:11:12,360 - INFO - Found matching file: data\Archive\conjunto_de_datos_ensu_2021_3t_csv\conjunto_de_datos_CB_ENSU_09_2021\diccionario_de_datos\diccionario_de_datos_CB_ENSU_09_2021.csv
2025-09-09 17:11:12,362 - INFO - Found matching file: data\Archive\conjunto_de_datos_ensu_2021_4t_csv\conjunto_de_datos_CB_ENSU_12_2021\conjunto_de_datos\conjunto_de_datos_CB_ENSU_12_2021.csv
2025-09-09 17:11:12,362 - INFO - Found matching file: data\Archive\conjunto_de_datos_ensu_2021_4t_csv\conjunto_de_datos_CB_ENSU_12_2021\diccionario_de_datos\diccionario_de_datos_CB_ENSU_12_2021.csv
2025-09-09 17:11:12,364 - INFO - Found matching file: data\Archive\conjunto_de_datos_ensu_2022_1t_csv\conjunto_de_datos_ensu_cb_0322\conjunto_de_datos\conjunto_de_datos_ensu_cb_0322.csv
2025-09-09 17:11:12,364 - INFO - Found matching file: data\Archive\conjunto_de_datos_ensu_2022_1t_csv\conjunto_de_datos_ensu_cb_0322\diccionario_de_datos\diccionario_de_datos_ensu_cb_0322.csv
2025-09-09 17:11:12,366 - INFO - Found matching file: data\Archive\conjunto_de_datos_ensu_2022_2t_csv\conjunto_de_datos_ensu_cb_0622\conjunto_de_datos\conjunto_de_datos_ensu_cb_0622.csv
2025-09-09 17:11:12,366 - INFO - Found matching file: data\Archive\conjunto_de_datos_ensu_2022_2t_csv\conjunto_de_datos_ensu_cb_0622\diccionario_de_datos\diccionario_de_datos_ensu_cb_0622.csv
2025-09-09 17:11:12,371 - INFO - Found matching file: data\Archive\conjunto_de_datos_ensu_2022_3t_csv\conjunto_de_datos_ensu_cb_0922\conjunto_de_datos\conjunto_de_datos_ensu_cb_0922.csv
2025-09-09 17:11:12,371 - INFO - Found matching file: data\Archive\conjunto_de_datos_ensu_2022_3t_csv\conjunto_de_datos_ensu_cb_0922\diccionario_de_datos\diccionario_de_datos_ensu_cb_0922.csv
2025-09-09 17:11:12,373 - INFO - Found matching file: data\Archive\conjunto_de_datos_ensu_2022_4t_csv\conjunto_de_datos_ensu_cb_1222\conjunto_de_datos\conjunto_de_datos_ensu_cb_1222.csv
2025-09-09 17:11:12,373 - INFO - Found matching file: data\Archive\conjunto_de_datos_ensu_2022_4t_csv\conjunto_de_datos_ensu_cb_1222\diccionario_de_datos\diccionario_de_datos_ensu_cb_1222.csv
2025-09-09 17:11:12,376 - INFO - Found matching file: data\Archive\conjunto_de_datos_ensu_2023_1t_csv\conjunto_de_datos_CB_ENSU_03_2023\conjunto_de_datos\conjunto_de_datos_CB_ENSU_03_2023.csv
2025-09-09 17:11:12,377 - INFO - Found matching file: data\Archive\conjunto_de_datos_ensu_2023_1t_csv\conjunto_de_datos_CB_ENSU_03_2023\diccionario_de_datos\diccionario_de_datos_CB_ENSU_03_2023.csv
2025-09-09 17:11:12,379 - INFO - Found matching file: data\Archive\conjunto_de_datos_ensu_2023_2t_csv\conjunto_de_datos_ensu_cb_0623\conjunto_de_datos\conjunto_de_datos_ensu_cb_0623.csv
2025-09-09 17:11:12,379 - INFO - Found matching file: data\Archive\conjunto_de_datos_ensu_2023_2t_csv\conjunto_de_datos_ensu_cb_0623\diccionario_de_datos\diccionario_de_datos_ensu_cb_0623.csv
2025-09-09 17:11:12,386 - INFO - Found matching file: data\Archive\conjunto_de_datos_ensu_2023_3t_csv\conjunto_de_datos_ensu_cb_0923\conjunto_de_datos\conjunto_de_datos_ensu_cb_0923.csv
2025-09-09 17:11:12,386 - INFO - Found matching file: data\Archive\conjunto_de_datos_ensu_2023_3t_csv\conjunto_de_datos_ensu_cb_0923\diccionario_de_datos\diccionario_de_datos_ensu_cb_0923.csv
2025-09-09 17:11:12,388 - INFO - Found matching file: data\Archive\conjunto_de_datos_ensu_2023_4t_csv\conjunto_de_datos_ensu_cb_1223\conjunto_de_datos\conjunto_de_datos_ensu_cb_1223.csv
2025-09-09 17:11:12,388 - INFO - Found matching file: data\Archive\conjunto_de_datos_ensu_2023_4t_csv\conjunto_de_datos_ensu_cb_1223\diccionario_de_datos\diccionario_de_datos_ensu_cb_1223.csv
2025-09-09 17:11:12,390 - INFO - Found matching file: data\Archive\conjunto_de_datos_ensu_2024_1t_csv\conjunto_de_datos_ensu_cb_0324\conjunto_de_datos\conjunto_de_datos_ensu_cb_0324.csv
2025-09-09 17:11:12,390 - INFO - Found matching file: data\Archive\conjunto_de_datos_ensu_2024_1t_csv\conjunto_de_datos_ensu_cb_0324\diccionario_de_datos\diccionario_de_datos_ensu_cb_0324.csv
2025-09-09 17:11:12,393 - INFO - Found matching file: data\Archive\conjunto_de_datos_ensu_2024_2t_csv\conjunto_de_datos_ensu_cb_0624\conjunto_de_datos\conjunto_de_datos_ensu_cb_0624.csv
2025-09-09 17:11:12,393 - INFO - Found matching file: data\Archive\conjunto_de_datos_ensu_2024_2t_csv\conjunto_de_datos_ensu_cb_0624\diccionario_de_datos\diccionario_de_datos_ensu_cb_0624.csv
2025-09-09 17:11:12,398 - INFO - Found matching file: data\Archive\conjunto_de_datos_ensu_2024_3t_csv\conjunto_de_datos_ensu_cb_0924\conjunto_de_datos\conjunto_de_datos_ensu_cb_0924.csv
2025-09-09 17:11:12,399 - INFO - Found matching file: data\Archive\conjunto_de_datos_ensu_2024_3t_csv\conjunto_de_datos_ensu_cb_0924\diccionario_de_datos\diccionario_de_datos_ensu_cb_0924.csv
2025-09-09 17:11:12,401 - INFO - Found matching file: data\Archive\conjunto_de_datos_ensu_2024_4t_csv\conjunto_de_datos_ensu_cb_1224\conjunto_de_datos\conjunto_de_datos_ensu_cb_1224.csv
2025-09-09 17:11:12,401 - INFO - Found matching file: data\Archive\conjunto_de_datos_ensu_2024_4t_csv\conjunto_de_datos_ensu_cb_1224\diccionario_de_datos\diccionario_de_datos_ensu_cb_1224.csv
2025-09-09 17:11:12,403 - INFO - Found matching file: data\Archive\conjunto_de_datos_ensu_2025_1t_csv\conjunto_de_datos_ensu_cb_0325\conjunto_de_datos\conjunto_de_datos_ensu_cb_0325.csv
2025-09-09 17:11:12,404 - INFO - Found matching file: data\Archive\conjunto_de_datos_ensu_2025_1t_csv\conjunto_de_datos_ensu_cb_0325\diccionario_de_datos\diccionario_de_datos_ensu_cb_0325.csv
2025-09-09 17:11:12,406 - INFO - Found matching file: data\Archive\conjunto_de_datos_ensu_2025_2t_csv\conjunto_de_datos_ensu_cb_0625\conjunto_de_datos\conjunto_de_datos_ensu_cb_0625.csv
2025-09-09 17:11:12,406 - INFO - Found matching file: data\Archive\conjunto_de_datos_ensu_2025_2t_csv\conjunto_de_datos_ensu_cb_0625\diccionario_de_datos\diccionario_de_datos_ensu_cb_0625.csv
2025-09-09 17:11:12,410 - INFO - Found matching file: data\Archive\Datos abiertos\conjunto_de_datos_CB_ENSU_03_2019\conjunto_de_datos\conjunto_de_datos_cb_ENSU_03_2019.csv
2025-09-09 17:11:12,411 - INFO - Found matching file: data\Archive\Datos abiertos\conjunto_de_datos_CB_ENSU_03_2019\diccionario_de_datos\diccionario_de_datos_cb_ENSU_03_2019.csv
2025-09-09 17:11:12,416 - INFO - Found matching file: data\Archive\__MACOSX\conjunto_de_datos_ensu_01_2015\conjunto_de_datos_cb_ensu_01_2015\conjunto_de_datos\._conjunto_de_datos_cb_ensu_01_2015.csv
2025-09-09 17:11:12,416 - INFO - Found matching file: data\Archive\__MACOSX\conjunto_de_datos_ensu_01_2015\conjunto_de_datos_cb_ensu_01_2015\diccionario_de_datos\._diccionario_de_datos_cb_ensu_01_2015.csv
2025-09-09 17:11:12,421 - INFO - Found matching file: data\Archive\__MACOSX\conjunto_de_datos_ensu_01_2016_csv\conjunto_de_datos_cb_ensu_01_2016\conjunto_de_datos\._conjunto_de_datos_cb_ensu_01_2016.csv
2025-09-09 17:11:12,421 - INFO - Found matching file: data\Archive\__MACOSX\conjunto_de_datos_ensu_01_2016_csv\conjunto_de_datos_cb_ensu_01_2016\diccionario_de_datos\._diccionario_de_datos_cb_ensu_01_2016.csv
2025-09-09 17:11:12,428 - INFO - Found matching file: data\Archive\__MACOSX\conjunto_de_datos_ensu_01_2017_csv\conjunto_de_datos_cb_ensu_01_2017\conjunto_de_datos\._conjunto_de_datos_cb_ensu_01_2017.csv
2025-09-09 17:11:12,429 - INFO - Found matching file: data\Archive\__MACOSX\conjunto_de_datos_ensu_01_2017_csv\conjunto_de_datos_cb_ensu_01_2017\diccionario_de_datos\._diccionario_de_datos_cb_ensu_01_2017.csv
2025-09-09 17:11:12,431 - INFO - Found matching file: data\Archive\__MACOSX\conjunto_de_datos_ensu_02_2015\conjunto_de_datos_cb_ensu_02_2015\conjunto_de_datos\._conjunto_de_datos_cb_ensu_02_2015.csv
2025-09-09 17:11:12,431 - INFO - Found matching file: data\Archive\__MACOSX\conjunto_de_datos_ensu_02_2015\conjunto_de_datos_cb_ensu_02_2015\diccionario_de_datos\._diccionario_de_datos_cb_ensu_02_2015.csv
2025-09-09 17:11:12,439 - INFO - Found matching file: data\Archive\__MACOSX\conjunto_de_datos_ensu_02_2016_csv\conjunto_de_datos_cb_ensu_02_2016\conjunto_de_datos\._conjunto_de_datos_cb_ensu_02_2016.csv
2025-09-09 17:11:12,439 - INFO - Found matching file: data\Archive\__MACOSX\conjunto_de_datos_ensu_02_2016_csv\conjunto_de_datos_cb_ensu_02_2016\diccionario_de_datos\._diccionario_de_datos_cb_ensu_02_2016.csv
2025-09-09 17:11:12,449 - INFO - Found matching file: data\Archive\__MACOSX\conjunto_de_datos_ensu_02_2017_csv\conjunto_de_datos_cb_ensu_02_2017\conjunto_de_datos\._conjunto_de_datos_cb_ensu_02_2017.csv
2025-09-09 17:11:12,449 - INFO - Found matching file: data\Archive\__MACOSX\conjunto_de_datos_ensu_02_2017_csv\conjunto_de_datos_cb_ensu_02_2017\diccionario_de_datos\._diccionario_de_datos_cb_ensu_02_2017.csv
2025-09-09 17:11:12,452 - INFO - Found matching file: data\Archive\__MACOSX\conjunto_de_datos_ensu_03_2015\conjunto_de_datos_cb_ensu_03_2015\conjunto_de_datos\._conjunto_de_datos_cb_ensu_03_2015.csv
2025-09-09 17:11:12,452 - INFO - Found matching file: data\Archive\__MACOSX\conjunto_de_datos_ensu_03_2015\conjunto_de_datos_cb_ensu_03_2015\diccionario_de_datos\._diccionario_de_datos_cb_ensu_03_2015.csv
2025-09-09 17:11:12,460 - INFO - Found matching file: data\Archive\__MACOSX\conjunto_de_datos_ensu_03_2016_csv\conjunto_de_datos_cb_ensu_03_2016\conjunto_de_datos\._conjunto_de_datos_cb_ensu_03_2016.csv
2025-09-09 17:11:12,460 - INFO - Found matching file: data\Archive\__MACOSX\conjunto_de_datos_ensu_03_2016_csv\conjunto_de_datos_cb_ensu_03_2016\diccionario_de_datos\._diccionario_de_datos_cb_ensu_03_2016.csv
2025-09-09 17:11:12,468 - INFO - Found matching file: data\Archive\__MACOSX\conjunto_de_datos_ensu_03_2017_csv\conjunto_de_datos_cb_ensu_03_2017\conjunto_de_datos\._conjunto_de_datos_cb_ensu_03_2017.csv
2025-09-09 17:11:12,469 - INFO - Found matching file: data\Archive\__MACOSX\conjunto_de_datos_ensu_03_2017_csv\conjunto_de_datos_cb_ensu_03_2017\diccionario_de_datos\._diccionario_de_datos_cb_ensu_03_2017.csv
2025-09-09 17:11:12,471 - INFO - Found matching file: data\Archive\__MACOSX\conjunto_de_datos_ensu_04_2015\conjunto_de_datos_cb_ensu_04_2015\conjunto_de_datos\._conjunto_de_datos_cb_ensu_04_2015.csv
2025-09-09 17:11:12,471 - INFO - Found matching file: data\Archive\__MACOSX\conjunto_de_datos_ensu_04_2015\conjunto_de_datos_cb_ensu_04_2015\diccionario_de_datos\._diccionario_de_datos_cb_ensu_04_2015.csv
2025-09-09 17:11:12,477 - INFO - Found matching file: data\Archive\__MACOSX\conjunto_de_datos_ensu_04_2016_csv\conjunto_de_datos_cb_ensu_04_2016\conjunto_de_datos\._conjunto_de_datos_cb_ensu_04_2016.csv
2025-09-09 17:11:12,477 - INFO - Found matching file: data\Archive\__MACOSX\conjunto_de_datos_ensu_04_2016_csv\conjunto_de_datos_cb_ensu_04_2016\diccionario_de_datos\._diccionario_de_datos_cb_ensu_04_2016.csv
2025-09-09 17:11:12,485 - INFO - Found matching file: data\Archive\__MACOSX\conjunto_de_datos_ensu_04_2017_csv\conjunto_de_datos_cb_ensu_04_2017\conjunto_de_datos\._conjunto_de_datos_cb_ensu_04_2017.csv
2025-09-09 17:11:12,485 - INFO - Found matching file: data\Archive\__MACOSX\conjunto_de_datos_ensu_04_2017_csv\conjunto_de_datos_cb_ensu_04_2017\diccionario_de_datos\._diccionario_de_datos_cb_ensu_04_2017.csv
2025-09-09 17:11:12,493 - INFO - Found matching file: data\Archive\__MACOSX\conjunto_de_datos_ensu_2018_1t_csv\ensu_cb_0118\conjunto_de_datos\._ensu_cb_0118.csv
2025-09-09 17:11:12,494 - INFO - Found matching file: data\Archive\__MACOSX\conjunto_de_datos_ensu_2018_1t_csv\ensu_cb_0118\diccionario_de_datos\._diccionario_de_datos_ensu_cb_0118.csv
2025-09-09 17:11:12,502 - INFO - Found matching file: data\Archive\__MACOSX\conjunto_de_datos_ensu_2018_2t_csv\ensu_cb_0218\conjunto_de_datos\._ ensu_cb_0218.csv
2025-09-09 17:11:12,502 - INFO - Found matching file: data\Archive\__MACOSX\conjunto_de_datos_ensu_2018_2t_csv\ensu_cb_0218\diccionario_de_datos\._diccionario_de_datos_ensu_cb_0218.csv
2025-09-09 17:11:12,511 - INFO - Found matching file: data\Archive\__MACOSX\conjunto_de_datos_ensu_2018_3t_csv\conjunto_de_datos_cb_ensu_03_2018\conjunto_de_datos\._conjunto_de_datos_cb_ensu_03_2018.csv
2025-09-09 17:11:12,512 - INFO - Found matching file: data\Archive\__MACOSX\conjunto_de_datos_ensu_2018_3t_csv\conjunto_de_datos_cb_ensu_03_2018\diccionario_de_datos\._diccionario_de_datos_cb_ensu_03_2018.csv
2025-09-09 17:11:12,519 - INFO - Found matching file: data\Archive\__MACOSX\conjunto_de_datos_ensu_2018_4t_csv\conjunto_de_datos_cb_ensu_04_2018\conjunto_de_datos\._conjunto_de_datos_cb_ENSU_04_2018.csv
2025-09-09 17:11:12,519 - INFO - Found matching file: data\Archive\__MACOSX\conjunto_de_datos_ensu_2018_4t_csv\conjunto_de_datos_cb_ensu_04_2018\diccionario_de_datos\._diccionario_de_datos_cb_ENSU_04_2018.csv
2025-09-09 17:11:12,527 - INFO - Found matching file: data\Archive\__MACOSX\conjunto_de_datos_ENSU_2019_1t_csv\conjunto_de_datos_cb_ensu_03_2019\conjunto_de_datos\._conjunto_de_datos_cb_ensu_03_2019.csv
2025-09-09 17:11:12,527 - INFO - Found matching file: data\Archive\__MACOSX\conjunto_de_datos_ENSU_2019_1t_csv\conjunto_de_datos_cb_ensu_03_2019\diccionario_de_datos\._diccionario_de_datos_cb_ensu_03_2019.csv
2025-09-09 17:11:12,534 - INFO - Found matching file: data\Archive\__MACOSX\conjunto_de_datos_ensu_2019_2t_csv\conjunto_de_datos_cb_ENSU_2019_2t\conjunto_de_datos\._conjunto_de_datos_cb_ENSU_2019_2t.csv
2025-09-09 17:11:12,535 - INFO - Found matching file: data\Archive\__MACOSX\conjunto_de_datos_ensu_2019_2t_csv\conjunto_de_datos_cb_ENSU_2019_2t\diccionario_de_datos\._diccionario_de_datos_cb_ENSU_2019_2t.csv
2025-09-09 17:11:12,542 - INFO - Found matching file: data\Archive\__MACOSX\conjunto_de_datos_ensu_2019_4t_csv\conjunto_de_datos_CB_ENSU_04_2019\conjunto_de_datos\._conjunto_de_datos_CB_ENSU_04_2019.csv
2025-09-09 17:11:12,543 - INFO - Found matching file: data\Archive\__MACOSX\conjunto_de_datos_ensu_2019_4t_csv\conjunto_de_datos_CB_ENSU_04_2019\diccionario_de_datos\._diccionario_de_datos_CB_ENSU_04_2019.csv
2025-09-09 17:11:12,550 - INFO - Found matching file: data\Archive\__MACOSX\conjunto_de_datos_ensu_2020_1t_csv\conjunto_de_datos_CB_ENSU_01_2020\conjunto_de_datos\._conjunto_de_datos_CB_ENSU_01_2020.csv
2025-09-09 17:11:12,550 - INFO - Found matching file: data\Archive\__MACOSX\conjunto_de_datos_ensu_2020_1t_csv\conjunto_de_datos_CB_ENSU_01_2020\diccionario_de_datos\._diccionario_de_datos_CB_ENSU_01_2020.csv
2025-09-09 17:11:12,574 - INFO - Found matching file: data\Archive\__MACOSX\conjunto_de_datos_ensu_2020_3t_csv\conjunto_de_datos_CB_SEC1_2_3_ENSU_09_2020\conjunto_de_datos\._conjunto_de_datos_CB_SEC1_2_3_ENSU_09_2020.csv
2025-09-09 17:11:12,575 - INFO - Found matching file: data\Archive\__MACOSX\conjunto_de_datos_ensu_2020_3t_csv\conjunto_de_datos_CB_SEC1_2_3_ENSU_09_2020\diccionario_de_datos\._diccionario_de_datos_CB_SEC1_2_3_ENSU_09_2020.csv
2025-09-09 17:11:12,579 - INFO - Found matching file: data\Archive\__MACOSX\conjunto_de_datos_ensu_2020_3t_csv\conjunto_de_datos_CB_SEC4_ENSU_09_2020\conjunto_de_datos\._conjunto_de_datos_CB_SEC4_ENSU_09_2020.csv
2025-09-09 17:11:12,580 - INFO - Found matching file: data\Archive\__MACOSX\conjunto_de_datos_ensu_2020_3t_csv\conjunto_de_datos_CB_SEC4_ENSU_09_2020\diccionario_de_datos\._diccionario_de_datos_CB_SEC4_ENSU_09_2020.csv
2025-09-09 17:11:12,591 - INFO - Found matching file: data\Archive\__MACOSX\conjunto_de_datos_ensu_2020_4t_csv\conjunto_de_datos_CB_ENSU_12_2020\conjunto_de_datos\._conjunto_de_datos_CB_ENSU_12_2020.csv
2025-09-09 17:11:12,591 - INFO - Found matching file: data\Archive\__MACOSX\conjunto_de_datos_ensu_2020_4t_csv\conjunto_de_datos_CB_ENSU_12_2020\diccionario_de_datos\._diccionario_de_datos_CB_ENSU_12_2020.csv
2025-09-09 17:11:12,600 - INFO - Found matching file: data\Archive\__MACOSX\conjunto_de_datos_ensu_2021_1t_csv\conjunto_de_datos_CB_ENSU_03_2021\conjunto_de_datos\._conjunto_de_datos_CB_ENSU_03_2021.csv
2025-09-09 17:11:12,600 - INFO - Found matching file: data\Archive\__MACOSX\conjunto_de_datos_ensu_2021_1t_csv\conjunto_de_datos_CB_ENSU_03_2021\diccionario_de_datos\._diccionario_de_datos_CB_ENSU_03_2021.csv
2025-09-09 17:11:12,609 - INFO - Found matching file: data\Archive\__MACOSX\conjunto_de_datos_ensu_2021_2t_csv\conjunto_de_datos_CB_ENSU_06_2021\conjunto_de_datos\._conjunto_de_datos_CB_ENSU_06_2021.csv
2025-09-09 17:11:12,610 - INFO - Found matching file: data\Archive\__MACOSX\conjunto_de_datos_ensu_2021_2t_csv\conjunto_de_datos_CB_ENSU_06_2021\diccionario_de_datos\._diccionario_de_datos_CB_ENSU_06_2021.csv
2025-09-09 17:11:12,621 - INFO - Found matching file: data\Archive\__MACOSX\conjunto_de_datos_ensu_2021_3t_csv\conjunto_de_datos_CB_ENSU_09_2021\conjunto_de_datos\._conjunto_de_datos_CB_ENSU_09_2021.csv
2025-09-09 17:11:12,622 - INFO - Found matching file: data\Archive\__MACOSX\conjunto_de_datos_ensu_2021_3t_csv\conjunto_de_datos_CB_ENSU_09_2021\diccionario_de_datos\._diccionario_de_datos_CB_ENSU_09_2021.csv
2025-09-09 17:11:12,631 - INFO - Found matching file: data\Archive\__MACOSX\conjunto_de_datos_ensu_2021_4t_csv\conjunto_de_datos_CB_ENSU_12_2021\conjunto_de_datos\._conjunto_de_datos_CB_ENSU_12_2021.csv
2025-09-09 17:11:12,632 - INFO - Found matching file: data\Archive\__MACOSX\conjunto_de_datos_ensu_2021_4t_csv\conjunto_de_datos_CB_ENSU_12_2021\diccionario_de_datos\._diccionario_de_datos_CB_ENSU_12_2021.csv
2025-09-09 17:11:12,642 - INFO - Found matching file: data\Archive\__MACOSX\conjunto_de_datos_ensu_2022_1t_csv\conjunto_de_datos_ensu_cb_0322\conjunto_de_datos\._conjunto_de_datos_ensu_cb_0322.csv
2025-09-09 17:11:12,643 - INFO - Found matching file: data\Archive\__MACOSX\conjunto_de_datos_ensu_2022_1t_csv\conjunto_de_datos_ensu_cb_0322\diccionario_de_datos\._diccionario_de_datos_ensu_cb_0322.csv
2025-09-09 17:11:12,656 - INFO - Found matching file: data\Archive\__MACOSX\conjunto_de_datos_ensu_2022_2t_csv\conjunto_de_datos_ensu_cb_0622\conjunto_de_datos\._conjunto_de_datos_ensu_cb_0622.csv
2025-09-09 17:11:12,657 - INFO - Found matching file: data\Archive\__MACOSX\conjunto_de_datos_ensu_2022_2t_csv\conjunto_de_datos_ensu_cb_0622\diccionario_de_datos\._diccionario_de_datos_ensu_cb_0622.csv
2025-09-09 17:11:12,669 - INFO - Found matching file: data\Archive\__MACOSX\conjunto_de_datos_ensu_2022_3t_csv\conjunto_de_datos_ensu_cb_0922\conjunto_de_datos\._conjunto_de_datos_ensu_cb_0922.csv
2025-09-09 17:11:12,670 - INFO - Found matching file: data\Archive\__MACOSX\conjunto_de_datos_ensu_2022_3t_csv\conjunto_de_datos_ensu_cb_0922\diccionario_de_datos\._diccionario_de_datos_ensu_cb_0922.csv
2025-09-09 17:11:12,681 - INFO - Found matching file: data\Archive\__MACOSX\conjunto_de_datos_ensu_2022_4t_csv\conjunto_de_datos_ensu_cb_1222\conjunto_de_datos\._conjunto_de_datos_ensu_cb_1222.csv
2025-09-09 17:11:12,682 - INFO - Found matching file: data\Archive\__MACOSX\conjunto_de_datos_ensu_2022_4t_csv\conjunto_de_datos_ensu_cb_1222\diccionario_de_datos\._diccionario_de_datos_ensu_cb_1222.csv
2025-09-09 17:11:12,690 - INFO - Found matching file: data\Archive\__MACOSX\conjunto_de_datos_ensu_2023_1t_csv\conjunto_de_datos_CB_ENSU_03_2023\conjunto_de_datos\._conjunto_de_datos_CB_ENSU_03_2023.csv
2025-09-09 17:11:12,690 - INFO - Found matching file: data\Archive\__MACOSX\conjunto_de_datos_ensu_2023_1t_csv\conjunto_de_datos_CB_ENSU_03_2023\diccionario_de_datos\._diccionario_de_datos_CB_ENSU_03_2023.csv
2025-09-09 17:11:12,697 - INFO - Found matching file: data\Archive\__MACOSX\conjunto_de_datos_ensu_2023_2t_csv\conjunto_de_datos_ensu_cb_0623\conjunto_de_datos\._conjunto_de_datos_ensu_cb_0623.csv
2025-09-09 17:11:12,698 - INFO - Found matching file: data\Archive\__MACOSX\conjunto_de_datos_ensu_2023_2t_csv\conjunto_de_datos_ensu_cb_0623\diccionario_de_datos\._diccionario_de_datos_ensu_cb_0623.csv
2025-09-09 17:11:12,724 - INFO - Found matching file: data\Archive\__MACOSX\conjunto_de_datos_ensu_2023_3t_csv\conjunto_de_datos_ensu_cb_0923\conjunto_de_datos\._conjunto_de_datos_ensu_cb_0923.csv
2025-09-09 17:11:12,724 - INFO - Found matching file: data\Archive\__MACOSX\conjunto_de_datos_ensu_2023_3t_csv\conjunto_de_datos_ensu_cb_0923\diccionario_de_datos\._diccionario_de_datos_ensu_cb_0923.csv
2025-09-09 17:11:12,731 - INFO - Found matching file: data\Archive\__MACOSX\conjunto_de_datos_ensu_2023_4t_csv\conjunto_de_datos_ensu_cb_1223\conjunto_de_datos\._conjunto_de_datos_ensu_cb_1223.csv
2025-09-09 17:11:12,731 - INFO - Found matching file: data\Archive\__MACOSX\conjunto_de_datos_ensu_2023_4t_csv\conjunto_de_datos_ensu_cb_1223\diccionario_de_datos\._diccionario_de_datos_ensu_cb_1223.csv
2025-09-09 17:11:12,741 - INFO - Found matching file: data\Archive\__MACOSX\conjunto_de_datos_ensu_2024_1t_csv\conjunto_de_datos_ensu_cb_0324\conjunto_de_datos\._conjunto_de_datos_ensu_cb_0324.csv
2025-09-09 17:11:12,741 - INFO - Found matching file: data\Archive\__MACOSX\conjunto_de_datos_ensu_2024_1t_csv\conjunto_de_datos_ensu_cb_0324\diccionario_de_datos\._diccionario_de_datos_ensu_cb_0324.csv
2025-09-09 17:11:12,751 - INFO - Found matching file: data\Archive\__MACOSX\conjunto_de_datos_ensu_2024_2t_csv\conjunto_de_datos_ensu_cb_0624\conjunto_de_datos\._conjunto_de_datos_ensu_cb_0624.csv
2025-09-09 17:11:12,752 - INFO - Found matching file: data\Archive\__MACOSX\conjunto_de_datos_ensu_2024_2t_csv\conjunto_de_datos_ensu_cb_0624\diccionario_de_datos\._diccionario_de_datos_ensu_cb_0624.csv
2025-09-09 17:11:12,769 - INFO - Found matching file: data\Archive\__MACOSX\conjunto_de_datos_ensu_2024_3t_csv\conjunto_de_datos_ensu_cb_0924\conjunto_de_datos\._conjunto_de_datos_ensu_cb_0924.csv
2025-09-09 17:11:12,769 - INFO - Found matching file: data\Archive\__MACOSX\conjunto_de_datos_ensu_2024_3t_csv\conjunto_de_datos_ensu_cb_0924\diccionario_de_datos\._diccionario_de_datos_ensu_cb_0924.csv
2025-09-09 17:11:12,778 - INFO - Found matching file: data\Archive\__MACOSX\conjunto_de_datos_ensu_2024_4t_csv\conjunto_de_datos_ensu_cb_1224\conjunto_de_datos\._conjunto_de_datos_ensu_cb_1224.csv
2025-09-09 17:11:12,778 - INFO - Found matching file: data\Archive\__MACOSX\conjunto_de_datos_ensu_2024_4t_csv\conjunto_de_datos_ensu_cb_1224\diccionario_de_datos\._diccionario_de_datos_ensu_cb_1224.csv
2025-09-09 17:11:12,786 - INFO - Found matching file: data\Archive\__MACOSX\conjunto_de_datos_ensu_2025_1t_csv\conjunto_de_datos_ensu_cb_0325\conjunto_de_datos\._conjunto_de_datos_ensu_cb_0325.csv
2025-09-09 17:11:12,787 - INFO - Found matching file: data\Archive\__MACOSX\conjunto_de_datos_ensu_2025_1t_csv\conjunto_de_datos_ensu_cb_0325\diccionario_de_datos\._diccionario_de_datos_ensu_cb_0325.csv
2025-09-09 17:11:12,797 - INFO - Found matching file: data\Archive\__MACOSX\conjunto_de_datos_ensu_2025_2t_csv\conjunto_de_datos_ensu_cb_0625\conjunto_de_datos\._conjunto_de_datos_ensu_cb_0625.csv
2025-09-09 17:11:12,797 - INFO - Found matching file: data\Archive\__MACOSX\conjunto_de_datos_ensu_2025_2t_csv\conjunto_de_datos_ensu_cb_0625\diccionario_de_datos\._diccionario_de_datos_ensu_cb_0625.csv
2025-09-09 17:11:12,806 - INFO - Found matching file: data\Archive\__MACOSX\Datos abiertos\conjunto_de_datos_CB_ENSU_03_2019\conjunto_de_datos\._conjunto_de_datos_cb_ENSU_03_2019.csv
2025-09-09 17:11:12,807 - INFO - Found matching file: data\Archive\__MACOSX\Datos abiertos\conjunto_de_datos_CB_ENSU_03_2019\diccionario_de_datos\._diccionario_de_datos_cb_ENSU_03_2019.csv
2025-09-09 17:11:12,813 - INFO - File mapping complete. Catalog saved to temp\mapeo_archivos.json
