2025-09-09 17:11:57,711 - INFO - Starting Phase 1: File Mapping and Discovery
2025-09-09 17:11:57,715 - INFO - Found matching file: data\Archive\conjunto_de_datos_ensu_01_2015\conjunto_de_datos_cb_ensu_01_2015\conjunto_de_datos\conjunto_de_datos_cb_ensu_01_2015.csv
2025-09-09 17:11:57,715 - INFO - Found matching file: data\Archive\conjunto_de_datos_ensu_01_2015\conjunto_de_datos_cb_ensu_01_2015\diccionario_de_datos\diccionario_de_datos_cb_ensu_01_2015.csv
2025-09-09 17:11:57,717 - INFO - Found matching file: data\Archive\conjunto_de_datos_ensu_01_2016_csv\conjunto_de_datos_cb_ensu_01_2016\conjunto_de_datos\conjunto_de_datos_cb_ensu_01_2016.csv
2025-09-09 17:11:57,719 - INFO - Found matching file: data\Archive\conjunto_de_datos_ensu_01_2016_csv\conjunto_de_datos_cb_ensu_01_2016\diccionario_de_datos\diccionario_de_datos_cb_ensu_01_2016.csv
2025-09-09 17:11:57,722 - INFO - Found matching file: data\Archive\conjunto_de_datos_ensu_01_2017_csv\conjunto_de_datos_cb_ensu_01_2017\conjunto_de_datos\conjunto_de_datos_cb_ensu_01_2017.csv
2025-09-09 17:11:57,723 - INFO - Found matching file: data\Archive\conjunto_de_datos_ensu_01_2017_csv\conjunto_de_datos_cb_ensu_01_2017\diccionario_de_datos\diccionario_de_datos_cb_ensu_01_2017.csv
2025-09-09 17:11:57,726 - INFO - Found matching file: data\Archive\conjunto_de_datos_ensu_02_2015\conjunto_de_datos_cb_ensu_02_2015\conjunto_de_datos\conjunto_de_datos_cb_ensu_02_2015.csv
2025-09-09 17:11:57,727 - INFO - Found matching file: data\Archive\conjunto_de_datos_ensu_02_2015\conjunto_de_datos_cb_ensu_02_2015\diccionario_de_datos\diccionario_de_datos_cb_ensu_02_2015.csv
2025-09-09 17:11:57,729 - INFO - Found matching file: data\Archive\conjunto_de_datos_ensu_02_2016_csv\conjunto_de_datos_cb_ensu_02_2016\conjunto_de_datos\conjunto_de_datos_cb_ensu_02_2016.csv
2025-09-09 17:11:57,729 - INFO - Found matching file: data\Archive\conjunto_de_datos_ensu_02_2016_csv\conjunto_de_datos_cb_ensu_02_2016\diccionario_de_datos\diccionario_de_datos_cb_ensu_02_2016.csv
2025-09-09 17:11:57,732 - INFO - Found matching file: data\Archive\conjunto_de_datos_ensu_02_2017_csv\conjunto_de_datos_cb_ensu_02_2017\conjunto_de_datos\conjunto_de_datos_cb_ensu_02_2017.csv
2025-09-09 17:11:57,733 - INFO - Found matching file: data\Archive\conjunto_de_datos_ensu_02_2017_csv\conjunto_de_datos_cb_ensu_02_2017\diccionario_de_datos\diccionario_de_datos_cb_ensu_02_2017.csv
2025-09-09 17:11:57,736 - INFO - Found matching file: data\Archive\conjunto_de_datos_ensu_03_2015\conjunto_de_datos_cb_ensu_03_2015\conjunto_de_datos\conjunto_de_datos_cb_ensu_03_2015.csv
2025-09-09 17:11:57,737 - INFO - Found matching file: data\Archive\conjunto_de_datos_ensu_03_2015\conjunto_de_datos_cb_ensu_03_2015\diccionario_de_datos\diccionario_de_datos_cb_ensu_03_2015.csv
2025-09-09 17:11:57,740 - INFO - Found matching file: data\Archive\conjunto_de_datos_ensu_03_2016_csv\conjunto_de_datos_cb_ensu_03_2016\conjunto_de_datos\conjunto_de_datos_cb_ensu_03_2016.csv
2025-09-09 17:11:57,741 - INFO - Found matching file: data\Archive\conjunto_de_datos_ensu_03_2016_csv\conjunto_de_datos_cb_ensu_03_2016\diccionario_de_datos\diccionario_de_datos_cb_ensu_03_2016.csv
2025-09-09 17:11:57,746 - INFO - Found matching file: data\Archive\conjunto_de_datos_ensu_03_2017_csv\conjunto_de_datos_cb_ensu_03_2017\conjunto_de_datos\conjunto_de_datos_cb_ensu_03_2017.csv
2025-09-09 17:11:57,746 - INFO - Found matching file: data\Archive\conjunto_de_datos_ensu_03_2017_csv\conjunto_de_datos_cb_ensu_03_2017\diccionario_de_datos\diccionario_de_datos_cb_ensu_03_2017.csv
2025-09-09 17:11:57,751 - INFO - Found matching file: data\Archive\conjunto_de_datos_ensu_04_2015\conjunto_de_datos_cb_ensu_04_2015\conjunto_de_datos\conjunto_de_datos_cb_ensu_04_2015.csv
2025-09-09 17:11:57,752 - INFO - Found matching file: data\Archive\conjunto_de_datos_ensu_04_2015\conjunto_de_datos_cb_ensu_04_2015\diccionario_de_datos\diccionario_de_datos_cb_ensu_04_2015.csv
2025-09-09 17:11:57,759 - INFO - Found matching file: data\Archive\conjunto_de_datos_ensu_04_2016_csv\conjunto_de_datos_cb_ensu_04_2016\conjunto_de_datos\conjunto_de_datos_cb_ensu_04_2016.csv
2025-09-09 17:11:57,760 - INFO - Found matching file: data\Archive\conjunto_de_datos_ensu_04_2016_csv\conjunto_de_datos_cb_ensu_04_2016\diccionario_de_datos\diccionario_de_datos_cb_ensu_04_2016.csv
2025-09-09 17:11:57,765 - INFO - Found matching file: data\Archive\conjunto_de_datos_ensu_04_2017_csv\conjunto_de_datos_cb_ensu_04_2017\conjunto_de_datos\conjunto_de_datos_cb_ensu_04_2017.csv
2025-09-09 17:11:57,765 - INFO - Found matching file: data\Archive\conjunto_de_datos_ensu_04_2017_csv\conjunto_de_datos_cb_ensu_04_2017\diccionario_de_datos\diccionario_de_datos_cb_ensu_04_2017.csv
2025-09-09 17:11:57,769 - INFO - Found matching file: data\Archive\conjunto_de_datos_ensu_2018_1t_csv\ensu_cb_0118\conjunto_de_datos\ensu_cb_0118.csv
2025-09-09 17:11:57,770 - INFO - Found matching file: data\Archive\conjunto_de_datos_ensu_2018_1t_csv\ensu_cb_0118\diccionario_de_datos\diccionario_de_datos_ensu_cb_0118.csv
2025-09-09 17:11:57,772 - INFO - Found matching file: data\Archive\conjunto_de_datos_ensu_2018_2t_csv\ensu_cb_0218\conjunto_de_datos\ensu_cb_0218.csv
2025-09-09 17:11:57,773 - INFO - Found matching file: data\Archive\conjunto_de_datos_ensu_2018_2t_csv\ensu_cb_0218\diccionario_de_datos\diccionario_de_datos_ensu_cb_0218.csv
2025-09-09 17:11:57,775 - INFO - Found matching file: data\Archive\conjunto_de_datos_ensu_2018_3t_csv\conjunto_de_datos_cb_ensu_03_2018\conjunto_de_datos\conjunto_de_datos_cb_ensu_03_2018.csv
2025-09-09 17:11:57,776 - INFO - Found matching file: data\Archive\conjunto_de_datos_ensu_2018_3t_csv\conjunto_de_datos_cb_ensu_03_2018\diccionario_de_datos\diccionario_de_datos_cb_ensu_03_2018.csv
2025-09-09 17:11:57,779 - INFO - Found matching file: data\Archive\conjunto_de_datos_ensu_2018_4t_csv\conjunto_de_datos_cb_ensu_04_2018\conjunto_de_datos\conjunto_de_datos_cb_ENSU_04_2018.csv
2025-09-09 17:11:57,779 - INFO - Found matching file: data\Archive\conjunto_de_datos_ensu_2018_4t_csv\conjunto_de_datos_cb_ensu_04_2018\diccionario_de_datos\diccionario_de_datos_cb_ENSU_04_2018.csv
2025-09-09 17:11:57,785 - INFO - Found matching file: data\Archive\conjunto_de_datos_ENSU_2019_1t_csv\conjunto_de_datos_cb_ensu_03_2019\conjunto_de_datos\conjunto_de_datos_cb_ensu_03_2019.csv
2025-09-09 17:11:57,786 - INFO - Found matching file: data\Archive\conjunto_de_datos_ENSU_2019_1t_csv\conjunto_de_datos_cb_ensu_03_2019\diccionario_de_datos\diccionario_de_datos_cb_ensu_03_2019.csv
2025-09-09 17:11:57,791 - INFO - Found matching file: data\Archive\conjunto_de_datos_ensu_2019_2t_csv\conjunto_de_datos_cb_ENSU_2019_2t\conjunto_de_datos\conjunto_de_datos_cb_ENSU_2019_2t.csv
2025-09-09 17:11:57,792 - INFO - Found matching file: data\Archive\conjunto_de_datos_ensu_2019_2t_csv\conjunto_de_datos_cb_ENSU_2019_2t\diccionario_de_datos\diccionario_de_datos_cb_ENSU_2019_2t.csv
2025-09-09 17:11:57,797 - INFO - Found matching file: data\Archive\conjunto_de_datos_ensu_2019_4t_csv\conjunto_de_datos_CB_ENSU_04_2019\conjunto_de_datos\conjunto_de_datos_CB_ENSU_04_2019.csv
2025-09-09 17:11:57,798 - INFO - Found matching file: data\Archive\conjunto_de_datos_ensu_2019_4t_csv\conjunto_de_datos_CB_ENSU_04_2019\diccionario_de_datos\diccionario_de_datos_CB_ENSU_04_2019.csv
2025-09-09 17:11:57,805 - INFO - Found matching file: data\Archive\conjunto_de_datos_ensu_2020_1t_csv\conjunto_de_datos_CB_ENSU_01_2020\conjunto_de_datos\conjunto_de_datos_CB_ENSU_01_2020.csv
2025-09-09 17:11:57,806 - INFO - Found matching file: data\Archive\conjunto_de_datos_ensu_2020_1t_csv\conjunto_de_datos_CB_ENSU_01_2020\diccionario_de_datos\diccionario_de_datos_CB_ENSU_01_2020.csv
2025-09-09 17:11:57,812 - INFO - Found matching file: data\Archive\conjunto_de_datos_ensu_2020_3t_csv\conjunto_de_datos_CB_SEC1_2_3_ENSU_09_2020\conjunto_de_datos\conjunto_de_datos_CB_SEC1_2_3_ENSU_09_2020.csv
2025-09-09 17:11:57,813 - INFO - Found matching file: data\Archive\conjunto_de_datos_ensu_2020_3t_csv\conjunto_de_datos_CB_SEC1_2_3_ENSU_09_2020\diccionario_de_datos\diccionario_de_datos_CB_SEC1_2_3_ENSU_09_2020.csv
2025-09-09 17:11:57,817 - INFO - Found matching file: data\Archive\conjunto_de_datos_ensu_2020_3t_csv\conjunto_de_datos_CB_SEC4_ENSU_09_2020\conjunto_de_datos\conjunto_de_datos_CB_SEC4_ENSU_09_2020.csv
2025-09-09 17:11:57,818 - INFO - Found matching file: data\Archive\conjunto_de_datos_ensu_2020_3t_csv\conjunto_de_datos_CB_SEC4_ENSU_09_2020\diccionario_de_datos\diccionario_de_datos_CB_SEC4_ENSU_09_2020.csv
2025-09-09 17:11:57,822 - INFO - Found matching file: data\Archive\conjunto_de_datos_ensu_2020_4t_csv\conjunto_de_datos_CB_ENSU_12_2020\conjunto_de_datos\conjunto_de_datos_CB_ENSU_12_2020.csv
2025-09-09 17:11:57,822 - INFO - Found matching file: data\Archive\conjunto_de_datos_ensu_2020_4t_csv\conjunto_de_datos_CB_ENSU_12_2020\diccionario_de_datos\diccionario_de_datos_CB_ENSU_12_2020.csv
2025-09-09 17:11:57,827 - INFO - Found matching file: data\Archive\conjunto_de_datos_ensu_2021_1t_csv\conjunto_de_datos_CB_ENSU_03_2021\conjunto_de_datos\conjunto_de_datos_CB_ENSU_03_2021.csv
2025-09-09 17:11:57,827 - INFO - Found matching file: data\Archive\conjunto_de_datos_ensu_2021_1t_csv\conjunto_de_datos_CB_ENSU_03_2021\diccionario_de_datos\diccionario_de_datos_CB_ENSU_03_2021.csv
2025-09-09 17:11:57,831 - INFO - Found matching file: data\Archive\conjunto_de_datos_ensu_2021_2t_csv\conjunto_de_datos_CB_ENSU_06_2021\conjunto_de_datos\conjunto_de_datos_CB_ENSU_06_2021.csv
2025-09-09 17:11:57,832 - INFO - Found matching file: data\Archive\conjunto_de_datos_ensu_2021_2t_csv\conjunto_de_datos_CB_ENSU_06_2021\diccionario_de_datos\diccionario_de_datos_CB_ENSU_06_2021.csv
2025-09-09 17:11:57,839 - INFO - Found matching file: data\Archive\conjunto_de_datos_ensu_2021_3t_csv\conjunto_de_datos_CB_ENSU_09_2021\conjunto_de_datos\conjunto_de_datos_CB_ENSU_09_2021.csv
2025-09-09 17:11:57,840 - INFO - Found matching file: data\Archive\conjunto_de_datos_ensu_2021_3t_csv\conjunto_de_datos_CB_ENSU_09_2021\diccionario_de_datos\diccionario_de_datos_CB_ENSU_09_2021.csv
2025-09-09 17:11:57,843 - INFO - Found matching file: data\Archive\conjunto_de_datos_ensu_2021_4t_csv\conjunto_de_datos_CB_ENSU_12_2021\conjunto_de_datos\conjunto_de_datos_CB_ENSU_12_2021.csv
2025-09-09 17:11:57,844 - INFO - Found matching file: data\Archive\conjunto_de_datos_ensu_2021_4t_csv\conjunto_de_datos_CB_ENSU_12_2021\diccionario_de_datos\diccionario_de_datos_CB_ENSU_12_2021.csv
2025-09-09 17:11:57,847 - INFO - Found matching file: data\Archive\conjunto_de_datos_ensu_2022_1t_csv\conjunto_de_datos_ensu_cb_0322\conjunto_de_datos\conjunto_de_datos_ensu_cb_0322.csv
2025-09-09 17:11:57,848 - INFO - Found matching file: data\Archive\conjunto_de_datos_ensu_2022_1t_csv\conjunto_de_datos_ensu_cb_0322\diccionario_de_datos\diccionario_de_datos_ensu_cb_0322.csv
2025-09-09 17:11:57,850 - INFO - Found matching file: data\Archive\conjunto_de_datos_ensu_2022_2t_csv\conjunto_de_datos_ensu_cb_0622\conjunto_de_datos\conjunto_de_datos_ensu_cb_0622.csv
2025-09-09 17:11:57,850 - INFO - Found matching file: data\Archive\conjunto_de_datos_ensu_2022_2t_csv\conjunto_de_datos_ensu_cb_0622\diccionario_de_datos\diccionario_de_datos_ensu_cb_0622.csv
2025-09-09 17:11:57,855 - INFO - Found matching file: data\Archive\conjunto_de_datos_ensu_2022_3t_csv\conjunto_de_datos_ensu_cb_0922\conjunto_de_datos\conjunto_de_datos_ensu_cb_0922.csv
2025-09-09 17:11:57,856 - INFO - Found matching file: data\Archive\conjunto_de_datos_ensu_2022_3t_csv\conjunto_de_datos_ensu_cb_0922\diccionario_de_datos\diccionario_de_datos_ensu_cb_0922.csv
2025-09-09 17:11:57,859 - INFO - Found matching file: data\Archive\conjunto_de_datos_ensu_2022_4t_csv\conjunto_de_datos_ensu_cb_1222\conjunto_de_datos\conjunto_de_datos_ensu_cb_1222.csv
2025-09-09 17:11:57,860 - INFO - Found matching file: data\Archive\conjunto_de_datos_ensu_2022_4t_csv\conjunto_de_datos_ensu_cb_1222\diccionario_de_datos\diccionario_de_datos_ensu_cb_1222.csv
2025-09-09 17:11:57,864 - INFO - Found matching file: data\Archive\conjunto_de_datos_ensu_2023_1t_csv\conjunto_de_datos_CB_ENSU_03_2023\conjunto_de_datos\conjunto_de_datos_CB_ENSU_03_2023.csv
2025-09-09 17:11:57,864 - INFO - Found matching file: data\Archive\conjunto_de_datos_ensu_2023_1t_csv\conjunto_de_datos_CB_ENSU_03_2023\diccionario_de_datos\diccionario_de_datos_CB_ENSU_03_2023.csv
2025-09-09 17:11:57,869 - INFO - Found matching file: data\Archive\conjunto_de_datos_ensu_2023_2t_csv\conjunto_de_datos_ensu_cb_0623\conjunto_de_datos\conjunto_de_datos_ensu_cb_0623.csv
2025-09-09 17:11:57,870 - INFO - Found matching file: data\Archive\conjunto_de_datos_ensu_2023_2t_csv\conjunto_de_datos_ensu_cb_0623\diccionario_de_datos\diccionario_de_datos_ensu_cb_0623.csv
2025-09-09 17:11:57,877 - INFO - Found matching file: data\Archive\conjunto_de_datos_ensu_2023_3t_csv\conjunto_de_datos_ensu_cb_0923\conjunto_de_datos\conjunto_de_datos_ensu_cb_0923.csv
2025-09-09 17:11:57,878 - INFO - Found matching file: data\Archive\conjunto_de_datos_ensu_2023_3t_csv\conjunto_de_datos_ensu_cb_0923\diccionario_de_datos\diccionario_de_datos_ensu_cb_0923.csv
2025-09-09 17:11:57,880 - INFO - Found matching file: data\Archive\conjunto_de_datos_ensu_2023_4t_csv\conjunto_de_datos_ensu_cb_1223\conjunto_de_datos\conjunto_de_datos_ensu_cb_1223.csv
2025-09-09 17:11:57,881 - INFO - Found matching file: data\Archive\conjunto_de_datos_ensu_2023_4t_csv\conjunto_de_datos_ensu_cb_1223\diccionario_de_datos\diccionario_de_datos_ensu_cb_1223.csv
2025-09-09 17:11:57,883 - INFO - Found matching file: data\Archive\conjunto_de_datos_ensu_2024_1t_csv\conjunto_de_datos_ensu_cb_0324\conjunto_de_datos\conjunto_de_datos_ensu_cb_0324.csv
2025-09-09 17:11:57,883 - INFO - Found matching file: data\Archive\conjunto_de_datos_ensu_2024_1t_csv\conjunto_de_datos_ensu_cb_0324\diccionario_de_datos\diccionario_de_datos_ensu_cb_0324.csv
2025-09-09 17:11:57,886 - INFO - Found matching file: data\Archive\conjunto_de_datos_ensu_2024_2t_csv\conjunto_de_datos_ensu_cb_0624\conjunto_de_datos\conjunto_de_datos_ensu_cb_0624.csv
2025-09-09 17:11:57,886 - INFO - Found matching file: data\Archive\conjunto_de_datos_ensu_2024_2t_csv\conjunto_de_datos_ensu_cb_0624\diccionario_de_datos\diccionario_de_datos_ensu_cb_0624.csv
2025-09-09 17:11:57,892 - INFO - Found matching file: data\Archive\conjunto_de_datos_ensu_2024_3t_csv\conjunto_de_datos_ensu_cb_0924\conjunto_de_datos\conjunto_de_datos_ensu_cb_0924.csv
2025-09-09 17:11:57,893 - INFO - Found matching file: data\Archive\conjunto_de_datos_ensu_2024_3t_csv\conjunto_de_datos_ensu_cb_0924\diccionario_de_datos\diccionario_de_datos_ensu_cb_0924.csv
2025-09-09 17:11:57,895 - INFO - Found matching file: data\Archive\conjunto_de_datos_ensu_2024_4t_csv\conjunto_de_datos_ensu_cb_1224\conjunto_de_datos\conjunto_de_datos_ensu_cb_1224.csv
2025-09-09 17:11:57,896 - INFO - Found matching file: data\Archive\conjunto_de_datos_ensu_2024_4t_csv\conjunto_de_datos_ensu_cb_1224\diccionario_de_datos\diccionario_de_datos_ensu_cb_1224.csv
2025-09-09 17:11:57,898 - INFO - Found matching file: data\Archive\conjunto_de_datos_ensu_2025_1t_csv\conjunto_de_datos_ensu_cb_0325\conjunto_de_datos\conjunto_de_datos_ensu_cb_0325.csv
2025-09-09 17:11:57,898 - INFO - Found matching file: data\Archive\conjunto_de_datos_ensu_2025_1t_csv\conjunto_de_datos_ensu_cb_0325\diccionario_de_datos\diccionario_de_datos_ensu_cb_0325.csv
2025-09-09 17:11:57,901 - INFO - Found matching file: data\Archive\conjunto_de_datos_ensu_2025_2t_csv\conjunto_de_datos_ensu_cb_0625\conjunto_de_datos\conjunto_de_datos_ensu_cb_0625.csv
2025-09-09 17:11:57,902 - INFO - Found matching file: data\Archive\conjunto_de_datos_ensu_2025_2t_csv\conjunto_de_datos_ensu_cb_0625\diccionario_de_datos\diccionario_de_datos_ensu_cb_0625.csv
2025-09-09 17:11:57,904 - INFO - Found matching file: data\Archive\Datos abiertos\conjunto_de_datos_CB_ENSU_03_2019\conjunto_de_datos\conjunto_de_datos_cb_ENSU_03_2019.csv
2025-09-09 17:11:57,904 - INFO - Found matching file: data\Archive\Datos abiertos\conjunto_de_datos_CB_ENSU_03_2019\diccionario_de_datos\diccionario_de_datos_cb_ENSU_03_2019.csv
2025-09-09 17:11:57,908 - INFO - Found matching file: data\Archive\__MACOSX\conjunto_de_datos_ensu_01_2015\conjunto_de_datos_cb_ensu_01_2015\conjunto_de_datos\._conjunto_de_datos_cb_ensu_01_2015.csv
2025-09-09 17:11:57,908 - INFO - Found matching file: data\Archive\__MACOSX\conjunto_de_datos_ensu_01_2015\conjunto_de_datos_cb_ensu_01_2015\diccionario_de_datos\._diccionario_de_datos_cb_ensu_01_2015.csv
2025-09-09 17:11:57,913 - INFO - Found matching file: data\Archive\__MACOSX\conjunto_de_datos_ensu_01_2016_csv\conjunto_de_datos_cb_ensu_01_2016\conjunto_de_datos\._conjunto_de_datos_cb_ensu_01_2016.csv
2025-09-09 17:11:57,914 - INFO - Found matching file: data\Archive\__MACOSX\conjunto_de_datos_ensu_01_2016_csv\conjunto_de_datos_cb_ensu_01_2016\diccionario_de_datos\._diccionario_de_datos_cb_ensu_01_2016.csv
2025-09-09 17:11:57,921 - INFO - Found matching file: data\Archive\__MACOSX\conjunto_de_datos_ensu_01_2017_csv\conjunto_de_datos_cb_ensu_01_2017\conjunto_de_datos\._conjunto_de_datos_cb_ensu_01_2017.csv
2025-09-09 17:11:57,922 - INFO - Found matching file: data\Archive\__MACOSX\conjunto_de_datos_ensu_01_2017_csv\conjunto_de_datos_cb_ensu_01_2017\diccionario_de_datos\._diccionario_de_datos_cb_ensu_01_2017.csv
2025-09-09 17:11:57,925 - INFO - Found matching file: data\Archive\__MACOSX\conjunto_de_datos_ensu_02_2015\conjunto_de_datos_cb_ensu_02_2015\conjunto_de_datos\._conjunto_de_datos_cb_ensu_02_2015.csv
2025-09-09 17:11:57,926 - INFO - Found matching file: data\Archive\__MACOSX\conjunto_de_datos_ensu_02_2015\conjunto_de_datos_cb_ensu_02_2015\diccionario_de_datos\._diccionario_de_datos_cb_ensu_02_2015.csv
2025-09-09 17:11:57,931 - INFO - Found matching file: data\Archive\__MACOSX\conjunto_de_datos_ensu_02_2016_csv\conjunto_de_datos_cb_ensu_02_2016\conjunto_de_datos\._conjunto_de_datos_cb_ensu_02_2016.csv
2025-09-09 17:11:57,932 - INFO - Found matching file: data\Archive\__MACOSX\conjunto_de_datos_ensu_02_2016_csv\conjunto_de_datos_cb_ensu_02_2016\diccionario_de_datos\._diccionario_de_datos_cb_ensu_02_2016.csv
2025-09-09 17:11:57,940 - INFO - Found matching file: data\Archive\__MACOSX\conjunto_de_datos_ensu_02_2017_csv\conjunto_de_datos_cb_ensu_02_2017\conjunto_de_datos\._conjunto_de_datos_cb_ensu_02_2017.csv
2025-09-09 17:11:57,941 - INFO - Found matching file: data\Archive\__MACOSX\conjunto_de_datos_ensu_02_2017_csv\conjunto_de_datos_cb_ensu_02_2017\diccionario_de_datos\._diccionario_de_datos_cb_ensu_02_2017.csv
2025-09-09 17:11:57,945 - INFO - Found matching file: data\Archive\__MACOSX\conjunto_de_datos_ensu_03_2015\conjunto_de_datos_cb_ensu_03_2015\conjunto_de_datos\._conjunto_de_datos_cb_ensu_03_2015.csv
2025-09-09 17:11:57,945 - INFO - Found matching file: data\Archive\__MACOSX\conjunto_de_datos_ensu_03_2015\conjunto_de_datos_cb_ensu_03_2015\diccionario_de_datos\._diccionario_de_datos_cb_ensu_03_2015.csv
2025-09-09 17:11:57,952 - INFO - Found matching file: data\Archive\__MACOSX\conjunto_de_datos_ensu_03_2016_csv\conjunto_de_datos_cb_ensu_03_2016\conjunto_de_datos\._conjunto_de_datos_cb_ensu_03_2016.csv
2025-09-09 17:11:57,952 - INFO - Found matching file: data\Archive\__MACOSX\conjunto_de_datos_ensu_03_2016_csv\conjunto_de_datos_cb_ensu_03_2016\diccionario_de_datos\._diccionario_de_datos_cb_ensu_03_2016.csv
2025-09-09 17:11:57,961 - INFO - Found matching file: data\Archive\__MACOSX\conjunto_de_datos_ensu_03_2017_csv\conjunto_de_datos_cb_ensu_03_2017\conjunto_de_datos\._conjunto_de_datos_cb_ensu_03_2017.csv
2025-09-09 17:11:57,961 - INFO - Found matching file: data\Archive\__MACOSX\conjunto_de_datos_ensu_03_2017_csv\conjunto_de_datos_cb_ensu_03_2017\diccionario_de_datos\._diccionario_de_datos_cb_ensu_03_2017.csv
2025-09-09 17:11:57,964 - INFO - Found matching file: data\Archive\__MACOSX\conjunto_de_datos_ensu_04_2015\conjunto_de_datos_cb_ensu_04_2015\conjunto_de_datos\._conjunto_de_datos_cb_ensu_04_2015.csv
2025-09-09 17:11:57,965 - INFO - Found matching file: data\Archive\__MACOSX\conjunto_de_datos_ensu_04_2015\conjunto_de_datos_cb_ensu_04_2015\diccionario_de_datos\._diccionario_de_datos_cb_ensu_04_2015.csv
2025-09-09 17:11:57,972 - INFO - Found matching file: data\Archive\__MACOSX\conjunto_de_datos_ensu_04_2016_csv\conjunto_de_datos_cb_ensu_04_2016\conjunto_de_datos\._conjunto_de_datos_cb_ensu_04_2016.csv
2025-09-09 17:11:57,973 - INFO - Found matching file: data\Archive\__MACOSX\conjunto_de_datos_ensu_04_2016_csv\conjunto_de_datos_cb_ensu_04_2016\diccionario_de_datos\._diccionario_de_datos_cb_ensu_04_2016.csv
2025-09-09 17:11:57,981 - INFO - Found matching file: data\Archive\__MACOSX\conjunto_de_datos_ensu_04_2017_csv\conjunto_de_datos_cb_ensu_04_2017\conjunto_de_datos\._conjunto_de_datos_cb_ensu_04_2017.csv
2025-09-09 17:11:57,982 - INFO - Found matching file: data\Archive\__MACOSX\conjunto_de_datos_ensu_04_2017_csv\conjunto_de_datos_cb_ensu_04_2017\diccionario_de_datos\._diccionario_de_datos_cb_ensu_04_2017.csv
2025-09-09 17:11:57,992 - INFO - Found matching file: data\Archive\__MACOSX\conjunto_de_datos_ensu_2018_1t_csv\ensu_cb_0118\conjunto_de_datos\._ensu_cb_0118.csv
2025-09-09 17:11:57,993 - INFO - Found matching file: data\Archive\__MACOSX\conjunto_de_datos_ensu_2018_1t_csv\ensu_cb_0118\diccionario_de_datos\._diccionario_de_datos_ensu_cb_0118.csv
2025-09-09 17:11:58,000 - INFO - Found matching file: data\Archive\__MACOSX\conjunto_de_datos_ensu_2018_2t_csv\ensu_cb_0218\conjunto_de_datos\._ ensu_cb_0218.csv
2025-09-09 17:11:58,001 - INFO - Found matching file: data\Archive\__MACOSX\conjunto_de_datos_ensu_2018_2t_csv\ensu_cb_0218\diccionario_de_datos\._diccionario_de_datos_ensu_cb_0218.csv
2025-09-09 17:11:58,010 - INFO - Found matching file: data\Archive\__MACOSX\conjunto_de_datos_ensu_2018_3t_csv\conjunto_de_datos_cb_ensu_03_2018\conjunto_de_datos\._conjunto_de_datos_cb_ensu_03_2018.csv
2025-09-09 17:11:58,010 - INFO - Found matching file: data\Archive\__MACOSX\conjunto_de_datos_ensu_2018_3t_csv\conjunto_de_datos_cb_ensu_03_2018\diccionario_de_datos\._diccionario_de_datos_cb_ensu_03_2018.csv
2025-09-09 17:11:58,017 - INFO - Found matching file: data\Archive\__MACOSX\conjunto_de_datos_ensu_2018_4t_csv\conjunto_de_datos_cb_ensu_04_2018\conjunto_de_datos\._conjunto_de_datos_cb_ENSU_04_2018.csv
2025-09-09 17:11:58,018 - INFO - Found matching file: data\Archive\__MACOSX\conjunto_de_datos_ensu_2018_4t_csv\conjunto_de_datos_cb_ensu_04_2018\diccionario_de_datos\._diccionario_de_datos_cb_ENSU_04_2018.csv
2025-09-09 17:11:58,027 - INFO - Found matching file: data\Archive\__MACOSX\conjunto_de_datos_ENSU_2019_1t_csv\conjunto_de_datos_cb_ensu_03_2019\conjunto_de_datos\._conjunto_de_datos_cb_ensu_03_2019.csv
2025-09-09 17:11:58,028 - INFO - Found matching file: data\Archive\__MACOSX\conjunto_de_datos_ENSU_2019_1t_csv\conjunto_de_datos_cb_ensu_03_2019\diccionario_de_datos\._diccionario_de_datos_cb_ensu_03_2019.csv
2025-09-09 17:11:58,036 - INFO - Found matching file: data\Archive\__MACOSX\conjunto_de_datos_ensu_2019_2t_csv\conjunto_de_datos_cb_ENSU_2019_2t\conjunto_de_datos\._conjunto_de_datos_cb_ENSU_2019_2t.csv
2025-09-09 17:11:58,036 - INFO - Found matching file: data\Archive\__MACOSX\conjunto_de_datos_ensu_2019_2t_csv\conjunto_de_datos_cb_ENSU_2019_2t\diccionario_de_datos\._diccionario_de_datos_cb_ENSU_2019_2t.csv
2025-09-09 17:11:58,045 - INFO - Found matching file: data\Archive\__MACOSX\conjunto_de_datos_ensu_2019_4t_csv\conjunto_de_datos_CB_ENSU_04_2019\conjunto_de_datos\._conjunto_de_datos_CB_ENSU_04_2019.csv
2025-09-09 17:11:58,045 - INFO - Found matching file: data\Archive\__MACOSX\conjunto_de_datos_ensu_2019_4t_csv\conjunto_de_datos_CB_ENSU_04_2019\diccionario_de_datos\._diccionario_de_datos_CB_ENSU_04_2019.csv
2025-09-09 17:11:58,055 - INFO - Found matching file: data\Archive\__MACOSX\conjunto_de_datos_ensu_2020_1t_csv\conjunto_de_datos_CB_ENSU_01_2020\conjunto_de_datos\._conjunto_de_datos_CB_ENSU_01_2020.csv
2025-09-09 17:11:58,055 - INFO - Found matching file: data\Archive\__MACOSX\conjunto_de_datos_ensu_2020_1t_csv\conjunto_de_datos_CB_ENSU_01_2020\diccionario_de_datos\._diccionario_de_datos_CB_ENSU_01_2020.csv
2025-09-09 17:11:58,059 - INFO - Found matching file: data\Archive\__MACOSX\conjunto_de_datos_ensu_2020_3t_csv\conjunto_de_datos_CB_SEC1_2_3_ENSU_09_2020\conjunto_de_datos\._conjunto_de_datos_CB_SEC1_2_3_ENSU_09_2020.csv
2025-09-09 17:11:58,060 - INFO - Found matching file: data\Archive\__MACOSX\conjunto_de_datos_ensu_2020_3t_csv\conjunto_de_datos_CB_SEC1_2_3_ENSU_09_2020\diccionario_de_datos\._diccionario_de_datos_CB_SEC1_2_3_ENSU_09_2020.csv
2025-09-09 17:11:58,064 - INFO - Found matching file: data\Archive\__MACOSX\conjunto_de_datos_ensu_2020_3t_csv\conjunto_de_datos_CB_SEC4_ENSU_09_2020\conjunto_de_datos\._conjunto_de_datos_CB_SEC4_ENSU_09_2020.csv
2025-09-09 17:11:58,065 - INFO - Found matching file: data\Archive\__MACOSX\conjunto_de_datos_ensu_2020_3t_csv\conjunto_de_datos_CB_SEC4_ENSU_09_2020\diccionario_de_datos\._diccionario_de_datos_CB_SEC4_ENSU_09_2020.csv
2025-09-09 17:11:58,079 - INFO - Found matching file: data\Archive\__MACOSX\conjunto_de_datos_ensu_2020_4t_csv\conjunto_de_datos_CB_ENSU_12_2020\conjunto_de_datos\._conjunto_de_datos_CB_ENSU_12_2020.csv
2025-09-09 17:11:58,080 - INFO - Found matching file: data\Archive\__MACOSX\conjunto_de_datos_ensu_2020_4t_csv\conjunto_de_datos_CB_ENSU_12_2020\diccionario_de_datos\._diccionario_de_datos_CB_ENSU_12_2020.csv
2025-09-09 17:11:58,090 - INFO - Found matching file: data\Archive\__MACOSX\conjunto_de_datos_ensu_2021_1t_csv\conjunto_de_datos_CB_ENSU_03_2021\conjunto_de_datos\._conjunto_de_datos_CB_ENSU_03_2021.csv
2025-09-09 17:11:58,091 - INFO - Found matching file: data\Archive\__MACOSX\conjunto_de_datos_ensu_2021_1t_csv\conjunto_de_datos_CB_ENSU_03_2021\diccionario_de_datos\._diccionario_de_datos_CB_ENSU_03_2021.csv
2025-09-09 17:11:58,100 - INFO - Found matching file: data\Archive\__MACOSX\conjunto_de_datos_ensu_2021_2t_csv\conjunto_de_datos_CB_ENSU_06_2021\conjunto_de_datos\._conjunto_de_datos_CB_ENSU_06_2021.csv
2025-09-09 17:11:58,101 - INFO - Found matching file: data\Archive\__MACOSX\conjunto_de_datos_ensu_2021_2t_csv\conjunto_de_datos_CB_ENSU_06_2021\diccionario_de_datos\._diccionario_de_datos_CB_ENSU_06_2021.csv
2025-09-09 17:11:58,104 - INFO - Found matching file: data\Archive\__MACOSX\conjunto_de_datos_ensu_2021_3t_csv\conjunto_de_datos_CB_ENSU_09_2021\conjunto_de_datos\._conjunto_de_datos_CB_ENSU_09_2021.csv
2025-09-09 17:11:58,105 - INFO - Found matching file: data\Archive\__MACOSX\conjunto_de_datos_ensu_2021_3t_csv\conjunto_de_datos_CB_ENSU_09_2021\diccionario_de_datos\._diccionario_de_datos_CB_ENSU_09_2021.csv
2025-09-09 17:11:58,115 - INFO - Found matching file: data\Archive\__MACOSX\conjunto_de_datos_ensu_2021_4t_csv\conjunto_de_datos_CB_ENSU_12_2021\conjunto_de_datos\._conjunto_de_datos_CB_ENSU_12_2021.csv
2025-09-09 17:11:58,116 - INFO - Found matching file: data\Archive\__MACOSX\conjunto_de_datos_ensu_2021_4t_csv\conjunto_de_datos_CB_ENSU_12_2021\diccionario_de_datos\._diccionario_de_datos_CB_ENSU_12_2021.csv
2025-09-09 17:11:58,127 - INFO - Found matching file: data\Archive\__MACOSX\conjunto_de_datos_ensu_2022_1t_csv\conjunto_de_datos_ensu_cb_0322\conjunto_de_datos\._conjunto_de_datos_ensu_cb_0322.csv
2025-09-09 17:11:58,128 - INFO - Found matching file: data\Archive\__MACOSX\conjunto_de_datos_ensu_2022_1t_csv\conjunto_de_datos_ensu_cb_0322\diccionario_de_datos\._diccionario_de_datos_ensu_cb_0322.csv
2025-09-09 17:11:58,138 - INFO - Found matching file: data\Archive\__MACOSX\conjunto_de_datos_ensu_2022_2t_csv\conjunto_de_datos_ensu_cb_0622\conjunto_de_datos\._conjunto_de_datos_ensu_cb_0622.csv
2025-09-09 17:11:58,138 - INFO - Found matching file: data\Archive\__MACOSX\conjunto_de_datos_ensu_2022_2t_csv\conjunto_de_datos_ensu_cb_0622\diccionario_de_datos\._diccionario_de_datos_ensu_cb_0622.csv
2025-09-09 17:11:58,142 - INFO - Found matching file: data\Archive\__MACOSX\conjunto_de_datos_ensu_2022_3t_csv\conjunto_de_datos_ensu_cb_0922\conjunto_de_datos\._conjunto_de_datos_ensu_cb_0922.csv
2025-09-09 17:11:58,143 - INFO - Found matching file: data\Archive\__MACOSX\conjunto_de_datos_ensu_2022_3t_csv\conjunto_de_datos_ensu_cb_0922\diccionario_de_datos\._diccionario_de_datos_ensu_cb_0922.csv
2025-09-09 17:11:58,153 - INFO - Found matching file: data\Archive\__MACOSX\conjunto_de_datos_ensu_2022_4t_csv\conjunto_de_datos_ensu_cb_1222\conjunto_de_datos\._conjunto_de_datos_ensu_cb_1222.csv
2025-09-09 17:11:58,153 - INFO - Found matching file: data\Archive\__MACOSX\conjunto_de_datos_ensu_2022_4t_csv\conjunto_de_datos_ensu_cb_1222\diccionario_de_datos\._diccionario_de_datos_ensu_cb_1222.csv
2025-09-09 17:11:58,162 - INFO - Found matching file: data\Archive\__MACOSX\conjunto_de_datos_ensu_2023_1t_csv\conjunto_de_datos_CB_ENSU_03_2023\conjunto_de_datos\._conjunto_de_datos_CB_ENSU_03_2023.csv
2025-09-09 17:11:58,163 - INFO - Found matching file: data\Archive\__MACOSX\conjunto_de_datos_ensu_2023_1t_csv\conjunto_de_datos_CB_ENSU_03_2023\diccionario_de_datos\._diccionario_de_datos_CB_ENSU_03_2023.csv
2025-09-09 17:11:58,173 - INFO - Found matching file: data\Archive\__MACOSX\conjunto_de_datos_ensu_2023_2t_csv\conjunto_de_datos_ensu_cb_0623\conjunto_de_datos\._conjunto_de_datos_ensu_cb_0623.csv
2025-09-09 17:11:58,173 - INFO - Found matching file: data\Archive\__MACOSX\conjunto_de_datos_ensu_2023_2t_csv\conjunto_de_datos_ensu_cb_0623\diccionario_de_datos\._diccionario_de_datos_ensu_cb_0623.csv
2025-09-09 17:11:58,179 - INFO - Found matching file: data\Archive\__MACOSX\conjunto_de_datos_ensu_2023_3t_csv\conjunto_de_datos_ensu_cb_0923\conjunto_de_datos\._conjunto_de_datos_ensu_cb_0923.csv
2025-09-09 17:11:58,179 - INFO - Found matching file: data\Archive\__MACOSX\conjunto_de_datos_ensu_2023_3t_csv\conjunto_de_datos_ensu_cb_0923\diccionario_de_datos\._diccionario_de_datos_ensu_cb_0923.csv
2025-09-09 17:11:58,189 - INFO - Found matching file: data\Archive\__MACOSX\conjunto_de_datos_ensu_2023_4t_csv\conjunto_de_datos_ensu_cb_1223\conjunto_de_datos\._conjunto_de_datos_ensu_cb_1223.csv
2025-09-09 17:11:58,190 - INFO - Found matching file: data\Archive\__MACOSX\conjunto_de_datos_ensu_2023_4t_csv\conjunto_de_datos_ensu_cb_1223\diccionario_de_datos\._diccionario_de_datos_ensu_cb_1223.csv
2025-09-09 17:11:58,200 - INFO - Found matching file: data\Archive\__MACOSX\conjunto_de_datos_ensu_2024_1t_csv\conjunto_de_datos_ensu_cb_0324\conjunto_de_datos\._conjunto_de_datos_ensu_cb_0324.csv
2025-09-09 17:11:58,201 - INFO - Found matching file: data\Archive\__MACOSX\conjunto_de_datos_ensu_2024_1t_csv\conjunto_de_datos_ensu_cb_0324\diccionario_de_datos\._diccionario_de_datos_ensu_cb_0324.csv
2025-09-09 17:11:58,214 - INFO - Found matching file: data\Archive\__MACOSX\conjunto_de_datos_ensu_2024_2t_csv\conjunto_de_datos_ensu_cb_0624\conjunto_de_datos\._conjunto_de_datos_ensu_cb_0624.csv
2025-09-09 17:11:58,214 - INFO - Found matching file: data\Archive\__MACOSX\conjunto_de_datos_ensu_2024_2t_csv\conjunto_de_datos_ensu_cb_0624\diccionario_de_datos\._diccionario_de_datos_ensu_cb_0624.csv
2025-09-09 17:11:58,219 - INFO - Found matching file: data\Archive\__MACOSX\conjunto_de_datos_ensu_2024_3t_csv\conjunto_de_datos_ensu_cb_0924\conjunto_de_datos\._conjunto_de_datos_ensu_cb_0924.csv
2025-09-09 17:11:58,220 - INFO - Found matching file: data\Archive\__MACOSX\conjunto_de_datos_ensu_2024_3t_csv\conjunto_de_datos_ensu_cb_0924\diccionario_de_datos\._diccionario_de_datos_ensu_cb_0924.csv
2025-09-09 17:11:58,231 - INFO - Found matching file: data\Archive\__MACOSX\conjunto_de_datos_ensu_2024_4t_csv\conjunto_de_datos_ensu_cb_1224\conjunto_de_datos\._conjunto_de_datos_ensu_cb_1224.csv
2025-09-09 17:11:58,232 - INFO - Found matching file: data\Archive\__MACOSX\conjunto_de_datos_ensu_2024_4t_csv\conjunto_de_datos_ensu_cb_1224\diccionario_de_datos\._diccionario_de_datos_ensu_cb_1224.csv
2025-09-09 17:11:58,241 - INFO - Found matching file: data\Archive\__MACOSX\conjunto_de_datos_ensu_2025_1t_csv\conjunto_de_datos_ensu_cb_0325\conjunto_de_datos\._conjunto_de_datos_ensu_cb_0325.csv
2025-09-09 17:11:58,241 - INFO - Found matching file: data\Archive\__MACOSX\conjunto_de_datos_ensu_2025_1t_csv\conjunto_de_datos_ensu_cb_0325\diccionario_de_datos\._diccionario_de_datos_ensu_cb_0325.csv
2025-09-09 17:11:58,253 - INFO - Found matching file: data\Archive\__MACOSX\conjunto_de_datos_ensu_2025_2t_csv\conjunto_de_datos_ensu_cb_0625\conjunto_de_datos\._conjunto_de_datos_ensu_cb_0625.csv
2025-09-09 17:11:58,254 - INFO - Found matching file: data\Archive\__MACOSX\conjunto_de_datos_ensu_2025_2t_csv\conjunto_de_datos_ensu_cb_0625\diccionario_de_datos\._diccionario_de_datos_ensu_cb_0625.csv
2025-09-09 17:11:58,263 - INFO - Found matching file: data\Archive\__MACOSX\Datos abiertos\conjunto_de_datos_CB_ENSU_03_2019\conjunto_de_datos\._conjunto_de_datos_cb_ENSU_03_2019.csv
2025-09-09 17:11:58,263 - INFO - Found matching file: data\Archive\__MACOSX\Datos abiertos\conjunto_de_datos_CB_ENSU_03_2019\diccionario_de_datos\._diccionario_de_datos_cb_ENSU_03_2019.csv
2025-09-09 17:11:58,269 - INFO - File mapping complete. Catalog saved to temp\mapeo_archivos.json
