2025-09-09 17:18:51,053 - INFO - Starting Phase 1: File Mapping and Discovery
2025-09-09 17:18:51,056 - INFO - Found matching file: data\Archive\conjunto_de_datos_ensu_01_2015\conjunto_de_datos_cb_ensu_01_2015\conjunto_de_datos\conjunto_de_datos_cb_ensu_01_2015.csv
2025-09-09 17:18:51,069 - INFO - Found matching file: data\Archive\conjunto_de_datos_ensu_01_2015\conjunto_de_datos_cb_ensu_01_2015\diccionario_de_datos\diccionario_de_datos_cb_ensu_01_2015.csv
2025-09-09 17:18:51,072 - INFO - Found matching file: data\Archive\conjunto_de_datos_ensu_01_2016_csv\conjunto_de_datos_cb_ensu_01_2016\conjunto_de_datos\conjunto_de_datos_cb_ensu_01_2016.csv
2025-09-09 17:18:51,210 - INFO - Found matching file: data\Archive\conjunto_de_datos_ensu_01_2016_csv\conjunto_de_datos_cb_ensu_01_2016\diccionario_de_datos\diccionario_de_datos_cb_ensu_01_2016.csv
2025-09-09 17:18:51,215 - INFO - Found matching file: data\Archive\conjunto_de_datos_ensu_01_2017_csv\conjunto_de_datos_cb_ensu_01_2017\conjunto_de_datos\conjunto_de_datos_cb_ensu_01_2017.csv
2025-09-09 17:18:51,458 - INFO - Found matching file: data\Archive\conjunto_de_datos_ensu_01_2017_csv\conjunto_de_datos_cb_ensu_01_2017\diccionario_de_datos\diccionario_de_datos_cb_ensu_01_2017.csv
2025-09-09 17:18:51,464 - INFO - Found matching file: data\Archive\conjunto_de_datos_ensu_02_2015\conjunto_de_datos_cb_ensu_02_2015\conjunto_de_datos\conjunto_de_datos_cb_ensu_02_2015.csv
2025-09-09 17:18:51,477 - INFO - Found matching file: data\Archive\conjunto_de_datos_ensu_02_2015\conjunto_de_datos_cb_ensu_02_2015\diccionario_de_datos\diccionario_de_datos_cb_ensu_02_2015.csv
2025-09-09 17:18:51,482 - INFO - Found matching file: data\Archive\conjunto_de_datos_ensu_02_2016_csv\conjunto_de_datos_cb_ensu_02_2016\conjunto_de_datos\conjunto_de_datos_cb_ensu_02_2016.csv
2025-09-09 17:18:51,640 - INFO - Found matching file: data\Archive\conjunto_de_datos_ensu_02_2016_csv\conjunto_de_datos_cb_ensu_02_2016\diccionario_de_datos\diccionario_de_datos_cb_ensu_02_2016.csv
2025-09-09 17:18:51,645 - INFO - Found matching file: data\Archive\conjunto_de_datos_ensu_02_2017_csv\conjunto_de_datos_cb_ensu_02_2017\conjunto_de_datos\conjunto_de_datos_cb_ensu_02_2017.csv
2025-09-09 17:18:51,913 - INFO - Found matching file: data\Archive\conjunto_de_datos_ensu_02_2017_csv\conjunto_de_datos_cb_ensu_02_2017\diccionario_de_datos\diccionario_de_datos_cb_ensu_02_2017.csv
2025-09-09 17:18:51,919 - INFO - Found matching file: data\Archive\conjunto_de_datos_ensu_03_2015\conjunto_de_datos_cb_ensu_03_2015\conjunto_de_datos\conjunto_de_datos_cb_ensu_03_2015.csv
2025-09-09 17:18:51,931 - INFO - Found matching file: data\Archive\conjunto_de_datos_ensu_03_2015\conjunto_de_datos_cb_ensu_03_2015\diccionario_de_datos\diccionario_de_datos_cb_ensu_03_2015.csv
2025-09-09 17:18:51,936 - INFO - Found matching file: data\Archive\conjunto_de_datos_ensu_03_2016_csv\conjunto_de_datos_cb_ensu_03_2016\conjunto_de_datos\conjunto_de_datos_cb_ensu_03_2016.csv
2025-09-09 17:18:52,143 - INFO - Found matching file: data\Archive\conjunto_de_datos_ensu_03_2016_csv\conjunto_de_datos_cb_ensu_03_2016\diccionario_de_datos\diccionario_de_datos_cb_ensu_03_2016.csv
2025-09-09 17:18:52,149 - INFO - Found matching file: data\Archive\conjunto_de_datos_ensu_03_2017_csv\conjunto_de_datos_cb_ensu_03_2017\conjunto_de_datos\conjunto_de_datos_cb_ensu_03_2017.csv
2025-09-09 17:18:52,420 - INFO - Found matching file: data\Archive\conjunto_de_datos_ensu_03_2017_csv\conjunto_de_datos_cb_ensu_03_2017\diccionario_de_datos\diccionario_de_datos_cb_ensu_03_2017.csv
2025-09-09 17:18:52,426 - INFO - Found matching file: data\Archive\conjunto_de_datos_ensu_04_2015\conjunto_de_datos_cb_ensu_04_2015\conjunto_de_datos\conjunto_de_datos_cb_ensu_04_2015.csv
2025-09-09 17:18:52,438 - INFO - Found matching file: data\Archive\conjunto_de_datos_ensu_04_2015\conjunto_de_datos_cb_ensu_04_2015\diccionario_de_datos\diccionario_de_datos_cb_ensu_04_2015.csv
2025-09-09 17:18:52,442 - INFO - Found matching file: data\Archive\conjunto_de_datos_ensu_04_2016_csv\conjunto_de_datos_cb_ensu_04_2016\conjunto_de_datos\conjunto_de_datos_cb_ensu_04_2016.csv
2025-09-09 17:18:52,681 - INFO - Found matching file: data\Archive\conjunto_de_datos_ensu_04_2016_csv\conjunto_de_datos_cb_ensu_04_2016\diccionario_de_datos\diccionario_de_datos_cb_ensu_04_2016.csv
2025-09-09 17:18:52,688 - INFO - Found matching file: data\Archive\conjunto_de_datos_ensu_04_2017_csv\conjunto_de_datos_cb_ensu_04_2017\conjunto_de_datos\conjunto_de_datos_cb_ensu_04_2017.csv
2025-09-09 17:18:52,958 - INFO - Found matching file: data\Archive\conjunto_de_datos_ensu_04_2017_csv\conjunto_de_datos_cb_ensu_04_2017\diccionario_de_datos\diccionario_de_datos_cb_ensu_04_2017.csv
2025-09-09 17:18:52,965 - INFO - Found matching file: data\Archive\conjunto_de_datos_ensu_2018_1t_csv\ensu_cb_0118\conjunto_de_datos\ensu_cb_0118.csv
2025-09-09 17:18:53,241 - INFO - Found matching file: data\Archive\conjunto_de_datos_ensu_2018_1t_csv\ensu_cb_0118\diccionario_de_datos\diccionario_de_datos_ensu_cb_0118.csv
2025-09-09 17:18:53,246 - INFO - Found matching file: data\Archive\conjunto_de_datos_ensu_2018_2t_csv\ensu_cb_0218\conjunto_de_datos\ensu_cb_0218.csv
2025-09-09 17:18:53,538 - INFO - Found matching file: data\Archive\conjunto_de_datos_ensu_2018_2t_csv\ensu_cb_0218\diccionario_de_datos\diccionario_de_datos_ensu_cb_0218.csv
2025-09-09 17:18:53,544 - INFO - Found matching file: data\Archive\conjunto_de_datos_ensu_2018_3t_csv\conjunto_de_datos_cb_ensu_03_2018\conjunto_de_datos\conjunto_de_datos_cb_ensu_03_2018.csv
2025-09-09 17:18:53,896 - INFO - Found matching file: data\Archive\conjunto_de_datos_ensu_2018_3t_csv\conjunto_de_datos_cb_ensu_03_2018\diccionario_de_datos\diccionario_de_datos_cb_ensu_03_2018.csv
2025-09-09 17:18:53,907 - INFO - Found matching file: data\Archive\conjunto_de_datos_ensu_2018_4t_csv\conjunto_de_datos_cb_ensu_04_2018\conjunto_de_datos\conjunto_de_datos_cb_ENSU_04_2018.csv
2025-09-09 17:18:54,159 - INFO - Found matching file: data\Archive\conjunto_de_datos_ensu_2018_4t_csv\conjunto_de_datos_cb_ensu_04_2018\diccionario_de_datos\diccionario_de_datos_cb_ENSU_04_2018.csv
2025-09-09 17:18:54,166 - INFO - Found matching file: data\Archive\conjunto_de_datos_ENSU_2019_1t_csv\conjunto_de_datos_cb_ensu_03_2019\conjunto_de_datos\conjunto_de_datos_cb_ensu_03_2019.csv
2025-09-09 17:18:54,355 - INFO - Found matching file: data\Archive\conjunto_de_datos_ENSU_2019_1t_csv\conjunto_de_datos_cb_ensu_03_2019\diccionario_de_datos\diccionario_de_datos_cb_ensu_03_2019.csv
2025-09-09 17:18:54,361 - INFO - Found matching file: data\Archive\conjunto_de_datos_ensu_2019_2t_csv\conjunto_de_datos_cb_ENSU_2019_2t\conjunto_de_datos\conjunto_de_datos_cb_ENSU_2019_2t.csv
2025-09-09 17:18:54,650 - INFO - Found matching file: data\Archive\conjunto_de_datos_ensu_2019_2t_csv\conjunto_de_datos_cb_ENSU_2019_2t\diccionario_de_datos\diccionario_de_datos_cb_ENSU_2019_2t.csv
2025-09-09 17:18:54,657 - INFO - Found matching file: data\Archive\conjunto_de_datos_ensu_2019_4t_csv\conjunto_de_datos_CB_ENSU_04_2019\conjunto_de_datos\conjunto_de_datos_CB_ENSU_04_2019.csv
2025-09-09 17:18:55,044 - INFO - Found matching file: data\Archive\conjunto_de_datos_ensu_2019_4t_csv\conjunto_de_datos_CB_ENSU_04_2019\diccionario_de_datos\diccionario_de_datos_CB_ENSU_04_2019.csv
2025-09-09 17:18:55,050 - INFO - Found matching file: data\Archive\conjunto_de_datos_ensu_2020_1t_csv\conjunto_de_datos_CB_ENSU_01_2020\conjunto_de_datos\conjunto_de_datos_CB_ENSU_01_2020.csv
2025-09-09 17:18:55,438 - INFO - Found matching file: data\Archive\conjunto_de_datos_ensu_2020_1t_csv\conjunto_de_datos_CB_ENSU_01_2020\diccionario_de_datos\diccionario_de_datos_CB_ENSU_01_2020.csv
2025-09-09 17:18:55,445 - INFO - Found matching file: data\Archive\conjunto_de_datos_ensu_2020_3t_csv\conjunto_de_datos_CB_SEC1_2_3_ENSU_09_2020\conjunto_de_datos\conjunto_de_datos_CB_SEC1_2_3_ENSU_09_2020.csv
2025-09-09 17:18:55,932 - INFO - Found matching file: data\Archive\conjunto_de_datos_ensu_2020_3t_csv\conjunto_de_datos_CB_SEC1_2_3_ENSU_09_2020\diccionario_de_datos\diccionario_de_datos_CB_SEC1_2_3_ENSU_09_2020.csv
2025-09-09 17:18:55,939 - INFO - Found matching file: data\Archive\conjunto_de_datos_ensu_2020_3t_csv\conjunto_de_datos_CB_SEC4_ENSU_09_2020\conjunto_de_datos\conjunto_de_datos_CB_SEC4_ENSU_09_2020.csv
2025-09-09 17:18:56,167 - INFO - Found matching file: data\Archive\conjunto_de_datos_ensu_2020_3t_csv\conjunto_de_datos_CB_SEC4_ENSU_09_2020\diccionario_de_datos\diccionario_de_datos_CB_SEC4_ENSU_09_2020.csv
2025-09-09 17:18:56,174 - INFO - Found matching file: data\Archive\conjunto_de_datos_ensu_2020_4t_csv\conjunto_de_datos_CB_ENSU_12_2020\conjunto_de_datos\conjunto_de_datos_CB_ENSU_12_2020.csv
2025-09-09 17:18:56,666 - INFO - Found matching file: data\Archive\conjunto_de_datos_ensu_2020_4t_csv\conjunto_de_datos_CB_ENSU_12_2020\diccionario_de_datos\diccionario_de_datos_CB_ENSU_12_2020.csv
2025-09-09 17:18:56,672 - INFO - Found matching file: data\Archive\conjunto_de_datos_ensu_2021_1t_csv\conjunto_de_datos_CB_ENSU_03_2021\conjunto_de_datos\conjunto_de_datos_CB_ENSU_03_2021.csv
2025-09-09 17:18:57,072 - INFO - Found matching file: data\Archive\conjunto_de_datos_ensu_2021_1t_csv\conjunto_de_datos_CB_ENSU_03_2021\diccionario_de_datos\diccionario_de_datos_CB_ENSU_03_2021.csv
2025-09-09 17:18:57,081 - INFO - Found matching file: data\Archive\conjunto_de_datos_ensu_2021_2t_csv\conjunto_de_datos_CB_ENSU_06_2021\conjunto_de_datos\conjunto_de_datos_CB_ENSU_06_2021.csv
2025-09-09 17:18:57,483 - INFO - Found matching file: data\Archive\conjunto_de_datos_ensu_2021_2t_csv\conjunto_de_datos_CB_ENSU_06_2021\diccionario_de_datos\diccionario_de_datos_CB_ENSU_06_2021.csv
2025-09-09 17:18:57,491 - INFO - Found matching file: data\Archive\conjunto_de_datos_ensu_2021_3t_csv\conjunto_de_datos_CB_ENSU_09_2021\conjunto_de_datos\conjunto_de_datos_CB_ENSU_09_2021.csv
2025-09-09 17:18:58,090 - INFO - Found matching file: data\Archive\conjunto_de_datos_ensu_2021_3t_csv\conjunto_de_datos_CB_ENSU_09_2021\diccionario_de_datos\diccionario_de_datos_CB_ENSU_09_2021.csv
2025-09-09 17:18:58,099 - INFO - Found matching file: data\Archive\conjunto_de_datos_ensu_2021_4t_csv\conjunto_de_datos_CB_ENSU_12_2021\conjunto_de_datos\conjunto_de_datos_CB_ENSU_12_2021.csv
2025-09-09 17:18:58,532 - INFO - Found matching file: data\Archive\conjunto_de_datos_ensu_2021_4t_csv\conjunto_de_datos_CB_ENSU_12_2021\diccionario_de_datos\diccionario_de_datos_CB_ENSU_12_2021.csv
2025-09-09 17:18:58,542 - INFO - Found matching file: data\Archive\conjunto_de_datos_ensu_2022_1t_csv\conjunto_de_datos_ensu_cb_0322\conjunto_de_datos\conjunto_de_datos_ensu_cb_0322.csv
2025-09-09 17:18:58,829 - INFO - Found matching file: data\Archive\conjunto_de_datos_ensu_2022_1t_csv\conjunto_de_datos_ensu_cb_0322\diccionario_de_datos\diccionario_de_datos_ensu_cb_0322.csv
2025-09-09 17:18:58,834 - INFO - Found matching file: data\Archive\conjunto_de_datos_ensu_2022_2t_csv\conjunto_de_datos_ensu_cb_0622\conjunto_de_datos\conjunto_de_datos_ensu_cb_0622.csv
2025-09-09 17:18:59,161 - INFO - Found matching file: data\Archive\conjunto_de_datos_ensu_2022_2t_csv\conjunto_de_datos_ensu_cb_0622\diccionario_de_datos\diccionario_de_datos_ensu_cb_0622.csv
2025-09-09 17:18:59,170 - INFO - Found matching file: data\Archive\conjunto_de_datos_ensu_2022_3t_csv\conjunto_de_datos_ensu_cb_0922\conjunto_de_datos\conjunto_de_datos_ensu_cb_0922.csv
2025-09-09 17:18:59,624 - INFO - Found matching file: data\Archive\conjunto_de_datos_ensu_2022_3t_csv\conjunto_de_datos_ensu_cb_0922\diccionario_de_datos\diccionario_de_datos_ensu_cb_0922.csv
2025-09-09 17:18:59,632 - INFO - Found matching file: data\Archive\conjunto_de_datos_ensu_2022_4t_csv\conjunto_de_datos_ensu_cb_1222\conjunto_de_datos\conjunto_de_datos_ensu_cb_1222.csv
2025-09-09 17:18:59,991 - INFO - Found matching file: data\Archive\conjunto_de_datos_ensu_2022_4t_csv\conjunto_de_datos_ensu_cb_1222\diccionario_de_datos\diccionario_de_datos_ensu_cb_1222.csv
2025-09-09 17:18:59,998 - INFO - Found matching file: data\Archive\conjunto_de_datos_ensu_2023_1t_csv\conjunto_de_datos_CB_ENSU_03_2023\conjunto_de_datos\conjunto_de_datos_CB_ENSU_03_2023.csv
2025-09-09 17:19:00,389 - INFO - Found matching file: data\Archive\conjunto_de_datos_ensu_2023_1t_csv\conjunto_de_datos_CB_ENSU_03_2023\diccionario_de_datos\diccionario_de_datos_CB_ENSU_03_2023.csv
2025-09-09 17:19:00,395 - INFO - Found matching file: data\Archive\conjunto_de_datos_ensu_2023_2t_csv\conjunto_de_datos_ensu_cb_0623\conjunto_de_datos\conjunto_de_datos_ensu_cb_0623.csv
2025-09-09 17:19:00,847 - INFO - Found matching file: data\Archive\conjunto_de_datos_ensu_2023_2t_csv\conjunto_de_datos_ensu_cb_0623\diccionario_de_datos\diccionario_de_datos_ensu_cb_0623.csv
2025-09-09 17:19:00,857 - INFO - Found matching file: data\Archive\conjunto_de_datos_ensu_2023_3t_csv\conjunto_de_datos_ensu_cb_0923\conjunto_de_datos\conjunto_de_datos_ensu_cb_0923.csv
2025-09-09 17:19:01,499 - INFO - Found matching file: data\Archive\conjunto_de_datos_ensu_2023_3t_csv\conjunto_de_datos_ensu_cb_0923\diccionario_de_datos\diccionario_de_datos_ensu_cb_0923.csv
2025-09-09 17:19:01,507 - INFO - Found matching file: data\Archive\conjunto_de_datos_ensu_2023_4t_csv\conjunto_de_datos_ensu_cb_1223\conjunto_de_datos\conjunto_de_datos_ensu_cb_1223.csv
2025-09-09 17:19:01,835 - INFO - Found matching file: data\Archive\conjunto_de_datos_ensu_2023_4t_csv\conjunto_de_datos_ensu_cb_1223\diccionario_de_datos\diccionario_de_datos_ensu_cb_1223.csv
2025-09-09 17:19:01,843 - INFO - Found matching file: data\Archive\conjunto_de_datos_ensu_2024_1t_csv\conjunto_de_datos_ensu_cb_0324\conjunto_de_datos\conjunto_de_datos_ensu_cb_0324.csv
2025-09-09 17:19:02,175 - INFO - Found matching file: data\Archive\conjunto_de_datos_ensu_2024_1t_csv\conjunto_de_datos_ensu_cb_0324\diccionario_de_datos\diccionario_de_datos_ensu_cb_0324.csv
2025-09-09 17:19:02,180 - INFO - Found matching file: data\Archive\conjunto_de_datos_ensu_2024_2t_csv\conjunto_de_datos_ensu_cb_0624\conjunto_de_datos\conjunto_de_datos_ensu_cb_0624.csv
2025-09-09 17:19:02,544 - INFO - Found matching file: data\Archive\conjunto_de_datos_ensu_2024_2t_csv\conjunto_de_datos_ensu_cb_0624\diccionario_de_datos\diccionario_de_datos_ensu_cb_0624.csv
2025-09-09 17:19:02,553 - INFO - Found matching file: data\Archive\conjunto_de_datos_ensu_2024_3t_csv\conjunto_de_datos_ensu_cb_0924\conjunto_de_datos\conjunto_de_datos_ensu_cb_0924.csv
2025-09-09 17:19:03,053 - INFO - Found matching file: data\Archive\conjunto_de_datos_ensu_2024_3t_csv\conjunto_de_datos_ensu_cb_0924\diccionario_de_datos\diccionario_de_datos_ensu_cb_0924.csv
2025-09-09 17:19:03,060 - INFO - Found matching file: data\Archive\conjunto_de_datos_ensu_2024_4t_csv\conjunto_de_datos_ensu_cb_1224\conjunto_de_datos\conjunto_de_datos_ensu_cb_1224.csv
2025-09-09 17:19:03,416 - INFO - Found matching file: data\Archive\conjunto_de_datos_ensu_2024_4t_csv\conjunto_de_datos_ensu_cb_1224\diccionario_de_datos\diccionario_de_datos_ensu_cb_1224.csv
2025-09-09 17:19:03,422 - INFO - Found matching file: data\Archive\conjunto_de_datos_ensu_2025_1t_csv\conjunto_de_datos_ensu_cb_0325\conjunto_de_datos\conjunto_de_datos_ensu_cb_0325.csv
2025-09-09 17:19:03,756 - INFO - Found matching file: data\Archive\conjunto_de_datos_ensu_2025_1t_csv\conjunto_de_datos_ensu_cb_0325\diccionario_de_datos\diccionario_de_datos_ensu_cb_0325.csv
2025-09-09 17:19:03,763 - INFO - Found matching file: data\Archive\conjunto_de_datos_ensu_2025_2t_csv\conjunto_de_datos_ensu_cb_0625\conjunto_de_datos\conjunto_de_datos_ensu_cb_0625.csv
2025-09-09 17:19:04,138 - INFO - Found matching file: data\Archive\conjunto_de_datos_ensu_2025_2t_csv\conjunto_de_datos_ensu_cb_0625\diccionario_de_datos\diccionario_de_datos_ensu_cb_0625.csv
2025-09-09 17:19:04,144 - INFO - Found matching file: data\Archive\Datos abiertos\conjunto_de_datos_CB_ENSU_03_2019\conjunto_de_datos\conjunto_de_datos_cb_ENSU_03_2019.csv
2025-09-09 17:19:04,512 - INFO - Found matching file: data\Archive\Datos abiertos\conjunto_de_datos_CB_ENSU_03_2019\diccionario_de_datos\diccionario_de_datos_cb_ENSU_03_2019.csv
2025-09-09 17:19:04,523 - INFO - Found matching file: data\Archive\__MACOSX\conjunto_de_datos_ensu_01_2015\conjunto_de_datos_cb_ensu_01_2015\conjunto_de_datos\._conjunto_de_datos_cb_ensu_01_2015.csv
2025-09-09 17:19:04,525 - INFO - Found matching file: data\Archive\__MACOSX\conjunto_de_datos_ensu_01_2015\conjunto_de_datos_cb_ensu_01_2015\diccionario_de_datos\._diccionario_de_datos_cb_ensu_01_2015.csv
2025-09-09 17:19:04,531 - INFO - Found matching file: data\Archive\__MACOSX\conjunto_de_datos_ensu_01_2016_csv\conjunto_de_datos_cb_ensu_01_2016\conjunto_de_datos\._conjunto_de_datos_cb_ensu_01_2016.csv
2025-09-09 17:19:04,533 - INFO - Found matching file: data\Archive\__MACOSX\conjunto_de_datos_ensu_01_2016_csv\conjunto_de_datos_cb_ensu_01_2016\diccionario_de_datos\._diccionario_de_datos_cb_ensu_01_2016.csv
2025-09-09 17:19:04,541 - INFO - Found matching file: data\Archive\__MACOSX\conjunto_de_datos_ensu_01_2017_csv\conjunto_de_datos_cb_ensu_01_2017\conjunto_de_datos\._conjunto_de_datos_cb_ensu_01_2017.csv
2025-09-09 17:19:04,543 - INFO - Found matching file: data\Archive\__MACOSX\conjunto_de_datos_ensu_01_2017_csv\conjunto_de_datos_cb_ensu_01_2017\diccionario_de_datos\._diccionario_de_datos_cb_ensu_01_2017.csv
2025-09-09 17:19:04,547 - INFO - Found matching file: data\Archive\__MACOSX\conjunto_de_datos_ensu_02_2015\conjunto_de_datos_cb_ensu_02_2015\conjunto_de_datos\._conjunto_de_datos_cb_ensu_02_2015.csv
2025-09-09 17:19:04,548 - INFO - Found matching file: data\Archive\__MACOSX\conjunto_de_datos_ensu_02_2015\conjunto_de_datos_cb_ensu_02_2015\diccionario_de_datos\._diccionario_de_datos_cb_ensu_02_2015.csv
2025-09-09 17:19:04,557 - INFO - Found matching file: data\Archive\__MACOSX\conjunto_de_datos_ensu_02_2016_csv\conjunto_de_datos_cb_ensu_02_2016\conjunto_de_datos\._conjunto_de_datos_cb_ensu_02_2016.csv
2025-09-09 17:19:04,559 - INFO - Found matching file: data\Archive\__MACOSX\conjunto_de_datos_ensu_02_2016_csv\conjunto_de_datos_cb_ensu_02_2016\diccionario_de_datos\._diccionario_de_datos_cb_ensu_02_2016.csv
2025-09-09 17:19:04,568 - INFO - Found matching file: data\Archive\__MACOSX\conjunto_de_datos_ensu_02_2017_csv\conjunto_de_datos_cb_ensu_02_2017\conjunto_de_datos\._conjunto_de_datos_cb_ensu_02_2017.csv
2025-09-09 17:19:04,569 - INFO - Found matching file: data\Archive\__MACOSX\conjunto_de_datos_ensu_02_2017_csv\conjunto_de_datos_cb_ensu_02_2017\diccionario_de_datos\._diccionario_de_datos_cb_ensu_02_2017.csv
2025-09-09 17:19:04,573 - INFO - Found matching file: data\Archive\__MACOSX\conjunto_de_datos_ensu_03_2015\conjunto_de_datos_cb_ensu_03_2015\conjunto_de_datos\._conjunto_de_datos_cb_ensu_03_2015.csv
2025-09-09 17:19:04,574 - INFO - Found matching file: data\Archive\__MACOSX\conjunto_de_datos_ensu_03_2015\conjunto_de_datos_cb_ensu_03_2015\diccionario_de_datos\._diccionario_de_datos_cb_ensu_03_2015.csv
2025-09-09 17:19:04,582 - INFO - Found matching file: data\Archive\__MACOSX\conjunto_de_datos_ensu_03_2016_csv\conjunto_de_datos_cb_ensu_03_2016\conjunto_de_datos\._conjunto_de_datos_cb_ensu_03_2016.csv
2025-09-09 17:19:04,584 - INFO - Found matching file: data\Archive\__MACOSX\conjunto_de_datos_ensu_03_2016_csv\conjunto_de_datos_cb_ensu_03_2016\diccionario_de_datos\._diccionario_de_datos_cb_ensu_03_2016.csv
2025-09-09 17:19:04,595 - INFO - Found matching file: data\Archive\__MACOSX\conjunto_de_datos_ensu_03_2017_csv\conjunto_de_datos_cb_ensu_03_2017\conjunto_de_datos\._conjunto_de_datos_cb_ensu_03_2017.csv
2025-09-09 17:19:04,596 - INFO - Found matching file: data\Archive\__MACOSX\conjunto_de_datos_ensu_03_2017_csv\conjunto_de_datos_cb_ensu_03_2017\diccionario_de_datos\._diccionario_de_datos_cb_ensu_03_2017.csv
2025-09-09 17:19:04,604 - INFO - Found matching file: data\Archive\__MACOSX\conjunto_de_datos_ensu_04_2015\conjunto_de_datos_cb_ensu_04_2015\conjunto_de_datos\._conjunto_de_datos_cb_ensu_04_2015.csv
2025-09-09 17:19:04,606 - INFO - Found matching file: data\Archive\__MACOSX\conjunto_de_datos_ensu_04_2015\conjunto_de_datos_cb_ensu_04_2015\diccionario_de_datos\._diccionario_de_datos_cb_ensu_04_2015.csv
2025-09-09 17:19:04,614 - INFO - Found matching file: data\Archive\__MACOSX\conjunto_de_datos_ensu_04_2016_csv\conjunto_de_datos_cb_ensu_04_2016\conjunto_de_datos\._conjunto_de_datos_cb_ensu_04_2016.csv
2025-09-09 17:19:04,615 - INFO - Found matching file: data\Archive\__MACOSX\conjunto_de_datos_ensu_04_2016_csv\conjunto_de_datos_cb_ensu_04_2016\diccionario_de_datos\._diccionario_de_datos_cb_ensu_04_2016.csv
2025-09-09 17:19:04,624 - INFO - Found matching file: data\Archive\__MACOSX\conjunto_de_datos_ensu_04_2017_csv\conjunto_de_datos_cb_ensu_04_2017\conjunto_de_datos\._conjunto_de_datos_cb_ensu_04_2017.csv
2025-09-09 17:19:04,625 - INFO - Found matching file: data\Archive\__MACOSX\conjunto_de_datos_ensu_04_2017_csv\conjunto_de_datos_cb_ensu_04_2017\diccionario_de_datos\._diccionario_de_datos_cb_ensu_04_2017.csv
2025-09-09 17:19:04,634 - INFO - Found matching file: data\Archive\__MACOSX\conjunto_de_datos_ensu_2018_1t_csv\ensu_cb_0118\conjunto_de_datos\._ensu_cb_0118.csv
2025-09-09 17:19:04,635 - INFO - Found matching file: data\Archive\__MACOSX\conjunto_de_datos_ensu_2018_1t_csv\ensu_cb_0118\diccionario_de_datos\._diccionario_de_datos_ensu_cb_0118.csv
2025-09-09 17:19:04,646 - INFO - Found matching file: data\Archive\__MACOSX\conjunto_de_datos_ensu_2018_2t_csv\ensu_cb_0218\conjunto_de_datos\._ ensu_cb_0218.csv
2025-09-09 17:19:04,648 - INFO - Found matching file: data\Archive\__MACOSX\conjunto_de_datos_ensu_2018_2t_csv\ensu_cb_0218\diccionario_de_datos\._diccionario_de_datos_ensu_cb_0218.csv
2025-09-09 17:19:04,658 - INFO - Found matching file: data\Archive\__MACOSX\conjunto_de_datos_ensu_2018_3t_csv\conjunto_de_datos_cb_ensu_03_2018\conjunto_de_datos\._conjunto_de_datos_cb_ensu_03_2018.csv
2025-09-09 17:19:04,660 - INFO - Found matching file: data\Archive\__MACOSX\conjunto_de_datos_ensu_2018_3t_csv\conjunto_de_datos_cb_ensu_03_2018\diccionario_de_datos\._diccionario_de_datos_cb_ensu_03_2018.csv
2025-09-09 17:19:04,670 - INFO - Found matching file: data\Archive\__MACOSX\conjunto_de_datos_ensu_2018_4t_csv\conjunto_de_datos_cb_ensu_04_2018\conjunto_de_datos\._conjunto_de_datos_cb_ENSU_04_2018.csv
2025-09-09 17:19:04,672 - INFO - Found matching file: data\Archive\__MACOSX\conjunto_de_datos_ensu_2018_4t_csv\conjunto_de_datos_cb_ensu_04_2018\diccionario_de_datos\._diccionario_de_datos_cb_ENSU_04_2018.csv
2025-09-09 17:19:04,681 - INFO - Found matching file: data\Archive\__MACOSX\conjunto_de_datos_ENSU_2019_1t_csv\conjunto_de_datos_cb_ensu_03_2019\conjunto_de_datos\._conjunto_de_datos_cb_ensu_03_2019.csv
2025-09-09 17:19:04,682 - INFO - Found matching file: data\Archive\__MACOSX\conjunto_de_datos_ENSU_2019_1t_csv\conjunto_de_datos_cb_ensu_03_2019\diccionario_de_datos\._diccionario_de_datos_cb_ensu_03_2019.csv
2025-09-09 17:19:04,691 - INFO - Found matching file: data\Archive\__MACOSX\conjunto_de_datos_ensu_2019_2t_csv\conjunto_de_datos_cb_ENSU_2019_2t\conjunto_de_datos\._conjunto_de_datos_cb_ENSU_2019_2t.csv
2025-09-09 17:19:04,693 - INFO - Found matching file: data\Archive\__MACOSX\conjunto_de_datos_ensu_2019_2t_csv\conjunto_de_datos_cb_ENSU_2019_2t\diccionario_de_datos\._diccionario_de_datos_cb_ENSU_2019_2t.csv
2025-09-09 17:19:04,704 - INFO - Found matching file: data\Archive\__MACOSX\conjunto_de_datos_ensu_2019_4t_csv\conjunto_de_datos_CB_ENSU_04_2019\conjunto_de_datos\._conjunto_de_datos_CB_ENSU_04_2019.csv
2025-09-09 17:19:04,706 - INFO - Found matching file: data\Archive\__MACOSX\conjunto_de_datos_ensu_2019_4t_csv\conjunto_de_datos_CB_ENSU_04_2019\diccionario_de_datos\._diccionario_de_datos_CB_ENSU_04_2019.csv
2025-09-09 17:19:04,714 - INFO - Found matching file: data\Archive\__MACOSX\conjunto_de_datos_ensu_2020_1t_csv\conjunto_de_datos_CB_ENSU_01_2020\conjunto_de_datos\._conjunto_de_datos_CB_ENSU_01_2020.csv
2025-09-09 17:19:04,715 - INFO - Found matching file: data\Archive\__MACOSX\conjunto_de_datos_ensu_2020_1t_csv\conjunto_de_datos_CB_ENSU_01_2020\diccionario_de_datos\._diccionario_de_datos_CB_ENSU_01_2020.csv
2025-09-09 17:19:04,720 - INFO - Found matching file: data\Archive\__MACOSX\conjunto_de_datos_ensu_2020_3t_csv\conjunto_de_datos_CB_SEC1_2_3_ENSU_09_2020\conjunto_de_datos\._conjunto_de_datos_CB_SEC1_2_3_ENSU_09_2020.csv
2025-09-09 17:19:04,722 - INFO - Found matching file: data\Archive\__MACOSX\conjunto_de_datos_ensu_2020_3t_csv\conjunto_de_datos_CB_SEC1_2_3_ENSU_09_2020\diccionario_de_datos\._diccionario_de_datos_CB_SEC1_2_3_ENSU_09_2020.csv
2025-09-09 17:19:04,728 - INFO - Found matching file: data\Archive\__MACOSX\conjunto_de_datos_ensu_2020_3t_csv\conjunto_de_datos_CB_SEC4_ENSU_09_2020\conjunto_de_datos\._conjunto_de_datos_CB_SEC4_ENSU_09_2020.csv
2025-09-09 17:19:04,729 - INFO - Found matching file: data\Archive\__MACOSX\conjunto_de_datos_ensu_2020_3t_csv\conjunto_de_datos_CB_SEC4_ENSU_09_2020\diccionario_de_datos\._diccionario_de_datos_CB_SEC4_ENSU_09_2020.csv
2025-09-09 17:19:04,742 - INFO - Found matching file: data\Archive\__MACOSX\conjunto_de_datos_ensu_2020_4t_csv\conjunto_de_datos_CB_ENSU_12_2020\conjunto_de_datos\._conjunto_de_datos_CB_ENSU_12_2020.csv
2025-09-09 17:19:04,745 - INFO - Found matching file: data\Archive\__MACOSX\conjunto_de_datos_ensu_2020_4t_csv\conjunto_de_datos_CB_ENSU_12_2020\diccionario_de_datos\._diccionario_de_datos_CB_ENSU_12_2020.csv
2025-09-09 17:19:04,754 - INFO - Found matching file: data\Archive\__MACOSX\conjunto_de_datos_ensu_2021_1t_csv\conjunto_de_datos_CB_ENSU_03_2021\conjunto_de_datos\._conjunto_de_datos_CB_ENSU_03_2021.csv
2025-09-09 17:19:04,755 - INFO - Found matching file: data\Archive\__MACOSX\conjunto_de_datos_ensu_2021_1t_csv\conjunto_de_datos_CB_ENSU_03_2021\diccionario_de_datos\._diccionario_de_datos_CB_ENSU_03_2021.csv
2025-09-09 17:19:04,765 - INFO - Found matching file: data\Archive\__MACOSX\conjunto_de_datos_ensu_2021_2t_csv\conjunto_de_datos_CB_ENSU_06_2021\conjunto_de_datos\._conjunto_de_datos_CB_ENSU_06_2021.csv
2025-09-09 17:19:04,767 - INFO - Found matching file: data\Archive\__MACOSX\conjunto_de_datos_ensu_2021_2t_csv\conjunto_de_datos_CB_ENSU_06_2021\diccionario_de_datos\._diccionario_de_datos_CB_ENSU_06_2021.csv
2025-09-09 17:19:04,772 - INFO - Found matching file: data\Archive\__MACOSX\conjunto_de_datos_ensu_2021_3t_csv\conjunto_de_datos_CB_ENSU_09_2021\conjunto_de_datos\._conjunto_de_datos_CB_ENSU_09_2021.csv
2025-09-09 17:19:04,773 - INFO - Found matching file: data\Archive\__MACOSX\conjunto_de_datos_ensu_2021_3t_csv\conjunto_de_datos_CB_ENSU_09_2021\diccionario_de_datos\._diccionario_de_datos_CB_ENSU_09_2021.csv
2025-09-09 17:19:04,782 - INFO - Found matching file: data\Archive\__MACOSX\conjunto_de_datos_ensu_2021_4t_csv\conjunto_de_datos_CB_ENSU_12_2021\conjunto_de_datos\._conjunto_de_datos_CB_ENSU_12_2021.csv
2025-09-09 17:19:04,783 - INFO - Found matching file: data\Archive\__MACOSX\conjunto_de_datos_ensu_2021_4t_csv\conjunto_de_datos_CB_ENSU_12_2021\diccionario_de_datos\._diccionario_de_datos_CB_ENSU_12_2021.csv
2025-09-09 17:19:04,793 - INFO - Found matching file: data\Archive\__MACOSX\conjunto_de_datos_ensu_2022_1t_csv\conjunto_de_datos_ensu_cb_0322\conjunto_de_datos\._conjunto_de_datos_ensu_cb_0322.csv
2025-09-09 17:19:04,795 - INFO - Found matching file: data\Archive\__MACOSX\conjunto_de_datos_ensu_2022_1t_csv\conjunto_de_datos_ensu_cb_0322\diccionario_de_datos\._diccionario_de_datos_ensu_cb_0322.csv
2025-09-09 17:19:04,805 - INFO - Found matching file: data\Archive\__MACOSX\conjunto_de_datos_ensu_2022_2t_csv\conjunto_de_datos_ensu_cb_0622\conjunto_de_datos\._conjunto_de_datos_ensu_cb_0622.csv
2025-09-09 17:19:04,807 - INFO - Found matching file: data\Archive\__MACOSX\conjunto_de_datos_ensu_2022_2t_csv\conjunto_de_datos_ensu_cb_0622\diccionario_de_datos\._diccionario_de_datos_ensu_cb_0622.csv
2025-09-09 17:19:04,811 - INFO - Found matching file: data\Archive\__MACOSX\conjunto_de_datos_ensu_2022_3t_csv\conjunto_de_datos_ensu_cb_0922\conjunto_de_datos\._conjunto_de_datos_ensu_cb_0922.csv
2025-09-09 17:19:04,815 - INFO - Found matching file: data\Archive\__MACOSX\conjunto_de_datos_ensu_2022_3t_csv\conjunto_de_datos_ensu_cb_0922\diccionario_de_datos\._diccionario_de_datos_ensu_cb_0922.csv
2025-09-09 17:19:04,828 - INFO - Found matching file: data\Archive\__MACOSX\conjunto_de_datos_ensu_2022_4t_csv\conjunto_de_datos_ensu_cb_1222\conjunto_de_datos\._conjunto_de_datos_ensu_cb_1222.csv
2025-09-09 17:19:04,831 - INFO - Found matching file: data\Archive\__MACOSX\conjunto_de_datos_ensu_2022_4t_csv\conjunto_de_datos_ensu_cb_1222\diccionario_de_datos\._diccionario_de_datos_ensu_cb_1222.csv
2025-09-09 17:19:04,846 - INFO - Found matching file: data\Archive\__MACOSX\conjunto_de_datos_ensu_2023_1t_csv\conjunto_de_datos_CB_ENSU_03_2023\conjunto_de_datos\._conjunto_de_datos_CB_ENSU_03_2023.csv
2025-09-09 17:19:04,849 - INFO - Found matching file: data\Archive\__MACOSX\conjunto_de_datos_ensu_2023_1t_csv\conjunto_de_datos_CB_ENSU_03_2023\diccionario_de_datos\._diccionario_de_datos_CB_ENSU_03_2023.csv
2025-09-09 17:19:04,862 - INFO - Found matching file: data\Archive\__MACOSX\conjunto_de_datos_ensu_2023_2t_csv\conjunto_de_datos_ensu_cb_0623\conjunto_de_datos\._conjunto_de_datos_ensu_cb_0623.csv
2025-09-09 17:19:04,864 - INFO - Found matching file: data\Archive\__MACOSX\conjunto_de_datos_ensu_2023_2t_csv\conjunto_de_datos_ensu_cb_0623\diccionario_de_datos\._diccionario_de_datos_ensu_cb_0623.csv
2025-09-09 17:19:04,868 - INFO - Found matching file: data\Archive\__MACOSX\conjunto_de_datos_ensu_2023_3t_csv\conjunto_de_datos_ensu_cb_0923\conjunto_de_datos\._conjunto_de_datos_ensu_cb_0923.csv
2025-09-09 17:19:04,870 - INFO - Found matching file: data\Archive\__MACOSX\conjunto_de_datos_ensu_2023_3t_csv\conjunto_de_datos_ensu_cb_0923\diccionario_de_datos\._diccionario_de_datos_ensu_cb_0923.csv
2025-09-09 17:19:04,881 - INFO - Found matching file: data\Archive\__MACOSX\conjunto_de_datos_ensu_2023_4t_csv\conjunto_de_datos_ensu_cb_1223\conjunto_de_datos\._conjunto_de_datos_ensu_cb_1223.csv
2025-09-09 17:19:04,883 - INFO - Found matching file: data\Archive\__MACOSX\conjunto_de_datos_ensu_2023_4t_csv\conjunto_de_datos_ensu_cb_1223\diccionario_de_datos\._diccionario_de_datos_ensu_cb_1223.csv
2025-09-09 17:19:04,893 - INFO - Found matching file: data\Archive\__MACOSX\conjunto_de_datos_ensu_2024_1t_csv\conjunto_de_datos_ensu_cb_0324\conjunto_de_datos\._conjunto_de_datos_ensu_cb_0324.csv
2025-09-09 17:19:04,895 - INFO - Found matching file: data\Archive\__MACOSX\conjunto_de_datos_ensu_2024_1t_csv\conjunto_de_datos_ensu_cb_0324\diccionario_de_datos\._diccionario_de_datos_ensu_cb_0324.csv
2025-09-09 17:19:04,903 - INFO - Found matching file: data\Archive\__MACOSX\conjunto_de_datos_ensu_2024_2t_csv\conjunto_de_datos_ensu_cb_0624\conjunto_de_datos\._conjunto_de_datos_ensu_cb_0624.csv
2025-09-09 17:19:04,905 - INFO - Found matching file: data\Archive\__MACOSX\conjunto_de_datos_ensu_2024_2t_csv\conjunto_de_datos_ensu_cb_0624\diccionario_de_datos\._diccionario_de_datos_ensu_cb_0624.csv
2025-09-09 17:19:04,909 - INFO - Found matching file: data\Archive\__MACOSX\conjunto_de_datos_ensu_2024_3t_csv\conjunto_de_datos_ensu_cb_0924\conjunto_de_datos\._conjunto_de_datos_ensu_cb_0924.csv
2025-09-09 17:19:04,911 - INFO - Found matching file: data\Archive\__MACOSX\conjunto_de_datos_ensu_2024_3t_csv\conjunto_de_datos_ensu_cb_0924\diccionario_de_datos\._diccionario_de_datos_ensu_cb_0924.csv
2025-09-09 17:19:04,922 - INFO - Found matching file: data\Archive\__MACOSX\conjunto_de_datos_ensu_2024_4t_csv\conjunto_de_datos_ensu_cb_1224\conjunto_de_datos\._conjunto_de_datos_ensu_cb_1224.csv
2025-09-09 17:19:04,925 - INFO - Found matching file: data\Archive\__MACOSX\conjunto_de_datos_ensu_2024_4t_csv\conjunto_de_datos_ensu_cb_1224\diccionario_de_datos\._diccionario_de_datos_ensu_cb_1224.csv
2025-09-09 17:19:04,935 - INFO - Found matching file: data\Archive\__MACOSX\conjunto_de_datos_ensu_2025_1t_csv\conjunto_de_datos_ensu_cb_0325\conjunto_de_datos\._conjunto_de_datos_ensu_cb_0325.csv
2025-09-09 17:19:04,937 - INFO - Found matching file: data\Archive\__MACOSX\conjunto_de_datos_ensu_2025_1t_csv\conjunto_de_datos_ensu_cb_0325\diccionario_de_datos\._diccionario_de_datos_ensu_cb_0325.csv
2025-09-09 17:19:04,948 - INFO - Found matching file: data\Archive\__MACOSX\conjunto_de_datos_ensu_2025_2t_csv\conjunto_de_datos_ensu_cb_0625\conjunto_de_datos\._conjunto_de_datos_ensu_cb_0625.csv
2025-09-09 17:19:04,949 - INFO - Found matching file: data\Archive\__MACOSX\conjunto_de_datos_ensu_2025_2t_csv\conjunto_de_datos_ensu_cb_0625\diccionario_de_datos\._diccionario_de_datos_ensu_cb_0625.csv
2025-09-09 17:19:04,957 - INFO - Found matching file: data\Archive\__MACOSX\Datos abiertos\conjunto_de_datos_CB_ENSU_03_2019\conjunto_de_datos\._conjunto_de_datos_cb_ENSU_03_2019.csv
2025-09-09 17:19:04,958 - INFO - Found matching file: data\Archive\__MACOSX\Datos abiertos\conjunto_de_datos_CB_ENSU_03_2019\diccionario_de_datos\._diccionario_de_datos_cb_ENSU_03_2019.csv
2025-09-09 17:19:04,972 - INFO - File mapping complete. Catalog saved to temp\mapeo_archivos.json
