[2025-09-13 17:08:15,588] - INFO - Iniciando Fase 1: Mapeo Selectivo.
[2025-09-13 17:08:15,590] - INFO - Archivo de datos principal encontrado: diccionario_de_datos_ensu_cb_0322.csv
[2025-09-13 17:08:15,590] - INFO - Archivo de datos principal encontrado: conjunto_de_datos_ensu_cb_0322.csv
[2025-09-13 17:08:15,593] - INFO - Archivo de datos principal encontrado: diccionario_de_datos_cb_ensu_04_2017.csv
[2025-09-13 17:08:15,593] - INFO - Archivo de datos principal encontrado: conjunto_de_datos_cb_ensu_04_2017.csv
[2025-09-13 17:08:15,596] - INFO - Archivo de datos principal encontrado: diccionario_de_datos_cb_ensu_04_2016.csv
[2025-09-13 17:08:15,596] - INFO - Archivo de datos principal encontrado: conjunto_de_datos_cb_ensu_04_2016.csv
[2025-09-13 17:08:15,597] - INFO - Archivo de datos principal encontrado: diccionario_de_datos_ensu_cb_0118.csv
[2025-09-13 17:08:15,597] - INFO - Archivo de datos principal encontrado: ensu_cb_0118.csv
[2025-09-13 17:08:15,600] - INFO - Archivo de datos principal encontrado: diccionario_de_datos_CB_ENSU_12_2021.csv
[2025-09-13 17:08:15,600] - INFO - Archivo de datos principal encontrado: conjunto_de_datos_CB_ENSU_12_2021.csv
[2025-09-13 17:08:15,602] - INFO - Archivo de datos principal encontrado: diccionario_de_datos_cb_ENSU_03_2019.csv
[2025-09-13 17:08:15,602] - INFO - Archivo de datos principal encontrado: conjunto_de_datos_cb_ENSU_03_2019.csv
[2025-09-13 17:08:15,603] - INFO - Archivo de datos principal encontrado: diccionario_de_datos_ensu_cb_0625.csv
[2025-09-13 17:08:15,603] - INFO - Archivo de datos principal encontrado: conjunto_de_datos_ensu_cb_0625.csv
[2025-09-13 17:08:15,605] - INFO - Archivo de datos principal encontrado: diccionario_de_datos_CB_ENSU_04_2019.csv
[2025-09-13 17:08:15,605] - INFO - Archivo de datos principal encontrado: conjunto_de_datos_CB_ENSU_04_2019.csv
[2025-09-13 17:08:15,606] - INFO - Archivo de datos principal encontrado: diccionario_de_datos_CB_ENSU_01_2020.csv
[2025-09-13 17:08:15,606] - INFO - Archivo de datos principal encontrado: conjunto_de_datos_CB_ENSU_01_2020.csv
[2025-09-13 17:08:15,608] - INFO - Archivo de datos principal encontrado: diccionario_de_datos_ensu_cb_1223.csv
[2025-09-13 17:08:15,608] - INFO - Archivo de datos principal encontrado: conjunto_de_datos_ensu_cb_1223.csv
[2025-09-13 17:08:15,610] - INFO - Archivo de datos principal encontrado: diccionario_de_datos_ensu_cb_0923.csv
[2025-09-13 17:08:15,610] - INFO - Archivo de datos principal encontrado: conjunto_de_datos_ensu_cb_0923.csv
[2025-09-13 17:08:15,612] - INFO - Archivo de datos principal encontrado: diccionario_de_datos_ensu_cb_0324.csv
[2025-09-13 17:08:15,612] - INFO - Archivo de datos principal encontrado: conjunto_de_datos_ensu_cb_0324.csv
[2025-09-13 17:08:15,613] - INFO - Archivo de datos principal encontrado: diccionario_de_datos_CB_ENSU_06_2021.csv
[2025-09-13 17:08:15,613] - INFO - Archivo de datos principal encontrado: conjunto_de_datos_CB_ENSU_06_2021.csv
[2025-09-13 17:08:15,615] - INFO - Archivo de datos principal encontrado: diccionario_de_datos_cb_ensu_01_2015.csv
[2025-09-13 17:08:15,615] - INFO - Archivo de datos principal encontrado: conjunto_de_datos_cb_ensu_01_2015.csv
[2025-09-13 17:08:15,617] - INFO - Archivo de datos principal encontrado: diccionario_de_datos_cb_ENSU_2019_2t.csv
[2025-09-13 17:08:15,617] - INFO - Archivo de datos principal encontrado: conjunto_de_datos_cb_ENSU_2019_2t.csv
[2025-09-13 17:08:15,618] - INFO - Archivo de datos principal encontrado: diccionario_de_datos_CB_ENSU_09_2021.csv
[2025-09-13 17:08:15,618] - INFO - Archivo de datos principal encontrado: conjunto_de_datos_CB_ENSU_09_2021.csv
[2025-09-13 17:08:15,620] - INFO - Archivo de datos principal encontrado: diccionario_de_datos_cb_ensu_02_2017.csv
[2025-09-13 17:08:15,620] - INFO - Archivo de datos principal encontrado: conjunto_de_datos_cb_ensu_02_2017.csv
[2025-09-13 17:08:15,622] - INFO - Archivo de datos principal encontrado: diccionario_de_datos_cb_ensu_03_2017.csv
[2025-09-13 17:08:15,622] - INFO - Archivo de datos principal encontrado: conjunto_de_datos_cb_ensu_03_2017.csv
[2025-09-13 17:08:15,625] - INFO - Archivo de datos principal encontrado: diccionario_de_datos_cb_ensu_03_2016.csv
[2025-09-13 17:08:15,625] - INFO - Archivo de datos principal encontrado: conjunto_de_datos_cb_ensu_03_2016.csv
[2025-09-13 17:08:15,628] - INFO - Archivo de datos principal encontrado: diccionario_de_datos_cb_ensu_02_2016.csv
[2025-09-13 17:08:15,628] - INFO - Archivo de datos principal encontrado: conjunto_de_datos_cb_ensu_02_2016.csv
[2025-09-13 17:08:15,629] - INFO - Archivo de datos principal encontrado: diccionario_de_datos_ensu_cb_0623.csv
[2025-09-13 17:08:15,629] - INFO - Archivo de datos principal encontrado: conjunto_de_datos_ensu_cb_0623.csv
[2025-09-13 17:08:15,631] - INFO - Archivo de datos principal encontrado: diccionario_de_datos_cb_ensu_03_2019.csv
[2025-09-13 17:08:15,631] - INFO - Archivo de datos principal encontrado: conjunto_de_datos_cb_ensu_03_2019.csv
[2025-09-13 17:08:15,632] - INFO - Archivo de datos principal encontrado: diccionario_de_datos_ensu_cb_0924.csv
[2025-09-13 17:08:15,632] - INFO - Archivo de datos principal encontrado: conjunto_de_datos_ensu_cb_0924.csv
[2025-09-13 17:08:15,636] - INFO - Archivo de datos principal encontrado: diccionario_de_datos_CB_ENSU_12_2020.csv
[2025-09-13 17:08:15,636] - INFO - Archivo de datos principal encontrado: conjunto_de_datos_CB_ENSU_12_2020.csv
[2025-09-13 17:08:15,637] - INFO - Archivo de datos principal encontrado: diccionario_de_datos_CB_ENSU_03_2023.csv
[2025-09-13 17:08:15,637] - INFO - Archivo de datos principal encontrado: conjunto_de_datos_CB_ENSU_03_2023.csv
[2025-09-13 17:08:15,638] - INFO - Archivo de datos principal encontrado: diccionario_de_datos_cb_ensu_02_2015.csv
[2025-09-13 17:08:15,638] - INFO - Archivo de datos principal encontrado: conjunto_de_datos_cb_ensu_02_2015.csv
[2025-09-13 17:08:15,640] - INFO - Archivo de datos principal encontrado: diccionario_de_datos_cb_ensu_03_2015.csv
[2025-09-13 17:08:15,640] - INFO - Archivo de datos principal encontrado: conjunto_de_datos_cb_ensu_03_2015.csv
[2025-09-13 17:08:15,641] - INFO - Archivo de datos principal encontrado: diccionario_de_datos_ensu_cb_1222.csv
[2025-09-13 17:08:15,641] - INFO - Archivo de datos principal encontrado: conjunto_de_datos_ensu_cb_1222.csv
[2025-09-13 17:08:15,644] - INFO - Archivo de datos principal encontrado: diccionario_de_datos_cb_ENSU_04_2018.csv
[2025-09-13 17:08:15,644] - INFO - Archivo de datos principal encontrado: conjunto_de_datos_cb_ENSU_04_2018.csv
[2025-09-13 17:08:15,645] - INFO - Archivo de datos principal encontrado: diccionario_de_datos_ensu_cb_0624.csv
[2025-09-13 17:08:15,645] - INFO - Archivo de datos principal encontrado: conjunto_de_datos_ensu_cb_0624.csv
[2025-09-13 17:08:15,648] - INFO - Archivo de datos principal encontrado: diccionario_de_datos_CB_ENSU_03_2021.csv
[2025-09-13 17:08:15,648] - INFO - Archivo de datos principal encontrado: conjunto_de_datos_CB_ENSU_03_2021.csv
[2025-09-13 17:08:15,649] - INFO - Archivo de datos principal encontrado: diccionario_de_datos_cb_ensu_01_2017.csv
[2025-09-13 17:08:15,649] - INFO - Archivo de datos principal encontrado: conjunto_de_datos_cb_ensu_01_2017.csv
[2025-09-13 17:08:15,650] - INFO - Archivo de datos principal encontrado: diccionario_de_datos_cb_ensu_04_2015.csv
[2025-09-13 17:08:15,650] - INFO - Archivo de datos principal encontrado: conjunto_de_datos_cb_ensu_04_2015.csv
[2025-09-13 17:08:15,652] - INFO - Archivo de datos principal encontrado: diccionario_de_datos_cb_ensu_01_2016.csv
[2025-09-13 17:08:15,652] - INFO - Archivo de datos principal encontrado: conjunto_de_datos_cb_ensu_01_2016.csv
[2025-09-13 17:08:15,655] - INFO - Archivo de datos principal encontrado: diccionario_de_datos_ensu_cb_0325.csv
[2025-09-13 17:08:15,655] - INFO - Archivo de datos principal encontrado: conjunto_de_datos_ensu_cb_0325.csv
[2025-09-13 17:08:15,658] - INFO - Archivo de datos principal encontrado: diccionario_de_datos_cb_ensu_03_2018.csv
[2025-09-13 17:08:15,658] - INFO - Archivo de datos principal encontrado: conjunto_de_datos_cb_ensu_03_2018.csv
[2025-09-13 17:08:15,659] - INFO - Archivo de datos principal encontrado: diccionario_de_datos_ensu_cb_0922.csv
[2025-09-13 17:08:15,659] - INFO - Archivo de datos principal encontrado: conjunto_de_datos_ensu_cb_0922.csv
[2025-09-13 17:08:15,661] - INFO - Archivo de datos principal encontrado: diccionario_de_datos_ensu_cb_0622.csv
[2025-09-13 17:08:15,661] - INFO - Archivo de datos principal encontrado: conjunto_de_datos_ensu_cb_0622.csv
[2025-09-13 17:08:15,664] - INFO - Archivo de datos principal encontrado: diccionario_de_datos_CB_SEC4_ENSU_09_2020.csv
[2025-09-13 17:08:15,664] - INFO - Archivo de datos principal encontrado: conjunto_de_datos_CB_SEC4_ENSU_09_2020.csv
[2025-09-13 17:08:15,664] - INFO - Archivo de datos principal encontrado: diccionario_de_datos_CB_SEC1_2_3_ENSU_09_2020.csv
[2025-09-13 17:08:15,665] - INFO - Archivo de datos principal encontrado: conjunto_de_datos_CB_SEC1_2_3_ENSU_09_2020.csv
[2025-09-13 17:08:15,665] - INFO - Archivo de datos principal encontrado: diccionario_de_datos_ensu_cb_0218.csv
[2025-09-13 17:08:15,665] - INFO - Archivo de datos principal encontrado:  ensu_cb_0218.csv
[2025-09-13 17:08:15,669] - INFO - Archivo de datos principal encontrado: diccionario_de_datos_ensu_cb_1224.csv
[2025-09-13 17:08:15,669] - INFO - Archivo de datos principal encontrado: conjunto_de_datos_ensu_cb_1224.csv
[2025-09-13 17:08:15,670] - INFO - Mapeo de 84 archivos guardado en: temp/mapeo_archivos.json
[2025-09-13 17:08:15,670] - INFO - Fase 1 completada.
