[2025-09-13 15:36:16,946] INFO: === INICIANDO FASE 5: REPORTE FINAL (CON ACENTOS Y ORDENAMIENTO) ===
[2025-09-13 15:36:16,946] INFO: Buscando archivos procesados en: data/yucatan_processed/*.csv
[2025-09-13 15:36:16,967] INFO: Se consolidaron 34 archivos.
[2025-09-13 15:36:16,970] INFO: Dataset maestro ordenado cronológicamente.
[2025-09-13 15:36:16,972] INFO: Dataset maestro ordenado guardado en: reports/dataset_maestro_yucatan.csv
[2025-09-13 15:36:16,973] INFO: Reporte HTML guardado en: reports/reporte_ensu_yucatan_20250913.html
[2025-09-13 15:36:16,973] INFO: === FASE 5 COMPLETADA EXITOSAMENTE ===
[2025-09-13 15:45:26,189] INFO: === INICIANDO FASE 5: REPORTE FINAL ===
[2025-09-13 15:45:26,205] INFO: Se consolidaron y ordenaron 34 archivos.
[2025-09-13 15:45:26,206] INFO: Dataset maestro ordenado guardado en: reports/dataset_maestro_yucatan.csv
[2025-09-13 15:45:26,207] INFO: Reporte HTML guardado en: reports/reporte_ensu_yucatan_20250913.html
[2025-09-13 15:45:26,207] INFO: === FASE 5 COMPLETADA ===
[2025-09-13 15:51:30,445] INFO: === INICIANDO FASE 5: REPORTE FINAL ===
[2025-09-13 15:51:30,461] INFO: Se consolidaron y ordenaron 34 archivos.
[2025-09-13 15:51:30,463] INFO: Dataset maestro ordenado guardado en: reports/dataset_maestro_yucatan.csv
[2025-09-13 15:51:30,463] INFO: Reporte HTML guardado en: reports/reporte_ensu_yucatan_20250913.html
[2025-09-13 15:51:30,463] INFO: === FASE 5 COMPLETADA ===
[2025-09-13 16:45:37,648] INFO: === INICIANDO FASE 5: REPORTE FINAL ===
[2025-09-13 16:45:37,663] INFO: Se consolidaron y ordenaron 34 archivos.
[2025-09-13 16:45:37,664] INFO: Dataset maestro ordenado guardado en: reports/dataset_maestro_yucatan.csv
[2025-09-13 16:45:37,664] INFO: Reporte HTML guardado en: reports/reporte_ensu_yucatan_20250913.html
[2025-09-13 16:45:37,664] INFO: === FASE 5 COMPLETADA ===
[2025-09-13 17:08:39,921] INFO: === INICIANDO FASE 5: REPORTE FINAL ===
[2025-09-13 17:08:39,936] INFO: Se consolidaron y ordenaron 37 archivos.
[2025-09-13 17:08:39,938] INFO: Dataset maestro guardado en: reports/dataset_maestro_yucatan.csv
[2025-09-13 17:08:39,938] INFO: Reporte HTML guardado en: reports/reporte_ensu_yucatan_20250913.html
[2025-09-13 17:08:39,938] INFO: === FASE 5 COMPLETADA ===
[2025-09-13 17:13:06,414] INFO: === INICIANDO FASE 5: REPORTE FINAL ===
[2025-09-13 17:13:06,430] INFO: Se consolidaron y ordenaron 34 archivos.
[2025-09-13 17:13:06,432] INFO: Dataset maestro guardado en: reports/dataset_maestro_yucatan.csv
[2025-09-13 17:13:06,432] INFO: Reporte HTML guardado en: reports/reporte_ensu_yucatan_20250913.html
[2025-09-13 17:13:06,432] INFO: === FASE 5 COMPLETADA ===
